<?xml version="1.0" encoding="UTF-8"?>
<!DOCTYPE coverage SYSTEM "https://raw.githubusercontent.com/cobertura/cobertura/master/cobertura/src/site/htdocs/xml/coverage-04.dtd">
<coverage line-rate="0.811710193765796" branch-rate="0" lines-covered="1927" lines-valid="2374" branches-covered="0" branches-valid="0" complexity="0" version="3.6.4" timestamp="2024-02-13 10:24:19.408009">
  <sources>
    <source>/__w/teal.transform/teal.transform/teal.transform</source>
  </sources>
  <packages>
    <package name="teal.transform" line-rate="0.811710193765796" branch-rate="0" complexity="0">
      <classes>
        <class name="all_choices.R" filename="R/all_choices.R" line-rate="1" branch-rate="0" complexity="0">
          <methods>
            <method name="all_choices" signature="" line-rate="1" branch-rate="0" complexity="0">
              <lines>
                <line number="26" hits="12" branch="false"/>
              </lines>
            </method>
          </methods>
          <lines>
            <line number="26" hits="12" branch="false"/>
          </lines>
        </class>
        <class name="call_utils.R" filename="R/call_utils.R" line-rate="0.205128205128205" branch-rate="0" complexity="0">
          <methods>
            <method name="call_check_parse_varname" signature="" line-rate="0.4375" branch-rate="0" complexity="0">
              <lines>
                <line number="8" hits="188" branch="false"/>
                <line number="9" hits="188" branch="false"/>
                <line number="10" hits="188" branch="false"/>
                <line number="11" hits="188" branch="false"/>
                <line number="12" hits="188" branch="false"/>
                <line number="13" hits="188" branch="false"/>
                <line number="14" hits="0" branch="false"/>
                <line number="15" hits="0" branch="false"/>
                <line number="16" hits="0" branch="false"/>
                <line number="18" hits="0" branch="false"/>
                <line number="19" hits="0" branch="false"/>
                <line number="20" hits="0" branch="false"/>
                <line number="21" hits="0" branch="false"/>
                <line number="22" hits="0" branch="false"/>
                <line number="23" hits="0" branch="false"/>
                <line number="26" hits="188" branch="false"/>
              </lines>
            </method>
            <method name="call_condition_choice" signature="" line-rate="0.785714285714286" branch-rate="0" complexity="0">
              <lines>
                <line number="61" hits="188" branch="false"/>
                <line number="63" hits="188" branch="false"/>
                <line number="64" hits="0" branch="false"/>
                <line number="65" hits="188" branch="false"/>
                <line number="66" hits="0" branch="false"/>
                <line number="67" hits="188" branch="false"/>
                <line number="68" hits="0" branch="false"/>
                <line number="72" hits="188" branch="false"/>
                <line number="73" hits="134" branch="false"/>
                <line number="75" hits="54" branch="false"/>
                <line number="76" hits="54" branch="false"/>
                <line number="77" hits="54" branch="false"/>
                <line number="78" hits="54" branch="false"/>
                <line number="82" hits="54" branch="false"/>
              </lines>
            </method>
            <method name="call_condition_range" signature="" line-rate="0" branch-rate="0" complexity="0">
              <lines>
                <line number="107" hits="0" branch="false"/>
                <line number="109" hits="0" branch="false"/>
                <line number="110" hits="0" branch="false"/>
                <line number="111" hits="0" branch="false"/>
                <line number="112" hits="0" branch="false"/>
                <line number="113" hits="0" branch="false"/>
                <line number="114" hits="0" branch="false"/>
              </lines>
            </method>
            <method name="call_condition_logical" signature="" line-rate="0" branch-rate="0" complexity="0">
              <lines>
                <line number="134" hits="0" branch="false"/>
                <line number="135" hits="0" branch="false"/>
                <line number="137" hits="0" branch="false"/>
                <line number="138" hits="0" branch="false"/>
                <line number="139" hits="0" branch="false"/>
                <line number="140" hits="0" branch="false"/>
                <line number="142" hits="0" branch="false"/>
                <line number="143" hits="0" branch="false"/>
                <line number="144" hits="0" branch="false"/>
                <line number="145" hits="0" branch="false"/>
              </lines>
            </method>
            <method name="call_condition_range_posixct" signature="" line-rate="0" branch-rate="0" complexity="0">
              <lines>
                <line number="175" hits="0" branch="false"/>
                <line number="176" hits="0" branch="false"/>
                <line number="177" hits="0" branch="false"/>
                <line number="179" hits="0" branch="false"/>
                <line number="180" hits="0" branch="false"/>
                <line number="182" hits="0" branch="false"/>
                <line number="183" hits="0" branch="false"/>
                <line number="184" hits="0" branch="false"/>
                <line number="185" hits="0" branch="false"/>
                <line number="186" hits="0" branch="false"/>
                <line number="188" hits="0" branch="false"/>
                <line number="189" hits="0" branch="false"/>
                <line number="190" hits="0" branch="false"/>
                <line number="191" hits="0" branch="false"/>
                <line number="192" hits="0" branch="false"/>
              </lines>
            </method>
            <method name="call_condition_range_date" signature="" line-rate="0" branch-rate="0" complexity="0">
              <lines>
                <line number="213" hits="0" branch="false"/>
                <line number="214" hits="0" branch="false"/>
                <line number="215" hits="0" branch="false"/>
                <line number="217" hits="0" branch="false"/>
                <line number="218" hits="0" branch="false"/>
                <line number="219" hits="0" branch="false"/>
                <line number="220" hits="0" branch="false"/>
                <line number="221" hits="0" branch="false"/>
              </lines>
            </method>
            <method name="call_extract_array" signature="" line-rate="0" branch-rate="0" complexity="0">
              <lines>
                <line number="249" hits="0" branch="false"/>
                <line number="250" hits="0" branch="false"/>
                <line number="251" hits="0" branch="false"/>
                <line number="252" hits="0" branch="false"/>
                <line number="253" hits="0" branch="false"/>
                <line number="254" hits="0" branch="false"/>
                <line number="255" hits="0" branch="false"/>
                <line number="256" hits="0" branch="false"/>
                <line number="258" hits="0" branch="false"/>
                <line number="259" hits="0" branch="false"/>
                <line number="262" hits="0" branch="false"/>
                <line number="263" hits="0" branch="false"/>
                <line number="264" hits="0" branch="false"/>
                <line number="265" hits="0" branch="false"/>
                <line number="266" hits="0" branch="false"/>
                <line number="267" hits="0" branch="false"/>
                <line number="268" hits="0" branch="false"/>
                <line number="269" hits="0" branch="false"/>
                <line number="270" hits="0" branch="false"/>
                <line number="271" hits="0" branch="false"/>
                <line number="272" hits="0" branch="false"/>
                <line number="273" hits="0" branch="false"/>
                <line number="274" hits="0" branch="false"/>
                <line number="275" hits="0" branch="false"/>
                <line number="276" hits="0" branch="false"/>
                <line number="278" hits="0" branch="false"/>
                <line number="279" hits="0" branch="false"/>
                <line number="280" hits="0" branch="false"/>
                <line number="281" hits="0" branch="false"/>
              </lines>
            </method>
            <method name="call_extract_matrix" signature="" line-rate="0" branch-rate="0" complexity="0">
              <lines>
                <line number="306" hits="0" branch="false"/>
                <line number="307" hits="0" branch="false"/>
                <line number="308" hits="0" branch="false"/>
                <line number="309" hits="0" branch="false"/>
                <line number="310" hits="0" branch="false"/>
                <line number="311" hits="0" branch="false"/>
                <line number="312" hits="0" branch="false"/>
                <line number="314" hits="0" branch="false"/>
                <line number="315" hits="0" branch="false"/>
                <line number="318" hits="0" branch="false"/>
                <line number="319" hits="0" branch="false"/>
                <line number="320" hits="0" branch="false"/>
                <line number="321" hits="0" branch="false"/>
                <line number="322" hits="0" branch="false"/>
                <line number="323" hits="0" branch="false"/>
                <line number="324" hits="0" branch="false"/>
                <line number="325" hits="0" branch="false"/>
                <line number="326" hits="0" branch="false"/>
                <line number="327" hits="0" branch="false"/>
                <line number="329" hits="0" branch="false"/>
                <line number="330" hits="0" branch="false"/>
                <line number="331" hits="0" branch="false"/>
                <line number="332" hits="0" branch="false"/>
              </lines>
            </method>
            <method name="call_extract_list" signature="" line-rate="0" branch-rate="0" complexity="0">
              <lines>
                <line number="358" hits="0" branch="false"/>
                <line number="359" hits="0" branch="false"/>
                <line number="360" hits="0" branch="false"/>
                <line number="361" hits="0" branch="false"/>
                <line number="362" hits="0" branch="false"/>
                <line number="363" hits="0" branch="false"/>
                <line number="364" hits="0" branch="false"/>
                <line number="365" hits="0" branch="false"/>
                <line number="366" hits="0" branch="false"/>
                <line number="367" hits="0" branch="false"/>
                <line number="369" hits="0" branch="false"/>
                <line number="371" hits="0" branch="false"/>
                <line number="372" hits="0" branch="false"/>
                <line number="374" hits="0" branch="false"/>
              </lines>
            </method>
            <method name="call_with_colon" signature="" line-rate="0" branch-rate="0" complexity="0">
              <lines>
                <line number="426" hits="0" branch="false"/>
                <line number="427" hits="0" branch="false"/>
                <line number="428" hits="0" branch="false"/>
                <line number="429" hits="0" branch="false"/>
                <line number="430" hits="0" branch="false"/>
                <line number="431" hits="0" branch="false"/>
              </lines>
            </method>
            <method name="calls_combine_by" signature="" line-rate="1" branch-rate="0" complexity="0">
              <lines>
                <line number="459" hits="98" branch="false"/>
                <line number="460" hits="98" branch="false"/>
                <line number="461" hits="98" branch="false"/>
                <line number="462" hits="98" branch="false"/>
                <line number="463" hits="98" branch="false"/>
                <line number="464" hits="98" branch="false"/>
                <line number="465" hits="98" branch="false"/>
                <line number="466" hits="98" branch="false"/>
                <line number="467" hits="98" branch="false"/>
                <line number="468" hits="98" branch="false"/>
                <line number="470" hits="98" branch="false"/>
                <line number="471" hits="98" branch="false"/>
                <line number="472" hits="98" branch="false"/>
                <line number="473" hits="98" branch="false"/>
              </lines>
            </method>
          </methods>
          <lines>
            <line number="8" hits="188" branch="false"/>
            <line number="9" hits="188" branch="false"/>
            <line number="10" hits="188" branch="false"/>
            <line number="11" hits="188" branch="false"/>
            <line number="12" hits="188" branch="false"/>
            <line number="13" hits="188" branch="false"/>
            <line number="14" hits="0" branch="false"/>
            <line number="15" hits="0" branch="false"/>
            <line number="16" hits="0" branch="false"/>
            <line number="18" hits="0" branch="false"/>
            <line number="19" hits="0" branch="false"/>
            <line number="20" hits="0" branch="false"/>
            <line number="21" hits="0" branch="false"/>
            <line number="22" hits="0" branch="false"/>
            <line number="23" hits="0" branch="false"/>
            <line number="26" hits="188" branch="false"/>
            <line number="61" hits="188" branch="false"/>
            <line number="63" hits="188" branch="false"/>
            <line number="64" hits="0" branch="false"/>
            <line number="65" hits="188" branch="false"/>
            <line number="66" hits="0" branch="false"/>
            <line number="67" hits="188" branch="false"/>
            <line number="68" hits="0" branch="false"/>
            <line number="72" hits="188" branch="false"/>
            <line number="73" hits="134" branch="false"/>
            <line number="75" hits="54" branch="false"/>
            <line number="76" hits="54" branch="false"/>
            <line number="77" hits="54" branch="false"/>
            <line number="78" hits="54" branch="false"/>
            <line number="82" hits="54" branch="false"/>
            <line number="107" hits="0" branch="false"/>
            <line number="109" hits="0" branch="false"/>
            <line number="110" hits="0" branch="false"/>
            <line number="111" hits="0" branch="false"/>
            <line number="112" hits="0" branch="false"/>
            <line number="113" hits="0" branch="false"/>
            <line number="114" hits="0" branch="false"/>
            <line number="134" hits="0" branch="false"/>
            <line number="135" hits="0" branch="false"/>
            <line number="137" hits="0" branch="false"/>
            <line number="138" hits="0" branch="false"/>
            <line number="139" hits="0" branch="false"/>
            <line number="140" hits="0" branch="false"/>
            <line number="142" hits="0" branch="false"/>
            <line number="143" hits="0" branch="false"/>
            <line number="144" hits="0" branch="false"/>
            <line number="145" hits="0" branch="false"/>
            <line number="175" hits="0" branch="false"/>
            <line number="176" hits="0" branch="false"/>
            <line number="177" hits="0" branch="false"/>
            <line number="179" hits="0" branch="false"/>
            <line number="180" hits="0" branch="false"/>
            <line number="182" hits="0" branch="false"/>
            <line number="183" hits="0" branch="false"/>
            <line number="184" hits="0" branch="false"/>
            <line number="185" hits="0" branch="false"/>
            <line number="186" hits="0" branch="false"/>
            <line number="188" hits="0" branch="false"/>
            <line number="189" hits="0" branch="false"/>
            <line number="190" hits="0" branch="false"/>
            <line number="191" hits="0" branch="false"/>
            <line number="192" hits="0" branch="false"/>
            <line number="213" hits="0" branch="false"/>
            <line number="214" hits="0" branch="false"/>
            <line number="215" hits="0" branch="false"/>
            <line number="217" hits="0" branch="false"/>
            <line number="218" hits="0" branch="false"/>
            <line number="219" hits="0" branch="false"/>
            <line number="220" hits="0" branch="false"/>
            <line number="221" hits="0" branch="false"/>
            <line number="249" hits="0" branch="false"/>
            <line number="250" hits="0" branch="false"/>
            <line number="251" hits="0" branch="false"/>
            <line number="252" hits="0" branch="false"/>
            <line number="253" hits="0" branch="false"/>
            <line number="254" hits="0" branch="false"/>
            <line number="255" hits="0" branch="false"/>
            <line number="256" hits="0" branch="false"/>
            <line number="258" hits="0" branch="false"/>
            <line number="259" hits="0" branch="false"/>
            <line number="262" hits="0" branch="false"/>
            <line number="263" hits="0" branch="false"/>
            <line number="264" hits="0" branch="false"/>
            <line number="265" hits="0" branch="false"/>
            <line number="266" hits="0" branch="false"/>
            <line number="267" hits="0" branch="false"/>
            <line number="268" hits="0" branch="false"/>
            <line number="269" hits="0" branch="false"/>
            <line number="270" hits="0" branch="false"/>
            <line number="271" hits="0" branch="false"/>
            <line number="272" hits="0" branch="false"/>
            <line number="273" hits="0" branch="false"/>
            <line number="274" hits="0" branch="false"/>
            <line number="275" hits="0" branch="false"/>
            <line number="276" hits="0" branch="false"/>
            <line number="278" hits="0" branch="false"/>
            <line number="279" hits="0" branch="false"/>
            <line number="280" hits="0" branch="false"/>
            <line number="281" hits="0" branch="false"/>
            <line number="306" hits="0" branch="false"/>
            <line number="307" hits="0" branch="false"/>
            <line number="308" hits="0" branch="false"/>
            <line number="309" hits="0" branch="false"/>
            <line number="310" hits="0" branch="false"/>
            <line number="311" hits="0" branch="false"/>
            <line number="312" hits="0" branch="false"/>
            <line number="314" hits="0" branch="false"/>
            <line number="315" hits="0" branch="false"/>
            <line number="318" hits="0" branch="false"/>
            <line number="319" hits="0" branch="false"/>
            <line number="320" hits="0" branch="false"/>
            <line number="321" hits="0" branch="false"/>
            <line number="322" hits="0" branch="false"/>
            <line number="323" hits="0" branch="false"/>
            <line number="324" hits="0" branch="false"/>
            <line number="325" hits="0" branch="false"/>
            <line number="326" hits="0" branch="false"/>
            <line number="327" hits="0" branch="false"/>
            <line number="329" hits="0" branch="false"/>
            <line number="330" hits="0" branch="false"/>
            <line number="331" hits="0" branch="false"/>
            <line number="332" hits="0" branch="false"/>
            <line number="358" hits="0" branch="false"/>
            <line number="359" hits="0" branch="false"/>
            <line number="360" hits="0" branch="false"/>
            <line number="361" hits="0" branch="false"/>
            <line number="362" hits="0" branch="false"/>
            <line number="363" hits="0" branch="false"/>
            <line number="364" hits="0" branch="false"/>
            <line number="365" hits="0" branch="false"/>
            <line number="366" hits="0" branch="false"/>
            <line number="367" hits="0" branch="false"/>
            <line number="369" hits="0" branch="false"/>
            <line number="371" hits="0" branch="false"/>
            <line number="372" hits="0" branch="false"/>
            <line number="374" hits="0" branch="false"/>
            <line number="426" hits="0" branch="false"/>
            <line number="427" hits="0" branch="false"/>
            <line number="428" hits="0" branch="false"/>
            <line number="429" hits="0" branch="false"/>
            <line number="430" hits="0" branch="false"/>
            <line number="431" hits="0" branch="false"/>
            <line number="459" hits="98" branch="false"/>
            <line number="460" hits="98" branch="false"/>
            <line number="461" hits="98" branch="false"/>
            <line number="462" hits="98" branch="false"/>
            <line number="463" hits="98" branch="false"/>
            <line number="464" hits="98" branch="false"/>
            <line number="465" hits="98" branch="false"/>
            <line number="466" hits="98" branch="false"/>
            <line number="467" hits="98" branch="false"/>
            <line number="468" hits="98" branch="false"/>
            <line number="470" hits="98" branch="false"/>
            <line number="471" hits="98" branch="false"/>
            <line number="472" hits="98" branch="false"/>
            <line number="473" hits="98" branch="false"/>
          </lines>
        </class>
        <class name="check_selector.R" filename="R/check_selector.R" line-rate="1" branch-rate="0" complexity="0">
          <methods>
            <method name="check_selector_dataname" signature="" line-rate="1" branch-rate="0" complexity="0">
              <lines>
                <line number="9" hits="2774" branch="false"/>
              </lines>
            </method>
            <method name="check_selector_filters" signature="" line-rate="1" branch-rate="0" complexity="0">
              <lines>
                <line number="20" hits="2771" branch="false"/>
                <line number="21" hits="2771" branch="false"/>
                <line number="22" hits="2771" branch="false"/>
                <line number="23" hits="2771" branch="false"/>
                <line number="24" hits="2771" branch="false"/>
                <line number="25" hits="2771" branch="false"/>
                <line number="26" hits="2771" branch="false"/>
                <line number="27" hits="2771" branch="false"/>
                <line number="28" hits="2771" branch="false"/>
                <line number="29" hits="2771" branch="false"/>
                <line number="30" hits="2771" branch="false"/>
              </lines>
            </method>
            <method name="check_selector_select" signature="" line-rate="1" branch-rate="0" complexity="0">
              <lines>
                <line number="41" hits="2771" branch="false"/>
              </lines>
            </method>
            <method name="check_selector_keys" signature="" line-rate="1" branch-rate="0" complexity="0">
              <lines>
                <line number="52" hits="2771" branch="false"/>
              </lines>
            </method>
            <method name="check_selector_reshape" signature="" line-rate="1" branch-rate="0" complexity="0">
              <lines>
                <line number="63" hits="2771" branch="false"/>
              </lines>
            </method>
            <method name="check_selector_internal_id" signature="" line-rate="1" branch-rate="0" complexity="0">
              <lines>
                <line number="74" hits="2771" branch="false"/>
              </lines>
            </method>
            <method name="check_selector" signature="" line-rate="1" branch-rate="0" complexity="0">
              <lines>
                <line number="87" hits="2771" branch="false"/>
                <line number="88" hits="2771" branch="false"/>
                <line number="89" hits="2771" branch="false"/>
                <line number="90" hits="2771" branch="false"/>
                <line number="91" hits="2771" branch="false"/>
                <line number="92" hits="2771" branch="false"/>
                <line number="93" hits="2771" branch="false"/>
                <line number="94" hits="2771" branch="false"/>
                <line number="95" hits="2771" branch="false"/>
                <line number="96" hits="2771" branch="false"/>
                <line number="97" hits="2771" branch="false"/>
                <line number="98" hits="2771" branch="false"/>
                <line number="99" hits="2771" branch="false"/>
                <line number="100" hits="2771" branch="false"/>
                <line number="101" hits="2771" branch="false"/>
                <line number="102" hits="2771" branch="false"/>
              </lines>
            </method>
          </methods>
          <lines>
            <line number="9" hits="2774" branch="false"/>
            <line number="20" hits="2771" branch="false"/>
            <line number="21" hits="2771" branch="false"/>
            <line number="22" hits="2771" branch="false"/>
            <line number="23" hits="2771" branch="false"/>
            <line number="24" hits="2771" branch="false"/>
            <line number="25" hits="2771" branch="false"/>
            <line number="26" hits="2771" branch="false"/>
            <line number="27" hits="2771" branch="false"/>
            <line number="28" hits="2771" branch="false"/>
            <line number="29" hits="2771" branch="false"/>
            <line number="30" hits="2771" branch="false"/>
            <line number="41" hits="2771" branch="false"/>
            <line number="52" hits="2771" branch="false"/>
            <line number="63" hits="2771" branch="false"/>
            <line number="74" hits="2771" branch="false"/>
            <line number="87" hits="2771" branch="false"/>
            <line number="88" hits="2771" branch="false"/>
            <line number="89" hits="2771" branch="false"/>
            <line number="90" hits="2771" branch="false"/>
            <line number="91" hits="2771" branch="false"/>
            <line number="92" hits="2771" branch="false"/>
            <line number="93" hits="2771" branch="false"/>
            <line number="94" hits="2771" branch="false"/>
            <line number="95" hits="2771" branch="false"/>
            <line number="96" hits="2771" branch="false"/>
            <line number="97" hits="2771" branch="false"/>
            <line number="98" hits="2771" branch="false"/>
            <line number="99" hits="2771" branch="false"/>
            <line number="100" hits="2771" branch="false"/>
            <line number="101" hits="2771" branch="false"/>
            <line number="102" hits="2771" branch="false"/>
          </lines>
        </class>
        <class name="choices_labeled.R" filename="R/choices_labeled.R" line-rate="0.829113924050633" branch-rate="0" complexity="0">
          <methods>
            <method name="choices_labeled" signature="" line-rate="0.880952380952381" branch-rate="0" complexity="0">
              <lines>
                <line number="58" hits="244" branch="false"/>
                <line number="59" hits="0" branch="false"/>
                <line number="62" hits="244" branch="false"/>
                <line number="64" hits="244" branch="false"/>
                <line number="65" hits="0" branch="false"/>
                <line number="68" hits="244" branch="false"/>
                <line number="69" hits="244" branch="false"/>
                <line number="70" hits="0" branch="false"/>
                <line number="72" hits="244" branch="false"/>
                <line number="73" hits="244" branch="false"/>
                <line number="75" hits="244" branch="false"/>
                <line number="76" hits="224" branch="false"/>
                <line number="77" hits="0" branch="false"/>
                <line number="79" hits="224" branch="false"/>
                <line number="80" hits="224" branch="false"/>
                <line number="81" hits="224" branch="false"/>
                <line number="84" hits="244" branch="false"/>
                <line number="85" hits="244" branch="false"/>
                <line number="86" hits="244" branch="false"/>
                <line number="87" hits="244" branch="false"/>
                <line number="88" hits="244" branch="false"/>
                <line number="89" hits="244" branch="false"/>
                <line number="90" hits="244" branch="false"/>
                <line number="91" hits="244" branch="false"/>
                <line number="92" hits="244" branch="false"/>
                <line number="93" hits="0" branch="false"/>
                <line number="94" hits="244" branch="false"/>
                <line number="96" hits="244" branch="false"/>
                <line number="97" hits="224" branch="false"/>
                <line number="98" hits="224" branch="false"/>
                <line number="99" hits="224" branch="false"/>
                <line number="100" hits="224" branch="false"/>
                <line number="101" hits="224" branch="false"/>
                <line number="103" hits="244" branch="false"/>
                <line number="104" hits="244" branch="false"/>
                <line number="105" hits="244" branch="false"/>
                <line number="106" hits="244" branch="false"/>
                <line number="107" hits="244" branch="false"/>
                <line number="108" hits="244" branch="false"/>
                <line number="109" hits="244" branch="false"/>
                <line number="110" hits="244" branch="false"/>
                <line number="112" hits="244" branch="false"/>
              </lines>
            </method>
            <method name="variable_choices" signature="" line-rate="1" branch-rate="0" complexity="0">
              <lines>
                <line number="161" hits="250" branch="false"/>
                <line number="162" hits="250" branch="false"/>
                <line number="163" hits="250" branch="false"/>
                <line number="164" hits="250" branch="false"/>
                <line number="165" hits="250" branch="false"/>
                <line number="166" hits="250" branch="false"/>
                <line number="168" hits="250" branch="false"/>
              </lines>
            </method>
            <method name="variable_choices.character" signature="" line-rate="1" branch-rate="0" complexity="0">
              <lines>
                <line number="174" hits="84" branch="false"/>
                <line number="175" hits="84" branch="false"/>
                <line number="176" hits="84" branch="false"/>
              </lines>
            </method>
            <method name="variable_choices.data.frame" signature="" line-rate="0.685714285714286" branch-rate="0" complexity="0">
              <lines>
                <line number="183" hits="166" branch="false"/>
                <line number="184" hits="166" branch="false"/>
                <line number="185" hits="166" branch="false"/>
                <line number="186" hits="166" branch="false"/>
                <line number="188" hits="166" branch="false"/>
                <line number="189" hits="4" branch="false"/>
                <line number="192" hits="166" branch="false"/>
                <line number="194" hits="166" branch="false"/>
                <line number="195" hits="21" branch="false"/>
                <line number="198" hits="166" branch="false"/>
                <line number="200" hits="166" branch="false"/>
                <line number="202" hits="166" branch="false"/>
                <line number="203" hits="52" branch="false"/>
                <line number="206" hits="166" branch="false"/>
                <line number="207" hits="0" branch="false"/>
                <line number="208" hits="0" branch="false"/>
                <line number="209" hits="0" branch="false"/>
                <line number="210" hits="0" branch="false"/>
                <line number="211" hits="0" branch="false"/>
                <line number="214" hits="166" branch="false"/>
                <line number="215" hits="0" branch="false"/>
                <line number="216" hits="0" branch="false"/>
                <line number="217" hits="0" branch="false"/>
                <line number="218" hits="0" branch="false"/>
                <line number="219" hits="0" branch="false"/>
                <line number="220" hits="0" branch="false"/>
                <line number="221" hits="166" branch="false"/>
                <line number="222" hits="166" branch="false"/>
                <line number="223" hits="166" branch="false"/>
                <line number="224" hits="166" branch="false"/>
                <line number="225" hits="166" branch="false"/>
                <line number="226" hits="166" branch="false"/>
                <line number="227" hits="166" branch="false"/>
                <line number="228" hits="166" branch="false"/>
                <line number="230" hits="166" branch="false"/>
              </lines>
            </method>
            <method name="value_choices" signature="" line-rate="1" branch-rate="0" complexity="0">
              <lines>
                <line number="276" hits="123" branch="false"/>
                <line number="277" hits="123" branch="false"/>
                <line number="278" hits="123" branch="false"/>
                <line number="279" hits="123" branch="false"/>
                <line number="280" hits="123" branch="false"/>
                <line number="281" hits="123" branch="false"/>
                <line number="282" hits="123" branch="false"/>
                <line number="283" hits="123" branch="false"/>
              </lines>
            </method>
            <method name="value_choices.character" signature="" line-rate="1" branch-rate="0" complexity="0">
              <lines>
                <line number="293" hits="43" branch="false"/>
                <line number="294" hits="43" branch="false"/>
                <line number="295" hits="43" branch="false"/>
                <line number="296" hits="43" branch="false"/>
                <line number="297" hits="43" branch="false"/>
                <line number="298" hits="43" branch="false"/>
                <line number="299" hits="43" branch="false"/>
                <line number="300" hits="43" branch="false"/>
                <line number="301" hits="43" branch="false"/>
                <line number="302" hits="43" branch="false"/>
                <line number="303" hits="43" branch="false"/>
              </lines>
            </method>
            <method name="value_choices.data.frame" signature="" line-rate="0.911111111111111" branch-rate="0" complexity="0">
              <lines>
                <line number="313" hits="80" branch="false"/>
                <line number="314" hits="79" branch="false"/>
                <line number="316" hits="78" branch="false"/>
                <line number="317" hits="78" branch="false"/>
                <line number="319" hits="78" branch="false"/>
                <line number="320" hits="85" branch="false"/>
                <line number="321" hits="6" branch="false"/>
                <line number="322" hits="6" branch="false"/>
                <line number="323" hits="6" branch="false"/>
                <line number="324" hits="6" branch="false"/>
                <line number="325" hits="6" branch="false"/>
                <line number="329" hits="78" branch="false"/>
                <line number="330" hits="78" branch="false"/>
                <line number="331" hits="78" branch="false"/>
                <line number="332" hits="78" branch="false"/>
                <line number="333" hits="78" branch="false"/>
                <line number="334" hits="78" branch="false"/>
                <line number="335" hits="78" branch="false"/>
                <line number="336" hits="78" branch="false"/>
                <line number="337" hits="78" branch="false"/>
                <line number="338" hits="78" branch="false"/>
                <line number="339" hits="0" branch="false"/>
                <line number="340" hits="0" branch="false"/>
                <line number="341" hits="78" branch="false"/>
                <line number="342" hits="0" branch="false"/>
                <line number="343" hits="78" branch="false"/>
                <line number="344" hits="78" branch="false"/>
                <line number="345" hits="78" branch="false"/>
                <line number="346" hits="78" branch="false"/>
                <line number="347" hits="78" branch="false"/>
                <line number="348" hits="0" branch="false"/>
                <line number="349" hits="78" branch="false"/>
                <line number="350" hits="78" branch="false"/>
                <line number="351" hits="78" branch="false"/>
                <line number="353" hits="78" branch="false"/>
                <line number="354" hits="5" branch="false"/>
                <line number="356" hits="78" branch="false"/>
                <line number="357" hits="78" branch="false"/>
                <line number="358" hits="78" branch="false"/>
                <line number="359" hits="78" branch="false"/>
                <line number="360" hits="78" branch="false"/>
                <line number="361" hits="78" branch="false"/>
                <line number="362" hits="78" branch="false"/>
                <line number="363" hits="78" branch="false"/>
                <line number="364" hits="78" branch="false"/>
              </lines>
            </method>
            <method name="print.choices_labeled" signature="" line-rate="0" branch-rate="0" complexity="0">
              <lines>
                <line number="374" hits="0" branch="false"/>
                <line number="375" hits="0" branch="false"/>
                <line number="376" hits="0" branch="false"/>
                <line number="377" hits="0" branch="false"/>
                <line number="378" hits="0" branch="false"/>
                <line number="379" hits="0" branch="false"/>
                <line number="381" hits="0" branch="false"/>
              </lines>
            </method>
          </methods>
          <lines>
            <line number="58" hits="244" branch="false"/>
            <line number="59" hits="0" branch="false"/>
            <line number="62" hits="244" branch="false"/>
            <line number="64" hits="244" branch="false"/>
            <line number="65" hits="0" branch="false"/>
            <line number="68" hits="244" branch="false"/>
            <line number="69" hits="244" branch="false"/>
            <line number="70" hits="0" branch="false"/>
            <line number="72" hits="244" branch="false"/>
            <line number="73" hits="244" branch="false"/>
            <line number="75" hits="244" branch="false"/>
            <line number="76" hits="224" branch="false"/>
            <line number="77" hits="0" branch="false"/>
            <line number="79" hits="224" branch="false"/>
            <line number="80" hits="224" branch="false"/>
            <line number="81" hits="224" branch="false"/>
            <line number="84" hits="244" branch="false"/>
            <line number="85" hits="244" branch="false"/>
            <line number="86" hits="244" branch="false"/>
            <line number="87" hits="244" branch="false"/>
            <line number="88" hits="244" branch="false"/>
            <line number="89" hits="244" branch="false"/>
            <line number="90" hits="244" branch="false"/>
            <line number="91" hits="244" branch="false"/>
            <line number="92" hits="244" branch="false"/>
            <line number="93" hits="0" branch="false"/>
            <line number="94" hits="244" branch="false"/>
            <line number="96" hits="244" branch="false"/>
            <line number="97" hits="224" branch="false"/>
            <line number="98" hits="224" branch="false"/>
            <line number="99" hits="224" branch="false"/>
            <line number="100" hits="224" branch="false"/>
            <line number="101" hits="224" branch="false"/>
            <line number="103" hits="244" branch="false"/>
            <line number="104" hits="244" branch="false"/>
            <line number="105" hits="244" branch="false"/>
            <line number="106" hits="244" branch="false"/>
            <line number="107" hits="244" branch="false"/>
            <line number="108" hits="244" branch="false"/>
            <line number="109" hits="244" branch="false"/>
            <line number="110" hits="244" branch="false"/>
            <line number="112" hits="244" branch="false"/>
            <line number="161" hits="250" branch="false"/>
            <line number="162" hits="250" branch="false"/>
            <line number="163" hits="250" branch="false"/>
            <line number="164" hits="250" branch="false"/>
            <line number="165" hits="250" branch="false"/>
            <line number="166" hits="250" branch="false"/>
            <line number="168" hits="250" branch="false"/>
            <line number="174" hits="84" branch="false"/>
            <line number="175" hits="84" branch="false"/>
            <line number="176" hits="84" branch="false"/>
            <line number="183" hits="166" branch="false"/>
            <line number="184" hits="166" branch="false"/>
            <line number="185" hits="166" branch="false"/>
            <line number="186" hits="166" branch="false"/>
            <line number="188" hits="166" branch="false"/>
            <line number="189" hits="4" branch="false"/>
            <line number="192" hits="166" branch="false"/>
            <line number="194" hits="166" branch="false"/>
            <line number="195" hits="21" branch="false"/>
            <line number="198" hits="166" branch="false"/>
            <line number="200" hits="166" branch="false"/>
            <line number="202" hits="166" branch="false"/>
            <line number="203" hits="52" branch="false"/>
            <line number="206" hits="166" branch="false"/>
            <line number="207" hits="0" branch="false"/>
            <line number="208" hits="0" branch="false"/>
            <line number="209" hits="0" branch="false"/>
            <line number="210" hits="0" branch="false"/>
            <line number="211" hits="0" branch="false"/>
            <line number="214" hits="166" branch="false"/>
            <line number="215" hits="0" branch="false"/>
            <line number="216" hits="0" branch="false"/>
            <line number="217" hits="0" branch="false"/>
            <line number="218" hits="0" branch="false"/>
            <line number="219" hits="0" branch="false"/>
            <line number="220" hits="0" branch="false"/>
            <line number="221" hits="166" branch="false"/>
            <line number="222" hits="166" branch="false"/>
            <line number="223" hits="166" branch="false"/>
            <line number="224" hits="166" branch="false"/>
            <line number="225" hits="166" branch="false"/>
            <line number="226" hits="166" branch="false"/>
            <line number="227" hits="166" branch="false"/>
            <line number="228" hits="166" branch="false"/>
            <line number="230" hits="166" branch="false"/>
            <line number="276" hits="123" branch="false"/>
            <line number="277" hits="123" branch="false"/>
            <line number="278" hits="123" branch="false"/>
            <line number="279" hits="123" branch="false"/>
            <line number="280" hits="123" branch="false"/>
            <line number="281" hits="123" branch="false"/>
            <line number="282" hits="123" branch="false"/>
            <line number="283" hits="123" branch="false"/>
            <line number="293" hits="43" branch="false"/>
            <line number="294" hits="43" branch="false"/>
            <line number="295" hits="43" branch="false"/>
            <line number="296" hits="43" branch="false"/>
            <line number="297" hits="43" branch="false"/>
            <line number="298" hits="43" branch="false"/>
            <line number="299" hits="43" branch="false"/>
            <line number="300" hits="43" branch="false"/>
            <line number="301" hits="43" branch="false"/>
            <line number="302" hits="43" branch="false"/>
            <line number="303" hits="43" branch="false"/>
            <line number="313" hits="80" branch="false"/>
            <line number="314" hits="79" branch="false"/>
            <line number="316" hits="78" branch="false"/>
            <line number="317" hits="78" branch="false"/>
            <line number="319" hits="78" branch="false"/>
            <line number="320" hits="85" branch="false"/>
            <line number="321" hits="6" branch="false"/>
            <line number="322" hits="6" branch="false"/>
            <line number="323" hits="6" branch="false"/>
            <line number="324" hits="6" branch="false"/>
            <line number="325" hits="6" branch="false"/>
            <line number="329" hits="78" branch="false"/>
            <line number="330" hits="78" branch="false"/>
            <line number="331" hits="78" branch="false"/>
            <line number="332" hits="78" branch="false"/>
            <line number="333" hits="78" branch="false"/>
            <line number="334" hits="78" branch="false"/>
            <line number="335" hits="78" branch="false"/>
            <line number="336" hits="78" branch="false"/>
            <line number="337" hits="78" branch="false"/>
            <line number="338" hits="78" branch="false"/>
            <line number="339" hits="0" branch="false"/>
            <line number="340" hits="0" branch="false"/>
            <line number="341" hits="78" branch="false"/>
            <line number="342" hits="0" branch="false"/>
            <line number="343" hits="78" branch="false"/>
            <line number="344" hits="78" branch="false"/>
            <line number="345" hits="78" branch="false"/>
            <line number="346" hits="78" branch="false"/>
            <line number="347" hits="78" branch="false"/>
            <line number="348" hits="0" branch="false"/>
            <line number="349" hits="78" branch="false"/>
            <line number="350" hits="78" branch="false"/>
            <line number="351" hits="78" branch="false"/>
            <line number="353" hits="78" branch="false"/>
            <line number="354" hits="5" branch="false"/>
            <line number="356" hits="78" branch="false"/>
            <line number="357" hits="78" branch="false"/>
            <line number="358" hits="78" branch="false"/>
            <line number="359" hits="78" branch="false"/>
            <line number="360" hits="78" branch="false"/>
            <line number="361" hits="78" branch="false"/>
            <line number="362" hits="78" branch="false"/>
            <line number="363" hits="78" branch="false"/>
            <line number="364" hits="78" branch="false"/>
            <line number="374" hits="0" branch="false"/>
            <line number="375" hits="0" branch="false"/>
            <line number="376" hits="0" branch="false"/>
            <line number="377" hits="0" branch="false"/>
            <line number="378" hits="0" branch="false"/>
            <line number="379" hits="0" branch="false"/>
            <line number="381" hits="0" branch="false"/>
          </lines>
        </class>
        <class name="choices_selected.R" filename="R/choices_selected.R" line-rate="0.8625" branch-rate="0" complexity="0">
          <methods>
            <method name="choices_selected" signature="" line-rate="1" branch-rate="0" complexity="0">
              <lines>
                <line number="125" hits="32" branch="false"/>
                <line number="126" hits="32" branch="false"/>
                <line number="127" hits="32" branch="false"/>
                <line number="128" hits="32" branch="false"/>
                <line number="129" hits="32" branch="false"/>
                <line number="130" hits="32" branch="false"/>
                <line number="131" hits="32" branch="false"/>
                <line number="132" hits="32" branch="false"/>
                <line number="133" hits="32" branch="false"/>
                <line number="134" hits="32" branch="false"/>
                <line number="136" hits="1" branch="false"/>
                <line number="138" hits="32" branch="false"/>
                <line number="139" hits="1" branch="false"/>
                <line number="142" hits="31" branch="false"/>
                <line number="143" hits="11" branch="false"/>
                <line number="144" hits="11" branch="false"/>
                <line number="145" hits="11" branch="false"/>
                <line number="146" hits="11" branch="false"/>
                <line number="147" hits="11" branch="false"/>
                <line number="150" hits="20" branch="false"/>
                <line number="151" hits="1" branch="false"/>
                <line number="155" hits="19" branch="false"/>
                <line number="156" hits="19" branch="false"/>
                <line number="157" hits="19" branch="false"/>
                <line number="159" hits="16" branch="false"/>
                <line number="160" hits="16" branch="false"/>
                <line number="161" hits="16" branch="false"/>
                <line number="162" hits="16" branch="false"/>
                <line number="163" hits="16" branch="false"/>
                <line number="164" hits="16" branch="false"/>
                <line number="167" hits="16" branch="false"/>
                <line number="168" hits="16" branch="false"/>
                <line number="169" hits="16" branch="false"/>
                <line number="170" hits="16" branch="false"/>
                <line number="171" hits="16" branch="false"/>
                <line number="172" hits="16" branch="false"/>
                <line number="173" hits="16" branch="false"/>
                <line number="174" hits="16" branch="false"/>
              </lines>
            </method>
            <method name="is.choices_selected" signature="" line-rate="1" branch-rate="0" complexity="0">
              <lines>
                <line number="185" hits="24" branch="false"/>
              </lines>
            </method>
            <method name="add_no_selected_choices" signature="" line-rate="0" branch-rate="0" complexity="0">
              <lines>
                <line number="197" hits="0" branch="false"/>
                <line number="198" hits="0" branch="false"/>
                <line number="200" hits="0" branch="false"/>
                <line number="202" hits="0" branch="false"/>
                <line number="203" hits="0" branch="false"/>
                <line number="204" hits="0" branch="false"/>
                <line number="207" hits="0" branch="false"/>
              </lines>
            </method>
            <method name="no_selected_as_NULL" signature="" line-rate="0" branch-rate="0" complexity="0">
              <lines>
                <line number="222" hits="0" branch="false"/>
                <line number="223" hits="0" branch="false"/>
                <line number="225" hits="0" branch="false"/>
              </lines>
            </method>
            <method name="vector_reorder" signature="" line-rate="1" branch-rate="0" complexity="0">
              <lines>
                <line number="232" hits="16" branch="false"/>
                <line number="233" hits="16" branch="false"/>
                <line number="234" hits="16" branch="false"/>
                <line number="236" hits="16" branch="false"/>
                <line number="238" hits="16" branch="false"/>
                <line number="240" hits="16" branch="false"/>
                <line number="241" hits="43" branch="false"/>
                <line number="242" hits="42" branch="false"/>
                <line number="246" hits="16" branch="false"/>
                <line number="248" hits="16" branch="false"/>
              </lines>
            </method>
            <method name="vector_pop" signature="" line-rate="0.916666666666667" branch-rate="0" complexity="0">
              <lines>
                <line number="252" hits="1" branch="false"/>
                <line number="253" hits="1" branch="false"/>
                <line number="255" hits="1" branch="false"/>
                <line number="256" hits="0" branch="false"/>
                <line number="259" hits="1" branch="false"/>
                <line number="260" hits="1" branch="false"/>
                <line number="262" hits="1" branch="false"/>
                <line number="263" hits="4" branch="false"/>
                <line number="264" hits="3" branch="false"/>
                <line number="268" hits="1" branch="false"/>
                <line number="269" hits="1" branch="false"/>
                <line number="270" hits="1" branch="false"/>
              </lines>
            </method>
            <method name="vector_remove_dups" signature="" line-rate="1" branch-rate="0" complexity="0">
              <lines>
                <line number="274" hits="38" branch="false"/>
                <line number="276" hits="38" branch="false"/>
                <line number="278" hits="38" branch="false"/>
                <line number="279" hits="33" branch="false"/>
                <line number="280" hits="5" branch="false"/>
                <line number="281" hits="2" branch="false"/>
                <line number="282" hits="3" branch="false"/>
                <line number="283" hits="2" branch="false"/>
                <line number="285" hits="1" branch="false"/>
              </lines>
            </method>
          </methods>
          <lines>
            <line number="125" hits="32" branch="false"/>
            <line number="126" hits="32" branch="false"/>
            <line number="127" hits="32" branch="false"/>
            <line number="128" hits="32" branch="false"/>
            <line number="129" hits="32" branch="false"/>
            <line number="130" hits="32" branch="false"/>
            <line number="131" hits="32" branch="false"/>
            <line number="132" hits="32" branch="false"/>
            <line number="133" hits="32" branch="false"/>
            <line number="134" hits="32" branch="false"/>
            <line number="136" hits="1" branch="false"/>
            <line number="138" hits="32" branch="false"/>
            <line number="139" hits="1" branch="false"/>
            <line number="142" hits="31" branch="false"/>
            <line number="143" hits="11" branch="false"/>
            <line number="144" hits="11" branch="false"/>
            <line number="145" hits="11" branch="false"/>
            <line number="146" hits="11" branch="false"/>
            <line number="147" hits="11" branch="false"/>
            <line number="150" hits="20" branch="false"/>
            <line number="151" hits="1" branch="false"/>
            <line number="155" hits="19" branch="false"/>
            <line number="156" hits="19" branch="false"/>
            <line number="157" hits="19" branch="false"/>
            <line number="159" hits="16" branch="false"/>
            <line number="160" hits="16" branch="false"/>
            <line number="161" hits="16" branch="false"/>
            <line number="162" hits="16" branch="false"/>
            <line number="163" hits="16" branch="false"/>
            <line number="164" hits="16" branch="false"/>
            <line number="167" hits="16" branch="false"/>
            <line number="168" hits="16" branch="false"/>
            <line number="169" hits="16" branch="false"/>
            <line number="170" hits="16" branch="false"/>
            <line number="171" hits="16" branch="false"/>
            <line number="172" hits="16" branch="false"/>
            <line number="173" hits="16" branch="false"/>
            <line number="174" hits="16" branch="false"/>
            <line number="185" hits="24" branch="false"/>
            <line number="197" hits="0" branch="false"/>
            <line number="198" hits="0" branch="false"/>
            <line number="200" hits="0" branch="false"/>
            <line number="202" hits="0" branch="false"/>
            <line number="203" hits="0" branch="false"/>
            <line number="204" hits="0" branch="false"/>
            <line number="207" hits="0" branch="false"/>
            <line number="222" hits="0" branch="false"/>
            <line number="223" hits="0" branch="false"/>
            <line number="225" hits="0" branch="false"/>
            <line number="232" hits="16" branch="false"/>
            <line number="233" hits="16" branch="false"/>
            <line number="234" hits="16" branch="false"/>
            <line number="236" hits="16" branch="false"/>
            <line number="238" hits="16" branch="false"/>
            <line number="240" hits="16" branch="false"/>
            <line number="241" hits="43" branch="false"/>
            <line number="242" hits="42" branch="false"/>
            <line number="246" hits="16" branch="false"/>
            <line number="248" hits="16" branch="false"/>
            <line number="252" hits="1" branch="false"/>
            <line number="253" hits="1" branch="false"/>
            <line number="255" hits="1" branch="false"/>
            <line number="256" hits="0" branch="false"/>
            <line number="259" hits="1" branch="false"/>
            <line number="260" hits="1" branch="false"/>
            <line number="262" hits="1" branch="false"/>
            <line number="263" hits="4" branch="false"/>
            <line number="264" hits="3" branch="false"/>
            <line number="268" hits="1" branch="false"/>
            <line number="269" hits="1" branch="false"/>
            <line number="270" hits="1" branch="false"/>
            <line number="274" hits="38" branch="false"/>
            <line number="276" hits="38" branch="false"/>
            <line number="278" hits="38" branch="false"/>
            <line number="279" hits="33" branch="false"/>
            <line number="280" hits="5" branch="false"/>
            <line number="281" hits="2" branch="false"/>
            <line number="282" hits="3" branch="false"/>
            <line number="283" hits="2" branch="false"/>
            <line number="285" hits="1" branch="false"/>
          </lines>
        </class>
        <class name="column_functions.R" filename="R/column_functions.R" line-rate="0" branch-rate="0" complexity="0">
          <methods>
            <method name="get_dataset_prefixed_col_names" signature="" line-rate="0" branch-rate="0" complexity="0">
              <lines>
                <line number="13" hits="0" branch="false"/>
                <line number="14" hits="0" branch="false"/>
                <line number="16" hits="0" branch="false"/>
              </lines>
            </method>
          </methods>
          <lines>
            <line number="13" hits="0" branch="false"/>
            <line number="14" hits="0" branch="false"/>
            <line number="16" hits="0" branch="false"/>
          </lines>
        </class>
        <class name="data_extract_datanames.R" filename="R/data_extract_datanames.R" line-rate="0.733333333333333" branch-rate="0" complexity="0">
          <methods>
            <method name="datanames_input" signature="" line-rate="0" branch-rate="0" complexity="0">
              <lines>
                <line number="9" hits="0" branch="false"/>
                <line number="10" hits="0" branch="false"/>
                <line number="11" hits="0" branch="false"/>
                <line number="12" hits="0" branch="false"/>
                <line number="13" hits="0" branch="false"/>
              </lines>
            </method>
            <method name="get_extract_datanames" signature="" line-rate="1" branch-rate="0" complexity="0">
              <lines>
                <line number="26" hits="17" branch="false"/>
                <line number="27" hits="2" branch="false"/>
                <line number="28" hits="17" branch="false"/>
                <line number="29" hits="15" branch="false"/>
                <line number="30" hits="17" branch="false"/>
                <line number="31" hits="17" branch="false"/>
                <line number="33" hits="14" branch="false"/>
                <line number="34" hits="14" branch="false"/>
                <line number="35" hits="14" branch="false"/>
                <line number="37" hits="14" branch="false"/>
                <line number="38" hits="13" branch="false"/>
                <line number="39" hits="13" branch="false"/>
                <line number="40" hits="13" branch="false"/>
                <line number="41" hits="13" branch="false"/>
                <line number="43" hits="11" branch="false"/>
                <line number="44" hits="11" branch="false"/>
                <line number="45" hits="11" branch="false"/>
                <line number="46" hits="8" branch="false"/>
                <line number="47" hits="8" branch="false"/>
                <line number="48" hits="11" branch="false"/>
                <line number="49" hits="11" branch="false"/>
                <line number="51" hits="11" branch="false"/>
              </lines>
            </method>
            <method name="is_single_dataset" signature="" line-rate="0" branch-rate="0" complexity="0">
              <lines>
                <line number="62" hits="0" branch="false"/>
                <line number="63" hits="0" branch="false"/>
                <line number="64" hits="0" branch="false"/>
              </lines>
            </method>
          </methods>
          <lines>
            <line number="9" hits="0" branch="false"/>
            <line number="10" hits="0" branch="false"/>
            <line number="11" hits="0" branch="false"/>
            <line number="12" hits="0" branch="false"/>
            <line number="13" hits="0" branch="false"/>
            <line number="26" hits="17" branch="false"/>
            <line number="27" hits="2" branch="false"/>
            <line number="28" hits="17" branch="false"/>
            <line number="29" hits="15" branch="false"/>
            <line number="30" hits="17" branch="false"/>
            <line number="31" hits="17" branch="false"/>
            <line number="33" hits="14" branch="false"/>
            <line number="34" hits="14" branch="false"/>
            <line number="35" hits="14" branch="false"/>
            <line number="37" hits="14" branch="false"/>
            <line number="38" hits="13" branch="false"/>
            <line number="39" hits="13" branch="false"/>
            <line number="40" hits="13" branch="false"/>
            <line number="41" hits="13" branch="false"/>
            <line number="43" hits="11" branch="false"/>
            <line number="44" hits="11" branch="false"/>
            <line number="45" hits="11" branch="false"/>
            <line number="46" hits="8" branch="false"/>
            <line number="47" hits="8" branch="false"/>
            <line number="48" hits="11" branch="false"/>
            <line number="49" hits="11" branch="false"/>
            <line number="51" hits="11" branch="false"/>
            <line number="62" hits="0" branch="false"/>
            <line number="63" hits="0" branch="false"/>
            <line number="64" hits="0" branch="false"/>
          </lines>
        </class>
        <class name="data_extract_filter_module.R" filename="R/data_extract_filter_module.R" line-rate="0.53921568627451" branch-rate="0" complexity="0">
          <methods>
            <method name="data_extract_filter_ui" signature="" line-rate="1" branch-rate="0" complexity="0">
              <lines>
                <line number="14" hits="6" branch="false"/>
                <line number="15" hits="6" branch="false"/>
                <line number="17" hits="6" branch="false"/>
                <line number="19" hits="6" branch="false"/>
                <line number="20" hits="6" branch="false"/>
                <line number="21" hits="6" branch="false"/>
                <line number="22" hits="6" branch="false"/>
                <line number="23" hits="6" branch="false"/>
                <line number="24" hits="6" branch="false"/>
                <line number="25" hits="6" branch="false"/>
                <line number="26" hits="6" branch="false"/>
                <line number="28" hits="6" branch="false"/>
                <line number="29" hits="6" branch="false"/>
                <line number="30" hits="6" branch="false"/>
                <line number="31" hits="6" branch="false"/>
                <line number="32" hits="6" branch="false"/>
                <line number="33" hits="6" branch="false"/>
                <line number="34" hits="6" branch="false"/>
                <line number="35" hits="6" branch="false"/>
                <line number="37" hits="6" branch="false"/>
                <line number="38" hits="6" branch="false"/>
                <line number="39" hits="6" branch="false"/>
                <line number="40" hits="6" branch="false"/>
                <line number="41" hits="6" branch="false"/>
              </lines>
            </method>
            <method name="data_extract_filter_srv" signature="" line-rate="0.508196721311475" branch-rate="0" complexity="0">
              <lines>
                <line number="56" hits="7" branch="false"/>
                <line number="57" hits="7" branch="false"/>
                <line number="58" hits="7" branch="false"/>
                <line number="59" hits="7" branch="false"/>
                <line number="62" hits="7" branch="false"/>
                <line number="63" hits="7" branch="false"/>
                <line number="65" hits="7" branch="false"/>
                <line number="68" hits="7" branch="false"/>
                <line number="69" hits="7" branch="false"/>
                <line number="70" hits="7" branch="false"/>
                <line number="71" hits="7" branch="false"/>
                <line number="72" hits="7" branch="false"/>
                <line number="73" hits="7" branch="false"/>
                <line number="74" hits="7" branch="false"/>
                <line number="75" hits="7" branch="false"/>
                <line number="76" hits="7" branch="false"/>
                <line number="77" hits="7" branch="false"/>
                <line number="78" hits="7" branch="false"/>
                <line number="79" hits="7" branch="false"/>
                <line number="80" hits="7" branch="false"/>
                <line number="82" hits="7" branch="false"/>
                <line number="83" hits="7" branch="false"/>
                <line number="84" hits="7" branch="false"/>
                <line number="85" hits="7" branch="false"/>
                <line number="86" hits="7" branch="false"/>
                <line number="87" hits="0" branch="false"/>
                <line number="88" hits="0" branch="false"/>
                <line number="89" hits="0" branch="false"/>
                <line number="90" hits="0" branch="false"/>
                <line number="91" hits="0" branch="false"/>
                <line number="92" hits="0" branch="false"/>
                <line number="94" hits="0" branch="false"/>
                <line number="95" hits="0" branch="false"/>
                <line number="96" hits="0" branch="false"/>
                <line number="97" hits="0" branch="false"/>
                <line number="98" hits="0" branch="false"/>
                <line number="99" hits="0" branch="false"/>
                <line number="100" hits="0" branch="false"/>
                <line number="101" hits="7" branch="false"/>
                <line number="102" hits="0" branch="false"/>
                <line number="103" hits="0" branch="false"/>
                <line number="104" hits="7" branch="false"/>
                <line number="105" hits="0" branch="false"/>
                <line number="106" hits="0" branch="false"/>
                <line number="107" hits="0" branch="false"/>
                <line number="110" hits="0" branch="false"/>
                <line number="111" hits="0" branch="false"/>
                <line number="112" hits="0" branch="false"/>
                <line number="113" hits="0" branch="false"/>
                <line number="114" hits="0" branch="false"/>
                <line number="115" hits="0" branch="false"/>
                <line number="117" hits="0" branch="false"/>
                <line number="118" hits="0" branch="false"/>
                <line number="119" hits="0" branch="false"/>
                <line number="120" hits="0" branch="false"/>
                <line number="121" hits="0" branch="false"/>
                <line number="122" hits="0" branch="false"/>
                <line number="123" hits="7" branch="false"/>
                <line number="124" hits="7" branch="false"/>
                <line number="125" hits="7" branch="false"/>
                <line number="126" hits="7" branch="false"/>
              </lines>
            </method>
            <method name="get_initial_filter_values" signature="" line-rate="0" branch-rate="0" complexity="0">
              <lines>
                <line number="145" hits="0" branch="false"/>
                <line number="146" hits="0" branch="false"/>
                <line number="147" hits="0" branch="false"/>
                <line number="148" hits="0" branch="false"/>
                <line number="149" hits="0" branch="false"/>
                <line number="150" hits="0" branch="false"/>
                <line number="151" hits="0" branch="false"/>
                <line number="152" hits="0" branch="false"/>
                <line number="153" hits="0" branch="false"/>
                <line number="154" hits="0" branch="false"/>
                <line number="155" hits="0" branch="false"/>
                <line number="156" hits="0" branch="false"/>
                <line number="157" hits="0" branch="false"/>
                <line number="158" hits="0" branch="false"/>
                <line number="160" hits="0" branch="false"/>
                <line number="161" hits="0" branch="false"/>
                <line number="164" hits="0" branch="false"/>
              </lines>
            </method>
          </methods>
          <lines>
            <line number="14" hits="6" branch="false"/>
            <line number="15" hits="6" branch="false"/>
            <line number="17" hits="6" branch="false"/>
            <line number="19" hits="6" branch="false"/>
            <line number="20" hits="6" branch="false"/>
            <line number="21" hits="6" branch="false"/>
            <line number="22" hits="6" branch="false"/>
            <line number="23" hits="6" branch="false"/>
            <line number="24" hits="6" branch="false"/>
            <line number="25" hits="6" branch="false"/>
            <line number="26" hits="6" branch="false"/>
            <line number="28" hits="6" branch="false"/>
            <line number="29" hits="6" branch="false"/>
            <line number="30" hits="6" branch="false"/>
            <line number="31" hits="6" branch="false"/>
            <line number="32" hits="6" branch="false"/>
            <line number="33" hits="6" branch="false"/>
            <line number="34" hits="6" branch="false"/>
            <line number="35" hits="6" branch="false"/>
            <line number="37" hits="6" branch="false"/>
            <line number="38" hits="6" branch="false"/>
            <line number="39" hits="6" branch="false"/>
            <line number="40" hits="6" branch="false"/>
            <line number="41" hits="6" branch="false"/>
            <line number="56" hits="7" branch="false"/>
            <line number="57" hits="7" branch="false"/>
            <line number="58" hits="7" branch="false"/>
            <line number="59" hits="7" branch="false"/>
            <line number="62" hits="7" branch="false"/>
            <line number="63" hits="7" branch="false"/>
            <line number="65" hits="7" branch="false"/>
            <line number="68" hits="7" branch="false"/>
            <line number="69" hits="7" branch="false"/>
            <line number="70" hits="7" branch="false"/>
            <line number="71" hits="7" branch="false"/>
            <line number="72" hits="7" branch="false"/>
            <line number="73" hits="7" branch="false"/>
            <line number="74" hits="7" branch="false"/>
            <line number="75" hits="7" branch="false"/>
            <line number="76" hits="7" branch="false"/>
            <line number="77" hits="7" branch="false"/>
            <line number="78" hits="7" branch="false"/>
            <line number="79" hits="7" branch="false"/>
            <line number="80" hits="7" branch="false"/>
            <line number="82" hits="7" branch="false"/>
            <line number="83" hits="7" branch="false"/>
            <line number="84" hits="7" branch="false"/>
            <line number="85" hits="7" branch="false"/>
            <line number="86" hits="7" branch="false"/>
            <line number="87" hits="0" branch="false"/>
            <line number="88" hits="0" branch="false"/>
            <line number="89" hits="0" branch="false"/>
            <line number="90" hits="0" branch="false"/>
            <line number="91" hits="0" branch="false"/>
            <line number="92" hits="0" branch="false"/>
            <line number="94" hits="0" branch="false"/>
            <line number="95" hits="0" branch="false"/>
            <line number="96" hits="0" branch="false"/>
            <line number="97" hits="0" branch="false"/>
            <line number="98" hits="0" branch="false"/>
            <line number="99" hits="0" branch="false"/>
            <line number="100" hits="0" branch="false"/>
            <line number="101" hits="7" branch="false"/>
            <line number="102" hits="0" branch="false"/>
            <line number="103" hits="0" branch="false"/>
            <line number="104" hits="7" branch="false"/>
            <line number="105" hits="0" branch="false"/>
            <line number="106" hits="0" branch="false"/>
            <line number="107" hits="0" branch="false"/>
            <line number="110" hits="0" branch="false"/>
            <line number="111" hits="0" branch="false"/>
            <line number="112" hits="0" branch="false"/>
            <line number="113" hits="0" branch="false"/>
            <line number="114" hits="0" branch="false"/>
            <line number="115" hits="0" branch="false"/>
            <line number="117" hits="0" branch="false"/>
            <line number="118" hits="0" branch="false"/>
            <line number="119" hits="0" branch="false"/>
            <line number="120" hits="0" branch="false"/>
            <line number="121" hits="0" branch="false"/>
            <line number="122" hits="0" branch="false"/>
            <line number="123" hits="7" branch="false"/>
            <line number="124" hits="7" branch="false"/>
            <line number="125" hits="7" branch="false"/>
            <line number="126" hits="7" branch="false"/>
            <line number="145" hits="0" branch="false"/>
            <line number="146" hits="0" branch="false"/>
            <line number="147" hits="0" branch="false"/>
            <line number="148" hits="0" branch="false"/>
            <line number="149" hits="0" branch="false"/>
            <line number="150" hits="0" branch="false"/>
            <line number="151" hits="0" branch="false"/>
            <line number="152" hits="0" branch="false"/>
            <line number="153" hits="0" branch="false"/>
            <line number="154" hits="0" branch="false"/>
            <line number="155" hits="0" branch="false"/>
            <line number="156" hits="0" branch="false"/>
            <line number="157" hits="0" branch="false"/>
            <line number="158" hits="0" branch="false"/>
            <line number="160" hits="0" branch="false"/>
            <line number="161" hits="0" branch="false"/>
            <line number="164" hits="0" branch="false"/>
          </lines>
        </class>
        <class name="data_extract_module.R" filename="R/data_extract_module.R" line-rate="0.773333333333333" branch-rate="0" complexity="0">
          <methods>
            <method name="check_data_extract_spec" signature="" line-rate="0.666666666666667" branch-rate="0" complexity="0">
              <lines>
                <line number="2" hits="22" branch="false"/>
                <line number="3" hits="0" branch="false"/>
                <line number="5" hits="22" branch="false"/>
              </lines>
            </method>
            <method name="id_for_dataset" signature="" line-rate="1" branch-rate="0" complexity="0">
              <lines>
                <line number="9" hits="46" branch="false"/>
              </lines>
            </method>
            <method name="cond_data_extract_single_ui" signature="" line-rate="1" branch-rate="0" complexity="0">
              <lines>
                <line number="29" hits="2" branch="false"/>
                <line number="30" hits="2" branch="false"/>
                <line number="31" hits="2" branch="false"/>
                <line number="32" hits="2" branch="false"/>
                <line number="33" hits="2" branch="false"/>
                <line number="34" hits="2" branch="false"/>
                <line number="35" hits="2" branch="false"/>
                <line number="36" hits="2" branch="false"/>
              </lines>
            </method>
            <method name="data_extract_ui" signature="" line-rate="0.78125" branch-rate="0" complexity="0">
              <lines>
                <line number="112" hits="2" branch="false"/>
                <line number="114" hits="2" branch="false"/>
                <line number="115" hits="0" branch="false"/>
                <line number="117" hits="2" branch="false"/>
                <line number="119" hits="2" branch="false"/>
                <line number="120" hits="0" branch="false"/>
                <line number="122" hits="2" branch="false"/>
                <line number="123" hits="2" branch="false"/>
                <line number="124" hits="2" branch="false"/>
                <line number="125" hits="2" branch="false"/>
                <line number="127" hits="1" branch="false"/>
                <line number="128" hits="1" branch="false"/>
                <line number="129" hits="1" branch="false"/>
                <line number="130" hits="1" branch="false"/>
                <line number="131" hits="1" branch="false"/>
                <line number="132" hits="1" branch="false"/>
                <line number="134" hits="1" branch="false"/>
                <line number="136" hits="1" branch="false"/>
                <line number="137" hits="0" branch="false"/>
                <line number="138" hits="1" branch="false"/>
                <line number="139" hits="1" branch="false"/>
                <line number="140" hits="0" branch="false"/>
                <line number="141" hits="0" branch="false"/>
                <line number="142" hits="0" branch="false"/>
                <line number="143" hits="0" branch="false"/>
                <line number="144" hits="0" branch="false"/>
                <line number="145" hits="0" branch="false"/>
                <line number="146" hits="1" branch="false"/>
                <line number="147" hits="0" branch="false"/>
                <line number="148" hits="1" branch="false"/>
                <line number="149" hits="1" branch="false"/>
                <line number="150" hits="1" branch="false"/>
                <line number="151" hits="1" branch="false"/>
[...]
            <line number="92" hits="40" branch="false"/>
            <line number="93" hits="40" branch="false"/>
            <line number="94" hits="13" branch="false"/>
            <line number="96" hits="40" branch="false"/>
            <line number="101" hits="5" branch="false"/>
            <line number="102" hits="5" branch="false"/>
            <line number="104" hits="5" branch="false"/>
            <line number="106" hits="5" branch="false"/>
            <line number="107" hits="1" branch="false"/>
            <line number="108" hits="1" branch="false"/>
            <line number="109" hits="1" branch="false"/>
            <line number="110" hits="1" branch="false"/>
            <line number="111" hits="1" branch="false"/>
            <line number="112" hits="1" branch="false"/>
            <line number="115" hits="5" branch="false"/>
            <line number="120" hits="29" branch="false"/>
            <line number="121" hits="29" branch="false"/>
            <line number="122" hits="8" branch="false"/>
            <line number="124" hits="29" branch="false"/>
            <line number="129" hits="23" branch="false"/>
            <line number="130" hits="22" branch="false"/>
            <line number="132" hits="23" branch="false"/>
            <line number="133" hits="17" branch="false"/>
            <line number="135" hits="23" branch="false"/>
            <line number="136" hits="18" branch="false"/>
            <line number="138" hits="23" branch="false"/>
            <line number="139" hits="8" branch="false"/>
            <line number="142" hits="23" branch="false"/>
            <line number="147" hits="27" branch="false"/>
            <line number="148" hits="27" branch="false"/>
            <line number="149" hits="27" branch="false"/>
            <line number="150" hits="27" branch="false"/>
            <line number="151" hits="27" branch="false"/>
            <line number="153" hits="27" branch="false"/>
            <line number="154" hits="14" branch="false"/>
            <line number="155" hits="14" branch="false"/>
            <line number="158" hits="27" branch="false"/>
            <line number="164" hits="17" branch="false"/>
            <line number="165" hits="16" branch="false"/>
            <line number="170" hits="21" branch="false"/>
            <line number="197" hits="62" branch="false"/>
            <line number="200" hits="56" branch="false"/>
            <line number="203" hits="56" branch="false"/>
            <line number="204" hits="22" branch="false"/>
            <line number="205" hits="2" branch="false"/>
            <line number="206" hits="2" branch="false"/>
            <line number="207" hits="2" branch="false"/>
            <line number="208" hits="2" branch="false"/>
            <line number="209" hits="2" branch="false"/>
            <line number="212" hits="34" branch="false"/>
            <line number="213" hits="6" branch="false"/>
            <line number="214" hits="6" branch="false"/>
            <line number="215" hits="6" branch="false"/>
            <line number="216" hits="6" branch="false"/>
            <line number="217" hits="6" branch="false"/>
            <line number="221" hits="48" branch="false"/>
            <line number="227" hits="0" branch="false"/>
            <line number="228" hits="0" branch="false"/>
            <line number="229" hits="0" branch="false"/>
            <line number="230" hits="0" branch="false"/>
            <line number="236" hits="0" branch="false"/>
            <line number="237" hits="0" branch="false"/>
            <line number="238" hits="0" branch="false"/>
            <line number="239" hits="0" branch="false"/>
            <line number="245" hits="0" branch="false"/>
            <line number="246" hits="0" branch="false"/>
            <line number="247" hits="0" branch="false"/>
            <line number="248" hits="0" branch="false"/>
            <line number="254" hits="0" branch="false"/>
            <line number="255" hits="0" branch="false"/>
            <line number="256" hits="0" branch="false"/>
            <line number="257" hits="0" branch="false"/>
            <line number="263" hits="0" branch="false"/>
            <line number="264" hits="0" branch="false"/>
            <line number="265" hits="0" branch="false"/>
            <line number="266" hits="0" branch="false"/>
            <line number="272" hits="0" branch="false"/>
            <line number="273" hits="0" branch="false"/>
            <line number="274" hits="0" branch="false"/>
            <line number="275" hits="0" branch="false"/>
            <line number="281" hits="0" branch="false"/>
            <line number="282" hits="0" branch="false"/>
            <line number="283" hits="0" branch="false"/>
            <line number="284" hits="0" branch="false"/>
            <line number="288" hits="0" branch="false"/>
            <line number="289" hits="0" branch="false"/>
            <line number="290" hits="0" branch="false"/>
            <line number="291" hits="0" branch="false"/>
            <line number="295" hits="0" branch="false"/>
            <line number="296" hits="0" branch="false"/>
            <line number="298" hits="0" branch="false"/>
            <line number="299" hits="0" branch="false"/>
            <line number="300" hits="0" branch="false"/>
            <line number="301" hits="0" branch="false"/>
            <line number="302" hits="0" branch="false"/>
            <line number="303" hits="0" branch="false"/>
            <line number="304" hits="0" branch="false"/>
            <line number="306" hits="0" branch="false"/>
            <line number="307" hits="0" branch="false"/>
            <line number="310" hits="0" branch="false"/>
          </lines>
        </class>
        <class name="select_spec.R" filename="R/select_spec.R" line-rate="0.873015873015873" branch-rate="0" complexity="0">
          <methods>
            <method name="select_spec" signature="" line-rate="0.909090909090909" branch-rate="0" complexity="0">
              <lines>
                <line number="97" hits="105" branch="false"/>
                <line number="98" hits="103" branch="false"/>
                <line number="99" hits="102" branch="false"/>
                <line number="100" hits="102" branch="false"/>
                <line number="101" hits="102" branch="false"/>
                <line number="102" hits="101" branch="false"/>
                <line number="103" hits="0" branch="false"/>
                <line number="105" hits="3" branch="false"/>
                <line number="106" hits="101" branch="false"/>
                <line number="107" hits="24" branch="false"/>
                <line number="109" hits="77" branch="false"/>
              </lines>
            </method>
            <method name="select_spec.delayed_data" signature="" line-rate="1" branch-rate="0" complexity="0">
              <lines>
                <line number="122" hits="24" branch="false"/>
                <line number="123" hits="24" branch="false"/>
                <line number="124" hits="24" branch="false"/>
                <line number="125" hits="24" branch="false"/>
                <line number="126" hits="24" branch="false"/>
                <line number="127" hits="24" branch="false"/>
                <line number="128" hits="24" branch="false"/>
                <line number="129" hits="24" branch="false"/>
                <line number="130" hits="24" branch="false"/>
                <line number="131" hits="24" branch="false"/>
                <line number="133" hits="24" branch="false"/>
                <line number="134" hits="24" branch="false"/>
                <line number="135" hits="24" branch="false"/>
                <line number="136" hits="24" branch="false"/>
                <line number="137" hits="24" branch="false"/>
                <line number="138" hits="24" branch="false"/>
                <line number="139" hits="24" branch="false"/>
                <line number="140" hits="24" branch="false"/>
                <line number="141" hits="24" branch="false"/>
                <line number="142" hits="24" branch="false"/>
                <line number="143" hits="24" branch="false"/>
                <line number="144" hits="24" branch="false"/>
              </lines>
            </method>
            <method name="select_spec.default" signature="" line-rate="0.766666666666667" branch-rate="0" complexity="0">
              <lines>
                <line number="156" hits="77" branch="false"/>
                <line number="157" hits="77" branch="false"/>
                <line number="158" hits="77" branch="false"/>
                <line number="159" hits="77" branch="false"/>
                <line number="160" hits="76" branch="false"/>
                <line number="161" hits="76" branch="false"/>
                <line number="162" hits="76" branch="false"/>
                <line number="163" hits="76" branch="false"/>
                <line number="166" hits="75" branch="false"/>
                <line number="167" hits="24" branch="false"/>
                <line number="171" hits="75" branch="false"/>
                <line number="172" hits="70" branch="false"/>
                <line number="173" hits="70" branch="false"/>
                <line number="174" hits="70" branch="false"/>
                <line number="175" hits="69" branch="false"/>
                <line number="176" hits="50" branch="false"/>
                <line number="180" hits="74" branch="false"/>
                <line number="181" hits="0" branch="false"/>
                <line number="182" hits="0" branch="false"/>
                <line number="183" hits="0" branch="false"/>
                <line number="184" hits="0" branch="false"/>
                <line number="185" hits="0" branch="false"/>
                <line number="186" hits="0" branch="false"/>
                <line number="188" hits="0" branch="false"/>
                <line number="192" hits="74" branch="false"/>
                <line number="193" hits="74" branch="false"/>
                <line number="194" hits="74" branch="false"/>
                <line number="195" hits="74" branch="false"/>
                <line number="196" hits="74" branch="false"/>
                <line number="198" hits="74" branch="false"/>
              </lines>
            </method>
          </methods>
          <lines>
            <line number="97" hits="105" branch="false"/>
            <line number="98" hits="103" branch="false"/>
            <line number="99" hits="102" branch="false"/>
            <line number="100" hits="102" branch="false"/>
            <line number="101" hits="102" branch="false"/>
            <line number="102" hits="101" branch="false"/>
            <line number="103" hits="0" branch="false"/>
            <line number="105" hits="3" branch="false"/>
            <line number="106" hits="101" branch="false"/>
            <line number="107" hits="24" branch="false"/>
            <line number="109" hits="77" branch="false"/>
            <line number="122" hits="24" branch="false"/>
            <line number="123" hits="24" branch="false"/>
            <line number="124" hits="24" branch="false"/>
            <line number="125" hits="24" branch="false"/>
            <line number="126" hits="24" branch="false"/>
            <line number="127" hits="24" branch="false"/>
            <line number="128" hits="24" branch="false"/>
            <line number="129" hits="24" branch="false"/>
            <line number="130" hits="24" branch="false"/>
            <line number="131" hits="24" branch="false"/>
            <line number="133" hits="24" branch="false"/>
            <line number="134" hits="24" branch="false"/>
            <line number="135" hits="24" branch="false"/>
            <line number="136" hits="24" branch="false"/>
            <line number="137" hits="24" branch="false"/>
            <line number="138" hits="24" branch="false"/>
            <line number="139" hits="24" branch="false"/>
            <line number="140" hits="24" branch="false"/>
            <line number="141" hits="24" branch="false"/>
            <line number="142" hits="24" branch="false"/>
            <line number="143" hits="24" branch="false"/>
            <line number="144" hits="24" branch="false"/>
            <line number="156" hits="77" branch="false"/>
            <line number="157" hits="77" branch="false"/>
            <line number="158" hits="77" branch="false"/>
            <line number="159" hits="77" branch="false"/>
            <line number="160" hits="76" branch="false"/>
            <line number="161" hits="76" branch="false"/>
            <line number="162" hits="76" branch="false"/>
            <line number="163" hits="76" branch="false"/>
            <line number="166" hits="75" branch="false"/>
            <line number="167" hits="24" branch="false"/>
            <line number="171" hits="75" branch="false"/>
            <line number="172" hits="70" branch="false"/>
            <line number="173" hits="70" branch="false"/>
            <line number="174" hits="70" branch="false"/>
            <line number="175" hits="69" branch="false"/>
            <line number="176" hits="50" branch="false"/>
            <line number="180" hits="74" branch="false"/>
            <line number="181" hits="0" branch="false"/>
            <line number="182" hits="0" branch="false"/>
            <line number="183" hits="0" branch="false"/>
            <line number="184" hits="0" branch="false"/>
            <line number="185" hits="0" branch="false"/>
            <line number="186" hits="0" branch="false"/>
            <line number="188" hits="0" branch="false"/>
            <line number="192" hits="74" branch="false"/>
            <line number="193" hits="74" branch="false"/>
            <line number="194" hits="74" branch="false"/>
            <line number="195" hits="74" branch="false"/>
            <line number="196" hits="74" branch="false"/>
            <line number="198" hits="74" branch="false"/>
          </lines>
        </class>
        <class name="utils.R" filename="R/utils.R" line-rate="0.351351351351351" branch-rate="0" complexity="0">
          <methods>
            <method name="split_by_sep" signature="" line-rate="1" branch-rate="0" complexity="0">
              <lines>
                <line number="10" hits="70" branch="false"/>
                <line number="11" hits="70" branch="false"/>
                <line number="12" hits="63" branch="false"/>
                <line number="14" hits="7" branch="false"/>
              </lines>
            </method>
            <method name="extract_choices_labels" signature="" line-rate="0" branch-rate="0" complexity="0">
              <lines>
                <line number="26" hits="0" branch="false"/>
                <line number="27" hits="0" branch="false"/>
                <line number="28" hits="0" branch="false"/>
                <line number="29" hits="0" branch="false"/>
                <line number="30" hits="0" branch="false"/>
                <line number="31" hits="0" branch="false"/>
                <line number="32" hits="0" branch="false"/>
                <line number="34" hits="0" branch="false"/>
                <line number="35" hits="0" branch="false"/>
                <line number="36" hits="0" branch="false"/>
                <line number="39" hits="0" branch="false"/>
              </lines>
            </method>
            <method name="compose_and_enable_validators" signature="" line-rate="1" branch-rate="0" complexity="0">
              <lines>
                <line number="145" hits="7" branch="false"/>
                <line number="146" hits="7" branch="false"/>
                <line number="148" hits="7" branch="false"/>
                <line number="150" hits="7" branch="false"/>
                <line number="151" hits="14" branch="false"/>
                <line number="152" hits="14" branch="false"/>
                <line number="153" hits="14" branch="false"/>
                <line number="156" hits="7" branch="false"/>
                <line number="157" hits="7" branch="false"/>
              </lines>
            </method>
            <method name="convert_teal_data" signature="" line-rate="0" branch-rate="0" complexity="0">
              <lines>
                <line number="161" hits="0" branch="false"/>
                <line number="162" hits="0" branch="false"/>
                <line number="163" hits="0" branch="false"/>
                <line number="164" hits="0" branch="false"/>
                <line number="165" hits="0" branch="false"/>
                <line number="166" hits="0" branch="false"/>
                <line number="167" hits="0" branch="false"/>
                <line number="168" hits="0" branch="false"/>
                <line number="169" hits="0" branch="false"/>
                <line number="170" hits="0" branch="false"/>
                <line number="171" hits="0" branch="false"/>
                <line number="172" hits="0" branch="false"/>
                <line number="174" hits="0" branch="false"/>
              </lines>
            </method>
          </methods>
          <lines>
            <line number="10" hits="70" branch="false"/>
            <line number="11" hits="70" branch="false"/>
            <line number="12" hits="63" branch="false"/>
            <line number="14" hits="7" branch="false"/>
            <line number="26" hits="0" branch="false"/>
            <line number="27" hits="0" branch="false"/>
            <line number="28" hits="0" branch="false"/>
            <line number="29" hits="0" branch="false"/>
            <line number="30" hits="0" branch="false"/>
            <line number="31" hits="0" branch="false"/>
            <line number="32" hits="0" branch="false"/>
            <line number="34" hits="0" branch="false"/>
            <line number="35" hits="0" branch="false"/>
            <line number="36" hits="0" branch="false"/>
            <line number="39" hits="0" branch="false"/>
            <line number="145" hits="7" branch="false"/>
            <line number="146" hits="7" branch="false"/>
            <line number="148" hits="7" branch="false"/>
            <line number="150" hits="7" branch="false"/>
            <line number="151" hits="14" branch="false"/>
            <line number="152" hits="14" branch="false"/>
            <line number="153" hits="14" branch="false"/>
            <line number="156" hits="7" branch="false"/>
            <line number="157" hits="7" branch="false"/>
            <line number="161" hits="0" branch="false"/>
            <line number="162" hits="0" branch="false"/>
            <line number="163" hits="0" branch="false"/>
            <line number="164" hits="0" branch="false"/>
            <line number="165" hits="0" branch="false"/>
            <line number="166" hits="0" branch="false"/>
            <line number="167" hits="0" branch="false"/>
            <line number="168" hits="0" branch="false"/>
            <line number="169" hits="0" branch="false"/>
            <line number="170" hits="0" branch="false"/>
            <line number="171" hits="0" branch="false"/>
            <line number="172" hits="0" branch="false"/>
            <line number="174" hits="0" branch="false"/>
          </lines>
        </class>
        <class name="zzz.R" filename="R/zzz.R" line-rate="0" branch-rate="0" complexity="0">
          <methods>
            <method name=".onLoad" signature="" line-rate="0" branch-rate="0" complexity="0">
              <lines>
                <line number="2" hits="0" branch="false"/>
                <line number="3" hits="0" branch="false"/>
              </lines>
            </method>
          </methods>
          <lines>
            <line number="2" hits="0" branch="false"/>
            <line number="3" hits="0" branch="false"/>
          </lines>
        </class>
      </classes>
    </package>
  </packages>
</coverage>
