<?xml version="1.0" encoding="UTF-8"?>
<testsuites>
  <testsuite name="Queue" timestamp="2023-07-17T11:51:59Z" hostname="f874086f7365" tests="21" skipped="0" failures="0" errors="0" time="0.124">
    <testcase time="0.028" classname="Queue" name="Queue_can_be_initialized"/>
    <testcase time="0.024" classname="Queue" name="Queue_can_be_initialized"/>
    <testcase time="0.011" classname="Queue" name="size_method_returns_number_of_elements_in_queue"/>
    <testcase time="0.00599999999999989" classname="Queue" name="push_method_adds_elements_to_queue"/>
    <testcase time="0.001" classname="Queue" name="push_method_adds_elements_to_queue"/>
    <testcase time="0.002" classname="Queue" name="push_method_adds_elements_to_queue"/>
    <testcase time="0.004" classname="Queue" name="push_method_can_add_multiple_elements"/>
    <testcase time="0.004" classname="Queue" name="get_method_returns_elements_of_queue"/>
    <testcase time="0.005" classname="Queue" name="pop_method_removes_first_element_from_queue"/>
    <testcase time="0.001" classname="Queue" name="pop_method_removes_first_element_from_queue"/>
    <testcase time="0.004" classname="Queue" name="remove_method_removes_specified_element_from_queue"/>
    <testcase time="0.001" classname="Queue" name="remove_method_removes_specified_element_from_queue"/>
    <testcase time="0.00700000000000001" classname="Queue" name="remove_method_removes_specified_element_from_queue"/>
    <testcase time="0.001" classname="Queue" name="remove_method_removes_specified_element_from_queue"/>
    <testcase time="0.001" classname="Queue" name="remove_method_removes_specified_element_from_queue"/>
    <testcase time="0.001" classname="Queue" name="remove_method_removes_specified_element_from_queue"/>
    <testcase time="0.005" classname="Queue" name="remove_method_can_remove_several_elements"/>
    <testcase time="0.001" classname="Queue" name="remove_method_can_remove_several_elements"/>
    <testcase time="0.004" classname="Queue" name="empty_method_removes_all_elements_from_queue"/>
    <testcase time="0.005" classname="Queue" name="empty_method_removes_all_elements_from_queue"/>
    <testcase time="0.00800000000000001" classname="Queue" name="print_method_displays_proper_format"/>
  </testsuite>
  <testsuite name="all_choices" timestamp="2023-07-17T11:51:59Z" hostname="f874086f7365" tests="1" skipped="0" failures="0" errors="0" time="0.017">
    <testcase time="0.017" classname="all_choices" name="all_choices_constructor_does_not_throw"/>
  </testsuite>
  <testsuite name="check_selector" timestamp="2023-07-17T11:51:59Z" hostname="f874086f7365" tests="3" skipped="0" failures="0" errors="0" time="0.033">
    <testcase time="0.019" classname="check_selector" name="check_selector_dataname"/>
    <testcase time="0.00800000000000001" classname="check_selector" name="check_selector_dataname"/>
    <testcase time="0.00600000000000001" classname="check_selector" name="check_selector_dataname"/>
  </testsuite>
  <testsuite name="choices_selected" timestamp="2023-07-17T11:51:59Z" hostname="f874086f7365" tests="19" skipped="0" failures="0" errors="0" time="0.218">
    <testcase time="0.0229999999999999" classname="choices_selected" name="delayed_version_of_choices_selected"/>
    <testcase time="0.033" classname="choices_selected" name="delayed_version_of_choices_selected"/>
    <testcase time="0.00700000000000001" classname="choices_selected" name="delayed_version_of_choices_selected"/>
    <testcase time="0.004" classname="choices_selected" name="delayed_version_of_choices_selected"/>
    <testcase time="0.00900000000000012" classname="choices_selected" name="choices_selected_throws_error_when_selected_is_not_found_in_choices"/>
    <testcase time="0.00499999999999989" classname="choices_selected" name="choices_selected_throws_error_when_selected_is_not_found_in_choices"/>
    <testcase time="0.00600000000000001" classname="choices_selected" name="choices_selected_throws_error_when_selected_is_not_found_in_choices"/>
    <testcase time="0.004" classname="choices_selected" name="all_choices_is_the_same_as_selecting_all_choices"/>
    <testcase time="0.0089999999999999" classname="choices_selected" name="choices_selected_throws_when_selected_is_delayed_and_choices_are_not"/>
    <testcase time="0.00800000000000001" classname="choices_selected" name="choices_selected_throws_when_no_select_keyword_is_passed_to_it_as_a_choice"/>
    <testcase time="0.00500000000000012" classname="choices_selected" name="is_returns_choices_selected_if_passed_a_choices_selected_object"/>
    <testcase time="0.004" classname="choices_selected" name="choices_selected_remove_duplicates"/>
    <testcase time="0.002" classname="choices_selected" name="choices_selected_remove_duplicates"/>
    <testcase time="0.00099999999999989" classname="choices_selected" name="choices_selected_remove_duplicates"/>
    <testcase time="0.002" classname="choices_selected" name="choices_selected_remove_duplicates"/>
    <testcase time="0.0760000000000001" classname="choices_selected" name="delayed_version_of_choices_selected_resolve_delayed"/>
    <testcase time="0.00600000000000001" classname="choices_selected" name="delayed_version_of_choices_selected_resolve_delayed"/>
    <testcase time="0.002" classname="choices_selected" name="delayed_version_of_choices_selected_resolve_delayed"/>
    <testcase time="0.012" classname="choices_selected" name="delayed_version_of_choices_selected_resolve_delayed"/>
  </testsuite>
  <testsuite name="data_extract_datanames" timestamp="2023-07-17T11:51:59Z" hostname="f874086f7365" tests="19" skipped="0" failures="0" errors="0" time="0.102">
    <testcase time="0.0089999999999999" classname="data_extract_datanames" name="get_extract_datanames_accepts_a_single_data_extract_spec_object"/>
    <testcase time="0.00500000000000012" classname="data_extract_datanames" name="get_extract_datanames_accepts_a_list_of_data_extract_spec_objects"/>
    <testcase time="0.00499999999999989" classname="data_extract_datanames" name="get_extract_datanames_accepts_a_list_of_lists_of_data_extract_spec_objects"/>
    <testcase time="0.00500000000000012" classname="data_extract_datanames" name="get_extract_datanames_accepts_a_list_of_data_extract_spec_objects_and_NULL"/>
    <testcase time="0.00499999999999989" classname="data_extract_datanames" name="get_extract_datanames_accepts_a_list_of_data_extract_spec_objects_and_logical"/>
    <testcase time="0.00500000000000012" classname="data_extract_datanames" name="get_extract_datanames_accepts_a_list_of_lists_of_data_extract_spec_objects_and_NULL"/>
    <testcase time="0.00499999999999989" classname="data_extract_datanames" name="get_extract_datanames_accepts_a_list_of_lists_of_data_extract_spec_objects_and_logical"/>
    <testcase time="0.00500000000000012" classname="data_extract_datanames" name="get_extract_datanames_returns_the_dataname_of_the_single_data_extract_spec_object"/>
    <testcase time="0.00099999999999989" classname="data_extract_datanames" name="get_extract_datanames_returns_the_dataname_of_the_single_data_extract_spec_object"/>
    <testcase time="0.00700000000000012" classname="data_extract_datanames" name="get_extract_datanames_returns_the_unique_datanames_from_the_list_of_data_extract_spec_objects"/>
    <testcase time="0.004" classname="data_extract_datanames" name="get_extract_datanames_returns_the_unique_datanames_from_the_list_of_lists_of_data_extract_spec_objects"/>
    <testcase time="0.0089999999999999" classname="data_extract_datanames" name="get_extract_datanames_throws_error_when_no_data_extract_spec_nor_list_of_lists_of_data_extract_spec_is_passed"/>
    <testcase time="0.00500000000000012" classname="data_extract_datanames" name="get_extract_datanames_throws_error_when_no_data_extract_spec_nor_list_of_lists_of_data_extract_spec_is_passed"/>
    <testcase time="0.00499999999999989" classname="data_extract_datanames" name="get_extract_datanames_throws_error_when_no_data_extract_spec_nor_list_of_lists_of_data_extract_spec_is_passed"/>
    <testcase time="0.00500000000000012" classname="data_extract_datanames" name="get_extract_datanames_throws_error_when_no_data_extract_spec_nor_list_of_lists_of_data_extract_spec_is_passed"/>
    <testcase time="0.00499999999999989" classname="data_extract_datanames" name="get_extract_datanames_throws_error_when_no_data_extract_spec_nor_list_of_lists_of_data_extract_spec_is_passed"/>
    <testcase time="0.0110000000000001" classname="data_extract_datanames" name="get_extract_datanames_throws_error_with_empty_list"/>
    <testcase time="0.00499999999999989" classname="data_extract_datanames" name="get_extract_datanames_returns_unique_dataname_when_data_extract_specs_have_the_same_dataname"/>
    <testcase time="0.00100000000000011" classname="data_extract_datanames" name="get_extract_datanames_returns_unique_dataname_when_data_extract_specs_have_the_same_dataname"/>
  </testsuite>
  <testsuite name="data_extract_module" timestamp="2023-07-17T11:52:00Z" hostname="f874086f7365" tests="14" skipped="0" failures="0" errors="0" time="0.243">
    <testcase time="0.115" classname="data_extract_module" name="Single_filter"/>
    <testcase time="0.002" classname="data_extract_module" name="Single_filter"/>
    <testcase time="0.00099999999999989" classname="data_extract_module" name="Single_filter"/>
    <testcase time="0.002" classname="data_extract_module" name="Single_filter"/>
    <testcase time="0.022" classname="data_extract_module" name="Multiple_filters"/>
    <testcase time="0.002" classname="data_extract_module" name="Multiple_filters"/>
    <testcase time="0.002" classname="data_extract_module" name="Multiple_filters"/>
    <testcase time="0.00099999999999989" classname="data_extract_module" name="Multiple_filters"/>
    <testcase time="0.00100000000000011" classname="data_extract_module" name="Multiple_filters"/>
    <testcase time="0.0109999999999999" classname="data_extract_module" name="Multiple_datasets"/>
    <testcase time="0.0530000000000002" classname="data_extract_module" name="Multiple_datasets"/>
    <testcase time="0.0109999999999999" classname="data_extract_module" name="get_initial_filters_values_returns_empty_strings_if_vars_selected_is_NULL"/>
    <testcase time="0.01" classname="data_extract_module" name="get_initial_filters_values_returns_all_column_values_and_the_selected_option_if_choices_is_NULL"/>
    <testcase time="0.01" classname="data_extract_module" name="get_initial_filters_values_returns_the_selected_and_choices_if_they_are_not_null"/>
  </testsuite>
  <testsuite name="data_extract_multiple_srv" timestamp="2023-07-17T11:52:00Z" hostname="f874086f7365" tests="15" skipped="0" failures="0" errors="0" time="0.299">
    <testcase time="0.108" classname="data_extract_multiple_srv" name="data_extract_multiple_srv_accepts_a_named_list_of_data_extract_spec_"/>
    <testcase time="0.03" classname="data_extract_multiple_srv" name="data_extract_multiple_srv_returns_a_named_reactive_list_with_reactives"/>
    <testcase time="0.004" classname="data_extract_multiple_srv" name="data_extract_multiple_srv_returns_a_named_reactive_list_with_reactives"/>
    <testcase time="0.00499999999999989" classname="data_extract_multiple_srv" name="data_extract_multiple_srv_returns_a_named_reactive_list_with_reactives"/>
    <testcase time="0.012" classname="data_extract_multiple_srv" name="data_extract_multiple_srv_accepts_an_empty_list"/>
    <testcase time="0.012" classname="data_extract_multiple_srv" name="data_extract_multiple_srv_returns_an_empty_list_if_passed_an_empty_list"/>
    <testcase time="0.0129999999999999" classname="data_extract_multiple_srv" name="data_extract_multiple_srv_prunes_NULL_from_the_passed_list"/>
    <testcase time="0.012" classname="data_extract_multiple_srv" name="data_extract_multiple_srv_accepts_datasets_as_FilteredData_or_list_of_reactive_data.frame"/>
    <testcase time="0.00700000000000012" classname="data_extract_multiple_srv" name="data_extract_multiple_srv_accepts_datasets_as_FilteredData_or_list_of_reactive_data.frame"/>
    <testcase time="0.00800000000000001" classname="data_extract_multiple_srv" name="data_extract_multiple_srv_accepts_datasets_as_FilteredData_or_list_of_reactive_data.frame"/>
    <testcase time="0.0269999999999999" classname="data_extract_multiple_srv" name="data_extract_multiple_srv_accepts_datasets_as_FilteredData_or_list_of_reactive_data.frame"/>
    <testcase time="0.016" classname="data_extract_multiple_srv" name="data_extract_multiple_srv_throws_error_if_datasets_is_not_FilteredData_or_list_of_reactive_data.frame"/>
    <testcase time="0.022" classname="data_extract_multiple_srv" name="data_extract_multiple_srv_throws_if_data_extract_is_not_a_named_list"/>
    <testcase time="0.01" classname="data_extract_multiple_srv" name="data_extract_multiple_srv_works_with_join_keys_NULL_default_"/>
    <testcase time="0.0129999999999999" classname="data_extract_multiple_srv" name="data_extract_multiple_srv_accepts_throws_error_when_join_keys_argument_is_not_JoinKeys_object"/>
  </testsuite>
  <testsuite name="data_extract_spec" timestamp="2023-07-17T11:52:00Z" hostname="f874086f7365" tests="63" skipped="0" failures="0" errors="1" time="0.642">
    <testcase time="0.014" classname="data_extract_spec" name="data_extract_spec_argument_checking"/>
    <testcase time="0.00500000000000012" classname="data_extract_spec" name="data_extract_spec_works_with_valid_input"/>
    <testcase time="0.00099999999999989" classname="data_extract_spec" name="data_extract_spec_works_with_valid_input"/>
    <testcase time="0.00100000000000011" classname="data_extract_spec" name="data_extract_spec_works_with_valid_input"/>
    <testcase time="0.002" classname="data_extract_spec" name="data_extract_spec_works_with_valid_input"/>
    <testcase time="0.002" classname="data_extract_spec" name="data_extract_spec_works_with_valid_input"/>
    <testcase time="0.00099999999999989" classname="data_extract_spec" name="data_extract_spec_works_with_valid_input"/>
    <testcase time="0.00300000000000011" classname="data_extract_spec" name="data_extract_spec_works_with_valid_input"/>
    <testcase time="0.00099999999999989" classname="data_extract_spec" name="data_extract_spec_works_with_valid_input"/>
    <testcase time="0.00100000000000011" classname="data_extract_spec" name="data_extract_spec_works_with_valid_input"/>
    <testcase time="0.002" classname="data_extract_spec" name="data_extract_spec_works_with_valid_input"/>
    <testcase time="0.00099999999999989" classname="data_extract_spec" name="data_extract_spec_works_with_valid_input"/>
    <testcase time="0.00100000000000011" classname="data_extract_spec" name="data_extract_spec_works_with_valid_input"/>
    <testcase time="0.00299999999999989" classname="data_extract_spec" name="data_extract_spec_works_with_valid_input"/>
    <testcase time="0.00100000000000011" classname="data_extract_spec" name="data_extract_spec_works_with_valid_input"/>
    <testcase time="0.00099999999999989" classname="data_extract_spec" name="data_extract_spec_works_with_valid_input"/>
    <testcase time="0.00100000000000011" classname="data_extract_spec" name="data_extract_spec_works_with_valid_input"/>
    <testcase time="0.179" classname="data_extract_spec" name="delayed_data_extract_spec_works"/>
    <testcase time="0.00200000000000022" classname="data_extract_spec" name="delayed_data_extract_spec_works"/>
    <testcase time="0.00099999999999989" classname="data_extract_spec" name="delayed_data_extract_spec_works"/>
    <testcase time="0.00099999999999989" classname="data_extract_spec" name="delayed_data_extract_spec_works"/>
    <testcase time="0.00100000000000033" classname="data_extract_spec" name="delayed_data_extract_spec_works"/>
    <testcase time="0.00099999999999989" classname="data_extract_spec" name="delayed_data_extract_spec_works"/>
    <testcase time="0.00099999999999989" classname="data_extract_spec" name="delayed_data_extract_spec_works"/>
    <testcase time="0.00099999999999989" classname="data_extract_spec" name="delayed_data_extract_spec_works"/>
    <testcase time="0.012" classname="data_extract_spec" name="delayed_data_extract_spec_works"/>
    <testcase time="0.00200000000000022" classname="data_extract_spec" name="delayed_data_extract_spec_works"/>
    <testcase time="0.0089999999999999" classname="data_extract_spec" name="delayed_data_extract_spec_works"/>
    <testcase time="0.0089999999999999" classname="data_extract_spec" name="delayed_data_extract_spec_works"/>
    <testcase time="0.00099999999999989" classname="data_extract_spec" name="delayed_data_extract_spec_works"/>
    <testcase time="0.00100000000000033" classname="data_extract_spec" name="delayed_data_extract_spec_works"/>
    <testcase time="0.0779999999999998" classname="data_extract_spec" name="delayed_version_of_data_extract_spec"/>
    <testcase time="0.00099999999999989" classname="data_extract_spec" name="delayed_version_of_data_extract_spec"/>
    <testcase time="0.00099999999999989" classname="data_extract_spec" name="delayed_version_of_data_extract_spec"/>
    <testcase time="0.0499999999999998" classname="data_extract_spec" name="delayed_version_of_data_extract_spec"/>
    <testcase time="0.00099999999999989" classname="data_extract_spec" name="delayed_version_of_data_extract_spec"/>
    <testcase time="0.00100000000000033" classname="data_extract_spec" name="delayed_version_of_data_extract_spec"/>
    <testcase time="0.00599999999999978" classname="data_extract_spec" name="data_extract_spec_allows_both_select_and_filter_parameters_to_be_NULL"/>
    <testcase time="0.00600000000000023" classname="data_extract_spec" name="data_extract_spec_returns_filter_spec_with_multiple_set_to_TRUE"/>
    <testcase time="0.00199999999999978" classname="data_extract_spec" name="data_extract_spec_returns_filter_spec_with_multiple_set_to_TRUE"/>
    <testcase time="0.00300000000000011" classname="data_extract_spec" name="data_extract_spec_returns_filter_spec_with_multiple_set_to_TRUE"/>
    <testcase time="0.00599999999999978" classname="data_extract_spec" name="data_extract_spec_returns_select_spec_with_multiple_set_to_TRUE"/>
    <testcase time="0.00200000000000022" classname="data_extract_spec" name="data_extract_spec_returns_select_spec_with_multiple_set_to_TRUE"/>
    <testcase time="0.00300000000000011" classname="data_extract_spec" name="data_extract_spec_returns_select_spec_with_multiple_set_to_TRUE"/>
    <testcase time="0.004" classname="data_extract_spec" name="data_extract_spec_returns_select_spec_with_multiple_set_to_TRUE"/>
    <testcase time="0.00699999999999967" classname="data_extract_spec" name="data_extract_spec_returns_select_spec_with_multiple_set_to_TRUE"/>
    <testcase time="0.004" classname="data_extract_spec" name="data_extract_spec_returns_select_spec_with_multiple_set_to_TRUE"/>
    <testcase time="0.00100000000000033" classname="data_extract_spec" name="data_extract_spec_returns_select_spec_with_multiple_set_to_TRUE"/>
    <testcase time="0.0129999999999999" classname="data_extract_spec" name="delayed_data_extract_spec_works_resolve_delayed"/>
    <testcase time="0.00199999999999978" classname="data_extract_spec" name="delayed_data_extract_spec_works_resolve_delayed"/>
    <testcase time="0.00100000000000033" classname="data_extract_spec" name="delayed_data_extract_spec_works_resolve_delayed"/>
    <testcase time="0.00099999999999989" classname="data_extract_spec" name="delayed_data_extract_spec_works_resolve_delayed"/>
    <testcase time="0.00199999999999978" classname="data_extract_spec" name="delayed_data_extract_spec_works_resolve_delayed"/>
    <testcase time="0.00100000000000033" classname="data_extract_spec" name="delayed_data_extract_spec_works_resolve_delayed"/>
    <testcase time="0.00099999999999989" classname="data_extract_spec" name="delayed_data_extract_spec_works_resolve_delayed"/>
    <testcase time="0.00099999999999989" classname="data_extract_spec" name="delayed_data_extract_spec_works_resolve_delayed"/>
    <testcase time="0.00600000000000023" classname="data_extract_spec" name="delayed_data_extract_spec_works_resolve_delayed">
      <error type="error" message="Error in `teal.slice::init_filtered_data(list(ADSL = list(dataset = ADSL,  ('test-data_extract_spec.R:418:3')">Error in `teal.slice::init_filtered_data(list(ADSL = list(dataset = ADSL, 
    keys = c("USUBJID", "STUDYID"), parent = character(0))), 
    cdisc = TRUE)`: unused argument (cdisc = TRUE)
Backtrace:
     ▆
  1. └─shiny::isolate(...) at test-data_extract_spec.R:418:2
  2.   ├─shiny::..stacktraceoff..(...)
  3.   └─ctx$run(...)
  4.     ├─promises::with_promise_domain(...)
  5.     │ └─domain$wrapSync(expr)
  6.     ├─shiny::withReactiveDomain(...)
  7.     │ └─promises::with_promise_domain(...)
  8.     │   └─domain$wrapSync(expr)
  9.     │     └─base::force(expr)
 10.     └─env$runWith(self, func)
 11.       └─shiny (local) contextFunc()
 12.         └─shiny::..stacktraceon..(expr)</error>
    </testcase>
    <testcase time="0.12" classname="data_extract_spec" name="delayed_version_of_data_extract_spec_resolve_delayed"/>
    <testcase time="0.00100000000000033" classname="data_extract_spec" name="delayed_version_of_data_extract_spec_resolve_delayed"/>
    <testcase time="0.00099999999999989" classname="data_extract_spec" name="delayed_version_of_data_extract_spec_resolve_delayed"/>
    <testcase time="0.0509999999999997" classname="data_extract_spec" name="delayed_version_of_data_extract_spec_resolve_delayed"/>
    <testcase time="0.00200000000000022" classname="data_extract_spec" name="delayed_version_of_data_extract_spec_resolve_delayed"/>
    <testcase time="0.00099999999999989" classname="data_extract_spec" name="delayed_version_of_data_extract_spec_resolve_delayed"/>
    <testcase time="0.0140000000000002" classname="character(0)" name="_unnamed_">
      <error type="error" message="Error in `teal.slice::init_filtered_data(list(ADSL = list(dataset = adsl_df,  ('test-data_extract_srv.R:7:1')">Error in `teal.slice::init_filtered_data(list(ADSL = list(dataset = adsl_df, 
    keys = teal.data::get_cdisc_keys("ADSL"), parent = character(0))), 
    join_keys = teal.data::join_keys(teal.data::join_key("ADSL", 
        "ADSL", teal.data::get_cdisc_keys("ADSL"))), cdisc = TRUE)`: unused argument (cdisc = TRUE)</error>
    </testcase>
  </testsuite>
  <testsuite name="data_merge_srv" timestamp="2023-07-17T11:52:01Z" hostname="f874086f7365" tests="17" skipped="0" failures="11" errors="6" time="1.037">
    <testcase time="0.0939999999999999" classname="data_merge_srv" name="data_merge_srv_returns_a_reactive_containing_a_list">
      <error type="error" message="&lt;lifecycle_error_deprecated/defunctError/rlang_error/error/condition&gt; ('test-data_merge_srv.R:42:3')">&lt;lifecycle_error_deprecated/defunctError/rlang_error/error/condition&gt;
Error: `data_merge_module()` was deprecated in teal.transform 0.3.1 and is now
defunct.
Backtrace:
     ▆
  1. └─shiny::testServer(...) at test-data_merge_srv.R:42:2
  2.   ├─shiny:::withMockContext(session, rlang::exec(app, !!!args))
  3.   │ ├─shiny::isolate(...)
  4.   │ │ ├─shiny::..stacktraceoff..(...)
  5.   │ │ └─ctx$run(...)
  6.   │ │   ├─promises::with_promise_domain(...)
  7.   │ │   │ └─domain$wrapSync(expr)
  8.   │ │   ├─shiny::withReactiveDomain(...)
  9.   │ │   │ └─promises::with_promise_domain(...)
 10.   │ │   │   └─domain$wrapSync(expr)
 11.   │ │   │     └─base::force(expr)
 12.   │ │   └─env$runWith(self, func)
 13.   │ │     └─shiny (local) contextFunc()
 14.   │ │       └─shiny::..stacktraceon..(expr)
 15.   │ ├─shiny::withReactiveDomain(...)
 16.   │ │ └─promises::with_promise_domain(...)
 17.   │ │   └─domain$wrapSync(expr)
 18.   │ │     └─base::force(expr)
 19.   │ └─withr::with_options(...)
 20.   │   └─base::force(code)
 21.   ├─rlang::exec(app, !!!args)
 22.   └─teal.transform (local) `&lt;fn&gt;`(...)
 23.     └─lifecycle::deprecate_stop("0.3.1", "data_merge_module()")
 24.       └─lifecycle:::deprecate_stop0(msg)
 25.         └─rlang::cnd_signal(...)</error>
    </testcase>
    <testcase time="0.056" classname="data_merge_srv" name="data_merge_srv_data_returns_data.frame_when_passing_1_extract_in_selector_list">
      <error type="error" message="&lt;lifecycle_error_deprecated/defunctError/rlang_error/error/condition&gt; ('test-data_merge_srv.R:60:3')">&lt;lifecycle_error_deprecated/defunctError/rlang_error/error/condition&gt;
Error: `data_merge_module()` was deprecated in teal.transform 0.3.1 and is now
defunct.
Backtrace:
     ▆
  1. └─shiny::testServer(...) at test-data_merge_srv.R:60:2
  2.   ├─shiny:::withMockContext(session, rlang::exec(app, !!!args))
  3.   │ ├─shiny::isolate(...)
  4.   │ │ ├─shiny::..stacktraceoff..(...)
  5.   │ │ └─ctx$run(...)
  6.   │ │   ├─promises::with_promise_domain(...)
  7.   │ │   │ └─domain$wrapSync(expr)
  8.   │ │   ├─shiny::withReactiveDomain(...)
  9.   │ │   │ └─promises::with_promise_domain(...)
 10.   │ │   │   └─domain$wrapSync(expr)
 11.   │ │   │     └─base::force(expr)
 12.   │ │   └─env$runWith(self, func)
 13.   │ │     └─shiny (local) contextFunc()
 14.   │ │       └─shiny::..stacktraceon..(expr)
 15.   │ ├─shiny::withReactiveDomain(...)
 16.   │ │ └─promises::with_promise_domain(...)
 17.   │ │   └─domain$wrapSync(expr)
 18.   │ │     └─base::force(expr)
 19.   │ └─withr::with_options(...)
 20.   │   └─base::force(code)
 21.   ├─rlang::exec(app, !!!args)
 22.   └─teal.transform (local) `&lt;fn&gt;`(...)
 23.     └─lifecycle::deprecate_stop("0.3.1", "data_merge_module()")
 24.       └─lifecycle:::deprecate_stop0(msg)
 25.         └─rlang::cnd_signal(...)</error>
    </testcase>
    <testcase time="0.0750000000000002" classname="data_merge_srv" name="data_merge_srv_throws_error_with_missing_selector_list_and_datasets_arguments">
      <failure type="failure" message="`shiny::testServer(...)` threw an error with unexpected message. ('test-data_merge_srv.R:78:3')">`shiny::testServer(...)` threw an error with unexpected message.
Expected match: "argument \"selector_list\" is missing, with no default"
Actual message: "`data_merge_module()` was deprecated in teal.transform 0.3.1 and is now\ndefunct."
Backtrace:
     ▆
  1. ├─testthat::expect_error(...) at test-data_merge_srv.R:78:2
  2. │ └─testthat:::quasi_capture(...)
  3. │   ├─testthat (local) .capture(...)
  4. │   │ └─base::withCallingHandlers(...)
  5. │   └─rlang::eval_bare(quo_get_expr(.quo), quo_get_env(.quo))
  6. └─shiny::testServer(...)
  7.   ├─shiny:::withMockContext(session, rlang::exec(app, !!!args))
  8.   │ ├─shiny::isolate(...)
  9.   │ │ ├─shiny::..stacktraceoff..(...)
 10.   │ │ └─ctx$run(...)
 11.   │ │   ├─promises::with_promise_domain(...)
 12.   │ │   │ └─domain$wrapSync(expr)
 13.   │ │   ├─shiny::withReactiveDomain(...)
 14.   │ │   │ └─promises::with_promise_domain(...)
 15.   │ │   │   └─domain$wrapSync(expr)
 16.   │ │   │     └─base::force(expr)
 17.   │ │   └─env$runWith(self, func)
 18.   │ │     └─shiny (local) contextFunc()
 19.   │ │       └─shiny::..stacktraceon..(expr)
 20.   │ ├─shiny::withReactiveDomain(...)
 21.   │ │ └─promises::with_promise_domain(...)
 22.   │ │   └─domain$wrapSync(expr)
 23.   │ │     └─base::force(expr)
 24.   │ └─withr::with_options(...)
 25.   │   └─base::force(code)
 26.   ├─rlang::exec(app, !!!args)
 27.   └─teal.transform (local) `&lt;fn&gt;`(datasets = `&lt;FiltrdDt&gt;`, id = "proxy1")
 28.     └─lifecycle::deprecate_stop("0.3.1", "data_merge_module()")
 29.       └─lifecycle:::deprecate_stop0(msg)
 30.         └─rlang::cnd_signal(...)</failure>
    </testcase>
    <testcase time="0.0629999999999997" classname="data_merge_srv" name="data_merge_srv_throws_error_with_missing_selector_list_and_datasets_arguments">
      <failure type="failure" message="`shiny::testServer(...)` threw an error with unexpected message. ('test-data_merge_srv.R:87:3')">`shiny::testServer(...)` threw an error with unexpected message.
Expected match: "argument \"datasets\" is missing, with no default"
Actual message: "`data_merge_module()` was deprecated in teal.transform 0.3.1 and is now\ndefunct."
Backtrace:
     ▆
  1. ├─testthat::expect_error(...) at test-data_merge_srv.R:87:2
  2. │ └─testthat:::quasi_capture(...)
  3. │   ├─testthat (local) .capture(...)
  4. │   │ └─base::withCallingHandlers(...)
  5. │   └─rlang::eval_bare(quo_get_expr(.quo), quo_get_env(.quo))
  6. └─shiny::testServer(...)
  7.   ├─shiny:::withMockContext(session, rlang::exec(app, !!!args))
  8.   │ ├─shiny::isolate(...)
  9.   │ │ ├─shiny::..stacktraceoff..(...)
 10.   │ │ └─ctx$run(...)
 11.   │ │   ├─promises::with_promise_domain(...)
 12.   │ │   │ └─domain$wrapSync(expr)
 13.   │ │   ├─shiny::withReactiveDomain(...)
 14.   │ │   │ └─promises::with_promise_domain(...)
 15.   │ │   │   └─domain$wrapSync(expr)
 16.   │ │   │     └─base::force(expr)
 17.   │ │   └─env$runWith(self, func)
 18.   │ │     └─shiny (local) contextFunc()
 19.   │ │       └─shiny::..stacktraceon..(expr)
 20.   │ ├─shiny::withReactiveDomain(...)
 21.   │ │ └─promises::with_promise_domain(...)
 22.   │ │   └─domain$wrapSync(expr)
 23.   │ │     └─base::force(expr)
 24.   │ └─withr::with_options(...)
 25.   │   └─base::force(code)
 26.   ├─rlang::exec(app, !!!args)
 27.   └─teal.transform (local) `&lt;fn&gt;`(selector_list = `&lt;rctvExpr&gt;`, id = "proxy1")
 28.     └─lifecycle::deprecate_stop("0.3.1", "data_merge_module()")
 29.       └─lifecycle:::deprecate_stop0(msg)
 30.         └─rlang::cnd_signal(...)</failure>
    </testcase>
    <testcase time="0.0569999999999999" classname="data_merge_srv" name="data_merge_srv_default_merge_function_is_dplyr_full_join">
      <error type="error" message="&lt;lifecycle_error_deprecated/defunctError/rlang_error/error/condition&gt; ('test-data_merge_srv.R:101:3')">&lt;lifecycle_error_deprecated/defunctError/rlang_error/error/condition&gt;
Error: `data_merge_module()` was deprecated in teal.transform 0.3.1 and is now
defunct.
Backtrace:
     ▆
  1. └─shiny::testServer(...) at test-data_merge_srv.R:101:2
  2.   ├─shiny:::withMockContext(session, rlang::exec(app, !!!args))
  3.   │ ├─shiny::isolate(...)
  4.   │ │ ├─shiny::..stacktraceoff..(...)
  5.   │ │ └─ctx$run(...)
  6.   │ │   ├─promises::with_promise_domain(...)
  7.   │ │   │ └─domain$wrapSync(expr)
  8.   │ │   ├─shiny::withReactiveDomain(...)
  9.   │ │   │ └─promises::with_promise_domain(...)
 10.   │ │   │   └─domain$wrapSync(expr)
 11.   │ │   │     └─base::force(expr)
 12.   │ │   └─env$runWith(self, func)
 13.   │ │     └─shiny (local) contextFunc()
 14.   │ │       └─shiny::..stacktraceon..(expr)
 15.   │ ├─shiny::withReactiveDomain(...)
 16.   │ │ └─promises::with_promise_domain(...)
 17.   │ │   └─domain$wrapSync(expr)
 18.   │ │     └─base::force(expr)
 19.   │ └─withr::with_options(...)
 20.   │   └─base::force(code)
 21.   ├─rlang::exec(app, !!!args)
 22.   └─teal.transform (local) `&lt;fn&gt;`(...)
 23.     └─lifecycle::deprecate_stop("0.3.1", "data_merge_module()")
 24.       └─lifecycle:::deprecate_stop0(msg)
 25.         └─rlang::cnd_signal(...)</error>
    </testcase>
    <testcase time="0.0550000000000002" classname="data_merge_srv" name="data_merge_srv_default_anl_name_is_ANL">
      <error type="error" message="&lt;lifecycle_error_deprecated/defunctError/rlang_error/error/condition&gt; ('test-data_merge_srv.R:114:3')">&lt;lifecycle_error_deprecated/defunctError/rlang_error/error/condition&gt;
Error: `data_merge_module()` was deprecated in teal.transform 0.3.1 and is now
defunct.
Backtrace:
     ▆
  1. └─shiny::testServer(...) at test-data_merge_srv.R:114:2
  2.   ├─shiny:::withMockContext(session, rlang::exec(app, !!!args))
  3.   │ ├─shiny::isolate(...)
  4.   │ │ ├─shiny::..stacktraceoff..(...)
  5.   │ │ └─ctx$run(...)
  6.   │ │   ├─promises::with_promise_domain(...)
  7.   │ │   │ └─domain$wrapSync(expr)
  8.   │ │   ├─shiny::withReactiveDomain(...)
  9.   │ │   │ └─promises::with_promise_domain(...)
 10.   │ │   │   └─domain$wrapSync(expr)
 11.   │ │   │     └─base::force(expr)
 12.   │ │   └─env$runWith(self, func)
 13.   │ │     └─shiny (local) contextFunc()
 14.   │ │       └─shiny::..stacktraceon..(expr)
 15.   │ ├─shiny::withReactiveDomain(...)
 16.   │ │ └─promises::with_promise_domain(...)
 17.   │ │   └─domain$wrapSync(expr)
 18.   │ │     └─base::force(expr)
 19.   │ └─withr::with_options(...)
 20.   │   └─base::force(code)
 21.   ├─rlang::exec(app, !!!args)
 22.   └─teal.transform (local) `&lt;fn&gt;`(...)
 23.     └─lifecycle::deprecate_stop("0.3.1", "data_merge_module()")
 24.       └─lifecycle:::deprecate_stop0(msg)
 25.         └─rlang::cnd_signal(...)</error>
    </testcase>
    <testcase time="0.0649999999999999" classname="data_merge_srv" name="data_merge_srv_throws_error_when_anl_name_is_not_character_or_using_non_allowed_names">
      <failure type="failure" message="`shiny::testServer(...)` threw an error with unexpected message. ('test-data_merge_srv.R:127:3')">`shiny::testServer(...)` threw an error with unexpected message.
Expected match: "Must be of type 'string', not 'double'"
Actual message: "`data_merge_module()` was deprecated in teal.transform 0.3.1 and is now\ndefunct."
Backtrace:
     ▆
  1. ├─testthat::expect_error(...) at test-data_merge_srv.R:127:2
  2. │ └─testthat:::quasi_capture(...)
  3. │   ├─testthat (local) .capture(...)
  4. │   │ └─base::withCallingHandlers(...)
  5. │   └─rlang::eval_bare(quo_get_expr(.quo), quo_get_env(.quo))
  6. └─shiny::testServer(...)
  7.   ├─shiny:::withMockContext(session, rlang::exec(app, !!!args))
  8.   │ ├─shiny::isolate(...)
  9.   │ │ ├─shiny::..stacktraceoff..(...)
 10.   │ │ └─ctx$run(...)
 11.   │ │   ├─promises::with_promise_domain(...)
 12.   │ │   │ └─domain$wrapSync(expr)
 13.   │ │   ├─shiny::withReactiveDomain(...)
 14.   │ │   │ └─promises::with_promise_domain(...)
 15.   │ │   │   └─domain$wrapSync(expr)
 16.   │ │   │     └─base::force(expr)
 17.   │ │   └─env$runWith(self, func)
 18.   │ │     └─shiny (local) contextFunc()
 19.   │ │       └─shiny::..stacktraceon..(expr)
 20.   │ ├─shiny::withReactiveDomain(...)
 21.   │ │ └─promises::with_promise_domain(...)
 22.   │ │   └─domain$wrapSync(expr)
 23.   │ │     └─base::force(expr)
 24.   │ └─withr::with_options(...)
 25.   │   └─base::force(code)
 26.   ├─rlang::exec(app, !!!args)
 27.   └─teal.transform (local) `&lt;fn&gt;`(...)
 28.     └─lifecycle::deprecate_stop("0.3.1", "data_merge_module()")
 29.       └─lifecycle:::deprecate_stop0(msg)
 30.         └─rlang::cnd_signal(...)</failure>
    </testcase>
    <testcase time="0.0640000000000001" classname="data_merge_srv" name="data_merge_srv_throws_error_when_anl_name_is_not_character_or_using_non_allowed_names">
      <failure type="failure" message="`shiny::testServer(...)` threw an error with unexpected message. ('test-data_merge_srv.R:137:3')">`shiny::testServer(...)` threw an error with unexpected message.
Expected match: "make.names(anl_name) == anl_name is not TRUE"
Actual message: "`data_merge_module()` was deprecated in teal.transform 0.3.1 and is now\ndefunct."
Backtrace:
     ▆
  1. ├─testthat::expect_error(...) at test-data_merge_srv.R:137:2
  2. │ └─testthat:::quasi_capture(...)
  3. │   ├─testthat (local) .capture(...)
  4. │   │ └─base::withCallingHandlers(...)
  5. │   └─rlang::eval_bare(quo_get_expr(.quo), quo_get_env(.quo))
  6. └─shiny::testServer(...)
  7.   ├─shiny:::withMockContext(session, rlang::exec(app, !!!args))
  8.   │ ├─shiny::isolate(...)
  9.   │ │ ├─shiny::..stacktraceoff..(...)
 10.   │ │ └─ctx$run(...)
 11.   │ │   ├─promises::with_promise_domain(...)
 12.   │ │   │ └─domain$wrapSync(expr)
 13.   │ │   ├─shiny::withReactiveDomain(...)
 14.   │ │   │ └─promises::with_promise_domain(...)
 15.   │ │   │   └─domain$wrapSync(expr)
 16.   │ │   │     └─base::force(expr)
 17.   │ │   └─env$runWith(self, func)
 18.   │ │     └─shiny (local) contextFunc()
 19.   │ │       └─shiny::..stacktraceon..(expr)
 20.   │ ├─shiny::withReactiveDomain(...)
 21.   │ │ └─promises::with_promise_domain(...)
 22.   │ │   └─domain$wrapSync(expr)
 23.   │ │     └─base::force(expr)
 24.   │ └─withr::with_options(...)
 25.   │   └─base::force(code)
 26.   ├─rlang::exec(app, !!!args)
 27.   └─teal.transform (local) `&lt;fn&gt;`(...)
 28.     └─lifecycle::deprecate_stop("0.3.1", "data_merge_module()")
 29.       └─lifecycle:::deprecate_stop0(msg)
 30.         └─rlang::cnd_signal(...)</failure>
    </testcase>
    <testcase time="0.0600000000000001" classname="data_merge_srv" name="data_merge_srv_throws_error_when_anl_name_is_not_character_or_using_non_allowed_names">
      <failure type="failure" message="`shiny::testServer(...)` threw an error with unexpected message. ('test-data_merge_srv.R:147:3')">`shiny::testServer(...)` threw an error with unexpected message.
Expected match: "make.names(anl_name) == anl_name is not TRUE"
Actual message: "`data_merge_module()` was deprecated in teal.transform 0.3.1 and is now\ndefunct."
Backtrace:
     ▆
  1. ├─testthat::expect_error(...) at test-data_merge_srv.R:147:2
  2. │ └─testthat:::quasi_capture(...)
  3. │   ├─testthat (local) .capture(...)
  4. │   │ └─base::withCallingHandlers(...)
  5. │   └─rlang::eval_bare(quo_get_expr(.quo), quo_get_env(.quo))
  6. └─shiny::testServer(...)
  7.   ├─shiny:::withMockContext(session, rlang::exec(app, !!!args))
  8.   │ ├─shiny::isolate(...)
  9.   │ │ ├─shiny::..stacktraceoff..(...)
 10.   │ │ └─ctx$run(...)
 11.   │ │   ├─promises::with_promise_domain(...)
 12.   │ │   │ └─domain$wrapSync(expr)
 13.   │ │   ├─shiny::withReactiveDomain(...)
 14.   │ │   │ └─promises::with_promise_domain(...)
 15.   │ │   │   └─domain$wrapSync(expr)
 16.   │ │   │     └─base::force(expr)
 17.   │ │   └─env$runWith(self, func)
 18.   │ │     └─shiny (local) contextFunc()
 19.   │ │       └─shiny::..stacktraceon..(expr)
 20.   │ ├─shiny::withReactiveDomain(...)
 21.   │ │ └─promises::with_promise_domain(...)
 22.   │ │   └─domain$wrapSync(expr)
 23.   │ │     └─base::force(expr)
 24.   │ └─withr::with_options(...)
 25.   │   └─base::force(code)
 26.   ├─rlang::exec(app, !!!args)
 27.   └─teal.transform (local) `&lt;fn&gt;`(...)
 28.     └─lifecycle::deprecate_stop("0.3.1", "data_merge_module()")
 29.       └─lifecycle:::deprecate_stop0(msg)
 30.         └─rlang::cnd_signal(...)</failure>
    </testcase>
    <testcase time="0.0629999999999997" classname="data_merge_srv" name="data_merge_srv_throws_error_when_anl_name_is_not_character_or_using_non_allowed_names">
      <failure type="failure" message="`shiny::testServer(...)` threw an error with unexpected message. ('test-data_merge_srv.R:157:3')">`shiny::testServer(...)` threw an error with unexpected message.
Expected match: "make.names(anl_name) == anl_name is not TRUE"
Actual message: "`data_merge_module()` was deprecated in teal.transform 0.3.1 and is now\ndefunct."
Backtrace:
     ▆
  1. ├─testthat::expect_error(...) at test-data_merge_srv.R:157:2
  2. │ └─testthat:::quasi_capture(...)
  3. │   ├─testthat (local) .capture(...)
  4. │   │ └─base::withCallingHandlers(...)
  5. │   └─rlang::eval_bare(quo_get_expr(.quo), quo_get_env(.quo))
  6. └─shiny::testServer(...)
  7.   ├─shiny:::withMockContext(session, rlang::exec(app, !!!args))
  8.   │ ├─shiny::isolate(...)
  9.   │ │ ├─shiny::..stacktraceoff..(...)
 10.   │ │ └─ctx$run(...)
 11.   │ │   ├─promises::with_promise_domain(...)
 12.   │ │   │ └─domain$wrapSync(expr)
 13.   │ │   ├─shiny::withReactiveDomain(...)
 14.   │ │   │ └─promises::with_promise_domain(...)
 15.   │ │   │   └─domain$wrapSync(expr)
 16.   │ │   │     └─base::force(expr)
 17.   │ │   └─env$runWith(self, func)
 18.   │ │     └─shiny (local) contextFunc()
 19.   │ │       └─shiny::..stacktraceon..(expr)
 20.   │ ├─shiny::withReactiveDomain(...)
 21.   │ │ └─promises::with_promise_domain(...)
 22.   │ │   └─domain$wrapSync(expr)
 23.   │ │     └─base::force(expr)
 24.   │ └─withr::with_options(...)
 25.   │   └─base::force(code)
 26.   ├─rlang::exec(app, !!!args)
 27.   └─teal.transform (local) `&lt;fn&gt;`(...)
 28.     └─lifecycle::deprecate_stop("0.3.1", "data_merge_module()")
 29.       └─lifecycle:::deprecate_stop0(msg)
 30.         └─rlang::cnd_signal(...)</failure>
    </testcase>
    <testcase time="0.0630000000000002" classname="data_merge_srv" name="data_merge_srv_throws_error_when_selector_list_is_not_a_list_or_a_reactive">
      <failure type="failure" message="`shiny::testServer(...)` threw an error with unexpected message. ('test-data_merge_srv.R:172:3')">`shiny::testServer(...)` threw an error with unexpected message.
Expected match: "Assertion on 'selector_list' failed: Must inherit from class 'reactive', but has class 'character'."
Actual message: "`data_merge_module()` was deprecated in teal.transform 0.3.1 and is now\ndefunct."
Backtrace:
     ▆
  1. ├─testthat::expect_error(...) at test-data_merge_srv.R:172:2
  2. │ └─testthat:::quasi_capture(...)
  3. │   ├─testthat (local) .capture(...)
  4. │   │ └─base::withCallingHandlers(...)
  5. │   └─rlang::eval_bare(quo_get_expr(.quo), quo_get_env(.quo))
  6. └─shiny::testServer(...)
  7.   ├─shiny:::withMockContext(session, rlang::exec(app, !!!args))
  8.   │ ├─shiny::isolate(...)
  9.   │ │ ├─shiny::..stacktraceoff..(...)
 10.   │ │ └─ctx$run(...)
 11.   │ │   ├─promises::with_promise_domain(...)
 12.   │ │   │ └─domain$wrapSync(expr)
 13.   │ │   ├─shiny::withReactiveDomain(...)
 14.   │ │   │ └─promises::with_promise_domain(...)
 15.   │ │   │   └─domain$wrapSync(expr)
 16.   │ │   │     └─base::force(expr)
 17.   │ │   └─env$runWith(self, func)
 18.   │ │     └─shiny (local) contextFunc()
 19.   │ │       └─shiny::..stacktraceon..(expr)
 20.   │ ├─shiny::withReactiveDomain(...)
 21.   │ │ └─promises::with_promise_domain(...)
 22.   │ │   └─domain$wrapSync(expr)
 23.   │ │     └─base::force(expr)
 24.   │ └─withr::with_options(...)
 25.   │   └─base::force(code)
 26.   ├─rlang::exec(app, !!!args)
 27.   └─teal.transform (local) `&lt;fn&gt;`(selector_list = "A", datasets = `&lt;FiltrdDt&gt;`, id = "proxy1")
 28.     └─lifecycle::deprecate_stop("0.3.1", "data_merge_module()")
 29.       └─lifecycle:::deprecate_stop0(msg)
 30.         └─rlang::cnd_signal(...)</failure>
    </testcase>
    <testcase time="0.0640000000000001" classname="data_merge_srv" name="data_merge_srv_throws_error_when_selector_list_is_not_a_list_or_a_reactive">
      <failure type="failure" message="`shiny::testServer(...)` threw an error with unexpected message. ('test-data_merge_srv.R:181:3')">`shiny::testServer(...)` threw an error with unexpected message.
Expected match: "Must be of type 'list', not 'character'."
Actual message: "`data_merge_module()` was deprecated in teal.transform 0.3.1 and is now\ndefunct."
Backtrace:
     ▆
  1. ├─testthat::expect_error(...) at test-data_merge_srv.R:181:2
  2. │ └─testthat:::quasi_capture(...)
  3. │   ├─testthat (local) .capture(...)
  4. │   │ └─base::withCallingHandlers(...)
  5. │   └─rlang::eval_bare(quo_get_expr(.quo), quo_get_env(.quo))
  6. └─shiny::testServer(...)
  7.   ├─shiny:::withMockContext(session, rlang::exec(app, !!!args))
  8.   │ ├─shiny::isolate(...)
  9.   │ │ ├─shiny::..stacktraceoff..(...)
 10.   │ │ └─ctx$run(...)
 11.   │ │   ├─promises::with_promise_domain(...)
 12.   │ │   │ └─domain$wrapSync(expr)
 13.   │ │   ├─shiny::withReactiveDomain(...)
 14.   │ │   │ └─promises::with_promise_domain(...)
 15.   │ │   │   └─domain$wrapSync(expr)
 16.   │ │   │     └─base::force(expr)
 17.   │ │   └─env$runWith(self, func)
 18.   │ │     └─shiny (local) contextFunc()
 19.   │ │       └─shiny::..stacktraceon..(expr)
 20.   │ ├─shiny::withReactiveDomain(...)
 21.   │ │ └─promises::with_promise_domain(...)
 22.   │ │   └─domain$wrapSync(expr)
 23.   │ │     └─base::force(expr)
 24.   │ └─withr::with_options(...)
 25.   │   └─base::force(code)
 26.   ├─rlang::exec(app, !!!args)
 27.   └─teal.transform (local) `&lt;fn&gt;`(...)
 28.     └─lifecycle::deprecate_stop("0.3.1", "data_merge_module()")
 29.       └─lifecycle:::deprecate_stop0(msg)
 30.         └─rlang::cnd_signal(...)</failure>
    </testcase>
    <testcase time="0.0649999999999999" classname="data_merge_srv" name="data_merge_srv_throws_error_selector_list_is_not_named_list">
      <failure type="failure" message="`shiny::testServer(...)` threw an error with unexpected message. ('test-data_merge_srv.R:195:3')">`shiny::testServer(...)` threw an error with unexpected message.
Expected match: "Assertion on 'selector_list()' failed: Must have names"
Actual message: "`data_merge_module()` was deprecated in teal.transform 0.3.1 and is now\ndefunct."
Backtrace:
     ▆
  1. ├─testthat::expect_error(...) at test-data_merge_srv.R:195:2
  2. │ └─testthat:::quasi_capture(...)
  3. │   ├─testthat (local) .capture(...)
  4. │   │ └─base::withCallingHandlers(...)
  5. │   └─rlang::eval_bare(quo_get_expr(.quo), quo_get_env(.quo))
  6. └─shiny::testServer(...)
  7.   ├─shiny:::withMockContext(session, rlang::exec(app, !!!args))
  8.   │ ├─shiny::isolate(...)
  9.   │ │ ├─shiny::..stacktraceoff..(...)
 10.   │ │ └─ctx$run(...)
 11.   │ │   ├─promises::with_promise_domain(...)
 12.   │ │   │ └─domain$wrapSync(expr)
 13.   │ │   ├─shiny::withReactiveDomain(...)
 14.   │ │   │ └─promises::with_promise_domain(...)
 15.   │ │   │   └─domain$wrapSync(expr)
 16.   │ │   │     └─base::force(expr)
 17.   │ │   └─env$runWith(self, func)
 18.   │ │     └─shiny (local) contextFunc()
 19.   │ │       └─shiny::..stacktraceon..(expr)
 20.   │ ├─shiny::withReactiveDomain(...)
 21.   │ │ └─promises::with_promise_domain(...)
 22.   │ │   └─domain$wrapSync(expr)
 23.   │ │     └─base::force(expr)
 24.   │ └─withr::with_options(...)
 25.   │   └─base::force(code)
 26.   ├─rlang::exec(app, !!!args)
 27.   └─teal.transform (local) `&lt;fn&gt;`(...)
 28.     └─lifecycle::deprecate_stop("0.3.1", "data_merge_module()")
 29.       └─lifecycle:::deprecate_stop0(msg)
 30.         └─rlang::cnd_signal(...)</failure>
    </testcase>
    <testcase time="0.0640000000000001" classname="data_merge_srv" name="data_merge_srv_accepts_reactive_and_character_merge_function">
      <failure type="failure" message="`shiny::testServer(...)` threw an error. ('test-data_merge_srv.R:211:3')">`shiny::testServer(...)` threw an error.
Message: `data_merge_module()` was deprecated in teal.transform 0.3.1 and is now
defunct.
Class:   lifecycle_error_deprecated/defunctError/rlang_error/error/condition
Backtrace:
     ▆
  1. ├─testthat::expect_error(...) at test-data_merge_srv.R:211:2
  2. │ └─testthat:::quasi_capture(...)
  3. │   ├─testthat (local) .capture(...)
  4. │   │ └─base::withCallingHandlers(...)
  5. │   └─rlang::eval_bare(quo_get_expr(.quo), quo_get_env(.quo))
  6. └─shiny::testServer(...)
  7.   ├─shiny:::withMockContext(session, rlang::exec(app, !!!args))
  8.   │ ├─shiny::isolate(...)
  9.   │ │ ├─shiny::..stacktraceoff..(...)
 10.   │ │ └─ctx$run(...)
 11.   │ │   ├─promises::with_promise_domain(...)
 12.   │ │   │ └─domain$wrapSync(expr)
 13.   │ │   ├─shiny::withReactiveDomain(...)
 14.   │ │   │ └─promises::with_promise_domain(...)
 15.   │ │   │   └─domain$wrapSync(expr)
 16.   │ │   │     └─base::force(expr)
 17.   │ │   └─env$runWith(self, func)
 18.   │ │     └─shiny (local) contextFunc()
 19.   │ │       └─shiny::..stacktraceon..(expr)
 20.   │ ├─shiny::withReactiveDomain(...)
 21.   │ │ └─promises::with_promise_domain(...)
 22.   │ │   └─domain$wrapSync(expr)
 23.   │ │     └─base::force(expr)
 24.   │ └─withr::with_options(...)
 25.   │   └─base::force(code)
 26.   ├─rlang::exec(app, !!!args)
 27.   └─teal.transform (local) `&lt;fn&gt;`(...)
 28.     └─lifecycle::deprecate_stop("0.3.1", "data_merge_module()")
 29.       └─lifecycle:::deprecate_stop0(msg)
 30.         └─rlang::cnd_signal(...)</failure>
    </testcase>
    <testcase time="0.0539999999999998" classname="data_merge_srv" name="data_merge_srv_accepts_reactive_and_character_merge_function">
      <failure type="failure" message="`shiny::testServer(...)` threw an error. ('test-data_merge_srv.R:220:3')">`shiny::testServer(...)` threw an error.
Message: `data_merge_module()` was deprecated in teal.transform 0.3.1 and is now
defunct.
Class:   lifecycle_error_deprecated/defunctError/rlang_error/error/condition
Backtrace:
     ▆
  1. ├─testthat::expect_error(...) at test-data_merge_srv.R:220:2
  2. │ └─testthat:::quasi_capture(...)
  3. │   ├─testthat (local) .capture(...)
  4. │   │ └─base::withCallingHandlers(...)
  5. │   └─rlang::eval_bare(quo_get_expr(.quo), quo_get_env(.quo))
  6. └─shiny::testServer(...)
  7.   ├─shiny:::withMockContext(session, rlang::exec(app, !!!args))
  8.   │ ├─shiny::isolate(...)
  9.   │ │ ├─shiny::..stacktraceoff..(...)
 10.   │ │ └─ctx$run(...)
 11.   │ │   ├─promises::with_promise_domain(...)
 12.   │ │   │ └─domain$wrapSync(expr)
 13.   │ │   ├─shiny::withReactiveDomain(...)
 14.   │ │   │ └─promises::with_promise_domain(...)
 15.   │ │   │   └─domain$wrapSync(expr)
 16.   │ │   │     └─base::force(expr)
 17.   │ │   └─env$runWith(self, func)
 18.   │ │     └─shiny (local) contextFunc()
 19.   │ │       └─shiny::..stacktraceon..(expr)
 20.   │ ├─shiny::withReactiveDomain(...)
 21.   │ │ └─promises::with_promise_domain(...)
 22.   │ │   └─domain$wrapSync(expr)
 23.   │ │     └─base::force(expr)
 24.   │ └─withr::with_options(...)
 25.   │   └─base::force(code)
 26.   ├─rlang::exec(app, !!!args)
 27.   └─teal.transform (local) `&lt;fn&gt;`(...)
 28.     └─lifecycle::deprecate_stop("0.3.1", "data_merge_module()")
 29.       └─lifecycle:::deprecate_stop0(msg)
 30.         └─rlang::cnd_signal(...)</failure>
    </testcase>
    <testcase time="0.0609999999999999" classname="data_merge_srv" name="data_merge_srv_returns_merged_data.frame_when_passing_2_extracts_in_selector_list">
      <error type="error" message="&lt;lifecycle_error_deprecated/defunctError/rlang_error/error/condition&gt; ('test-data_merge_srv.R:241:3')">&lt;lifecycle_error_deprecated/defunctError/rlang_error/error/condition&gt;
Error: `data_merge_module()` was deprecated in teal.transform 0.3.1 and is now
defunct.
Backtrace:
     ▆
  1. └─shiny::testServer(...) at test-data_merge_srv.R:241:2
  2.   ├─shiny:::withMockContext(session, rlang::exec(app, !!!args))
  3.   │ ├─shiny::isolate(...)
  4.   │ │ ├─shiny::..stacktraceoff..(...)
  5.   │ │ └─ctx$run(...)
  6.   │ │   ├─promises::with_promise_domain(...)
  7.   │ │   │ └─domain$wrapSync(expr)
  8.   │ │   ├─shiny::withReactiveDomain(...)
  9.   │ │   │ └─promises::with_promise_domain(...)
 10.   │ │   │   └─domain$wrapSync(expr)
 11.   │ │   │     └─base::force(expr)
 12.   │ │   └─env$runWith(self, func)
 13.   │ │     └─shiny (local) contextFunc()
 14.   │ │       └─shiny::..stacktraceon..(expr)
 15.   │ ├─shiny::withReactiveDomain(...)
 16.   │ │ └─promises::with_promise_domain(...)
 17.   │ │   └─domain$wrapSync(expr)
 18.   │ │     └─base::force(expr)
 19.   │ └─withr::with_options(...)
 20.   │   └─base::force(code)
 21.   ├─rlang::exec(app, !!!args)
 22.   └─teal.transform (local) `&lt;fn&gt;`(...)
 23.     └─lifecycle::deprecate_stop("0.3.1", "data_merge_module()")
 24.       └─lifecycle:::deprecate_stop0(msg)
 25.         └─rlang::cnd_signal(...)</error>
    </testcase>
  </testsuite>
  <testsuite name="delayed_data_extract" timestamp="2023-07-17T11:52:02Z" hostname="f874086f7365" tests="22" skipped="0" failures="0" errors="0" time="1.681">
    <testcase time="0.149" classname="delayed_data_extract" name="Delayed_data_extract_single_data_connector_with_two_scda_dataset_connectors"/>
    <testcase time="0.00100000000000033" classname="delayed_data_extract" name="Delayed_data_extract_single_data_connector_with_two_scda_dataset_connectors"/>
    <testcase time="0.0640000000000001" classname="delayed_data_extract" name="Delayed_choices_selected_single_data_connector_with_two_scda_dataset_connectors"/>
    <testcase time="0.081" classname="delayed_data_extract" name="Delayed_data_extract_filtered"/>
    <testcase time="0.00099999999999989" classname="delayed_data_extract" name="Delayed_data_extract_filtered"/>
    <testcase time="0.138" classname="delayed_data_extract" name="Delayed_extract_filter_concatenated_single_data_connector_with_two_scda_dataset_connectors"/>
    <testcase time="0.00099999999999989" classname="delayed_data_extract" name="Delayed_extract_filter_concatenated_single_data_connector_with_two_scda_dataset_connectors"/>
    <testcase time="0.203" classname="delayed_data_extract" name="Delayed_extract_two_filters_single_data_connector_with_two_scda_dataset_connectors"/>
    <testcase time="0.00199999999999978" classname="delayed_data_extract" name="Delayed_extract_two_filters_single_data_connector_with_two_scda_dataset_connectors"/>
    <testcase time="0.227" classname="delayed_data_extract" name="Delayed_extract_TealData_with_single_dataset_and_multiple_connectors"/>
    <testcase time="0.000999999999999446" classname="delayed_data_extract" name="Delayed_extract_TealData_with_single_dataset_and_multiple_connectors"/>
    <testcase time="0.0890000000000004" classname="delayed_data_extract" name="Delayed_data_extract_single_data_connector_with_two_scda_dataset_connectors_resolve_delayed"/>
    <testcase time="0.00100000000000033" classname="delayed_data_extract" name="Delayed_data_extract_single_data_connector_with_two_scda_dataset_connectors_resolve_delayed"/>
    <testcase time="0.0599999999999996" classname="delayed_data_extract" name="Delayed_choices_selected_single_data_connector_with_two_scda_dataset_connectors_resolve_delayed"/>
    <testcase time="0.0780000000000003" classname="delayed_data_extract" name="Delayed_data_extract_filtered"/>
    <testcase time="0.000999999999999446" classname="delayed_data_extract" name="Delayed_data_extract_filtered"/>
    <testcase time="0.147" classname="delayed_data_extract" name="Delayed_extract_filter_concatenated_single_data_connector_with_two_scda_dataset_connectors_res_delayed"/>
    <testcase time="0.00100000000000033" classname="delayed_data_extract" name="Delayed_extract_filter_concatenated_single_data_connector_with_two_scda_dataset_connectors_res_delayed"/>
    <testcase time="0.207" classname="delayed_data_extract" name="Delayed_extract_two_filters_single_data_connector_with_two_scda_dataset_connectors_resolve_delayed"/>
    <testcase time="0.000999999999999446" classname="delayed_data_extract" name="Delayed_extract_two_filters_single_data_connector_with_two_scda_dataset_connectors_resolve_delayed"/>
    <testcase time="0.227" classname="delayed_data_extract" name="Delayed_extract_TealData_with_single_dataset_and_multiple_connectors_resolve_delayed"/>
    <testcase time="0.00100000000000033" classname="delayed_data_extract" name="Delayed_extract_TealData_with_single_dataset_and_multiple_connectors_resolve_delayed"/>
  </testsuite>
  <testsuite name="dplyr_call_examples" timestamp="2023-07-17T11:52:03Z" hostname="f874086f7365" tests="129" skipped="0" failures="0" errors="0" time="0.907">
    <testcase time="0.0279999999999996" classname="dplyr_call_examples" name="Different_join_types"/>
    <testcase time="0.00300000000000011" classname="dplyr_call_examples" name="Different_join_types"/>
    <testcase time="0.00499999999999989" classname="dplyr_call_examples" name="Different_join_types"/>
    <testcase time="0.00600000000000023" classname="dplyr_call_examples" name="Different_join_types"/>
    <testcase time="0.00499999999999989" classname="dplyr_call_examples" name="Different_join_types"/>
    <testcase time="0.0120000000000005" classname="dplyr_call_examples" name="Single_wide_dataset"/>
    <testcase time="0.00199999999999978" classname="dplyr_call_examples" name="Single_wide_dataset"/>
    <testcase time="0.00300000000000011" classname="dplyr_call_examples" name="Single_wide_dataset"/>
    <testcase time="0.00199999999999978" classname="dplyr_call_examples" name="Single_wide_dataset"/>
    <testcase time="0.00300000000000011" classname="dplyr_call_examples" name="Single_wide_dataset"/>
    <testcase time="0.000999999999999446" classname="dplyr_call_examples" name="Single_wide_dataset"/>
    <testcase time="0.00300000000000011" classname="dplyr_call_examples" name="Single_wide_dataset"/>
    <testcase time="0.00200000000000067" classname="dplyr_call_examples" name="Single_wide_dataset"/>
    <testcase time="0.00299999999999923" classname="dplyr_call_examples" name="Single_wide_dataset"/>
    <testcase time="0.00100000000000033" classname="dplyr_call_examples" name="Single_wide_dataset"/>
    <testcase time="0.00299999999999923" classname="dplyr_call_examples" name="Single_wide_dataset"/>
    <testcase time="0.00200000000000067" classname="dplyr_call_examples" name="Single_wide_dataset"/>
    <testcase time="0.00300000000000011" classname="dplyr_call_examples" name="Single_wide_dataset"/>
    <testcase time="0.000999999999999446" classname="dplyr_call_examples" name="Single_wide_dataset"/>
    <testcase time="0.00400000000000045" classname="dplyr_call_examples" name="Single_wide_dataset"/>
    <testcase time="0.000999999999999446" classname="dplyr_call_examples" name="Single_wide_dataset"/>
    <testcase time="0.00400000000000045" classname="dplyr_call_examples" name="Single_wide_dataset"/>
    <testcase time="0.000999999999999446" classname="dplyr_call_examples" name="Single_wide_dataset"/>
    <testcase time="0.0100000000000007" classname="dplyr_call_examples" name="Multiple_wide_dataset"/>
    <testcase time="0.00399999999999956" classname="dplyr_call_examples" name="Multiple_wide_dataset"/>
    <testcase time="0.00700000000000056" classname="dplyr_call_examples" name="Multiple_wide_dataset"/>
    <testcase time="0.00299999999999923" classname="dplyr_call_examples" name="Multiple_wide_dataset"/>
    <testcase time="0.0140000000000002" classname="dplyr_call_examples" name="Multiple_wide_dataset"/>
    <testcase time="0.00600000000000023" classname="dplyr_call_examples" name="Multiple_wide_dataset"/>
    <testcase time="0.0179999999999998" classname="dplyr_call_examples" name="Multiple_wide_dataset"/>
    <testcase time="0.00600000000000023" classname="dplyr_call_examples" name="Multiple_wide_dataset"/>
    <testcase time="0.0140000000000002" classname="dplyr_call_examples" name="Multiple_wide_dataset"/>
    <testcase time="0.00599999999999934" classname="dplyr_call_examples" name="Multiple_wide_dataset"/>
    <testcase time="0.00700000000000056" classname="dplyr_call_examples" name="Single_long_dataset"/>
    <testcase time="0.000999999999999446" classname="dplyr_call_examples" name="Single_long_dataset"/>
    <testcase time="0.00400000000000045" classname="dplyr_call_examples" name="Single_long_dataset"/>
    <testcase time="0.00100000000000033" classname="dplyr_call_examples" name="Single_long_dataset"/>
    <testcase time="0.00399999999999956" classname="dplyr_call_examples" name="Single_long_dataset"/>
    <testcase time="0.00199999999999978" classname="dplyr_call_examples" name="Single_long_dataset"/>
    <testcase time="0.00400000000000045" classname="dplyr_call_examples" name="Single_long_dataset"/>
    <testcase time="0.00199999999999978" classname="dplyr_call_examples" name="Single_long_dataset"/>
    <testcase time="0.00900000000000034" classname="dplyr_call_examples" name="Single_long_dataset"/>
    <testcase time="0.00399999999999956" classname="dplyr_call_examples" name="Single_long_dataset"/>
    <testcase time="0.00900000000000034" classname="dplyr_call_examples" name="Single_long_dataset"/>
    <testcase time="0.00399999999999956" classname="dplyr_call_examples" name="Single_long_dataset"/>
    <testcase time="0.00900000000000034" classname="dplyr_call_examples" name="Single_long_dataset"/>
    <testcase time="0.00399999999999956" classname="dplyr_call_examples" name="Single_long_dataset"/>
    <testcase time="0.0140000000000002" classname="dplyr_call_examples" name="Single_long_dataset"/>
    <testcase time="0.00400000000000045" classname="dplyr_call_examples" name="Single_long_dataset"/>
    <testcase time="0.00999999999999979" classname="dplyr_call_examples" name="Single_long_dataset"/>
    <testcase time="0.00399999999999956" classname="dplyr_call_examples" name="Single_long_dataset"/>
    <testcase time="0.0200000000000005" classname="dplyr_call_examples" name="Single_long_dataset"/>
    <testcase time="0.00800000000000001" classname="dplyr_call_examples" name="Single_long_dataset"/>
    <testcase time="0.00499999999999989" classname="dplyr_call_examples" name="Single_long_dataset"/>
    <testcase time="0.00100000000000033" classname="dplyr_call_examples" name="Single_long_dataset"/>
    <testcase time="0.00199999999999978" classname="dplyr_call_examples" name="Single_long_dataset"/>
    <testcase time="0.00399999999999956" classname="dplyr_call_examples" name="Single_long_dataset"/>
    <testcase time="0.00200000000000067" classname="dplyr_call_examples" name="Single_long_dataset"/>
    <testcase time="0.00199999999999978" classname="dplyr_call_examples" name="Single_long_dataset"/>
    <testcase time="0.00399999999999956" classname="dplyr_call_examples" name="Single_long_dataset"/>
    <testcase time="0.00200000000000067" classname="dplyr_call_examples" name="Single_long_dataset"/>
    <testcase time="0.00199999999999978" classname="dplyr_call_examples" name="Single_long_dataset"/>
    <testcase time="0.00399999999999956" classname="dplyr_call_examples" name="Single_long_dataset"/>
    <testcase time="0.00199999999999978" classname="dplyr_call_examples" name="Single_long_dataset"/>
    <testcase time="0.00200000000000067" classname="dplyr_call_examples" name="Single_long_dataset"/>
    <testcase time="0.0110000000000001" classname="dplyr_call_examples" name="Single_long_dataset"/>
    <testcase time="0.00599999999999934" classname="dplyr_call_examples" name="Single_long_dataset"/>
    <testcase time="0.00499999999999989" classname="dplyr_call_examples" name="Single_long_dataset"/>
    <testcase time="0.0110000000000001" classname="dplyr_call_examples" name="Single_long_dataset"/>
    <testcase time="0.00200000000000067" classname="dplyr_call_examples" name="Single_long_dataset"/>
    <testcase time="0.00499999999999989" classname="dplyr_call_examples" name="Single_long_dataset"/>
    <testcase time="0.0100000000000007" classname="dplyr_call_examples" name="Single_long_dataset"/>
    <testcase time="0.00199999999999978" classname="dplyr_call_examples" name="Single_long_dataset"/>
    <testcase time="0.00499999999999989" classname="dplyr_call_examples" name="Single_long_dataset"/>
    <testcase time="0.024" classname="dplyr_call_examples" name="Single_long_dataset"/>
    <testcase time="0.00199999999999978" classname="dplyr_call_examples" name="Single_long_dataset"/>
    <testcase time="0.00800000000000001" classname="dplyr_call_examples" name="Single_long_dataset"/>
    <testcase time="0.0289999999999999" classname="dplyr_call_examples" name="Single_long_dataset"/>
    <testcase time="0.00199999999999978" classname="dplyr_call_examples" name="Single_long_dataset"/>
    <testcase time="0.00800000000000001" classname="dplyr_call_examples" name="Single_long_dataset"/>
    <testcase time="0.00400000000000045" classname="dplyr_call_examples" name="Single_long_dataset"/>
    <testcase time="0.00199999999999978" classname="dplyr_call_examples" name="Single_long_dataset"/>
    <testcase time="0.00199999999999978" classname="dplyr_call_examples" name="Single_long_dataset"/>
    <testcase time="0.0200000000000005" classname="dplyr_call_examples" name="Single_long_dataset"/>
    <testcase time="0.00800000000000001" classname="dplyr_call_examples" name="Single_long_dataset"/>
    <testcase time="0.00399999999999956" classname="dplyr_call_examples" name="Single_long_dataset"/>
    <testcase time="0.000999999999999446" classname="dplyr_call_examples" name="Single_long_dataset"/>
    <testcase time="0.024" classname="dplyr_call_examples" name="Single_long_dataset"/>
    <testcase time="0.0120000000000005" classname="dplyr_call_examples" name="Single_long_dataset"/>
    <testcase time="0.0110000000000001" classname="dplyr_call_examples" name="Multiple_long_datasets"/>
    <testcase time="0.00399999999999956" classname="dplyr_call_examples" name="Multiple_long_datasets"/>
    <testcase time="0.00600000000000023" classname="dplyr_call_examples" name="Multiple_long_datasets"/>
    <testcase time="0.00499999999999989" classname="dplyr_call_examples" name="Multiple_long_datasets"/>
    <testcase time="0.00699999999999967" classname="dplyr_call_examples" name="Multiple_long_datasets"/>
    <testcase time="0.00500000000000078" classname="dplyr_call_examples" name="Multiple_long_datasets"/>
    <testcase time="0.00799999999999912" classname="dplyr_call_examples" name="Multiple_long_datasets"/>
    <testcase time="0.00500000000000078" classname="dplyr_call_examples" name="Multiple_long_datasets"/>
    <testcase time="0.00800000000000001" classname="dplyr_call_examples" name="Multiple_long_datasets"/>
    <testcase time="0.00499999999999989" classname="dplyr_call_examples" name="Multiple_long_datasets"/>
    <testcase time="0.00899999999999945" classname="dplyr_call_examples" name="Multiple_long_datasets"/>
    <testcase time="0.00200000000000067" classname="dplyr_call_examples" name="Multiple_long_datasets"/>
    <testcase time="0.00499999999999989" classname="dplyr_call_examples" name="Multiple_long_datasets"/>
    <testcase time="0.0149999999999997" classname="dplyr_call_examples" name="Multiple_long_datasets"/>
    <testcase time="0.00199999999999978" classname="dplyr_call_examples" name="Multiple_long_datasets"/>
    <testcase time="0.00499999999999989" classname="dplyr_call_examples" name="Multiple_long_datasets"/>
    <testcase time="0.0200000000000005" classname="dplyr_call_examples" name="Multiple_long_datasets"/>
    <testcase time="0.00199999999999978" classname="dplyr_call_examples" name="Multiple_long_datasets"/>
    <testcase time="0.00700000000000056" classname="dplyr_call_examples" name="Multiple_long_datasets"/>
    <testcase time="0.0339999999999998" classname="dplyr_call_examples" name="Multiple_long_datasets"/>
    <testcase time="0.00300000000000011" classname="dplyr_call_examples" name="Multiple_long_datasets"/>
    <testcase time="0.0139999999999993" classname="dplyr_call_examples" name="Multiple_long_datasets"/>
    <testcase time="0.0190000000000001" classname="dplyr_call_examples" name="Multiple_long_datasets"/>
    <testcase time="0.00700000000000056" classname="dplyr_call_examples" name="Multiple_long_datasets"/>
    <testcase time="0.00899999999999945" classname="dplyr_call_examples" name="Multiple_long_datasets"/>
    <testcase time="0.00300000000000011" classname="dplyr_call_examples" name="Multiple_long_datasets"/>
    <testcase time="0.00499999999999989" classname="dplyr_call_examples" name="Multiple_long_datasets"/>
    <testcase time="0.0129999999999999" classname="dplyr_call_examples" name="Multiple_long_combined_concatenated_filters"/>
    <testcase time="0.00300000000000011" classname="dplyr_call_examples" name="Multiple_long_combined_concatenated_filters"/>
    <testcase time="0.00499999999999989" classname="dplyr_call_examples" name="Multiple_long_combined_concatenated_filters"/>
    <testcase time="0.0100000000000007" classname="dplyr_call_examples" name="Multiple_long_combined_concatenated_filters"/>
    <testcase time="0.00199999999999978" classname="dplyr_call_examples" name="Multiple_long_combined_concatenated_filters"/>
    <testcase time="0.00499999999999989" classname="dplyr_call_examples" name="Multiple_long_combined_concatenated_filters"/>
    <testcase time="0.0250000000000004" classname="dplyr_call_examples" name="Multiple_long_combined_concatenated_filters"/>
    <testcase time="0.00699999999999967" classname="dplyr_call_examples" name="Multiple_long_combined_concatenated_filters"/>
    <testcase time="0.0199999999999996" classname="dplyr_call_examples" name="Multiple_long_combined_concatenated_filters"/>
    <testcase time="0.00800000000000001" classname="dplyr_call_examples" name="Multiple_long_combined_concatenated_filters"/>
    <testcase time="0.0100000000000007" classname="dplyr_call_examples" name="Multiple_long_combined_concatenated_filters"/>
    <testcase time="0.00499999999999989" classname="dplyr_call_examples" name="Multiple_long_combined_concatenated_filters"/>
    <testcase time="0.0199999999999996" classname="dplyr_call_examples" name="Universal_example"/>
  </testsuite>
  <testsuite name="filter_spec" timestamp="2023-07-17T11:52:04Z" hostname="f874086f7365" tests="82" skipped="0" failures="0" errors="2" time="0.624">
    <testcase time="0.0200000000000005" classname="filter_spec" name="Proper_argument_types"/>
    <testcase time="0.00599999999999934" classname="filter_spec" name="Proper_argument_types"/>
    <testcase time="0.00600000000000023" classname="filter_spec" name="Proper_argument_types"/>
    <testcase time="0.00499999999999989" classname="filter_spec" name="Proper_argument_types"/>
    <testcase time="0.00600000000000023" classname="filter_spec" name="Proper_argument_types"/>
    <testcase time="0.00600000000000023" classname="filter_spec" name="Proper_argument_types"/>
    <testcase time="0.00600000000000023" classname="filter_spec" name="Proper_argument_types"/>
    <testcase time="0.00599999999999934" classname="filter_spec" name="Proper_argument_types"/>
    <testcase time="0.00600000000000023" classname="filter_spec" name="Proper_argument_types"/>
    <testcase time="0.00499999999999989" classname="filter_spec" name="Proper_argument_types"/>
    <testcase time="0.00600000000000023" classname="filter_spec" name="Proper_argument_types"/>
    <testcase time="0.00600000000000023" classname="filter_spec" name="Single_choice"/>
    <testcase time="0.000999999999999446" classname="filter_spec" name="Single_choice"/>
    <testcase time="0.00100000000000033" classname="filter_spec" name="Single_choice"/>
    <testcase time="0.000999999999999446" classname="filter_spec" name="Single_choice"/>
    <testcase time="0.00400000000000045" classname="filter_spec" name="Single_choice"/>
    <testcase time="0.00100000000000033" classname="filter_spec" name="Single_choice"/>
    <testcase time="0.00899999999999945" classname="filter_spec" name="Multiple_choices"/>
    <testcase time="0.00300000000000011" classname="filter_spec" name="Multiple_choices"/>
    <testcase time="0.00199999999999978" classname="filter_spec" name="Multiple_choices"/>
    <testcase time="0.00100000000000033" classname="filter_spec" name="Multiple_choices"/>
    <testcase time="0.00399999999999956" classname="filter_spec" name="Multiple_choices"/>
    <testcase time="0.00100000000000033" classname="filter_spec" name="Multiple_choices"/>
    <testcase time="0.00100000000000033" classname="filter_spec" name="Multiple_choices"/>
    <testcase time="0.0139999999999993" classname="filter_spec" name="Multiple_vars"/>
    <testcase time="0.00600000000000023" classname="filter_spec" name="Multiple_vars"/>
    <testcase time="0.00600000000000023" classname="filter_spec" name="Multiple_vars"/>
    <testcase time="0.00199999999999978" classname="filter_spec" name="Multiple_vars"/>
    <testcase time="0.00300000000000011" classname="filter_spec" name="Multiple_vars"/>
    <testcase time="0.00199999999999978" classname="filter_spec" name="Multiple_vars"/>
    <testcase time="0.00200000000000067" classname="filter_spec" name="Multiple_vars"/>
    <testcase time="0.00299999999999923" classname="filter_spec" name="Multiple_vars"/>
    <testcase time="0.00200000000000067" classname="filter_spec" name="Multiple_vars"/>
    <testcase time="0.000999999999999446" classname="filter_spec" name="Multiple_vars"/>
    <testcase time="0.00100000000000033" classname="filter_spec" name="Multiple_vars"/>
    <testcase time="0.00100000000000033" classname="filter_spec" name="Multiple_vars"/>
    <testcase time="0.00299999999999923" classname="filter_spec" name="Multiple_vars"/>
    <testcase time="0.00200000000000067" classname="filter_spec" name="Multiple_vars"/>
    <testcase time="0.000999999999999446" classname="filter_spec" name="Multiple_vars"/>
    <testcase time="0.00200000000000067" classname="filter_spec" name="Multiple_vars"/>
    <testcase time="0.000999999999999446" classname="filter_spec" name="Multiple_vars"/>
    <testcase time="0.00300000000000011" classname="filter_spec" name="Multiple_vars"/>
    <testcase time="0.00199999999999978" classname="filter_spec" name="Multiple_vars"/>
    <testcase time="0.00499999999999989" classname="filter_spec" name="Dropping_keys_attribute"/>
    <testcase time="0.00400000000000045" classname="filter_spec" name="Dropping_keys_attribute"/>
    <testcase time="0.00300000000000011" classname="filter_spec" name="Dropping_keys_attribute"/>
    <testcase time="0.00300000000000011" classname="filter_spec" name="Dropping_keys_attribute"/>
    <testcase time="0.0119999999999996" classname="filter_spec" name="delayed_filter_spec"/>
    <testcase time="0.0170000000000003" classname="filter_spec" name="delayed_filter_spec"/>
    <testcase time="0.00499999999999989" classname="filter_spec" name="filter_spec_with_choices_selected_where_all_selected_in_choices_does_not_throw_an_error"/>
    <testcase time="0.00600000000000023" classname="filter_spec" name="filter_spec_internal"/>
    <testcase time="0.00199999999999978" classname="filter_spec" name="filter_spec_internal"/>
    <testcase time="0.00699999999999967" classname="filter_spec" name="filter_spec_internal"/>
    <testcase time="0.00800000000000001" classname="filter_spec" name="filter_spec_internal_contains_dataname"/>
    <testcase time="0.00199999999999978" classname="filter_spec" name="filter_spec_internal_contains_dataname"/>
    <testcase time="0.00600000000000023" classname="filter_spec" name="delayed_filter_spec_works"/>
    <testcase time="0.00100000000000033" classname="filter_spec" name="delayed_filter_spec_works"/>
    <testcase time="0.00399999999999956" classname="filter_spec" name="delayed_filter_spec_works"/>
    <testcase time="0.00499999999999989" classname="filter_spec" name="delayed_filter_spec_works"/>
    <testcase time="0.00900000000000034" classname="filter_spec" name="delayed_version_of_filter_spec"/>
    <testcase time="0.0410000000000004" classname="filter_spec" name="delayed_version_of_filter_spec"/>
    <testcase time="0.00199999999999978" classname="filter_spec" name="delayed_version_of_filter_spec"/>
    <testcase time="0.00199999999999978" classname="filter_spec" name="delayed_version_of_filter_spec"/>
    <testcase time="0.00400000000000045" classname="filter_spec" name="delayed_version_of_filter_spec"/>
    <testcase time="0.0279999999999996" classname="filter_spec" name="delayed_version_of_filter_spec"/>
    <testcase time="0.00199999999999978" classname="filter_spec" name="delayed_version_of_filter_spec"/>
    <testcase time="0.00200000000000067" classname="filter_spec" name="delayed_version_of_filter_spec"/>
    <testcase time="0.00699999999999967" classname="filter_spec" name="all_choices_passed_to_selected_identical_to_all_choices"/>
    <testcase time="0.0119999999999996" classname="filter_spec" name="delayed_filter_spec_resolve_delayed"/>
    <testcase time="0.00500000000000078" classname="filter_spec" name="delayed_filter_spec_resolve_delayed">
      <error type="error" message="Error in `teal.slice::init_filtered_data(list(ADSL = list(dataset = ADSL,  ('test-filter_spec.R:477:3')">Error in `teal.slice::init_filtered_data(list(ADSL = list(dataset = ADSL, 
    keys = c("USUBJID", "STUDYID"), parent = character(0))), 
    cdisc = TRUE)`: unused argument (cdisc = TRUE)</error>
    </testcase>
    <testcase time="0.0129999999999999" classname="filter_spec" name="filter_spec_with_choices_selected_where_all_selected_in_choices_does_not_throw_an_error_resolve_delayed"/>
    <testcase time="0.00699999999999967" classname="filter_spec" name="delayed_filter_spec_works_resolve_delayed"/>
    <testcase time="0.00100000000000033" classname="filter_spec" name="delayed_filter_spec_works_resolve_delayed"/>
    <testcase time="0.00499999999999989" classname="filter_spec" name="delayed_filter_spec_works_resolve_delayed">
      <error type="error" message="Error in `teal.slice::init_filtered_data(list(ADSL = list(dataset = ADSL)),  ('test-filter_spec.R:526:3')">Error in `teal.slice::init_filtered_data(list(ADSL = list(dataset = ADSL)), 
    cdisc = TRUE)`: unused argument (cdisc = TRUE)</error>
    </testcase>
    <testcase time="0.146" classname="filter_spec" name="delayed_version_of_filter_spec_resolve_delayed"/>
    <testcase time="0.0419999999999998" classname="filter_spec" name="delayed_version_of_filter_spec_resolve_delayed"/>
    <testcase time="0.00199999999999978" classname="filter_spec" name="delayed_version_of_filter_spec_resolve_delayed"/>
    <testcase time="0.00200000000000067" classname="filter_spec" name="delayed_version_of_filter_spec_resolve_delayed"/>
    <testcase time="0.00399999999999956" classname="filter_spec" name="delayed_version_of_filter_spec_resolve_delayed"/>
    <testcase time="0.024" classname="filter_spec" name="delayed_version_of_filter_spec_resolve_delayed"/>
    <testcase time="0.00199999999999978" classname="filter_spec" name="delayed_version_of_filter_spec_resolve_delayed"/>
    <testcase time="0.00200000000000067" classname="filter_spec" name="delayed_version_of_filter_spec_resolve_delayed"/>
  </testsuite>
  <testsuite name="format_data_extract" timestamp="2023-07-17T11:52:05Z" hostname="f874086f7365" tests="5" skipped="1" failures="0" errors="0" time="0.057">
    <testcase time="0.00800000000000001" classname="format_data_extract" name="format_data_extract_is_a_function_that_accepts_a_list"/>
    <testcase time="0.00800000000000001" classname="format_data_extract" name="format_data_extract_asserts_its_argument_has_required_names"/>
    <testcase time="0.00499999999999989" classname="format_data_extract" name="format_data_extract_returns_a_string_representation_of_the_extracted_data"/>
    <testcase time="0.0309999999999997" classname="format_data_extract" name="format_data_extract_integrates_with_data_extract_srv"/>
    <testcase time="0.00499999999999989" classname="format_data_extract" name="format_data_extract_integrates_with_data_extract_srv_and_the_filtered_data_object">
      <skipped message="Reason: testing depth 3 is below current testing specification 4 ('test-format_data_extract.R:55:3')"/>
    </testcase>
  </testsuite>
  <testsuite name="get_dplyr_call" timestamp="2023-07-17T11:52:05Z" hostname="f874086f7365" tests="23" skipped="0" failures="0" errors="0" time="0.117">
    <testcase time="0.0170000000000003" classname="get_dplyr_call" name="get_select_call"/>
    <testcase time="0.000999999999999446" classname="get_dplyr_call" name="get_select_call"/>
    <testcase time="0.00200000000000067" classname="get_dplyr_call" name="get_select_call"/>
    <testcase time="0.00399999999999956" classname="get_dplyr_call" name="get_filter_call"/>
    <testcase time="0.00199999999999978" classname="get_dplyr_call" name="get_filter_call"/>
    <testcase time="0.00200000000000067" classname="get_dplyr_call" name="get_filter_call"/>
    <testcase time="0.000999999999999446" classname="get_dplyr_call" name="get_filter_call"/>
    <testcase time="0.0110000000000001" classname="get_dplyr_call" name="get_rename_call"/>
    <testcase time="0.00800000000000001" classname="get_dplyr_call" name="get_rename_call"/>
    <testcase time="0.00699999999999967" classname="get_dplyr_call" name="get_rename_call"/>
    <testcase time="0.00800000000000001" classname="get_dplyr_call" name="get_rename_call"/>
    <testcase time="0.00700000000000056" classname="get_dplyr_call" name="get_reshape_call"/>
    <testcase time="0.00300000000000011" classname="get_dplyr_call" name="get_reshape_call"/>
    <testcase time="0.00599999999999934" classname="get_dplyr_call" name="get_dplyr_call_single_filter_and_single_select"/>
    <testcase time="0.00300000000000011" classname="get_dplyr_call" name="get_dplyr_call_single_filter_and_single_select"/>
    <testcase time="0.00300000000000011" classname="get_dplyr_call" name="get_dplyr_call_single_filter_and_single_select"/>
    <testcase time="0.00699999999999967" classname="get_dplyr_call" name="get_dplyr_call_single_filter_and_single_select"/>
    <testcase time="0.00300000000000011" classname="get_dplyr_call" name="get_dplyr_call_single_filter_and_single_select"/>
    <testcase time="0.00300000000000011" classname="get_dplyr_call" name="get_dplyr_call_single_filter_and_single_select"/>
    <testcase time="0.00300000000000011" classname="get_dplyr_call" name="get_dplyr_call_single_filter_and_single_select"/>
    <testcase time="0.00800000000000001" classname="get_dplyr_call" name="get_dplyr_call_multiple_filter_s_or_multiple_select_s_"/>
    <testcase time="0.00399999999999956" classname="get_dplyr_call" name="get_dplyr_call_multiple_filter_s_or_multiple_select_s_"/>
    <testcase time="0.00400000000000045" classname="get_dplyr_call" name="get_dplyr_call_multiple_filter_s_or_multiple_select_s_"/>
  </testsuite>
  <testsuite name="get_filter_call-datasets" timestamp="2023-07-17T11:52:05Z" hostname="f874086f7365" tests="17" skipped="0" failures="0" errors="0" time="0.115">
    <testcase time="0.0129999999999999" classname="get_filter_call_datasets" name="get_filter_call_throws_error_if_dataset_is_not_a_named_list_of_reactives"/>
    <testcase time="0.00499999999999989" classname="get_filter_call_datasets" name="get_filter_call_data_NAs_and_one_column_one_selection"/>
    <testcase time="0.00600000000000023" classname="get_filter_call_datasets" name="get_filter_call_data_NAs_and_one_column_two_selections"/>
    <testcase time="0.00699999999999967" classname="get_filter_call_datasets" name="get_filter_call_data_NAs_and_two_columns"/>
    <testcase time="0.00499999999999989" classname="get_filter_call_datasets" name="get_filter_call_data_some_of_factor_levels_and_integer"/>
    <testcase time="0.00600000000000023" classname="get_filter_call_datasets" name="get_filter_call_data_trunc_POSIX_and_single_column"/>
    <testcase time="0.00600000000000023" classname="get_filter_call_datasets" name="get_filter_call_data_trunc_POSIX_and_two_columns"/>
    <testcase time="0.00599999999999934" classname="get_filter_call_datasets" name="get_filter_call_data_SEX_and_two_columns_SEX_variable_is_still_there"/>
    <testcase time="0.00500000000000078" classname="get_filter_call_datasets" name="get_filter_call_data_three_columns"/>
    <testcase time="0.00599999999999934" classname="get_filter_call_datasets" name="get_filter_call_data_non_empty_filter_as_NA_is_not_selected_and_there_are_missings"/>
    <testcase time="0.00400000000000045" classname="get_filter_call_datasets" name="get_filter_call_FALSE_if_empty_selection_for_single"/>
    <testcase time="0.00600000000000023" classname="get_filter_call_datasets" name="get_filter_call_data_all_factor_levels_and_integer"/>
    <testcase time="0.00699999999999967" classname="get_filter_call_datasets" name="get_filter_call_data_empty_filter_as_all_levels_and_NA_for_DCSREAS_are_selected"/>
    <testcase time="0.00999999999999979" classname="get_filter_call_datasets" name="get_filter_call_data_empty_as_all_levels_for_SEX_are_selected_no_missings"/>
    <testcase time="0.00699999999999967" classname="get_filter_call_datasets" name="get_filter_call_skip_if_all_selected_for_single_variable"/>
    <testcase time="0.00800000000000001" classname="get_filter_call_datasets" name="get_filter_call_skip_if_all_selected_for_multiple_variables"/>
    <testcase time="0.00800000000000001" classname="get_filter_call_datasets" name="get_filter_call_skip_if_all_selected_for_multiple_variables_3_vars"/>
  </testsuite>
  <testsuite name="input_checks" timestamp="2023-07-17T11:52:05Z" hostname="f874086f7365" tests="5" skipped="0" failures="0" errors="0" time="0.029">
    <testcase time="0.0120000000000005" classname="input_checks" name="check_no_multiple_selection_works"/>
    <testcase time="0.00499999999999989" classname="input_checks" name="check_no_multiple_selection_works"/>
    <testcase time="0.00399999999999956" classname="input_checks" name="check_no_multiple_selection_works"/>
    <testcase time="0.00499999999999989" classname="input_checks" name="list_extract_spec_works"/>
    <testcase time="0.00300000000000011" classname="input_checks" name="list_extract_spec_works"/>
  </testsuite>
  <testsuite name="merge_expression_module" timestamp="2023-07-17T11:52:05Z" hostname="f874086f7365" tests="7" skipped="0" failures="0" errors="0" time="0.105">
    <testcase time="0.0180000000000007" classname="merge_expression_module" name="merge_expression_module_accepts_a_list_of_data_extract_spec_a_list_of_reactive_data_frames_and_a_join_keys"/>
    <testcase time="0.00999999999999979" classname="merge_expression_module" name="merge_expression_module_returns_a_reactive_containing_a_list"/>
    <testcase time="0.0339999999999998" classname="merge_expression_module" name="merge_expression_module_returns_a_reactive_containing_a_list"/>
    <testcase time="0.00600000000000023" classname="merge_expression_module" name="merge_expression_module_returns_a_reactive_containing_a_list"/>
    <testcase time="0.0110000000000001" classname="merge_expression_module" name="merge_expression_module_works_if_list_some_elements_of_the_list_are_NULL"/>
    <testcase time="0.0129999999999999" classname="merge_expression_module" name="merge_expression_module_throws_error_if_data_extract_is_not_a_list_of_data_extract_spec"/>
    <testcase time="0.0129999999999999" classname="merge_expression_module" name="merge_expression_module_throws_error_if_data_extract_is_not_a_named_list"/>
  </testsuite>
  <testsuite name="merge_expression_srv" timestamp="2023-07-17T11:52:05Z" hostname="f874086f7365" tests="24" skipped="0" failures="0" errors="0" time="0.33">
    <testcase time="0.0190000000000001" classname="merge_expression_srv" name="merge_expression_srv_returns_a_reactive_containing_a_list"/>
    <testcase time="0.00599999999999934" classname="merge_expression_srv" name="merge_expression_srv_returns_a_reactive_containing_a_list"/>
    <testcase time="0.00100000000000033" classname="merge_expression_srv" name="merge_expression_srv_returns_a_reactive_containing_a_list"/>
    <testcase time="0.0179999999999998" classname="merge_expression_srv" name="merge_expression_srv_throws_error_with_missing_selector_list_and_datasets_arguments"/>
    <testcase time="0.0140000000000002" classname="merge_expression_srv" name="merge_expression_srv_throws_error_with_missing_selector_list_and_datasets_arguments"/>
    <testcase time="0.00999999999999979" classname="merge_expression_srv" name="merge_expression_srv_default_merge_function_is_dplyr_full_join"/>
    <testcase time="0.0140000000000002" classname="merge_expression_srv" name="merge_expression_srv_default_anl_name_is_ANL"/>
    <testcase time="0.00999999999999979" classname="merge_expression_srv" name="merge_expression_srv_default_anl_name_is_ANL"/>
    <testcase time="0.0190000000000001" classname="merge_expression_srv" name="merge_expression_srv_throws_error_when_anl_name_is_not_character_or_using_non_allowed_names"/>
    <testcase time="0.016" classname="merge_expression_srv" name="merge_expression_srv_throws_error_when_anl_name_is_not_character_or_using_non_allowed_names"/>
    <testcase time="0.016" classname="merge_expression_srv" name="merge_expression_srv_throws_error_when_anl_name_is_not_character_or_using_non_allowed_names"/>
    <testcase time="0.0170000000000003" classname="merge_expression_srv" name="merge_expression_srv_throws_error_when_anl_name_is_not_character_or_using_non_allowed_names"/>
    <testcase time="0.0179999999999998" classname="merge_expression_srv" name="merge_expression_srv_throws_error_selector_list_is_not_a_list_or_a_reactive"/>
    <testcase time="0.0179999999999998" classname="merge_expression_srv" name="merge_expression_srv_throws_error_selector_list_is_not_a_list_or_a_reactive"/>
    <testcase time="0.0179999999999998" classname="merge_expression_srv" name="merge_expression_srv_throws_error_if_selector_list_is_not_named_list"/>
    <testcase time="0.0150000000000006" classname="merge_expression_srv" name="merge_expression_srv_accepts_reactive_and_character_merge_function"/>
    <testcase time="0.0110000000000001" classname="merge_expression_srv" name="merge_expression_srv_accepts_reactive_and_character_merge_function"/>
    <testcase time="0.0209999999999999" classname="merge_expression_srv" name="merge_expression_srv_returns_merge_expression_when_passing_2_extracts_in_selector_list"/>
    <testcase time="0.00399999999999956" classname="merge_expression_srv" name="merge_expression_srv_returns_merge_expression_when_passing_2_extracts_in_selector_list"/>
    <testcase time="0.00100000000000033" classname="merge_expression_srv" name="merge_expression_srv_returns_merge_expression_when_passing_2_extracts_in_selector_list"/>
    <testcase time="0.0209999999999999" classname="merge_expression_srv" name="merge_expression_srv_throws_error_if_datasets_is_not_a_named_list"/>
    <testcase time="0.024" classname="merge_expression_srv" name="merge_expression_srv_throws_error_if_join_keys_is_not_a_JoinKeys_object"/>
    <testcase time="0.0110000000000001" classname="merge_expression_srv" name="merge_expression_srv_accepts_a_list_of_reactive_data.frames_for_datasets_argument"/>
    <testcase time="0.00800000000000001" classname="merge_expression_srv" name="merge_expression_srv_accepts_a_list_of_reactive_data.frames_for_datasets_argument"/>
  </testsuite>
  <testsuite name="merge_utils" timestamp="2023-07-17T11:52:06Z" hostname="f874086f7365" tests="36" skipped="0" failures="0" errors="0" time="0.152">
    <testcase time="0.0110000000000001" classname="merge_utils" name="merge_selectors_makes_no_changes_when_single_selector_is_provided"/>
    <testcase time="0.00499999999999989" classname="merge_utils" name="merge_selectors_combines_two_selectors_into_one_if_dataname_filters_keys_reshape_are_identical"/>
    <testcase time="0.00599999999999934" classname="merge_utils" name="merge_selectors_combines_two_selectorsdespite_duplicated_internal_id"/>
    <testcase time="0.00600000000000023" classname="merge_utils" name="Two_pairs_of_selectors_combined_into_two_selectors"/>
    <testcase time="0.00499999999999989" classname="merge_utils" name="merge_does_not_merge_when_reshape_differs"/>
    <testcase time="0.00499999999999989" classname="merge_utils" name="merge_does_not_merge_when_filters_differs"/>
    <testcase time="0.00499999999999989" classname="merge_utils" name="get_merge_key_pair_works"/>
    <testcase time="0.00100000000000033" classname="merge_utils" name="get_merge_key_pair_works"/>
    <testcase time="0.00199999999999978" classname="merge_utils" name="get_merge_key_pair_works"/>
    <testcase time="0.00199999999999978" classname="merge_utils" name="get_merge_key_pair_works"/>
    <testcase time="0.00200000000000067" classname="merge_utils" name="get_merge_key_pair_works"/>
    <testcase time="0.000999999999999446" classname="merge_utils" name="get_merge_key_pair_works"/>
    <testcase time="0.00199999999999978" classname="merge_utils" name="get_merge_key_pair_works"/>
    <testcase time="0.00200000000000067" classname="merge_utils" name="get_merge_key_pair_works"/>
    <testcase time="0.00199999999999978" classname="merge_utils" name="get_merge_key_pair_works"/>
    <testcase time="0.00100000000000033" classname="merge_utils" name="get_merge_key_pair_works"/>
    <testcase time="0.00199999999999978" classname="merge_utils" name="get_merge_key_pair_works"/>
    <testcase time="0.00199999999999978" classname="merge_utils" name="get_merge_key_pair_works"/>
    <testcase time="0.00199999999999978" classname="merge_utils" name="get_merge_key_pair_works"/>
    <testcase time="0.00200000000000067" classname="merge_utils" name="get_merge_key_pair_works"/>
    <testcase time="0.000999999999999446" classname="merge_utils" name="get_merge_key_pair_works"/>
    <testcase time="0.00199999999999978" classname="merge_utils" name="get_merge_key_pair_works"/>
    <testcase time="0.00500000000000078" classname="merge_utils" name="get_merge_call"/>
    <testcase time="0.00499999999999989" classname="merge_utils" name="get_merge_call"/>
    <testcase time="0.00800000000000001" classname="merge_utils" name="get_merge_call"/>
    <testcase time="0.00699999999999967" classname="merge_utils" name="get_merge_call"/>
    <testcase time="0.00499999999999989" classname="merge_utils" name="get_relabel_call"/>
    <testcase time="0.00100000000000033" classname="merge_utils" name="get_relabel_call"/>
    <testcase time="0.000999999999999446" classname="merge_utils" name="get_relabel_call"/>
    <testcase time="0.00700000000000056" classname="merge_utils" name="are_all_keys_provided_returns_TRUE_if_merged_selector_list_has_a_single_element"/>
    <testcase time="0.00699999999999967" classname="merge_utils" name="are_all_keys_provided_returns_FALSE_if_slices_come_from_the_same_dataset_and_the_dataset_has_no_join_keys"/>
    <testcase time="0.00699999999999967" classname="merge_utils" name="are_all_keys_provided_returns_TRUE_if_two_slices_come_from_the_same_dataset_and_the_dataset_has_the_join_keys"/>
    <testcase time="0.00600000000000023" classname="merge_utils" name="are_all_keys_provided_returns_TRUE_if_no_slices_are_passed"/>
    <testcase time="0.00800000000000001" classname="merge_utils" name="are_all_keys_provided_returns_TRUE_if_three_slices_from_different_datasets_are_provided_and_have_the_join_keys"/>
    <testcase time="0.00700000000000056" classname="merge_utils" name="validate_keys_sufficient_returns_TRUE_for_empty_inputs"/>
    <testcase time="0.00899999999999945" classname="merge_utils" name="validate_keys_sufficient_raises_an_error_for_two_slices_with_no_join_keys"/>
  </testsuite>
  <testsuite name="resolve" timestamp="2023-07-17T11:52:06Z" hostname="f874086f7365" tests="18" skipped="0" failures="0" errors="0" time="0.219">
    <testcase time="0.0600000000000005" classname="resolve" name="resolve_delayed_expr_works_correctly"/>
    <testcase time="0.00499999999999989" classname="resolve" name="resolve_delayed_expr_works_correctly"/>
    <testcase time="0.00599999999999934" classname="resolve" name="resolve_delayed_expr_works_correctly"/>
    <testcase time="0.00500000000000078" classname="resolve" name="resolve_delayed_expr_works_correctly"/>
    <testcase time="0.00499999999999989" classname="resolve" name="resolve_delayed_expr_works_correctly"/>
    <testcase time="0.00599999999999934" classname="resolve" name="resolve_delayed_expr_works_correctly"/>
    <testcase time="0.00500000000000078" classname="resolve" name="resolve_delayed_expr_works_correctly"/>
    <testcase time="0.000999999999999446" classname="resolve" name="resolve_delayed_expr_works_correctly"/>
    <testcase time="0.00199999999999978" classname="resolve" name="resolve_delayed_expr_works_correctly"/>
    <testcase time="0.056" classname="resolve" name="resolve.list_works_correctly"/>
    <testcase time="0.0120000000000005" classname="resolve" name="resolving_delayed_choices_removes_selected_not_in_choices_and_give_a_log_output"/>
    <testcase time="0.00300000000000011" classname="resolve" name="resolving_delayed_choices_removes_selected_not_in_choices_and_give_a_log_output"/>
    <testcase time="0.00999999999999979" classname="resolve" name="resolve_throws_error_with_non_reactive_data.frames_or_unnamed_list_as_input_to_datasets"/>
    <testcase time="0.00800000000000001" classname="resolve" name="resolve_throws_error_with_non_reactive_data.frames_or_unnamed_list_as_input_to_datasets"/>
    <testcase time="0.00999999999999979" classname="resolve" name="resolve_throws_error_with_unnamed_list_or_wrong_names_as_input_to_keys"/>
    <testcase time="0.00700000000000056" classname="resolve" name="resolve_throws_error_with_unnamed_list_or_wrong_names_as_input_to_keys"/>
    <testcase time="0.0119999999999996" classname="resolve" name="resolve_throws_error_with_missing_arguments"/>
    <testcase time="0.00600000000000023" classname="resolve" name="resolve_throws_error_with_missing_arguments"/>
  </testsuite>
  <testsuite name="resolve_delayed" timestamp="2023-07-17T11:52:06Z" hostname="f874086f7365" tests="14" skipped="0" failures="0" errors="0" time="0.398">
    <testcase time="0.0389999999999997" classname="resolve_delayed" name="resolve_delayed_expr_works_correctly"/>
    <testcase time="0.00600000000000023" classname="resolve_delayed" name="resolve_delayed_expr_works_correctly"/>
    <testcase time="0.00499999999999989" classname="resolve_delayed" name="resolve_delayed_expr_works_correctly"/>
    <testcase time="0.00499999999999989" classname="resolve_delayed" name="resolve_delayed_expr_works_correctly"/>
    <testcase time="0.00499999999999989" classname="resolve_delayed" name="resolve_delayed_expr_works_correctly"/>
    <testcase time="0.00499999999999989" classname="resolve_delayed" name="resolve_delayed_expr_works_correctly"/>
    <testcase time="0.00600000000000023" classname="resolve_delayed" name="resolve_delayed_expr_works_correctly"/>
    <testcase time="0.00100000000000033" classname="resolve_delayed" name="resolve_delayed_expr_works_correctly"/>
    <testcase time="0.000999999999999446" classname="resolve_delayed" name="resolve_delayed_expr_works_correctly"/>
    <testcase time="0.104000000000001" classname="resolve_delayed" name="resolve_delayed.FilteredData_works_correctly"/>
    <testcase time="0.103" classname="resolve_delayed" name="resolve_delayed.list_works_correctly_with_reactive_objects"/>
    <testcase time="0.0990000000000002" classname="resolve_delayed" name="resolve_delayed.list_works_correctly_with_non_reactive_objects"/>
    <testcase time="0.0149999999999988" classname="resolve_delayed" name="resolving_delayed_choices_removes_selected_not_in_choices_and_give_a_log_output"/>
    <testcase time="0.00400000000000134" classname="resolve_delayed" name="resolving_delayed_choices_removes_selected_not_in_choices_and_give_a_log_output"/>
  </testsuite>
  <testsuite name="select_spec" timestamp="2023-07-17T11:52:06Z" hostname="f874086f7365" tests="59" skipped="0" failures="0" errors="1" time="0.251">
    <testcase time="0.00899999999999856" classname="select_spec" name="Proper_argument_types"/>
    <testcase time="0.00500000000000078" classname="select_spec" name="Proper_argument_types"/>
    <testcase time="0.00500000000000078" classname="select_spec" name="Proper_argument_types"/>
    <testcase time="0.00499999999999901" classname="select_spec" name="Proper_argument_types"/>
    <testcase time="0.00500000000000078" classname="select_spec" name="Proper_argument_types"/>
    <testcase time="0.00600000000000023" classname="select_spec" name="Proper_argument_types"/>
    <testcase time="0.00499999999999901" classname="select_spec" name="Proper_argument_types"/>
    <testcase time="0.00500000000000078" classname="select_spec" name="Single_choice"/>
    <testcase time="0.00199999999999889" classname="select_spec" name="Single_choice"/>
    <testcase time="0.00100000000000122" classname="select_spec" name="Single_choice"/>
    <testcase time="0.000999999999999446" classname="select_spec" name="Single_choice"/>
    <testcase time="0.000999999999999446" classname="select_spec" name="Single_choice"/>
    <testcase time="0.00100000000000122" classname="select_spec" name="Single_choice"/>
    <testcase time="0.00399999999999956" classname="select_spec" name="Single_choice"/>
    <testcase time="0.00699999999999967" classname="select_spec" name="Single_choice"/>
    <testcase time="0.00300000000000011" classname="select_spec" name="Single_choice"/>
    <testcase time="0.00399999999999956" classname="select_spec" name="Single_choice"/>
    <testcase time="0.00200000000000067" classname="select_spec" name="Single_choice"/>
    <testcase time="0.000999999999999446" classname="select_spec" name="Single_choice"/>
    <testcase time="0.000999999999999446" classname="select_spec" name="Single_choice"/>
    <testcase time="0.00100000000000122" classname="select_spec" name="Single_choice"/>
    <testcase time="0.00300000000000011" classname="select_spec" name="Single_choice"/>
    <testcase time="0.00399999999999956" classname="select_spec" name="Single_choice"/>
    <testcase time="0.000999999999999446" classname="select_spec" name="Single_choice"/>
    <testcase time="0.0080000000000009" classname="select_spec" name="Multiple_choices"/>
    <testcase time="0.00199999999999889" classname="select_spec" name="Multiple_choices"/>
    <testcase time="0.00200000000000067" classname="select_spec" name="Multiple_choices"/>
    <testcase time="0.000999999999999446" classname="select_spec" name="Multiple_choices"/>
    <testcase time="0.00100000000000122" classname="select_spec" name="Multiple_choices"/>
    <testcase time="0.000999999999999446" classname="select_spec" name="Multiple_choices"/>
    <testcase time="0.000999999999999446" classname="select_spec" name="Multiple_choices"/>
    <testcase time="0.00399999999999956" classname="select_spec" name="Multiple_choices"/>
    <testcase time="0.00300000000000011" classname="select_spec" name="Multiple_choices"/>
    <testcase time="0.00400000000000134" classname="select_spec" name="Multiple_choices"/>
    <testcase time="0.00300000000000011" classname="select_spec" name="Multiple_choices"/>
    <testcase time="0.000999999999999446" classname="select_spec" name="Multiple_choices"/>
    <testcase time="0.00600000000000023" classname="select_spec" name="resolve_select_spec_works"/>
    <testcase time="0.000999999999999446" classname="select_spec" name="resolve_select_spec_works"/>
    <testcase time="0.00399999999999956" classname="select_spec" name="resolve_select_spec_works"/>
    <testcase time="0.00500000000000078" classname="select_spec" name="delayed_version_of_select_spec"/>
    <testcase time="0.00900000000000034" classname="select_spec" name="delayed_version_of_select_spec"/>
    <testcase time="0.00199999999999889" classname="select_spec" name="delayed_version_of_select_spec"/>
    <testcase time="0.00500000000000078" classname="select_spec" name="delayed_version_of_select_spec"/>
    <testcase time="0.00499999999999901" classname="select_spec" name="all_choices_passed_to_selected_is_the_same_as_passing_all_choices"/>
    <testcase time="0.00700000000000145" classname="select_spec" name="multiple_is_set_to_TRUE_if_all_choices_is_passed_to_selected"/>
    <testcase time="0.00799999999999912" classname="select_spec" name="multiple_is_set_to_TRUE_if_all_choices_is_passed_to_selected"/>
    <testcase time="0.00399999999999956" classname="select_spec" name="default_values"/>
    <testcase time="0.00400000000000134" classname="select_spec" name="default_values"/>
    <testcase time="0.00300000000000011" classname="select_spec" name="default_values"/>
    <testcase time="0.00399999999999956" classname="select_spec" name="default_values"/>
    <testcase time="0.00300000000000011" classname="select_spec" name="default_values"/>
    <testcase time="0.000999999999999446" classname="select_spec" name="default_values"/>
    <testcase time="0.00600000000000023" classname="select_spec" name="resolve_delayed_select_spec_works_resolve_delayed"/>
    <testcase time="0.000999999999999446" classname="select_spec" name="resolve_delayed_select_spec_works_resolve_delayed"/>
    <testcase time="0.00500000000000078" classname="select_spec" name="resolve_delayed_select_spec_works_resolve_delayed">
      <error type="error" message="Error in `teal.slice::init_filtered_data(list(ADSL = list(dataset = ADSL,  ('test-select_spec.R:245:3')">Error in `teal.slice::init_filtered_data(list(ADSL = list(dataset = ADSL, 
    parent = character(0), keys = c("USUBJID", "SUBJID"))), cdisc = TRUE)`: unused argument (cdisc = TRUE)</error>
    </testcase>
    <testcase time="0.036999999999999" classname="select_spec" name="delayed_version_of_select_spec_resolve_delayed"/>
    <testcase time="0.00900000000000034" classname="select_spec" name="delayed_version_of_select_spec_resolve_delayed"/>
    <testcase time="0.00200000000000067" classname="select_spec" name="delayed_version_of_select_spec_resolve_delayed"/>
    <testcase time="0.00699999999999967" classname="select_spec" name="delayed_version_of_select_spec_resolve_delayed"/>
  </testsuite>
  <testsuite name="value_choices" timestamp="2023-07-17T11:52:07Z" hostname="f874086f7365" tests="21" skipped="0" failures="0" errors="0" time="0.238">
    <testcase time="0.0190000000000001" classname="value_choices" name="Will_output_warnings_when_value_choices_applied_on_datasets_with_missing_values_and_or_labels"/>
    <testcase time="0.00600000000000023" classname="value_choices" name="Will_output_warnings_when_value_choices_applied_on_datasets_with_missing_values_and_or_labels"/>
    <testcase time="0.00699999999999967" classname="value_choices" name="Will_output_warnings_when_value_choices_applied_on_datasets_with_missing_values_and_or_labels"/>
    <testcase time="0.00699999999999967" classname="value_choices" name="Will_output_warnings_when_value_choices_applied_on_datasets_with_missing_values_and_or_labels"/>
    <testcase time="0.00600000000000023" classname="value_choices" name="Will_output_warnings_when_value_choices_applied_on_datasets_with_missing_values_and_or_labels"/>
    <testcase time="0.00600000000000023" classname="value_choices" name="Will_output_warnings_when_value_choices_applied_on_datasets_with_missing_values_and_or_labels"/>
    <testcase time="0.00499999999999901" classname="value_choices" name="Will_output_warnings_when_value_choices_applied_on_datasets_with_missing_values_and_or_labels"/>
    <testcase time="0.00600000000000023" classname="value_choices" name="Will_output_warnings_when_value_choices_applied_on_datasets_with_missing_values_and_or_labels"/>
    <testcase time="0.00500000000000078" classname="value_choices" name="Will_output_warnings_when_value_choices_applied_on_datasets_with_missing_values_and_or_labels"/>
    <testcase time="0.00499999999999901" classname="value_choices" name="delayed_version_of_value_choices"/>
    <testcase time="0.0200000000000014" classname="value_choices" name="delayed_version_of_value_choices"/>
    <testcase time="0.00199999999999889" classname="value_choices" name="delayed_version_of_value_choices"/>
    <testcase time="0.0190000000000001" classname="value_choices" name="delayed_version_of_value_choices"/>
    <testcase time="0.00200000000000067" classname="value_choices" name="delayed_version_of_value_choices"/>
    <testcase time="0.0239999999999991" classname="value_choices" name="delayed_version_of_value_choices"/>
    <testcase time="0.0289999999999999" classname="value_choices" name="delayed_version_of_value_choices_resolve_delayed"/>
    <testcase time="0.0199999999999996" classname="value_choices" name="delayed_version_of_value_choices_resolve_delayed"/>
    <testcase time="0.00200000000000067" classname="value_choices" name="delayed_version_of_value_choices_resolve_delayed"/>
    <testcase time="0.020999999999999" classname="value_choices" name="delayed_version_of_value_choices_resolve_delayed"/>
    <testcase time="0.000999999999999446" classname="value_choices" name="delayed_version_of_value_choices_resolve_delayed"/>
    <testcase time="0.0259999999999998" classname="value_choices" name="delayed_version_of_value_choices_resolve_delayed"/>
  </testsuite>
  <testsuite name="variable_choices" timestamp="2023-07-17T11:52:07Z" hostname="f874086f7365" tests="15" skipped="0" failures="0" errors="0" time="0.095">
    <testcase time="0.0080000000000009" classname="variable_choices" name="Can_create_variable_choices_with_datasets_with_no_or_missing_labels"/>
    <testcase time="0.00300000000000011" classname="variable_choices" name="Can_create_variable_choices_with_datasets_with_no_or_missing_labels"/>
    <testcase time="0.000999999999999446" classname="variable_choices" name="Can_create_variable_choices_with_datasets_with_no_or_missing_labels"/>
    <testcase time="0.00500000000000078" classname="variable_choices" name="delayed_version_of_variable_choices"/>
    <testcase time="0.00499999999999901" classname="variable_choices" name="delayed_version_of_variable_choices"/>
    <testcase time="0.00200000000000067" classname="variable_choices" name="delayed_version_of_variable_choices"/>
    <testcase time="0.00399999999999956" classname="variable_choices" name="delayed_version_of_variable_choices"/>
    <testcase time="0.00100000000000122" classname="variable_choices" name="delayed_version_of_variable_choices"/>
    <testcase time="0.00399999999999956" classname="variable_choices" name="delayed_version_of_variable_choices"/>
    <testcase time="0.0289999999999999" classname="variable_choices" name="delayed_version_of_variable_choices_resolve_delayed"/>
    <testcase time="0.00600000000000023" classname="variable_choices" name="delayed_version_of_variable_choices_resolve_delayed"/>
    <testcase time="0.000999999999999446" classname="variable_choices" name="delayed_version_of_variable_choices_resolve_delayed"/>
    <testcase time="0.00600000000000023" classname="variable_choices" name="delayed_version_of_variable_choices_resolve_delayed"/>
    <testcase time="0.000999999999999446" classname="variable_choices" name="delayed_version_of_variable_choices_resolve_delayed"/>
    <testcase time="0.0190000000000001" classname="variable_choices" name="delayed_version_of_variable_choices_resolve_delayed"/>
  </testsuite>
</testsuites>
