<?xml version="1.0" encoding="UTF-8"?>
<!DOCTYPE coverage SYSTEM "https://raw.githubusercontent.com/cobertura/cobertura/master/cobertura/src/site/htdocs/xml/coverage-04.dtd">
<coverage line-rate="0.830750893921335" branch-rate="0" lines-covered="2788" lines-valid="3356" branches-covered="0" branches-valid="0" complexity="0" version="3.6.4" timestamp="2025-10-30 15:01:12.281056">
  <sources>
    <source>/__w/teal.transform/teal.transform/teal.transform</source>
  </sources>
  <packages>
    <package name="teal.transform" line-rate="0.830750893921335" branch-rate="0" complexity="0">
      <classes>
        <class name="0-as_picks.R" filename="R/0-as_picks.R" line-rate="0.393700787401575" branch-rate="0" complexity="0">
          <methods>
            <method name="as.picks" signature="" line-rate="0.954545454545455" branch-rate="0" complexity="0">
              <lines>
                <line number="55" hits="14" branch="false"/>
                <line number="56" hits="0" branch="false"/>
                <line number="57" hits="14" branch="false"/>
                <line number="58" hits="1" branch="false"/>
                <line number="59" hits="13" branch="false"/>
                <line number="60" hits="3" branch="false"/>
                <line number="61" hits="3" branch="false"/>
                <line number="62" hits="3" branch="false"/>
                <line number="63" hits="3" branch="false"/>
                <line number="64" hits="3" branch="false"/>
                <line number="65" hits="3" branch="false"/>
                <line number="69" hits="3" branch="false"/>
                <line number="70" hits="3" branch="false"/>
                <line number="71" hits="3" branch="false"/>
                <line number="72" hits="10" branch="false"/>
                <line number="73" hits="6" branch="false"/>
                <line number="74" hits="4" branch="false"/>
                <line number="76" hits="1" branch="false"/>
                <line number="77" hits="1" branch="false"/>
                <line number="78" hits="1" branch="false"/>
                <line number="79" hits="1" branch="false"/>
                <line number="81" hits="1" branch="false"/>
              </lines>
            </method>
            <method name="teal_transform_filter" signature="" line-rate="0" branch-rate="0" complexity="0">
              <lines>
                <line number="113" hits="0" branch="false"/>
                <line number="114" hits="0" branch="false"/>
                <line number="115" hits="0" branch="false"/>
                <line number="117" hits="0" branch="false"/>
                <line number="118" hits="0" branch="false"/>
                <line number="119" hits="0" branch="false"/>
                <line number="120" hits="0" branch="false"/>
                <line number="121" hits="0" branch="false"/>
                <line number="122" hits="0" branch="false"/>
                <line number="123" hits="0" branch="false"/>
                <line number="124" hits="0" branch="false"/>
                <line number="125" hits="0" branch="false"/>
                <line number="126" hits="0" branch="false"/>
                <line number="127" hits="0" branch="false"/>
                <line number="128" hits="0" branch="false"/>
                <line number="129" hits="0" branch="false"/>
                <line number="130" hits="0" branch="false"/>
                <line number="131" hits="0" branch="false"/>
                <line number="132" hits="0" branch="false"/>
                <line number="133" hits="0" branch="false"/>
                <line number="134" hits="0" branch="false"/>
                <line number="135" hits="0" branch="false"/>
                <line number="136" hits="0" branch="false"/>
                <line number="137" hits="0" branch="false"/>
                <line number="138" hits="0" branch="false"/>
              </lines>
            </method>
            <method name=".as.picks.filter" signature="" line-rate="0" branch-rate="0" complexity="0">
              <lines>
                <line number="143" hits="0" branch="false"/>
                <line number="144" hits="0" branch="false"/>
                <line number="145" hits="0" branch="false"/>
                <line number="146" hits="0" branch="false"/>
                <line number="147" hits="0" branch="false"/>
                <line number="148" hits="0" branch="false"/>
                <line number="149" hits="0" branch="false"/>
                <line number="151" hits="0" branch="false"/>
                <line number="152" hits="0" branch="false"/>
                <line number="153" hits="0" branch="false"/>
                <line number="154" hits="0" branch="false"/>
                <line number="155" hits="0" branch="false"/>
                <line number="156" hits="0" branch="false"/>
                <line number="158" hits="0" branch="false"/>
                <line number="159" hits="0" branch="false"/>
                <line number="160" hits="0" branch="false"/>
                <line number="161" hits="0" branch="false"/>
                <line number="162" hits="0" branch="false"/>
                <line number="163" hits="0" branch="false"/>
                <line number="164" hits="0" branch="false"/>
                <line number="165" hits="0" branch="false"/>
                <line number="166" hits="0" branch="false"/>
                <line number="167" hits="0" branch="false"/>
                <line number="168" hits="0" branch="false"/>
                <line number="169" hits="0" branch="false"/>
                <line number="170" hits="0" branch="false"/>
                <line number="171" hits="0" branch="false"/>
              </lines>
            </method>
            <method name=".make_filter_call" signature="" line-rate="0" branch-rate="0" complexity="0">
              <lines>
                <line number="176" hits="0" branch="false"/>
                <line number="177" hits="0" branch="false"/>
                <line number="178" hits="0" branch="false"/>
                <line number="179" hits="0" branch="false"/>
                <line number="180" hits="0" branch="false"/>
                <line number="181" hits="0" branch="false"/>
                <line number="182" hits="0" branch="false"/>
                <line number="183" hits="0" branch="false"/>
                <line number="184" hits="0" branch="false"/>
                <line number="185" hits="0" branch="false"/>
                <line number="186" hits="0" branch="false"/>
                <line number="187" hits="0" branch="false"/>
                <line number="188" hits="0" branch="false"/>
                <line number="189" hits="0" branch="false"/>
                <line number="190" hits="0" branch="false"/>
                <line number="191" hits="0" branch="false"/>
                <line number="192" hits="0" branch="false"/>
                <line number="193" hits="0" branch="false"/>
                <line number="194" hits="0" branch="false"/>
                <line number="195" hits="0" branch="false"/>
                <line number="196" hits="0" branch="false"/>
              </lines>
            </method>
            <method name=".select_spec_to_variables" signature="" line-rate="0.90625" branch-rate="0" complexity="0">
              <lines>
                <line number="200" hits="6" branch="false"/>
                <line number="201" hits="6" branch="false"/>
                <line number="202" hits="6" branch="false"/>
                <line number="203" hits="3" branch="false"/>
                <line number="204" hits="3" branch="false"/>
                <line number="205" hits="1" branch="false"/>
                <line number="206" hits="6" branch="false"/>
                <line number="207" hits="2" branch="false"/>
                <line number="208" hits="2" branch="false"/>
                <line number="209" hits="6" branch="false"/>
                <line number="210" hits="6" branch="false"/>
                <line number="211" hits="3" branch="false"/>
                <line number="212" hits="6" branch="false"/>
                <line number="213" hits="6" branch="false"/>
                <line number="214" hits="0" branch="false"/>
                <line number="215" hits="0" branch="false"/>
                <line number="216" hits="0" branch="false"/>
                <line number="217" hits="6" branch="false"/>
                <line number="218" hits="3" branch="false"/>
                <line number="219" hits="3" branch="false"/>
                <line number="220" hits="1" branch="false"/>
                <line number="221" hits="6" branch="false"/>
                <line number="222" hits="2" branch="false"/>
                <line number="223" hits="2" branch="false"/>
                <line number="224" hits="6" branch="false"/>
                <line number="225" hits="6" branch="false"/>
                <line number="226" hits="3" branch="false"/>
                <line number="227" hits="6" branch="false"/>
                <line number="228" hits="6" branch="false"/>
                <line number="229" hits="6" branch="false"/>
                <line number="230" hits="6" branch="false"/>
                <line number="231" hits="6" branch="false"/>
              </lines>
            </method>
          </methods>
          <lines>
            <line number="55" hits="14" branch="false"/>
            <line number="56" hits="0" branch="false"/>
            <line number="57" hits="14" branch="false"/>
            <line number="58" hits="1" branch="false"/>
            <line number="59" hits="13" branch="false"/>
            <line number="60" hits="3" branch="false"/>
            <line number="61" hits="3" branch="false"/>
            <line number="62" hits="3" branch="false"/>
            <line number="63" hits="3" branch="false"/>
            <line number="64" hits="3" branch="false"/>
            <line number="65" hits="3" branch="false"/>
            <line number="69" hits="3" branch="false"/>
            <line number="70" hits="3" branch="false"/>
            <line number="71" hits="3" branch="false"/>
            <line number="72" hits="10" branch="false"/>
            <line number="73" hits="6" branch="false"/>
            <line number="74" hits="4" branch="false"/>
            <line number="76" hits="1" branch="false"/>
            <line number="77" hits="1" branch="false"/>
            <line number="78" hits="1" branch="false"/>
            <line number="79" hits="1" branch="false"/>
            <line number="81" hits="1" branch="false"/>
            <line number="113" hits="0" branch="false"/>
            <line number="114" hits="0" branch="false"/>
            <line number="115" hits="0" branch="false"/>
            <line number="117" hits="0" branch="false"/>
            <line number="118" hits="0" branch="false"/>
            <line number="119" hits="0" branch="false"/>
            <line number="120" hits="0" branch="false"/>
            <line number="121" hits="0" branch="false"/>
            <line number="122" hits="0" branch="false"/>
            <line number="123" hits="0" branch="false"/>
            <line number="124" hits="0" branch="false"/>
            <line number="125" hits="0" branch="false"/>
            <line number="126" hits="0" branch="false"/>
            <line number="127" hits="0" branch="false"/>
            <line number="128" hits="0" branch="false"/>
            <line number="129" hits="0" branch="false"/>
            <line number="130" hits="0" branch="false"/>
            <line number="131" hits="0" branch="false"/>
            <line number="132" hits="0" branch="false"/>
            <line number="133" hits="0" branch="false"/>
            <line number="134" hits="0" branch="false"/>
            <line number="135" hits="0" branch="false"/>
            <line number="136" hits="0" branch="false"/>
            <line number="137" hits="0" branch="false"/>
            <line number="138" hits="0" branch="false"/>
            <line number="143" hits="0" branch="false"/>
            <line number="144" hits="0" branch="false"/>
            <line number="145" hits="0" branch="false"/>
            <line number="146" hits="0" branch="false"/>
            <line number="147" hits="0" branch="false"/>
            <line number="148" hits="0" branch="false"/>
            <line number="149" hits="0" branch="false"/>
            <line number="151" hits="0" branch="false"/>
            <line number="152" hits="0" branch="false"/>
            <line number="153" hits="0" branch="false"/>
            <line number="154" hits="0" branch="false"/>
            <line number="155" hits="0" branch="false"/>
            <line number="156" hits="0" branch="false"/>
            <line number="158" hits="0" branch="false"/>
            <line number="159" hits="0" branch="false"/>
            <line number="160" hits="0" branch="false"/>
            <line number="161" hits="0" branch="false"/>
            <line number="162" hits="0" branch="false"/>
            <line number="163" hits="0" branch="false"/>
            <line number="164" hits="0" branch="false"/>
            <line number="165" hits="0" branch="false"/>
            <line number="166" hits="0" branch="false"/>
            <line number="167" hits="0" branch="false"/>
            <line number="168" hits="0" branch="false"/>
            <line number="169" hits="0" branch="false"/>
            <line number="170" hits="0" branch="false"/>
            <line number="171" hits="0" branch="false"/>
            <line number="176" hits="0" branch="false"/>
            <line number="177" hits="0" branch="false"/>
            <line number="178" hits="0" branch="false"/>
            <line number="179" hits="0" branch="false"/>
            <line number="180" hits="0" branch="false"/>
            <line number="181" hits="0" branch="false"/>
            <line number="182" hits="0" branch="false"/>
            <line number="183" hits="0" branch="false"/>
            <line number="184" hits="0" branch="false"/>
            <line number="185" hits="0" branch="false"/>
            <line number="186" hits="0" branch="false"/>
            <line number="187" hits="0" branch="false"/>
            <line number="188" hits="0" branch="false"/>
            <line number="189" hits="0" branch="false"/>
            <line number="190" hits="0" branch="false"/>
            <line number="191" hits="0" branch="false"/>
            <line number="192" hits="0" branch="false"/>
            <line number="193" hits="0" branch="false"/>
            <line number="194" hits="0" branch="false"/>
            <line number="195" hits="0" branch="false"/>
            <line number="196" hits="0" branch="false"/>
            <line number="200" hits="6" branch="false"/>
            <line number="201" hits="6" branch="false"/>
            <line number="202" hits="6" branch="false"/>
            <line number="203" hits="3" branch="false"/>
            <line number="204" hits="3" branch="false"/>
            <line number="205" hits="1" branch="false"/>
            <line number="206" hits="6" branch="false"/>
            <line number="207" hits="2" branch="false"/>
            <line number="208" hits="2" branch="false"/>
            <line number="209" hits="6" branch="false"/>
            <line number="210" hits="6" branch="false"/>
            <line number="211" hits="3" branch="false"/>
            <line number="212" hits="6" branch="false"/>
            <line number="213" hits="6" branch="false"/>
            <line number="214" hits="0" branch="false"/>
            <line number="215" hits="0" branch="false"/>
            <line number="216" hits="0" branch="false"/>
            <line number="217" hits="6" branch="false"/>
            <line number="218" hits="3" branch="false"/>
            <line number="219" hits="3" branch="false"/>
            <line number="220" hits="1" branch="false"/>
            <line number="221" hits="6" branch="false"/>
            <line number="222" hits="2" branch="false"/>
            <line number="223" hits="2" branch="false"/>
            <line number="224" hits="6" branch="false"/>
            <line number="225" hits="6" branch="false"/>
            <line number="226" hits="3" branch="false"/>
            <line number="227" hits="6" branch="false"/>
            <line number="228" hits="6" branch="false"/>
            <line number="229" hits="6" branch="false"/>
            <line number="230" hits="6" branch="false"/>
            <line number="231" hits="6" branch="false"/>
          </lines>
        </class>
        <class name="0-badge_dropdown.R" filename="R/0-badge_dropdown.R" line-rate="0" branch-rate="0" complexity="0">
          <methods>
            <method name="badge_dropdown" signature="" line-rate="0" branch-rate="0" complexity="0">
              <lines>
                <line number="13" hits="0" branch="false"/>
                <line number="14" hits="0" branch="false"/>
                <line number="15" hits="0" branch="false"/>
                <line number="16" hits="0" branch="false"/>
                <line number="17" hits="0" branch="false"/>
                <line number="18" hits="0" branch="false"/>
                <line number="19" hits="0" branch="false"/>
                <line number="20" hits="0" branch="false"/>
                <line number="21" hits="0" branch="false"/>
                <line number="22" hits="0" branch="false"/>
                <line number="23" hits="0" branch="false"/>
                <line number="24" hits="0" branch="false"/>
                <line number="25" hits="0" branch="false"/>
                <line number="26" hits="0" branch="false"/>
                <line number="27" hits="0" branch="false"/>
                <line number="28" hits="0" branch="false"/>
                <line number="29" hits="0" branch="false"/>
                <line number="30" hits="0" branch="false"/>
                <line number="31" hits="0" branch="false"/>
                <line number="32" hits="0" branch="false"/>
                <line number="33" hits="0" branch="false"/>
                <line number="34" hits="0" branch="false"/>
                <line number="35" hits="0" branch="false"/>
                <line number="36" hits="0" branch="false"/>
                <line number="37" hits="0" branch="false"/>
                <line number="38" hits="0" branch="false"/>
              </lines>
            </method>
          </methods>
          <lines>
            <line number="13" hits="0" branch="false"/>
            <line number="14" hits="0" branch="false"/>
            <line number="15" hits="0" branch="false"/>
            <line number="16" hits="0" branch="false"/>
            <line number="17" hits="0" branch="false"/>
            <line number="18" hits="0" branch="false"/>
            <line number="19" hits="0" branch="false"/>
            <line number="20" hits="0" branch="false"/>
            <line number="21" hits="0" branch="false"/>
            <line number="22" hits="0" branch="false"/>
            <line number="23" hits="0" branch="false"/>
            <line number="24" hits="0" branch="false"/>
            <line number="25" hits="0" branch="false"/>
            <line number="26" hits="0" branch="false"/>
            <line number="27" hits="0" branch="false"/>
            <line number="28" hits="0" branch="false"/>
            <line number="29" hits="0" branch="false"/>
            <line number="30" hits="0" branch="false"/>
            <line number="31" hits="0" branch="false"/>
            <line number="32" hits="0" branch="false"/>
            <line number="33" hits="0" branch="false"/>
            <line number="34" hits="0" branch="false"/>
            <line number="35" hits="0" branch="false"/>
            <line number="36" hits="0" branch="false"/>
            <line number="37" hits="0" branch="false"/>
            <line number="38" hits="0" branch="false"/>
          </lines>
        </class>
        <class name="0-call_utils.R" filename="R/0-call_utils.R" line-rate="0.808" branch-rate="0" complexity="0">
          <methods>
            <method name="call_check_parse_varname" signature="" line-rate="0.625" branch-rate="0" complexity="0">
              <lines>
                <line number="13" hits="193" branch="false"/>
                <line number="14" hits="193" branch="false"/>
                <line number="15" hits="193" branch="false"/>
                <line number="16" hits="193" branch="false"/>
                <line number="17" hits="193" branch="false"/>
                <line number="18" hits="193" branch="false"/>
                <line number="19" hits="5" branch="false"/>
                <line number="20" hits="5" branch="false"/>
                <line number="21" hits="5" branch="false"/>
                <line number="23" hits="0" branch="false"/>
                <line number="24" hits="0" branch="false"/>
                <line number="25" hits="0" branch="false"/>
                <line number="26" hits="0" branch="false"/>
                <line number="27" hits="0" branch="false"/>
                <line number="28" hits="0" branch="false"/>
                <line number="31" hits="193" branch="false"/>
              </lines>
            </method>
            <method name="call_condition_choice" signature="" line-rate="0.785714285714286" branch-rate="0" complexity="0">
              <lines>
                <line number="62" hits="189" branch="false"/>
                <line number="64" hits="189" branch="false"/>
                <line number="65" hits="0" branch="false"/>
                <line number="66" hits="189" branch="false"/>
                <line number="67" hits="0" branch="false"/>
                <line number="68" hits="189" branch="false"/>
                <line number="69" hits="0" branch="false"/>
                <line number="73" hits="189" branch="false"/>
                <line number="74" hits="134" branch="false"/>
                <line number="76" hits="55" branch="false"/>
                <line number="77" hits="55" branch="false"/>
                <line number="78" hits="55" branch="false"/>
                <line number="79" hits="55" branch="false"/>
                <line number="83" hits="55" branch="false"/>
              </lines>
            </method>
            <method name="call_condition_range" signature="" line-rate="1" branch-rate="0" complexity="0">
              <lines>
                <line number="102" hits="1" branch="false"/>
                <line number="104" hits="1" branch="false"/>
                <line number="105" hits="1" branch="false"/>
                <line number="106" hits="1" branch="false"/>
                <line number="107" hits="1" branch="false"/>
                <line number="108" hits="1" branch="false"/>
                <line number="109" hits="1" branch="false"/>
              </lines>
            </method>
            <method name="call_condition_logical" signature="" line-rate="0.4" branch-rate="0" complexity="0">
              <lines>
                <line number="127" hits="1" branch="false"/>
                <line number="128" hits="1" branch="false"/>
                <line number="130" hits="1" branch="false"/>
                <line number="131" hits="1" branch="false"/>
                <line number="132" hits="0" branch="false"/>
                <line number="133" hits="0" branch="false"/>
                <line number="135" hits="0" branch="false"/>
                <line number="136" hits="0" branch="false"/>
                <line number="137" hits="0" branch="false"/>
                <line number="138" hits="0" branch="false"/>
              </lines>
            </method>
            <method name="call_condition_range_posixct" signature="" line-rate="1" branch-rate="0" complexity="0">
              <lines>
                <line number="158" hits="1" branch="false"/>
                <line number="159" hits="1" branch="false"/>
                <line number="160" hits="1" branch="false"/>
                <line number="162" hits="1" branch="false"/>
                <line number="163" hits="1" branch="false"/>
                <line number="165" hits="1" branch="false"/>
                <line number="166" hits="1" branch="false"/>
                <line number="167" hits="1" branch="false"/>
                <line number="168" hits="1" branch="false"/>
                <line number="169" hits="1" branch="false"/>
                <line number="171" hits="1" branch="false"/>
                <line number="172" hits="1" branch="false"/>
                <line number="173" hits="1" branch="false"/>
                <line number="174" hits="1" branch="false"/>
                <line number="175" hits="1" branch="false"/>
              </lines>
            </method>
            <method name="call_condition_range_date" signature="" line-rate="1" branch-rate="0" complexity="0">
              <lines>
                <line number="190" hits="1" branch="false"/>
                <line number="191" hits="1" branch="false"/>
                <line number="192" hits="1" branch="false"/>
                <line number="194" hits="1" branch="false"/>
                <line number="195" hits="1" branch="false"/>
                <line number="196" hits="1" branch="false"/>
                <line number="197" hits="1" branch="false"/>
                <line number="198" hits="1" branch="false"/>
              </lines>
            </method>
            <method name="calls_combine_by" signature="" line-rate="1" branch-rate="0" complexity="0">
              <lines>
                <line number="213" hits="137" branch="false"/>
                <line number="214" hits="137" branch="false"/>
                <line number="215" hits="137" branch="false"/>
                <line number="216" hits="137" branch="false"/>
                <line number="217" hits="137" branch="false"/>
                <line number="218" hits="137" branch="false"/>
                <line number="219" hits="137" branch="false"/>
                <line number="220" hits="137" branch="false"/>
                <line number="221" hits="137" branch="false"/>
                <line number="222" hits="137" branch="false"/>
                <line number="223" hits="137" branch="false"/>
                <line number="224" hits="137" branch="false"/>
                <line number="225" hits="137" branch="false"/>
                <line number="226" hits="137" branch="false"/>
              </lines>
            </method>
            <method name=".call_dplyr_select" signature="" line-rate="1" branch-rate="0" complexity="0">
              <lines>
                <line number="233" hits="25" branch="false"/>
                <line number="234" hits="25" branch="false"/>
                <line number="235" hits="25" branch="false"/>
                <line number="236" hits="25" branch="false"/>
                <line number="237" hits="25" branch="false"/>
                <line number="238" hits="25" branch="false"/>
                <line number="239" hits="25" branch="false"/>
                <line number="240" hits="25" branch="false"/>
                <line number="241" hits="25" branch="false"/>
              </lines>
            </method>
            <method name=".call_dplyr_filter" signature="" line-rate="0.71875" branch-rate="0" complexity="0">
              <lines>
                <line number="245" hits="25" branch="false"/>
                <line number="246" hits="5" branch="false"/>
                <line number="247" hits="1" branch="false"/>
                <line number="248" hits="4" branch="false"/>
                <line number="249" hits="1" branch="false"/>
                <line number="250" hits="3" branch="false"/>
                <line number="251" hits="1" branch="false"/>
                <line number="252" hits="2" branch="false"/>
                <line number="253" hits="1" branch="false"/>
                <line number="254" hits="1" branch="false"/>
                <line number="255" hits="1" branch="false"/>
                <line number="256" hits="0" branch="false"/>
                <line number="257" hits="0" branch="false"/>
                <line number="258" hits="0" branch="false"/>
                <line number="259" hits="0" branch="false"/>
                <line number="260" hits="0" branch="false"/>
                <line number="261" hits="0" branch="false"/>
                <line number="262" hits="0" branch="false"/>
                <line number="263" hits="0" branch="false"/>
                <line number="264" hits="0" branch="false"/>
                <line number="265" hits="1" branch="false"/>
                <line number="266" hits="1" branch="false"/>
                <line number="267" hits="1" branch="false"/>
                <line number="268" hits="1" branch="false"/>
                <line number="269" hits="25" branch="false"/>
                <line number="270" hits="25" branch="false"/>
                <line number="271" hits="25" branch="false"/>
                <line number="272" hits="25" branch="false"/>
                <line number="273" hits="25" branch="false"/>
                <line number="274" hits="25" branch="false"/>
                <line number="275" hits="25" branch="false"/>
                <line number="276" hits="25" branch="false"/>
              </lines>
            </method>
          </methods>
          <lines>
            <line number="13" hits="193" branch="false"/>
            <line number="14" hits="193" branch="false"/>
            <line number="15" hits="193" branch="false"/>
            <line number="16" hits="193" branch="false"/>
            <line number="17" hits="193" branch="false"/>
            <line number="18" hits="193" branch="false"/>
            <line number="19" hits="5" branch="false"/>
            <line number="20" hits="5" branch="false"/>
            <line number="21" hits="5" branch="false"/>
            <line number="23" hits="0" branch="false"/>
            <line number="24" hits="0" branch="false"/>
            <line number="25" hits="0" branch="false"/>
            <line number="26" hits="0" branch="false"/>
            <line number="27" hits="0" branch="false"/>
            <line number="28" hits="0" branch="false"/>
            <line number="31" hits="193" branch="false"/>
            <line number="62" hits="189" branch="false"/>
            <line number="64" hits="189" branch="false"/>
            <line number="65" hits="0" branch="false"/>
            <line number="66" hits="189" branch="false"/>
            <line number="67" hits="0" branch="false"/>
            <line number="68" hits="189" branch="false"/>
            <line number="69" hits="0" branch="false"/>
            <line number="73" hits="189" branch="false"/>
            <line number="74" hits="134" branch="false"/>
            <line number="76" hits="55" branch="false"/>
            <line number="77" hits="55" branch="false"/>
            <line number="78" hits="55" branch="false"/>
            <line number="79" hits="55" branch="false"/>
            <line number="83" hits="55" branch="false"/>
            <line number="102" hits="1" branch="false"/>
            <line number="104" hits="1" branch="false"/>
            <line number="105" hits="1" branch="false"/>
            <line number="106" hits="1" branch="false"/>
            <line number="107" hits="1" branch="false"/>
            <line number="108" hits="1" branch="false"/>
            <line number="109" hits="1" branch="false"/>
            <line number="127" hits="1" branch="false"/>
            <line number="128" hits="1" branch="false"/>
            <line number="130" hits="1" branch="false"/>
            <line number="131" hits="1" branch="false"/>
            <line number="132" hits="0" branch="false"/>
            <line number="133" hits="0" branch="false"/>
            <line number="135" hits="0" branch="false"/>
            <line number="136" hits="0" branch="false"/>
            <line number="137" hits="0" branch="false"/>
            <line number="138" hits="0" branch="false"/>
            <line number="158" hits="1" branch="false"/>
            <line number="159" hits="1" branch="false"/>
            <line number="160" hits="1" branch="false"/>
            <line number="162" hits="1" branch="false"/>
            <line number="163" hits="1" branch="false"/>
            <line number="165" hits="1" branch="false"/>
            <line number="166" hits="1" branch="false"/>
            <line number="167" hits="1" branch="false"/>
            <line number="168" hits="1" branch="false"/>
            <line number="169" hits="1" branch="false"/>
            <line number="171" hits="1" branch="false"/>
            <line number="172" hits="1" branch="false"/>
            <line number="173" hits="1" branch="false"/>
            <line number="174" hits="1" branch="false"/>
            <line number="175" hits="1" branch="false"/>
            <line number="190" hits="1" branch="false"/>
            <line number="191" hits="1" branch="false"/>
            <line number="192" hits="1" branch="false"/>
            <line number="194" hits="1" branch="false"/>
            <line number="195" hits="1" branch="false"/>
            <line number="196" hits="1" branch="false"/>
            <line number="197" hits="1" branch="false"/>
            <line number="198" hits="1" branch="false"/>
            <line number="213" hits="137" branch="false"/>
            <line number="214" hits="137" branch="false"/>
            <line number="215" hits="137" branch="false"/>
            <line number="216" hits="137" branch="false"/>
            <line number="217" hits="137" branch="false"/>
            <line number="218" hits="137" branch="false"/>
            <line number="219" hits="137" branch="false"/>
            <line number="220" hits="137" branch="false"/>
            <line number="221" hits="137" branch="false"/>
            <line number="222" hits="137" branch="false"/>
            <line number="223" hits="137" branch="false"/>
            <line number="224" hits="137" branch="false"/>
            <line number="225" hits="137" branch="false"/>
            <line number="226" hits="137" branch="false"/>
            <line number="233" hits="25" branch="false"/>
            <line number="234" hits="25" branch="false"/>
            <line number="235" hits="25" branch="false"/>
            <line number="236" hits="25" branch="false"/>
            <line number="237" hits="25" branch="false"/>
            <line number="238" hits="25" branch="false"/>
            <line number="239" hits="25" branch="false"/>
            <line number="240" hits="25" branch="false"/>
            <line number="241" hits="25" branch="false"/>
            <line number="245" hits="25" branch="false"/>
            <line number="246" hits="5" branch="false"/>
            <line number="247" hits="1" branch="false"/>
            <line number="248" hits="4" branch="false"/>
            <line number="249" hits="1" branch="false"/>
            <line number="250" hits="3" branch="false"/>
            <line number="251" hits="1" branch="false"/>
            <line number="252" hits="2" branch="false"/>
            <line number="253" hits="1" branch="false"/>
            <line number="254" hits="1" branch="false"/>
            <line number="255" hits="1" branch="false"/>
            <line number="256" hits="0" branch="false"/>
            <line number="257" hits="0" branch="false"/>
            <line number="258" hits="0" branch="false"/>
            <line number="259" hits="0" branch="false"/>
            <line number="260" hits="0" branch="false"/>
            <line number="261" hits="0" branch="false"/>
            <line number="262" hits="0" branch="false"/>
            <line number="263" hits="0" branch="false"/>
            <line number="264" hits="0" branch="false"/>
            <line number="265" hits="1" branch="false"/>
            <line number="266" hits="1" branch="false"/>
            <line number="267" hits="1" branch="false"/>
            <line number="268" hits="1" branch="false"/>
            <line number="269" hits="25" branch="false"/>
            <line number="270" hits="25" branch="false"/>
            <line number="271" hits="25" branch="false"/>
            <line number="272" hits="25" branch="false"/>
            <line number="273" hits="25" branch="false"/>
            <line number="274" hits="25" branch="false"/>
            <line number="275" hits="25" branch="false"/>
            <line number="276" hits="25" branch="false"/>
          </lines>
        </class>
        <class name="0-module_merge.R" filename="R/0-module_merge.R" line-rate="0.995049504950495" branch-rate="0" complexity="0">
          <methods>
            <method name="merge_srv" signature="" line-rate="1" branch-rate="0" complexity="0">
              <lines>
                <line number="205" hits="25" branch="false"/>
                <line number="206" hits="23" branch="false"/>
                <line number="207" hits="22" branch="false"/>
                <line number="208" hits="22" branch="false"/>
                <line number="209" hits="22" branch="false"/>
                <line number="211" hits="22" branch="false"/>
                <line number="212" hits="18" branch="false"/>
                <line number="213" hits="22" branch="false"/>
                <line number="215" hits="22" branch="false"/>
                <line number="216" hits="17" branch="false"/>
                <line number="217" hits="17" branch="false"/>
                <line number="218" hits="17" branch="false"/>
                <line number="219" hits="17" branch="false"/>
                <line number="220" hits="17" branch="false"/>
                <line number="221" hits="17" branch="false"/>
                <line number="222" hits="17" branch="false"/>
                <line number="223" hits="22" branch="false"/>
                <line number="225" hits="22" branch="false"/>
                <line number="226" hits="22" branch="false"/>
                <line number="227" hits="22" branch="false"/>
                <line number="228" hits="10" branch="false"/>
                <line number="229" hits="10" branch="false"/>
                <line number="230" hits="10" branch="false"/>
                <line number="231" hits="10" branch="false"/>
                <line number="232" hits="10" branch="false"/>
                <line number="233" hits="22" branch="false"/>
                <line number="234" hits="22" branch="false"/>
                <line number="236" hits="22" branch="false"/>
                <line number="237" hits="22" branch="false"/>
              </lines>
            </method>
            <method name=".qenv_merge" signature="" line-rate="1" branch-rate="0" complexity="0">
              <lines>
                <line number="246" hits="17" branch="false"/>
                <line number="247" hits="17" branch="false"/>
                <line number="248" hits="17" branch="false"/>
                <line number="251" hits="17" branch="false"/>
                <line number="253" hits="14" branch="false"/>
                <line number="255" hits="14" branch="false"/>
                <line number="256" hits="14" branch="false"/>
                <line number="257" hits="14" branch="false"/>
              </lines>
            </method>
            <method name=".merge_expr" signature="" line-rate="0.977777777777778" branch-rate="0" complexity="0">
              <lines>
                <line number="265" hits="14" branch="false"/>
                <line number="266" hits="14" branch="false"/>
                <line number="267" hits="14" branch="false"/>
                <line number="269" hits="14" branch="false"/>
                <line number="270" hits="14" branch="false"/>
                <line number="271" hits="14" branch="false"/>
                <line number="273" hits="14" branch="false"/>
                <line number="274" hits="14" branch="false"/>
                <line number="275" hits="14" branch="false"/>
                <line number="276" hits="14" branch="false"/>
                <line number="277" hits="14" branch="false"/>
                <line number="278" hits="14" branch="false"/>
                <line number="279" hits="14" branch="false"/>
                <line number="280" hits="14" branch="false"/>
                <line number="281" hits="25" branch="false"/>
                <line number="282" hits="25" branch="false"/>
                <line number="283" hits="25" branch="false"/>
                <line number="284" hits="25" branch="false"/>
                <line number="285" hits="25" branch="false"/>
                <line number="286" hits="25" branch="false"/>
                <line number="287" hits="25" branch="false"/>
                <line number="288" hits="25" branch="false"/>
                <line number="289" hits="25" branch="false"/>
                <line number="290" hits="25" branch="false"/>
                <line number="291" hits="25" branch="false"/>
                <line number="292" hits="25" branch="false"/>
                <line number="294" hits="25" branch="false"/>
                <line number="295" hits="25" branch="false"/>
                <line number="297" hits="25" branch="false"/>
                <line number="298" hits="11" branch="false"/>
                <line number="299" hits="11" branch="false"/>
                <line number="300" hits="11" branch="false"/>
                <line number="301" hits="0" branch="false"/>
                <line number="303" hits="11" branch="false"/>
                <line number="304" hits="11" branch="false"/>
                <line number="305" hits="11" branch="false"/>
                <line number="306" hits="11" branch="false"/>
                <line number="307" hits="11" branch="false"/>
                <line number="308" hits="11" branch="false"/>
                <line number="309" hits="11" branch="false"/>
                <line number="310" hits="11" branch="false"/>
                <line number="313" hits="25" branch="false"/>
                <line number="314" hits="25" branch="false"/>
                <line number="315" hits="25" branch="false"/>
                <line number="318" hits="14" branch="false"/>
              </lines>
            </method>
            <method name=".merge_summary_list" signature="" line-rate="1" branch-rate="0" complexity="0">
              <lines>
                <line number="332" hits="27" branch="false"/>
                <line number="333" hits="27" branch="false"/>
                <line number="335" hits="27" branch="false"/>
                <line number="336" hits="25" branch="false"/>
                <line number="338" hits="21" branch="false"/>
                <line number="339" hits="21" branch="false"/>
                <line number="340" hits="21" branch="false"/>
                <line number="341" hits="21" branch="false"/>
                <line number="342" hits="21" branch="false"/>
                <line number="343" hits="21" branch="false"/>
                <line number="344" hits="21" branch="false"/>
                <line number="345" hits="21" branch="false"/>
                <line number="347" hits="21" branch="false"/>
                <line number="348" hits="21" branch="false"/>
                <line number="350" hits="21" branch="false"/>
                <line number="351" hits="21" branch="false"/>
                <line number="354" hits="10" branch="false"/>
                <line number="355" hits="10" branch="false"/>
                <line number="356" hits="10" branch="false"/>
                <line number="357" hits="10" branch="false"/>
                <line number="360" hits="10" branch="false"/>
                <line number="362" hits="21" branch="false"/>
                <line number="363" hits="21" branch="false"/>
                <line number="364" hits="21" branch="false"/>
                <line number="365" hits="21" branch="false"/>
                <line number="379" hits="39" branch="false"/>
                <line number="382" hits="39" branch="false"/>
                <line number="383" hits="39" branch="false"/>
                <line number="384" hits="39" branch="false"/>
                <line number="385" hits="39" branch="false"/>
                <line number="386" hits="39" branch="false"/>
                <line number="387" hits="29" branch="false"/>
                <line number="389" hits="29" branch="false"/>
                <line number="391" hits="18" branch="false"/>
                <line number="392" hits="18" branch="false"/>
                <line number="393" hits="18" branch="false"/>
                <line number="394" hits="18" branch="false"/>
                <line number="395" hits="18" branch="false"/>
                <line number="396" hits="18" branch="false"/>
                <line number="397" hits="18" branch="false"/>
                <line number="398" hits="39" branch="false"/>
                <line number="399" hits="39" branch="false"/>
                <line number="400" hits="39" branch="false"/>
                <line number="401" hits="39" branch="false"/>
                <line number="402" hits="39" branch="false"/>
                <line number="405" hits="39" branch="false"/>
                <line number="406" hits="39" branch="false"/>
                <line number="407" hits="39" branch="false"/>
                <line number="411" hits="39" branch="false"/>
                <line number="412" hits="39" branch="false"/>
                <line number="413" hits="39" branch="false"/>
                <line number="414" hits="39" branch="false"/>
                <line number="418" hits="39" branch="false"/>
                <line number="419" hits="39" branch="false"/>
                <line number="420" hits="39" branch="false"/>
                <line number="421" hits="39" branch="false"/>
                <line number="422" hits="39" branch="false"/>
                <line number="423" hits="39" branch="false"/>
                <line number="424" hits="39" branch="false"/>
                <line number="426" hits="39" branch="false"/>
                <line number="427" hits="39" branch="false"/>
                <line number="429" hits="39" branch="false"/>
                <line number="433" hits="21" branch="false"/>
              </lines>
            </method>
            <method name=".fk" signature="" line-rate="1" branch-rate="0" complexity="0">
              <lines>
                <line number="437" hits="64" branch="false"/>
                <line number="438" hits="64" branch="false"/>
              </lines>
            </method>
            <method name=".suffix_duplicated_vars" signature="" line-rate="1" branch-rate="0" complexity="0">
              <lines>
                <line number="442" hits="64" branch="false"/>
                <line number="443" hits="64" branch="false"/>
                <line number="444" hits="64" branch="false"/>
                <line number="446" hits="12" branch="false"/>
                <line number="448" hits="64" branch="false"/>
              </lines>
            </method>
            <method name=".validate_join_keys" signature="" line-rate="1" branch-rate="0" complexity="0">
              <lines>
                <line number="461" hits="25" branch="false"/>
                <line number="462" hits="25" branch="false"/>
                <line number="463" hits="25" branch="false"/>
                <line number="464" hits="25" branch="false"/>
                <line number="466" hits="25" branch="false"/>
                <line number="468" hits="25" branch="false"/>
                <line number="469" hits="11" branch="false"/>
                <line number="473" hits="14" branch="false"/>
                <line number="476" hits="14" branch="false"/>
                <line number="479" hits="14" branch="false"/>
                <line number="480" hits="2" branch="false"/>
                <line number="481" hits="2" branch="false"/>
                <line number="482" hits="2" branch="false"/>
                <line number="483" hits="2" branch="false"/>
                <line number="484" hits="2" branch="false"/>
                <line number="485" hits="2" branch="false"/>
                <line number="486" hits="2" branch="false"/>
                <line number="487" hits="2" branch="false"/>
                <line number="488" hits="2" branch="false"/>
                <line number="489" hits="2" branch="false"/>
                <line number="490" hits="2" branch="false"/>
                <line number="494" hits="12" branch="false"/>
                <line number="496" hits="12" branch="false"/>
                <line number="497" hits="20" branch="false"/>
                <line number="498" hits="20" branch="false"/>
                <line number="501" hits="20" branch="false"/>
                <line number="502" hits="31" branch="false"/>
                <line number="503" hits="18" branch="false"/>
                <line number="504" hits="18" branch="false"/>
                <line number="508" hits="20" branch="false"/>
                <line number="509" hits="2" branch="false"/>
                <line number="510" hits="2" branch="false"/>
                <line number="511" hits="2" branch="false"/>
                <line number="512" hits="2" branch="false"/>
                <line number="513" hits="2" branch="false"/>
                <line number="514" hits="2" branch="false"/>
                <line number="515" hits="2" branch="false"/>
                <line number="516" hits="2" branch="false"/>
                <line number="517" hits="2" branch="false"/>
                <line number="518" hits="2" branch="false"/>
                <line number="519" hits="2" branch="false"/>
                <line number="520" hits="2" branch="false"/>
                <line number="521" hits="2" branch="false"/>
                <line number="522" hits="2" branch="false"/>
                <line number="526" hits="18" branch="false"/>
                <line number="529" hits="10" branch="false"/>
              </lines>
            </method>
            <method name=".validate_is_eager" signature="" line-rate="1" branch-rate="0" complexity="0">
              <lines>
                <line number="533" hits="107" branch="false"/>
                <line number="534" hits="107" branch="false"/>
                <line number="535" hits="107" branch="false"/>
                <line number="536" hits="107" branch="false"/>
              </lines>
            </method>
          </methods>
          <lines>
            <line number="205" hits="25" branch="false"/>
            <line number="206" hits="23" branch="false"/>
            <line number="207" hits="22" branch="false"/>
            <line number="208" hits="22" branch="false"/>
            <line number="209" hits="22" branch="false"/>
            <line number="211" hits="22" branch="false"/>
            <line number="212" hits="18" branch="false"/>
            <line number="213" hits="22" branch="false"/>
            <line number="215" hits="22" branch="false"/>
            <line number="216" hits="17" branch="false"/>
            <line number="217" hits="17" branch="false"/>
            <line number="218" hits="17" branch="false"/>
            <line number="219" hits="17" branch="false"/>
            <line number="220" hits="17" branch="false"/>
            <line number="221" hits="17" branch="false"/>
            <line number="222" hits="17" branch="false"/>
            <line number="223" hits="22" branch="false"/>
            <line number="225" hits="22" branch="false"/>
            <line number="226" hits="22" branch="false"/>
            <line number="227" hits="22" branch="false"/>
            <line number="228" hits="10" branch="false"/>
            <line number="229" hits="10" branch="false"/>
            <line number="230" hits="10" branch="false"/>
            <line number="231" hits="10" branch="false"/>
            <line number="232" hits="10" branch="false"/>
            <line number="233" hits="22" branch="false"/>
            <line number="234" hits="22" branch="false"/>
            <line number="236" hits="22" branch="false"/>
            <line number="237" hits="22" branch="false"/>
            <line number="246" hits="17" branch="false"/>
            <line number="247" hits="17" branch="false"/>
            <line number="248" hits="17" branch="false"/>
            <line number="251" hits="17" branch="false"/>
            <line number="253" hits="14" branch="false"/>
            <line number="255" hits="14" branch="false"/>
            <line number="256" hits="14" branch="false"/>
            <line number="257" hits="14" branch="false"/>
            <line number="265" hits="14" branch="false"/>
            <line number="266" hits="14" branch="false"/>
            <line number="267" hits="14" branch="false"/>
            <line number="269" hits="14" branch="false"/>
            <line number="270" hits="14" branch="false"/>
            <line number="271" hits="14" branch="false"/>
            <line number="273" hits="14" branch="false"/>
            <line number="274" hits="14" branch="false"/>
            <line number="275" hits="14" branch="false"/>
            <line number="276" hits="14" branch="false"/>
            <line number="277" hits="14" branch="false"/>
            <line number="278" hits="14" branch="false"/>
            <line number="279" hits="14" branch="false"/>
            <line number="280" hits="14" branch="false"/>
            <line number="281" hits="25" branch="false"/>
            <line number="282" hits="25" branch="false"/>
            <line number="283" hits="25" branch="false"/>
            <line number="284" hits="25" branch="false"/>
            <line number="285" hits="25" branch="false"/>
            <line number="286" hits="25" branch="false"/>
            <line number="287" hits="25" branch="false"/>
            <line number="288" hits="25" branch="false"/>
            <line number="289" hits="25" branch="false"/>
            <line number="290" hits="25" branch="false"/>
            <line number="291" hits="25" branch="false"/>
            <line number="292" hits="25" branch="false"/>
            <line number="294" hits="25" branch="false"/>
            <line number="295" hits="25" branch="false"/>
            <line number="297" hits="25" branch="false"/>
            <line number="298" hits="11" branch="false"/>
            <line number="299" hits="11" branch="false"/>
            <line number="300" hits="11" branch="false"/>
            <line number="301" hits="0" branch="false"/>
            <line number="303" hits="11" branch="false"/>
            <line number="304" hits="11" branch="false"/>
            <line number="305" hits="11" branch="false"/>
            <line number="306" hits="11" branch="false"/>
            <line number="307" hits="11" branch="false"/>
            <line number="308" hits="11" branch="false"/>
            <line number="309" hits="11" branch="false"/>
            <line number="310" hits="11" branch="false"/>
            <line number="313" hits="25" branch="false"/>
            <line number="314" hits="25" branch="false"/>
            <line number="315" hits="25" branch="false"/>
            <line number="318" hits="14" branch="false"/>
            <line number="332" hits="27" branch="false"/>
            <line number="333" hits="27" branch="false"/>
            <line number="335" hits="27" branch="false"/>
            <line number="336" hits="25" branch="false"/>
            <line number="338" hits="21" branch="false"/>
            <line number="339" hits="21" branch="false"/>
            <line number="340" hits="21" branch="false"/>
            <line number="341" hits="21" branch="false"/>
            <line number="342" hits="21" branch="false"/>
            <line number="343" hits="21" branch="false"/>
            <line number="344" hits="21" branch="false"/>
            <line number="345" hits="21" branch="false"/>
            <line number="347" hits="21" branch="false"/>
            <line number="348" hits="21" branch="false"/>
            <line number="350" hits="21" branch="false"/>
            <line number="351" hits="21" branch="false"/>
            <line number="354" hits="10" branch="false"/>
            <line number="355" hits="10" branch="false"/>
            <line number="356" hits="10" branch="false"/>
            <line number="357" hits="10" branch="false"/>
            <line number="360" hits="10" branch="false"/>
            <line number="362" hits="21" branch="false"/>
            <line number="363" hits="21" branch="false"/>
            <line number="364" hits="21" branch="false"/>
            <line number="365" hits="21" branch="false"/>
            <line number="379" hits="39" branch="false"/>
            <line number="382" hits="39" branch="false"/>
            <line number="383" hits="39" branch="false"/>
            <line number="384" hits="39" branch="false"/>
            <line number="385" hits="39" branch="false"/>
            <line number="386" hits="39" branch="false"/>
            <line number="387" hits="29" branch="false"/>
            <line number="389" hits="29" branch="false"/>
            <line number="391" hits="18" branch="false"/>
            <line number="392" hits="18" branch="false"/>
            <line number="393" hits="18" branch="false"/>
            <line number="394" hits="18" branch="false"/>
            <line number="395" hits="18" branch="false"/>
            <line number="396" hits="18" branch="false"/>
            <line number="397" hits="18" branch="false"/>
            <line number="398" hits="39" branch="false"/>
            <line number="399" hits="39" branch="false"/>
            <line number="400" hits="39" branch="false"/>
            <line number="401" hits="39" branch="false"/>
            <line number="402" hits="39" branch="false"/>
            <line number="405" hits="39" branch="false"/>
            <line number="406" hits="39" branch="false"/>
            <line number="407" hits="39" branch="false"/>
            <line number="411" hits="39" branch="false"/>
            <line number="412" hits="39" branch="false"/>
            <line number="413" hits="39" branch="false"/>
            <line number="414" hits="39" branch="false"/>
            <line number="418" hits="39" branch="false"/>
            <line number="419" hits="39" branch="false"/>
            <line number="420" hits="39" branch="false"/>
            <line number="421" hits="39" branch="false"/>
            <line number="422" hits="39" branch="false"/>
            <line number="423" hits="39" branch="false"/>
            <line number="424" hits="39" branch="false"/>
            <line number="426" hits="39" branch="false"/>
            <line number="427" hits="39" branch="false"/>
            <line number="429" hits="39" branch="false"/>
            <line number="433" hits="21" branch="false"/>
            <line number="437" hits="64" branch="false"/>
            <line number="438" hits="64" branch="false"/>
            <line number="442" hits="64" branch="false"/>
            <line number="443" hits="64" branch="false"/>
            <line number="444" hits="64" branch="false"/>
            <line number="446" hits="12" branch="false"/>
            <line number="448" hits="64" branch="false"/>
            <line number="461" hits="25" branch="false"/>
            <line number="462" hits="25" branch="false"/>
            <line number="463" hits="25" branch="false"/>
            <line number="464" hits="25" branch="false"/>
            <line number="466" hits="25" branch="false"/>
            <line number="468" hits="25" branch="false"/>
            <line number="469" hits="11" branch="false"/>
            <line number="473" hits="14" branch="false"/>
            <line number="476" hits="14" branch="false"/>
            <line number="479" hits="14" branch="false"/>
            <line number="480" hits="2" branch="false"/>
            <line number="481" hits="2" branch="false"/>
            <line number="482" hits="2" branch="false"/>
            <line number="483" hits="2" branch="false"/>
            <line number="484" hits="2" branch="false"/>
            <line number="485" hits="2" branch="false"/>
            <line number="486" hits="2" branch="false"/>
            <line number="487" hits="2" branch="false"/>
            <line number="488" hits="2" branch="false"/>
            <line number="489" hits="2" branch="false"/>
            <line number="490" hits="2" branch="false"/>
            <line number="494" hits="12" branch="false"/>
            <line number="496" hits="12" branch="false"/>
            <line number="497" hits="20" branch="false"/>
            <line number="498" hits="20" branch="false"/>
            <line number="501" hits="20" branch="false"/>
            <line number="502" hits="31" branch="false"/>
            <line number="503" hits="18" branch="false"/>
            <line number="504" hits="18" branch="false"/>
            <line number="508" hits="20" branch="false"/>
            <line number="509" hits="2" branch="false"/>
            <line number="510" hits="2" branch="false"/>
            <line number="511" hits="2" branch="false"/>
            <line number="512" hits="2" branch="false"/>
            <line number="513" hits="2" branch="false"/>
            <line number="514" hits="2" branch="false"/>
            <line number="515" hits="2" branch="false"/>
            <line number="516" hits="2" branch="false"/>
            <line number="517" hits="2" branch="false"/>
            <line number="518" hits="2" branch="false"/>
            <line number="519" hits="2" branch="false"/>
            <line number="520" hits="2" branch="false"/>
            <line number="521" hits="2" branch="false"/>
            <line number="522" hits="2" branch="false"/>
            <line number="526" hits="18" branch="false"/>
            <line number="529" hits="10" branch="false"/>
            <line number="533" hits="107" branch="false"/>
            <line number="534" hits="107" branch="false"/>
            <line number="535" hits="107" branch="false"/>
            <line number="536" hits="107" branch="false"/>
          </lines>
        </class>
        <class name="0-module_picks.R" filename="R/0-module_picks.R" line-rate="0.874015748031496" branch-rate="0" complexity="0">
          <methods>
            <method name="picks_ui" signature="" line-rate="0" branch-rate="0" complexity="0">
              <lines>
                <line number="41" hits="0" branch="false"/>
                <line number="42" hits="0" branch="false"/>
              </lines>
            </method>
            <method name="picks_ui.list" signature="" line-rate="0" branch-rate="0" complexity="0">
              <lines>
                <line number="48" hits="0" branch="false"/>
                <line number="49" hits="0" branch="false"/>
                <line number="50" hits="0" branch="false"/>
                <line number="51" hits="0" branch="false"/>
                <line number="52" hits="0" branch="false"/>
                <line number="53" hits="0" branch="false"/>
                <line number="54" hits="0" branch="false"/>
              </lines>
            </method>
            <method name="picks_ui.picks" signature="" line-rate="0" branch-rate="0" complexity="0">
              <lines>
                <line number="60" hits="0" branch="false"/>
                <line number="61" hits="0" branch="false"/>
                <line number="63" hits="0" branch="false"/>
                <line number="64" hits="0" branch="false"/>
                <line number="65" hits="0" branch="false"/>
                <line number="66" hits="0" branch="false"/>
                <line number="67" hits="0" branch="false"/>
                <line number="68" hits="0" branch="false"/>
                <line number="69" hits="0" branch="false"/>
                <line number="70" hits="0" branch="false"/>
                <line number="71" hits="0" branch="false"/>
                <line number="72" hits="0" branch="false"/>
                <line number="73" hits="0" branch="false"/>
              </lines>
            </method>
            <method name="picks_srv" signature="" line-rate="1" branch-rate="0" complexity="0">
              <lines>
                <line number="79" hits="65" branch="false"/>
                <line number="80" hits="65" branch="false"/>
                <line number="81" hits="62" branch="false"/>
              </lines>
            </method>
            <method name="picks_srv.list" signature="" line-rate="1" branch-rate="0" complexity="0">
              <lines>
                <line number="87" hits="8" branch="false"/>
                <line number="88" hits="6" branch="false"/>
                <line number="89" hits="6" branch="false"/>
                <line number="90" hits="6" branch="false"/>
                <line number="91" hits="6" branch="false"/>
                <line number="92" hits="6" branch="false"/>
              </lines>
            </method>
            <method name="picks_srv.picks" signature="" line-rate="0.965909090909091" branch-rate="0" complexity="0">
              <lines>
                <line number="98" hits="52" branch="false"/>
                <line number="99" hits="52" branch="false"/>
                <line number="100" hits="52" branch="false"/>
                <line number="101" hits="52" branch="false"/>
                <line number="102" hits="52" branch="false"/>
                <line number="103" hits="52" branch="false"/>
                <line number="104" hits="52" branch="false"/>
                <line number="105" hits="49" branch="false"/>
                <line number="106" hits="0" branch="false"/>
                <line number="107" hits="0" branch="false"/>
                <line number="108" hits="49" branch="false"/>
                <line number="110" hits="49" branch="false"/>
                <line number="111" hits="32" branch="false"/>
                <line number="112" hits="32" branch="false"/>
                <line number="113" hits="32" branch="false"/>
                <line number="114" hits="32" branch="false"/>
                <line number="115" hits="3" branch="false"/>
                <line number="116" hits="0" branch="false"/>
                <line number="117" hits="32" branch="false"/>
                <line number="118" hits="32" branch="false"/>
                <line number="119" hits="32" branch="false"/>
                <line number="120" hits="32" branch="false"/>
                <line number="121" hits="2" branch="false"/>
                <line number="122" hits="32" branch="false"/>
                <line number="123" hits="32" branch="false"/>
                <line number="124" hits="32" branch="false"/>
                <line number="125" hits="32" branch="false"/>
                <line number="126" hits="49" branch="false"/>
                <line number="128" hits="49" branch="false"/>
                <line number="130" hits="49" branch="false"/>
                <line number="131" hits="49" branch="false"/>
                <line number="132" hits="49" branch="false"/>
                <line number="133" hits="49" branch="false"/>
                <line number="134" hits="49" branch="false"/>
                <line number="136" hits="49" branch="false"/>
                <line number="137" hits="11" branch="false"/>
                <line number="138" hits="11" branch="false"/>
                <line number="139" hits="11" branch="false"/>
                <line number="140" hits="1" branch="false"/>
                <line number="141" hits="1" branch="false"/>
                <line number="142" hits="1" branch="false"/>
                <line number="143" hits="1" branch="false"/>
                <line number="144" hits="11" branch="false"/>
                <line number="145" hits="10" branch="false"/>
                <line number="146" hits="11" branch="false"/>
                <line number="148" hits="11" branch="false"/>
                <line number="149" hits="11" branch="false"/>
                <line number="150" hits="11" branch="false"/>
                <line number="151" hits="11" branch="false"/>
                <line number="152" hits="11" branch="false"/>
                <line number="153" hits="11" branch="false"/>
                <line number="154" hits="11" branch="false"/>
                <line number="155" hits="11" branch="false"/>
                <line number="156" hits="49" branch="false"/>
                <line number="158" hits="49" branch="false"/>
                <line number="159" hits="17" branch="false"/>
                <line number="160" hits="17" branch="false"/>
                <line number="161" hits="49" branch="false"/>
                <line number="163" hits="49" branch="false"/>
                <line number="164" hits="49" branch="false"/>
                <line number="165" hits="49" branch="false"/>
                <line number="166" hits="49" branch="false"/>
                <line number="167" hits="49" branch="false"/>
                <line number="168" hits="49" branch="false"/>
                <line number="169" hits="49" branch="false"/>
                <line number="170" hits="49" branch="false"/>
                <line number="171" hits="49" branch="false"/>
                <line number="175" hits="49" branch="false"/>
                <line number="176" hits="49" branch="false"/>
                <line number="177" hits="49" branch="false"/>
                <line number="178" hits="49" branch="false"/>
                <line number="179" hits="49" branch="false"/>
                <line number="180" hits="13" branch="false"/>
                <line number="181" hits="13" branch="false"/>
                <line number="182" hits="13" branch="false"/>
                <line number="183" hits="13" branch="false"/>
                <line number="184" hits="13" branch="false"/>
                <line number="185" hits="13" branch="false"/>
                <line number="186" hits="13" branch="false"/>
                <line number="187" hits="49" branch="false"/>
                <line number="188" hits="49" branch="false"/>
                <line number="190" hits="49" branch="false"/>
                <line number="191" hits="49" branch="false"/>
                <line number="192" hits="49" branch="false"/>
                <line number="193" hits="49" branch="false"/>
                <line number="194" hits="49" branch="false"/>
                <line number="196" hits="49" branch="false"/>
                <line number="197" hits="52" branch="false"/>
              </lines>
            </method>
            <method name=".pick_ui" signature="" line-rate="0" branch-rate="0" complexity="0">
              <lines>
                <line number="201" hits="0" branch="false"/>
                <line number="202" hits="0" branch="false"/>
              </lines>
            </method>
            <method name=".pick_srv" signature="" line-rate="0.984126984126984" branch-rate="0" complexity="0">
              <lines>
                <line number="206" hits="94" branch="false"/>
                <line number="207" hits="94" branch="false"/>
                <line number="208" hits="94" branch="false"/>
                <line number="209" hits="94" branch="false"/>
                <line number="211" hits="94" branch="false"/>
                <line number="212" hits="94" branch="false"/>
                <line number="213" hits="94" branch="false"/>
                <line number="214" hits="30" branch="false"/>
                <line number="215" hits="29" branch="false"/>
                <line number="216" hits="29" branch="false"/>
                <line number="217" hits="29" branch="false"/>
                <line number="218" hits="29" branch="false"/>
                <line number="219" hits="29" branch="false"/>
                <line number="220" hits="29" branch="false"/>
                <line number="221" hits="29" branch="false"/>
                <line number="222" hits="29" branch="false"/>
                <line number="223" hits="29" branch="false"/>
                <line number="224" hits="4" branch="false"/>
                <line number="225" hits="29" branch="false"/>
                <line number="226" hits="29" branch="false"/>
                <line number="227" hits="29" branch="false"/>
                <line number="228" hits="29" branch="false"/>
                <line number="229" hits="94" branch="false"/>
                <line number="230" hits="94" branch="false"/>
                <line number="232" hits="94" branch="false"/>
                <line number="233" hits="40" branch="false"/>
                <line number="234" hits="40" branch="false"/>
                <line number="235" hits="40" branch="false"/>
                <line number="236" hits="32" branch="false"/>
                <line number="237" hits="2" branch="false"/>
                <line number="238" hits="2" branch="false"/>
                <line number="239" hits="2" branch="false"/>
                <line number="240" hits="2" branch="false"/>
                <line number="241" hits="2" branch="false"/>
                <line number="242" hits="2" branch="false"/>
                <line number="243" hits="2" branch="false"/>
                <line number="244" hits="94" branch="false"/>
                <line number="245" hits="30" branch="false"/>
                <line number="246" hits="30" branch="false"/>
                <line number="247" hits="30" branch="false"/>
                <line number="248" hits="30" branch="false"/>
                <line number="249" hits="30" branch="false"/>
                <line number="250" hits="30" branch="false"/>
                <line number="251" hits="30" branch="false"/>
                <line number="252" hits="30" branch="false"/>
                <line number="253" hits="30" branch="false"/>
                <line number="254" hits="94" branch="false"/>
                <line number="255" hits="94" branch="false"/>
                <line number="258" hits="94" branch="false"/>
                <line number="259" hits="94" branch="false"/>
                <line number="260" hits="0" branch="false"/>
                <line number="261" hits="94" branch="false"/>
                <line number="264" hits="94" branch="false"/>
                <line number="265" hits="6" branch="false"/>
                <line number="267" hits="6" branch="false"/>
                <line number="268" hits="6" branch="false"/>
                <line number="269" hits="3" branch="false"/>
                <line number="270" hits="94" branch="false"/>
                <line number="271" hits="6" branch="false"/>
                <line number="272" hits="94" branch="false"/>
                <line number="273" hits="94" branch="false"/>
                <line number="274" hits="94" branch="false"/>
                <line number="275" hits="94" branch="false"/>
              </lines>
            </method>
            <method name=".pick_ui_numeric" signature="" line-rate="1" branch-rate="0" complexity="0">
              <lines>
                <line number="280" hits="2" branch="false"/>
                <line number="281" hits="2" branch="false"/>
                <line number="282" hits="2" branch="false"/>
                <line number="283" hits="2" branch="false"/>
                <line number="284" hits="2" branch="false"/>
                <line number="285" hits="2" branch="false"/>
                <line number="286" hits="2" branch="false"/>
              </lines>
            </method>
            <method name=".pick_ui_categorical" signature="" line-rate="1" branch-rate="0" complexity="0">
              <lines>
                <line number="290" hits="30" branch="false"/>
                <line number="291" hits="30" branch="false"/>
                <line number="292" hits="30" branch="false"/>
                <line number="293" hits="30" branch="false"/>
                <line number="294" hits="30" branch="false"/>
                <line number="295" hits="30" branch="false"/>
                <line number="296" hits="30" branch="false"/>
                <line number="297" hits="30" branch="false"/>
                <line number="298" hits="30" branch="false"/>
                <line number="299" hits="30" branch="false"/>
                <line number="300" hits="30" branch="false"/>
                <line number="301" hits="30" branch="false"/>
                <line number="302" hits="30" branch="false"/>
                <line number="303" hits="30" branch="false"/>
                <line number="304" hits="30" branch="false"/>
                <line number="305" hits="30" branch="false"/>
                <line number="306" hits="30" branch="false"/>
                <line number="307" hits="30" branch="false"/>
                <line number="308" hits="30" branch="false"/>
                <line number="309" hits="30" branch="false"/>
              </lines>
            </method>
            <method name=".update_rv" signature="" line-rate="1" branch-rate="0" complexity="0">
              <lines>
                <line number="319" hits="62" branch="false"/>
                <line number="320" hits="19" branch="false"/>
                <line number="321" hits="19" branch="false"/>
              </lines>
            </method>
            <method name=".resolve" signature="" line-rate="1" branch-rate="0" complexity="0">
              <lines>
                <line number="343" hits="13" branch="false"/>
                <line number="344" hits="13" branch="false"/>
                <line number="345" hits="13" branch="false"/>
                <line number="346" hits="13" branch="false"/>
                <line number="347" hits="13" branch="false"/>
                <line number="348" hits="5" branch="false"/>
                <line number="350" hits="8" branch="false"/>
                <line number="352" hits="8" branch="false"/>
                <line number="354" hits="8" branch="false"/>
                <line number="355" hits="8" branch="false"/>
                <line number="356" hits="8" branch="false"/>
                <line number="358" hits="8" branch="false"/>
                <line number="359" hits="8" branch="false"/>
                <line number="360" hits="8" branch="false"/>
                <line number="361" hits="8" branch="false"/>
                <line number="362" hits="1" branch="false"/>
                <line number="363" hits="8" branch="false"/>
                <line number="364" hits="8" branch="false"/>
                <line number="365" hits="8" branch="false"/>
                <line number="366" hits="1" branch="false"/>
                <line number="369" hits="8" branch="false"/>
              </lines>
            </method>
            <method name="restoreValue" signature="" line-rate="0.857142857142857" branch-rate="0" complexity="0">
              <lines>
                <line number="397" hits="52" branch="false"/>
                <line number="398" hits="52" branch="false"/>
                <line number="399" hits="52" branch="false"/>
                <line number="400" hits="52" branch="false"/>
                <line number="402" hits="52" branch="false"/>
                <line number="403" hits="0" branch="false"/>
                <line number="405" hits="52" branch="false"/>
              </lines>
            </method>
            <method name=".picker_icon" signature="" line-rate="1" branch-rate="0" complexity="0">
              <lines>
                <line number="416" hits="98" branch="false"/>
              </lines>
            </method>
[...]
            <line number="49" hits="13" branch="false"/>
            <line number="52" hits="40" branch="false"/>
            <line number="58" hits="5" branch="false"/>
            <line number="59" hits="5" branch="false"/>
            <line number="61" hits="5" branch="false"/>
            <line number="63" hits="5" branch="false"/>
            <line number="64" hits="1" branch="false"/>
            <line number="65" hits="1" branch="false"/>
            <line number="66" hits="1" branch="false"/>
            <line number="67" hits="1" branch="false"/>
            <line number="68" hits="1" branch="false"/>
            <line number="69" hits="1" branch="false"/>
            <line number="72" hits="5" branch="false"/>
            <line number="78" hits="29" branch="false"/>
            <line number="79" hits="29" branch="false"/>
            <line number="80" hits="8" branch="false"/>
            <line number="83" hits="29" branch="false"/>
            <line number="89" hits="23" branch="false"/>
            <line number="90" hits="22" branch="false"/>
            <line number="92" hits="23" branch="false"/>
            <line number="93" hits="17" branch="false"/>
            <line number="95" hits="23" branch="false"/>
            <line number="96" hits="18" branch="false"/>
            <line number="98" hits="23" branch="false"/>
            <line number="99" hits="9" branch="false"/>
            <line number="102" hits="23" branch="false"/>
            <line number="108" hits="27" branch="false"/>
            <line number="109" hits="27" branch="false"/>
            <line number="110" hits="27" branch="false"/>
            <line number="111" hits="27" branch="false"/>
            <line number="112" hits="27" branch="false"/>
            <line number="114" hits="27" branch="false"/>
            <line number="115" hits="14" branch="false"/>
            <line number="116" hits="14" branch="false"/>
            <line number="119" hits="27" branch="false"/>
            <line number="127" hits="17" branch="false"/>
            <line number="133" hits="22" branch="false"/>
            <line number="149" hits="62" branch="false"/>
            <line number="152" hits="56" branch="false"/>
            <line number="155" hits="56" branch="false"/>
            <line number="156" hits="22" branch="false"/>
            <line number="157" hits="2" branch="false"/>
            <line number="158" hits="2" branch="false"/>
            <line number="159" hits="2" branch="false"/>
            <line number="160" hits="2" branch="false"/>
            <line number="161" hits="2" branch="false"/>
            <line number="164" hits="34" branch="false"/>
            <line number="165" hits="6" branch="false"/>
            <line number="166" hits="6" branch="false"/>
            <line number="167" hits="6" branch="false"/>
            <line number="168" hits="6" branch="false"/>
            <line number="169" hits="6" branch="false"/>
            <line number="173" hits="48" branch="false"/>
            <line number="180" hits="0" branch="false"/>
            <line number="181" hits="0" branch="false"/>
            <line number="182" hits="0" branch="false"/>
            <line number="184" hits="0" branch="false"/>
            <line number="191" hits="0" branch="false"/>
            <line number="192" hits="0" branch="false"/>
            <line number="193" hits="0" branch="false"/>
            <line number="195" hits="0" branch="false"/>
            <line number="202" hits="0" branch="false"/>
            <line number="203" hits="0" branch="false"/>
            <line number="204" hits="0" branch="false"/>
            <line number="206" hits="0" branch="false"/>
            <line number="213" hits="0" branch="false"/>
            <line number="214" hits="0" branch="false"/>
            <line number="215" hits="0" branch="false"/>
            <line number="217" hits="0" branch="false"/>
            <line number="224" hits="0" branch="false"/>
            <line number="225" hits="0" branch="false"/>
            <line number="226" hits="0" branch="false"/>
            <line number="228" hits="0" branch="false"/>
            <line number="235" hits="0" branch="false"/>
            <line number="236" hits="0" branch="false"/>
            <line number="237" hits="0" branch="false"/>
            <line number="239" hits="0" branch="false"/>
            <line number="246" hits="0" branch="false"/>
            <line number="247" hits="0" branch="false"/>
            <line number="248" hits="0" branch="false"/>
            <line number="250" hits="0" branch="false"/>
            <line number="258" hits="0" branch="false"/>
            <line number="259" hits="0" branch="false"/>
            <line number="260" hits="0" branch="false"/>
            <line number="262" hits="0" branch="false"/>
            <line number="270" hits="0" branch="false"/>
            <line number="271" hits="0" branch="false"/>
            <line number="273" hits="0" branch="false"/>
            <line number="274" hits="0" branch="false"/>
            <line number="275" hits="0" branch="false"/>
            <line number="276" hits="0" branch="false"/>
            <line number="277" hits="0" branch="false"/>
            <line number="278" hits="0" branch="false"/>
            <line number="279" hits="0" branch="false"/>
            <line number="281" hits="0" branch="false"/>
            <line number="282" hits="0" branch="false"/>
            <line number="286" hits="0" branch="false"/>
          </lines>
        </class>
        <class name="select_spec.R" filename="R/select_spec.R" line-rate="0.875" branch-rate="0" complexity="0">
          <methods>
            <method name="select_spec" signature="" line-rate="0.909090909090909" branch-rate="0" complexity="0">
              <lines>
                <line number="92" hits="119" branch="false"/>
                <line number="93" hits="117" branch="false"/>
                <line number="94" hits="116" branch="false"/>
                <line number="95" hits="116" branch="false"/>
                <line number="96" hits="116" branch="false"/>
                <line number="97" hits="115" branch="false"/>
                <line number="98" hits="0" branch="false"/>
                <line number="100" hits="10" branch="false"/>
                <line number="101" hits="115" branch="false"/>
                <line number="102" hits="27" branch="false"/>
                <line number="104" hits="88" branch="false"/>
              </lines>
            </method>
            <method name="select_spec.delayed_data" signature="" line-rate="1" branch-rate="0" complexity="0">
              <lines>
                <line number="118" hits="27" branch="false"/>
                <line number="119" hits="27" branch="false"/>
                <line number="120" hits="27" branch="false"/>
                <line number="121" hits="27" branch="false"/>
                <line number="122" hits="27" branch="false"/>
                <line number="123" hits="27" branch="false"/>
                <line number="124" hits="27" branch="false"/>
                <line number="125" hits="27" branch="false"/>
                <line number="126" hits="27" branch="false"/>
                <line number="127" hits="27" branch="false"/>
                <line number="129" hits="27" branch="false"/>
                <line number="130" hits="27" branch="false"/>
                <line number="131" hits="27" branch="false"/>
                <line number="132" hits="27" branch="false"/>
                <line number="133" hits="27" branch="false"/>
                <line number="134" hits="27" branch="false"/>
                <line number="135" hits="27" branch="false"/>
                <line number="136" hits="27" branch="false"/>
                <line number="137" hits="27" branch="false"/>
                <line number="138" hits="27" branch="false"/>
                <line number="139" hits="27" branch="false"/>
                <line number="140" hits="27" branch="false"/>
              </lines>
            </method>
            <method name="select_spec.default" signature="" line-rate="0.774193548387097" branch-rate="0" complexity="0">
              <lines>
                <line number="153" hits="88" branch="false"/>
                <line number="154" hits="88" branch="false"/>
                <line number="155" hits="88" branch="false"/>
                <line number="156" hits="88" branch="false"/>
                <line number="157" hits="87" branch="false"/>
                <line number="158" hits="87" branch="false"/>
                <line number="159" hits="87" branch="false"/>
                <line number="160" hits="87" branch="false"/>
                <line number="163" hits="86" branch="false"/>
                <line number="164" hits="35" branch="false"/>
                <line number="168" hits="86" branch="false"/>
                <line number="169" hits="80" branch="false"/>
                <line number="170" hits="80" branch="false"/>
                <line number="171" hits="80" branch="false"/>
                <line number="172" hits="79" branch="false"/>
                <line number="173" hits="60" branch="false"/>
                <line number="177" hits="85" branch="false"/>
                <line number="178" hits="0" branch="false"/>
                <line number="179" hits="0" branch="false"/>
                <line number="180" hits="0" branch="false"/>
                <line number="181" hits="0" branch="false"/>
                <line number="182" hits="0" branch="false"/>
                <line number="183" hits="0" branch="false"/>
                <line number="185" hits="0" branch="false"/>
                <line number="189" hits="85" branch="false"/>
                <line number="190" hits="85" branch="false"/>
                <line number="191" hits="85" branch="false"/>
                <line number="192" hits="85" branch="false"/>
                <line number="193" hits="85" branch="false"/>
                <line number="194" hits="85" branch="false"/>
                <line number="195" hits="85" branch="false"/>
              </lines>
            </method>
          </methods>
          <lines>
            <line number="92" hits="119" branch="false"/>
            <line number="93" hits="117" branch="false"/>
            <line number="94" hits="116" branch="false"/>
            <line number="95" hits="116" branch="false"/>
            <line number="96" hits="116" branch="false"/>
            <line number="97" hits="115" branch="false"/>
            <line number="98" hits="0" branch="false"/>
            <line number="100" hits="10" branch="false"/>
            <line number="101" hits="115" branch="false"/>
            <line number="102" hits="27" branch="false"/>
            <line number="104" hits="88" branch="false"/>
            <line number="118" hits="27" branch="false"/>
            <line number="119" hits="27" branch="false"/>
            <line number="120" hits="27" branch="false"/>
            <line number="121" hits="27" branch="false"/>
            <line number="122" hits="27" branch="false"/>
            <line number="123" hits="27" branch="false"/>
            <line number="124" hits="27" branch="false"/>
            <line number="125" hits="27" branch="false"/>
            <line number="126" hits="27" branch="false"/>
            <line number="127" hits="27" branch="false"/>
            <line number="129" hits="27" branch="false"/>
            <line number="130" hits="27" branch="false"/>
            <line number="131" hits="27" branch="false"/>
            <line number="132" hits="27" branch="false"/>
            <line number="133" hits="27" branch="false"/>
            <line number="134" hits="27" branch="false"/>
            <line number="135" hits="27" branch="false"/>
            <line number="136" hits="27" branch="false"/>
            <line number="137" hits="27" branch="false"/>
            <line number="138" hits="27" branch="false"/>
            <line number="139" hits="27" branch="false"/>
            <line number="140" hits="27" branch="false"/>
            <line number="153" hits="88" branch="false"/>
            <line number="154" hits="88" branch="false"/>
            <line number="155" hits="88" branch="false"/>
            <line number="156" hits="88" branch="false"/>
            <line number="157" hits="87" branch="false"/>
            <line number="158" hits="87" branch="false"/>
            <line number="159" hits="87" branch="false"/>
            <line number="160" hits="87" branch="false"/>
            <line number="163" hits="86" branch="false"/>
            <line number="164" hits="35" branch="false"/>
            <line number="168" hits="86" branch="false"/>
            <line number="169" hits="80" branch="false"/>
            <line number="170" hits="80" branch="false"/>
            <line number="171" hits="80" branch="false"/>
            <line number="172" hits="79" branch="false"/>
            <line number="173" hits="60" branch="false"/>
            <line number="177" hits="85" branch="false"/>
            <line number="178" hits="0" branch="false"/>
            <line number="179" hits="0" branch="false"/>
            <line number="180" hits="0" branch="false"/>
            <line number="181" hits="0" branch="false"/>
            <line number="182" hits="0" branch="false"/>
            <line number="183" hits="0" branch="false"/>
            <line number="185" hits="0" branch="false"/>
            <line number="189" hits="85" branch="false"/>
            <line number="190" hits="85" branch="false"/>
            <line number="191" hits="85" branch="false"/>
            <line number="192" hits="85" branch="false"/>
            <line number="193" hits="85" branch="false"/>
            <line number="194" hits="85" branch="false"/>
            <line number="195" hits="85" branch="false"/>
          </lines>
        </class>
        <class name="utils.R" filename="R/utils.R" line-rate="0.351351351351351" branch-rate="0" complexity="0">
          <methods>
            <method name="split_by_sep" signature="" line-rate="1" branch-rate="0" complexity="0">
              <lines>
                <line number="12" hits="79" branch="false"/>
                <line number="13" hits="79" branch="false"/>
                <line number="14" hits="74" branch="false"/>
                <line number="16" hits="5" branch="false"/>
              </lines>
            </method>
            <method name="extract_choices_labels" signature="" line-rate="0" branch-rate="0" complexity="0">
              <lines>
                <line number="31" hits="0" branch="false"/>
                <line number="32" hits="0" branch="false"/>
                <line number="33" hits="0" branch="false"/>
                <line number="34" hits="0" branch="false"/>
                <line number="35" hits="0" branch="false"/>
                <line number="36" hits="0" branch="false"/>
                <line number="37" hits="0" branch="false"/>
                <line number="39" hits="0" branch="false"/>
                <line number="40" hits="0" branch="false"/>
                <line number="41" hits="0" branch="false"/>
                <line number="44" hits="0" branch="false"/>
              </lines>
            </method>
            <method name="compose_and_enable_validators" signature="" line-rate="1" branch-rate="0" complexity="0">
              <lines>
                <line number="147" hits="7" branch="false"/>
                <line number="148" hits="7" branch="false"/>
                <line number="150" hits="7" branch="false"/>
                <line number="152" hits="7" branch="false"/>
                <line number="153" hits="14" branch="false"/>
                <line number="154" hits="14" branch="false"/>
                <line number="155" hits="14" branch="false"/>
                <line number="158" hits="7" branch="false"/>
                <line number="159" hits="7" branch="false"/>
              </lines>
            </method>
            <method name="convert_teal_data" signature="" line-rate="0" branch-rate="0" complexity="0">
              <lines>
                <line number="172" hits="0" branch="false"/>
                <line number="173" hits="0" branch="false"/>
                <line number="174" hits="0" branch="false"/>
                <line number="175" hits="0" branch="false"/>
                <line number="176" hits="0" branch="false"/>
                <line number="177" hits="0" branch="false"/>
                <line number="178" hits="0" branch="false"/>
                <line number="179" hits="0" branch="false"/>
                <line number="180" hits="0" branch="false"/>
                <line number="181" hits="0" branch="false"/>
                <line number="182" hits="0" branch="false"/>
                <line number="183" hits="0" branch="false"/>
                <line number="185" hits="0" branch="false"/>
              </lines>
            </method>
          </methods>
          <lines>
            <line number="12" hits="79" branch="false"/>
            <line number="13" hits="79" branch="false"/>
            <line number="14" hits="74" branch="false"/>
            <line number="16" hits="5" branch="false"/>
            <line number="31" hits="0" branch="false"/>
            <line number="32" hits="0" branch="false"/>
            <line number="33" hits="0" branch="false"/>
            <line number="34" hits="0" branch="false"/>
            <line number="35" hits="0" branch="false"/>
            <line number="36" hits="0" branch="false"/>
            <line number="37" hits="0" branch="false"/>
            <line number="39" hits="0" branch="false"/>
            <line number="40" hits="0" branch="false"/>
            <line number="41" hits="0" branch="false"/>
            <line number="44" hits="0" branch="false"/>
            <line number="147" hits="7" branch="false"/>
            <line number="148" hits="7" branch="false"/>
            <line number="150" hits="7" branch="false"/>
            <line number="152" hits="7" branch="false"/>
            <line number="153" hits="14" branch="false"/>
            <line number="154" hits="14" branch="false"/>
            <line number="155" hits="14" branch="false"/>
            <line number="158" hits="7" branch="false"/>
            <line number="159" hits="7" branch="false"/>
            <line number="172" hits="0" branch="false"/>
            <line number="173" hits="0" branch="false"/>
            <line number="174" hits="0" branch="false"/>
            <line number="175" hits="0" branch="false"/>
            <line number="176" hits="0" branch="false"/>
            <line number="177" hits="0" branch="false"/>
            <line number="178" hits="0" branch="false"/>
            <line number="179" hits="0" branch="false"/>
            <line number="180" hits="0" branch="false"/>
            <line number="181" hits="0" branch="false"/>
            <line number="182" hits="0" branch="false"/>
            <line number="183" hits="0" branch="false"/>
            <line number="185" hits="0" branch="false"/>
          </lines>
        </class>
        <class name="zzz.R" filename="R/zzz.R" line-rate="0" branch-rate="0" complexity="0">
          <methods>
            <method name=".onLoad" signature="" line-rate="0" branch-rate="0" complexity="0">
              <lines>
                <line number="2" hits="0" branch="false"/>
                <line number="3" hits="0" branch="false"/>
                <line number="4" hits="0" branch="false"/>
              </lines>
            </method>
          </methods>
          <lines>
            <line number="2" hits="0" branch="false"/>
            <line number="3" hits="0" branch="false"/>
            <line number="4" hits="0" branch="false"/>
          </lines>
        </class>
      </classes>
    </package>
  </packages>
</coverage>
