<?xml version="1.0" encoding="UTF-8"?>
<!DOCTYPE coverage SYSTEM "https://raw.githubusercontent.com/cobertura/cobertura/master/cobertura/src/site/htdocs/xml/coverage-04.dtd">
<coverage line-rate="0.729373996789727" branch-rate="0" lines-covered="2272" lines-valid="3115" branches-covered="0" branches-valid="0" complexity="0" version="3.6.4" timestamp="2025-04-24 08:57:09.825875">
  <sources>
    <source>/__w/teal.transform/teal.transform/teal.transform</source>
  </sources>
  <packages>
    <package name="teal.transform" line-rate="0.729373996789727" branch-rate="0" complexity="0">
      <classes>
        <class name="call_utils.R" filename="R/call_utils.R" line-rate="0.205128205128205" branch-rate="0" complexity="0">
          <methods>
            <method name="call_check_parse_varname" signature="" line-rate="0.4375" branch-rate="0" complexity="0">
              <lines>
                <line number="13" hits="188" branch="false"/>
                <line number="14" hits="188" branch="false"/>
                <line number="15" hits="188" branch="false"/>
                <line number="16" hits="188" branch="false"/>
                <line number="17" hits="188" branch="false"/>
                <line number="18" hits="188" branch="false"/>
                <line number="19" hits="0" branch="false"/>
                <line number="20" hits="0" branch="false"/>
                <line number="21" hits="0" branch="false"/>
                <line number="23" hits="0" branch="false"/>
                <line number="24" hits="0" branch="false"/>
                <line number="25" hits="0" branch="false"/>
                <line number="26" hits="0" branch="false"/>
                <line number="27" hits="0" branch="false"/>
                <line number="28" hits="0" branch="false"/>
                <line number="31" hits="188" branch="false"/>
              </lines>
            </method>
            <method name="call_condition_choice" signature="" line-rate="0.785714285714286" branch-rate="0" complexity="0">
              <lines>
                <line number="62" hits="188" branch="false"/>
                <line number="64" hits="188" branch="false"/>
                <line number="65" hits="0" branch="false"/>
                <line number="66" hits="188" branch="false"/>
                <line number="67" hits="0" branch="false"/>
                <line number="68" hits="188" branch="false"/>
                <line number="69" hits="0" branch="false"/>
                <line number="73" hits="188" branch="false"/>
                <line number="74" hits="134" branch="false"/>
                <line number="76" hits="54" branch="false"/>
                <line number="77" hits="54" branch="false"/>
                <line number="78" hits="54" branch="false"/>
                <line number="79" hits="54" branch="false"/>
                <line number="83" hits="54" branch="false"/>
              </lines>
            </method>
            <method name="call_condition_range" signature="" line-rate="0" branch-rate="0" complexity="0">
              <lines>
                <line number="102" hits="0" branch="false"/>
                <line number="104" hits="0" branch="false"/>
                <line number="105" hits="0" branch="false"/>
                <line number="106" hits="0" branch="false"/>
                <line number="107" hits="0" branch="false"/>
                <line number="108" hits="0" branch="false"/>
                <line number="109" hits="0" branch="false"/>
              </lines>
            </method>
            <method name="call_condition_logical" signature="" line-rate="0" branch-rate="0" complexity="0">
              <lines>
                <line number="127" hits="0" branch="false"/>
                <line number="128" hits="0" branch="false"/>
                <line number="130" hits="0" branch="false"/>
                <line number="131" hits="0" branch="false"/>
                <line number="132" hits="0" branch="false"/>
                <line number="133" hits="0" branch="false"/>
                <line number="135" hits="0" branch="false"/>
                <line number="136" hits="0" branch="false"/>
                <line number="137" hits="0" branch="false"/>
                <line number="138" hits="0" branch="false"/>
              </lines>
            </method>
            <method name="call_condition_range_posixct" signature="" line-rate="0" branch-rate="0" complexity="0">
              <lines>
                <line number="158" hits="0" branch="false"/>
                <line number="159" hits="0" branch="false"/>
                <line number="160" hits="0" branch="false"/>
                <line number="162" hits="0" branch="false"/>
                <line number="163" hits="0" branch="false"/>
                <line number="165" hits="0" branch="false"/>
                <line number="166" hits="0" branch="false"/>
                <line number="167" hits="0" branch="false"/>
                <line number="168" hits="0" branch="false"/>
                <line number="169" hits="0" branch="false"/>
                <line number="171" hits="0" branch="false"/>
                <line number="172" hits="0" branch="false"/>
                <line number="173" hits="0" branch="false"/>
                <line number="174" hits="0" branch="false"/>
                <line number="175" hits="0" branch="false"/>
              </lines>
            </method>
            <method name="call_condition_range_date" signature="" line-rate="0" branch-rate="0" complexity="0">
              <lines>
                <line number="190" hits="0" branch="false"/>
                <line number="191" hits="0" branch="false"/>
                <line number="192" hits="0" branch="false"/>
                <line number="194" hits="0" branch="false"/>
                <line number="195" hits="0" branch="false"/>
                <line number="196" hits="0" branch="false"/>
                <line number="197" hits="0" branch="false"/>
                <line number="198" hits="0" branch="false"/>
              </lines>
            </method>
            <method name="call_extract_array" signature="" line-rate="0" branch-rate="0" complexity="0">
              <lines>
                <line number="216" hits="0" branch="false"/>
                <line number="217" hits="0" branch="false"/>
                <line number="218" hits="0" branch="false"/>
                <line number="219" hits="0" branch="false"/>
                <line number="220" hits="0" branch="false"/>
                <line number="221" hits="0" branch="false"/>
                <line number="222" hits="0" branch="false"/>
                <line number="223" hits="0" branch="false"/>
                <line number="225" hits="0" branch="false"/>
                <line number="226" hits="0" branch="false"/>
                <line number="229" hits="0" branch="false"/>
                <line number="230" hits="0" branch="false"/>
                <line number="231" hits="0" branch="false"/>
                <line number="232" hits="0" branch="false"/>
                <line number="233" hits="0" branch="false"/>
                <line number="234" hits="0" branch="false"/>
                <line number="235" hits="0" branch="false"/>
                <line number="236" hits="0" branch="false"/>
                <line number="237" hits="0" branch="false"/>
                <line number="238" hits="0" branch="false"/>
                <line number="239" hits="0" branch="false"/>
                <line number="240" hits="0" branch="false"/>
                <line number="241" hits="0" branch="false"/>
                <line number="242" hits="0" branch="false"/>
                <line number="243" hits="0" branch="false"/>
                <line number="245" hits="0" branch="false"/>
                <line number="246" hits="0" branch="false"/>
                <line number="247" hits="0" branch="false"/>
                <line number="248" hits="0" branch="false"/>
              </lines>
            </method>
            <method name="call_extract_matrix" signature="" line-rate="0" branch-rate="0" complexity="0">
              <lines>
                <line number="264" hits="0" branch="false"/>
                <line number="265" hits="0" branch="false"/>
                <line number="266" hits="0" branch="false"/>
                <line number="267" hits="0" branch="false"/>
                <line number="268" hits="0" branch="false"/>
                <line number="269" hits="0" branch="false"/>
                <line number="270" hits="0" branch="false"/>
                <line number="272" hits="0" branch="false"/>
                <line number="273" hits="0" branch="false"/>
                <line number="276" hits="0" branch="false"/>
                <line number="277" hits="0" branch="false"/>
                <line number="278" hits="0" branch="false"/>
                <line number="279" hits="0" branch="false"/>
                <line number="280" hits="0" branch="false"/>
                <line number="281" hits="0" branch="false"/>
                <line number="282" hits="0" branch="false"/>
                <line number="283" hits="0" branch="false"/>
                <line number="284" hits="0" branch="false"/>
                <line number="285" hits="0" branch="false"/>
                <line number="287" hits="0" branch="false"/>
                <line number="288" hits="0" branch="false"/>
                <line number="289" hits="0" branch="false"/>
                <line number="290" hits="0" branch="false"/>
              </lines>
            </method>
            <method name="call_extract_list" signature="" line-rate="0" branch-rate="0" complexity="0">
              <lines>
                <line number="305" hits="0" branch="false"/>
                <line number="306" hits="0" branch="false"/>
                <line number="307" hits="0" branch="false"/>
                <line number="308" hits="0" branch="false"/>
                <line number="309" hits="0" branch="false"/>
                <line number="310" hits="0" branch="false"/>
                <line number="311" hits="0" branch="false"/>
                <line number="312" hits="0" branch="false"/>
                <line number="313" hits="0" branch="false"/>
                <line number="314" hits="0" branch="false"/>
                <line number="316" hits="0" branch="false"/>
                <line number="318" hits="0" branch="false"/>
                <line number="319" hits="0" branch="false"/>
                <line number="321" hits="0" branch="false"/>
              </lines>
            </method>
            <method name="call_with_colon" signature="" line-rate="0" branch-rate="0" complexity="0">
              <lines>
                <line number="340" hits="0" branch="false"/>
                <line number="341" hits="0" branch="false"/>
                <line number="342" hits="0" branch="false"/>
                <line number="343" hits="0" branch="false"/>
                <line number="344" hits="0" branch="false"/>
                <line number="345" hits="0" branch="false"/>
              </lines>
            </method>
            <method name="calls_combine_by" signature="" line-rate="1" branch-rate="0" complexity="0">
              <lines>
                <line number="361" hits="98" branch="false"/>
                <line number="362" hits="98" branch="false"/>
                <line number="363" hits="98" branch="false"/>
                <line number="364" hits="98" branch="false"/>
                <line number="365" hits="98" branch="false"/>
                <line number="366" hits="98" branch="false"/>
                <line number="367" hits="98" branch="false"/>
                <line number="368" hits="98" branch="false"/>
                <line number="369" hits="98" branch="false"/>
                <line number="370" hits="98" branch="false"/>
                <line number="372" hits="98" branch="false"/>
                <line number="373" hits="98" branch="false"/>
                <line number="374" hits="98" branch="false"/>
                <line number="375" hits="98" branch="false"/>
              </lines>
            </method>
          </methods>
          <lines>
            <line number="13" hits="188" branch="false"/>
            <line number="14" hits="188" branch="false"/>
            <line number="15" hits="188" branch="false"/>
            <line number="16" hits="188" branch="false"/>
            <line number="17" hits="188" branch="false"/>
            <line number="18" hits="188" branch="false"/>
            <line number="19" hits="0" branch="false"/>
            <line number="20" hits="0" branch="false"/>
            <line number="21" hits="0" branch="false"/>
            <line number="23" hits="0" branch="false"/>
            <line number="24" hits="0" branch="false"/>
            <line number="25" hits="0" branch="false"/>
            <line number="26" hits="0" branch="false"/>
            <line number="27" hits="0" branch="false"/>
            <line number="28" hits="0" branch="false"/>
            <line number="31" hits="188" branch="false"/>
            <line number="62" hits="188" branch="false"/>
            <line number="64" hits="188" branch="false"/>
            <line number="65" hits="0" branch="false"/>
            <line number="66" hits="188" branch="false"/>
            <line number="67" hits="0" branch="false"/>
            <line number="68" hits="188" branch="false"/>
            <line number="69" hits="0" branch="false"/>
            <line number="73" hits="188" branch="false"/>
            <line number="74" hits="134" branch="false"/>
            <line number="76" hits="54" branch="false"/>
            <line number="77" hits="54" branch="false"/>
            <line number="78" hits="54" branch="false"/>
            <line number="79" hits="54" branch="false"/>
            <line number="83" hits="54" branch="false"/>
            <line number="102" hits="0" branch="false"/>
            <line number="104" hits="0" branch="false"/>
            <line number="105" hits="0" branch="false"/>
            <line number="106" hits="0" branch="false"/>
            <line number="107" hits="0" branch="false"/>
            <line number="108" hits="0" branch="false"/>
            <line number="109" hits="0" branch="false"/>
            <line number="127" hits="0" branch="false"/>
            <line number="128" hits="0" branch="false"/>
            <line number="130" hits="0" branch="false"/>
            <line number="131" hits="0" branch="false"/>
            <line number="132" hits="0" branch="false"/>
            <line number="133" hits="0" branch="false"/>
            <line number="135" hits="0" branch="false"/>
            <line number="136" hits="0" branch="false"/>
            <line number="137" hits="0" branch="false"/>
            <line number="138" hits="0" branch="false"/>
            <line number="158" hits="0" branch="false"/>
            <line number="159" hits="0" branch="false"/>
            <line number="160" hits="0" branch="false"/>
            <line number="162" hits="0" branch="false"/>
            <line number="163" hits="0" branch="false"/>
            <line number="165" hits="0" branch="false"/>
            <line number="166" hits="0" branch="false"/>
            <line number="167" hits="0" branch="false"/>
            <line number="168" hits="0" branch="false"/>
            <line number="169" hits="0" branch="false"/>
            <line number="171" hits="0" branch="false"/>
            <line number="172" hits="0" branch="false"/>
            <line number="173" hits="0" branch="false"/>
            <line number="174" hits="0" branch="false"/>
            <line number="175" hits="0" branch="false"/>
            <line number="190" hits="0" branch="false"/>
            <line number="191" hits="0" branch="false"/>
            <line number="192" hits="0" branch="false"/>
            <line number="194" hits="0" branch="false"/>
            <line number="195" hits="0" branch="false"/>
            <line number="196" hits="0" branch="false"/>
            <line number="197" hits="0" branch="false"/>
            <line number="198" hits="0" branch="false"/>
            <line number="216" hits="0" branch="false"/>
            <line number="217" hits="0" branch="false"/>
            <line number="218" hits="0" branch="false"/>
            <line number="219" hits="0" branch="false"/>
            <line number="220" hits="0" branch="false"/>
            <line number="221" hits="0" branch="false"/>
            <line number="222" hits="0" branch="false"/>
            <line number="223" hits="0" branch="false"/>
            <line number="225" hits="0" branch="false"/>
            <line number="226" hits="0" branch="false"/>
            <line number="229" hits="0" branch="false"/>
            <line number="230" hits="0" branch="false"/>
            <line number="231" hits="0" branch="false"/>
            <line number="232" hits="0" branch="false"/>
            <line number="233" hits="0" branch="false"/>
            <line number="234" hits="0" branch="false"/>
            <line number="235" hits="0" branch="false"/>
            <line number="236" hits="0" branch="false"/>
            <line number="237" hits="0" branch="false"/>
            <line number="238" hits="0" branch="false"/>
            <line number="239" hits="0" branch="false"/>
            <line number="240" hits="0" branch="false"/>
            <line number="241" hits="0" branch="false"/>
            <line number="242" hits="0" branch="false"/>
            <line number="243" hits="0" branch="false"/>
            <line number="245" hits="0" branch="false"/>
            <line number="246" hits="0" branch="false"/>
            <line number="247" hits="0" branch="false"/>
            <line number="248" hits="0" branch="false"/>
            <line number="264" hits="0" branch="false"/>
            <line number="265" hits="0" branch="false"/>
            <line number="266" hits="0" branch="false"/>
            <line number="267" hits="0" branch="false"/>
            <line number="268" hits="0" branch="false"/>
            <line number="269" hits="0" branch="false"/>
            <line number="270" hits="0" branch="false"/>
            <line number="272" hits="0" branch="false"/>
            <line number="273" hits="0" branch="false"/>
            <line number="276" hits="0" branch="false"/>
            <line number="277" hits="0" branch="false"/>
            <line number="278" hits="0" branch="false"/>
            <line number="279" hits="0" branch="false"/>
            <line number="280" hits="0" branch="false"/>
            <line number="281" hits="0" branch="false"/>
            <line number="282" hits="0" branch="false"/>
            <line number="283" hits="0" branch="false"/>
            <line number="284" hits="0" branch="false"/>
            <line number="285" hits="0" branch="false"/>
            <line number="287" hits="0" branch="false"/>
            <line number="288" hits="0" branch="false"/>
            <line number="289" hits="0" branch="false"/>
            <line number="290" hits="0" branch="false"/>
            <line number="305" hits="0" branch="false"/>
            <line number="306" hits="0" branch="false"/>
            <line number="307" hits="0" branch="false"/>
            <line number="308" hits="0" branch="false"/>
            <line number="309" hits="0" branch="false"/>
            <line number="310" hits="0" branch="false"/>
            <line number="311" hits="0" branch="false"/>
            <line number="312" hits="0" branch="false"/>
            <line number="313" hits="0" branch="false"/>
            <line number="314" hits="0" branch="false"/>
            <line number="316" hits="0" branch="false"/>
            <line number="318" hits="0" branch="false"/>
            <line number="319" hits="0" branch="false"/>
            <line number="321" hits="0" branch="false"/>
            <line number="340" hits="0" branch="false"/>
            <line number="341" hits="0" branch="false"/>
            <line number="342" hits="0" branch="false"/>
            <line number="343" hits="0" branch="false"/>
            <line number="344" hits="0" branch="false"/>
            <line number="345" hits="0" branch="false"/>
            <line number="361" hits="98" branch="false"/>
            <line number="362" hits="98" branch="false"/>
            <line number="363" hits="98" branch="false"/>
            <line number="364" hits="98" branch="false"/>
            <line number="365" hits="98" branch="false"/>
            <line number="366" hits="98" branch="false"/>
            <line number="367" hits="98" branch="false"/>
            <line number="368" hits="98" branch="false"/>
            <line number="369" hits="98" branch="false"/>
            <line number="370" hits="98" branch="false"/>
            <line number="372" hits="98" branch="false"/>
            <line number="373" hits="98" branch="false"/>
            <line number="374" hits="98" branch="false"/>
            <line number="375" hits="98" branch="false"/>
          </lines>
        </class>
        <class name="check_selector.R" filename="R/check_selector.R" line-rate="1" branch-rate="0" complexity="0">
          <methods>
            <method name="check_selector_dataname" signature="" line-rate="1" branch-rate="0" complexity="0">
              <lines>
                <line number="11" hits="2774" branch="false"/>
              </lines>
            </method>
            <method name="check_selector_filters" signature="" line-rate="1" branch-rate="0" complexity="0">
              <lines>
                <line number="23" hits="2771" branch="false"/>
                <line number="24" hits="2771" branch="false"/>
                <line number="25" hits="2771" branch="false"/>
                <line number="26" hits="2771" branch="false"/>
                <line number="27" hits="2771" branch="false"/>
                <line number="28" hits="2771" branch="false"/>
                <line number="29" hits="2771" branch="false"/>
                <line number="30" hits="2771" branch="false"/>
                <line number="31" hits="2771" branch="false"/>
                <line number="32" hits="2771" branch="false"/>
                <line number="33" hits="2771" branch="false"/>
              </lines>
            </method>
            <method name="check_selector_select" signature="" line-rate="1" branch-rate="0" complexity="0">
              <lines>
                <line number="46" hits="2771" branch="false"/>
              </lines>
            </method>
            <method name="check_selector_keys" signature="" line-rate="1" branch-rate="0" complexity="0">
              <lines>
                <line number="59" hits="2771" branch="false"/>
              </lines>
            </method>
            <method name="check_selector_reshape" signature="" line-rate="1" branch-rate="0" complexity="0">
              <lines>
                <line number="72" hits="2771" branch="false"/>
              </lines>
            </method>
            <method name="check_selector_internal_id" signature="" line-rate="1" branch-rate="0" complexity="0">
              <lines>
                <line number="85" hits="2771" branch="false"/>
              </lines>
            </method>
            <method name="check_selector" signature="" line-rate="1" branch-rate="0" complexity="0">
              <lines>
                <line number="100" hits="2771" branch="false"/>
                <line number="101" hits="2771" branch="false"/>
                <line number="102" hits="2771" branch="false"/>
                <line number="103" hits="2771" branch="false"/>
                <line number="104" hits="2771" branch="false"/>
                <line number="105" hits="2771" branch="false"/>
                <line number="106" hits="2771" branch="false"/>
                <line number="107" hits="2771" branch="false"/>
                <line number="108" hits="2771" branch="false"/>
                <line number="109" hits="2771" branch="false"/>
                <line number="110" hits="2771" branch="false"/>
                <line number="111" hits="2771" branch="false"/>
                <line number="112" hits="2771" branch="false"/>
                <line number="113" hits="2771" branch="false"/>
                <line number="114" hits="2771" branch="false"/>
                <line number="115" hits="2771" branch="false"/>
                <line number="116" hits="2771" branch="false"/>
              </lines>
            </method>
          </methods>
          <lines>
            <line number="11" hits="2774" branch="false"/>
            <line number="23" hits="2771" branch="false"/>
            <line number="24" hits="2771" branch="false"/>
            <line number="25" hits="2771" branch="false"/>
            <line number="26" hits="2771" branch="false"/>
            <line number="27" hits="2771" branch="false"/>
            <line number="28" hits="2771" branch="false"/>
            <line number="29" hits="2771" branch="false"/>
            <line number="30" hits="2771" branch="false"/>
            <line number="31" hits="2771" branch="false"/>
            <line number="32" hits="2771" branch="false"/>
            <line number="33" hits="2771" branch="false"/>
            <line number="46" hits="2771" branch="false"/>
            <line number="59" hits="2771" branch="false"/>
            <line number="72" hits="2771" branch="false"/>
            <line number="85" hits="2771" branch="false"/>
            <line number="100" hits="2771" branch="false"/>
            <line number="101" hits="2771" branch="false"/>
            <line number="102" hits="2771" branch="false"/>
            <line number="103" hits="2771" branch="false"/>
            <line number="104" hits="2771" branch="false"/>
            <line number="105" hits="2771" branch="false"/>
            <line number="106" hits="2771" branch="false"/>
            <line number="107" hits="2771" branch="false"/>
            <line number="108" hits="2771" branch="false"/>
            <line number="109" hits="2771" branch="false"/>
            <line number="110" hits="2771" branch="false"/>
            <line number="111" hits="2771" branch="false"/>
            <line number="112" hits="2771" branch="false"/>
            <line number="113" hits="2771" branch="false"/>
            <line number="114" hits="2771" branch="false"/>
            <line number="115" hits="2771" branch="false"/>
            <line number="116" hits="2771" branch="false"/>
          </lines>
        </class>
        <class name="choices_labeled.R" filename="R/choices_labeled.R" line-rate="0.828025477707006" branch-rate="0" complexity="0">
          <methods>
            <method name="choices_labeled" signature="" line-rate="0.878048780487805" branch-rate="0" complexity="0">
              <lines>
                <line number="67" hits="244" branch="false"/>
                <line number="68" hits="0" branch="false"/>
                <line number="71" hits="244" branch="false"/>
                <line number="73" hits="244" branch="false"/>
                <line number="74" hits="0" branch="false"/>
                <line number="77" hits="244" branch="false"/>
                <line number="78" hits="244" branch="false"/>
                <line number="79" hits="0" branch="false"/>
                <line number="81" hits="244" branch="false"/>
                <line number="82" hits="244" branch="false"/>
                <line number="84" hits="244" branch="false"/>
                <line number="85" hits="224" branch="false"/>
                <line number="86" hits="0" branch="false"/>
                <line number="88" hits="224" branch="false"/>
                <line number="89" hits="224" branch="false"/>
                <line number="90" hits="224" branch="false"/>
                <line number="93" hits="244" branch="false"/>
                <line number="94" hits="244" branch="false"/>
                <line number="95" hits="244" branch="false"/>
                <line number="96" hits="244" branch="false"/>
                <line number="97" hits="244" branch="false"/>
                <line number="98" hits="244" branch="false"/>
                <line number="99" hits="244" branch="false"/>
                <line number="100" hits="244" branch="false"/>
                <line number="101" hits="244" branch="false"/>
                <line number="102" hits="0" branch="false"/>
                <line number="103" hits="244" branch="false"/>
                <line number="105" hits="244" branch="false"/>
                <line number="106" hits="224" branch="false"/>
                <line number="107" hits="224" branch="false"/>
                <line number="108" hits="224" branch="false"/>
                <line number="109" hits="224" branch="false"/>
                <line number="110" hits="224" branch="false"/>
                <line number="113" hits="244" branch="false"/>
                <line number="114" hits="244" branch="false"/>
                <line number="115" hits="244" branch="false"/>
                <line number="116" hits="244" branch="false"/>
                <line number="117" hits="244" branch="false"/>
                <line number="118" hits="244" branch="false"/>
                <line number="119" hits="244" branch="false"/>
                <line number="120" hits="244" branch="false"/>
              </lines>
            </method>
            <method name="variable_choices" signature="" line-rate="1" branch-rate="0" complexity="0">
              <lines>
                <line number="175" hits="250" branch="false"/>
                <line number="176" hits="250" branch="false"/>
                <line number="177" hits="250" branch="false"/>
                <line number="178" hits="250" branch="false"/>
                <line number="179" hits="250" branch="false"/>
                <line number="180" hits="250" branch="false"/>
                <line number="182" hits="250" branch="false"/>
              </lines>
            </method>
            <method name="variable_choices.character" signature="" line-rate="1" branch-rate="0" complexity="0">
              <lines>
                <line number="188" hits="84" branch="false"/>
                <line number="189" hits="84" branch="false"/>
                <line number="190" hits="84" branch="false"/>
              </lines>
            </method>
            <method name="variable_choices.data.frame" signature="" line-rate="0.65625" branch-rate="0" complexity="0">
              <lines>
                <line number="196" hits="166" branch="false"/>
                <line number="197" hits="166" branch="false"/>
                <line number="198" hits="166" branch="false"/>
                <line number="199" hits="166" branch="false"/>
                <line number="201" hits="166" branch="false"/>
                <line number="202" hits="4" branch="false"/>
                <line number="205" hits="166" branch="false"/>
                <line number="207" hits="166" branch="false"/>
                <line number="208" hits="21" branch="false"/>
                <line number="211" hits="166" branch="false"/>
                <line number="213" hits="166" branch="false"/>
                <line number="215" hits="166" branch="false"/>
                <line number="216" hits="52" branch="false"/>
                <line number="219" hits="166" branch="false"/>
                <line number="220" hits="0" branch="false"/>
                <line number="221" hits="0" branch="false"/>
                <line number="222" hits="0" branch="false"/>
                <line number="223" hits="0" branch="false"/>
                <line number="224" hits="0" branch="false"/>
                <line number="227" hits="166" branch="false"/>
                <line number="228" hits="0" branch="false"/>
                <line number="229" hits="0" branch="false"/>
                <line number="230" hits="0" branch="false"/>
                <line number="231" hits="0" branch="false"/>
                <line number="232" hits="0" branch="false"/>
                <line number="233" hits="0" branch="false"/>
                <line number="235" hits="166" branch="false"/>
                <line number="236" hits="166" branch="false"/>
                <line number="237" hits="166" branch="false"/>
                <line number="238" hits="166" branch="false"/>
                <line number="239" hits="166" branch="false"/>
                <line number="240" hits="166" branch="false"/>
              </lines>
            </method>
            <method name="value_choices" signature="" line-rate="1" branch-rate="0" complexity="0">
              <lines>
                <line number="291" hits="123" branch="false"/>
                <line number="292" hits="123" branch="false"/>
                <line number="293" hits="123" branch="false"/>
                <line number="294" hits="123" branch="false"/>
                <line number="295" hits="123" branch="false"/>
                <line number="296" hits="123" branch="false"/>
                <line number="297" hits="123" branch="false"/>
                <line number="298" hits="123" branch="false"/>
                <line number="299" hits="123" branch="false"/>
                <line number="300" hits="123" branch="false"/>
                <line number="301" hits="123" branch="false"/>
              </lines>
            </method>
            <method name="value_choices.character" signature="" line-rate="1" branch-rate="0" complexity="0">
              <lines>
                <line number="311" hits="43" branch="false"/>
                <line number="312" hits="43" branch="false"/>
                <line number="313" hits="43" branch="false"/>
                <line number="314" hits="43" branch="false"/>
                <line number="315" hits="43" branch="false"/>
                <line number="316" hits="43" branch="false"/>
                <line number="317" hits="43" branch="false"/>
                <line number="318" hits="43" branch="false"/>
                <line number="319" hits="43" branch="false"/>
                <line number="320" hits="43" branch="false"/>
              </lines>
            </method>
            <method name="value_choices.data.frame" signature="" line-rate="0.91304347826087" branch-rate="0" complexity="0">
              <lines>
                <line number="330" hits="80" branch="false"/>
                <line number="331" hits="79" branch="false"/>
                <line number="333" hits="78" branch="false"/>
                <line number="334" hits="78" branch="false"/>
                <line number="335" hits="78" branch="false"/>
                <line number="337" hits="78" branch="false"/>
                <line number="338" hits="85" branch="false"/>
                <line number="339" hits="6" branch="false"/>
                <line number="340" hits="6" branch="false"/>
                <line number="341" hits="6" branch="false"/>
                <line number="342" hits="6" branch="false"/>
                <line number="343" hits="6" branch="false"/>
                <line number="347" hits="78" branch="false"/>
                <line number="348" hits="78" branch="false"/>
                <line number="349" hits="78" branch="false"/>
                <line number="350" hits="78" branch="false"/>
                <line number="351" hits="78" branch="false"/>
                <line number="352" hits="78" branch="false"/>
                <line number="353" hits="78" branch="false"/>
                <line number="354" hits="78" branch="false"/>
                <line number="355" hits="78" branch="false"/>
                <line number="356" hits="78" branch="false"/>
                <line number="357" hits="0" branch="false"/>
                <line number="358" hits="0" branch="false"/>
                <line number="359" hits="78" branch="false"/>
                <line number="360" hits="0" branch="false"/>
                <line number="361" hits="78" branch="false"/>
                <line number="362" hits="78" branch="false"/>
                <line number="363" hits="78" branch="false"/>
                <line number="364" hits="78" branch="false"/>
                <line number="365" hits="78" branch="false"/>
                <line number="366" hits="0" branch="false"/>
                <line number="367" hits="78" branch="false"/>
                <line number="368" hits="78" branch="false"/>
                <line number="369" hits="78" branch="false"/>
                <line number="371" hits="78" branch="false"/>
                <line number="372" hits="5" branch="false"/>
                <line number="374" hits="78" branch="false"/>
                <line number="375" hits="78" branch="false"/>
                <line number="376" hits="78" branch="false"/>
                <line number="377" hits="78" branch="false"/>
                <line number="378" hits="78" branch="false"/>
                <line number="379" hits="78" branch="false"/>
                <line number="380" hits="78" branch="false"/>
                <line number="381" hits="78" branch="false"/>
                <line number="382" hits="78" branch="false"/>
              </lines>
            </method>
            <method name="print.choices_labeled" signature="" line-rate="0" branch-rate="0" complexity="0">
              <lines>
                <line number="393" hits="0" branch="false"/>
                <line number="394" hits="0" branch="false"/>
                <line number="395" hits="0" branch="false"/>
                <line number="396" hits="0" branch="false"/>
                <line number="397" hits="0" branch="false"/>
                <line number="398" hits="0" branch="false"/>
                <line number="400" hits="0" branch="false"/>
              </lines>
            </method>
          </methods>
          <lines>
            <line number="67" hits="244" branch="false"/>
            <line number="68" hits="0" branch="false"/>
            <line number="71" hits="244" branch="false"/>
            <line number="73" hits="244" branch="false"/>
            <line number="74" hits="0" branch="false"/>
            <line number="77" hits="244" branch="false"/>
            <line number="78" hits="244" branch="false"/>
            <line number="79" hits="0" branch="false"/>
            <line number="81" hits="244" branch="false"/>
            <line number="82" hits="244" branch="false"/>
            <line number="84" hits="244" branch="false"/>
            <line number="85" hits="224" branch="false"/>
            <line number="86" hits="0" branch="false"/>
            <line number="88" hits="224" branch="false"/>
            <line number="89" hits="224" branch="false"/>
            <line number="90" hits="224" branch="false"/>
            <line number="93" hits="244" branch="false"/>
            <line number="94" hits="244" branch="false"/>
            <line number="95" hits="244" branch="false"/>
            <line number="96" hits="244" branch="false"/>
            <line number="97" hits="244" branch="false"/>
            <line number="98" hits="244" branch="false"/>
            <line number="99" hits="244" branch="false"/>
            <line number="100" hits="244" branch="false"/>
            <line number="101" hits="244" branch="false"/>
            <line number="102" hits="0" branch="false"/>
            <line number="103" hits="244" branch="false"/>
            <line number="105" hits="244" branch="false"/>
            <line number="106" hits="224" branch="false"/>
            <line number="107" hits="224" branch="false"/>
            <line number="108" hits="224" branch="false"/>
            <line number="109" hits="224" branch="false"/>
            <line number="110" hits="224" branch="false"/>
            <line number="113" hits="244" branch="false"/>
            <line number="114" hits="244" branch="false"/>
            <line number="115" hits="244" branch="false"/>
            <line number="116" hits="244" branch="false"/>
            <line number="117" hits="244" branch="false"/>
            <line number="118" hits="244" branch="false"/>
            <line number="119" hits="244" branch="false"/>
            <line number="120" hits="244" branch="false"/>
            <line number="175" hits="250" branch="false"/>
            <line number="176" hits="250" branch="false"/>
            <line number="177" hits="250" branch="false"/>
            <line number="178" hits="250" branch="false"/>
            <line number="179" hits="250" branch="false"/>
            <line number="180" hits="250" branch="false"/>
            <line number="182" hits="250" branch="false"/>
            <line number="188" hits="84" branch="false"/>
            <line number="189" hits="84" branch="false"/>
            <line number="190" hits="84" branch="false"/>
            <line number="196" hits="166" branch="false"/>
            <line number="197" hits="166" branch="false"/>
            <line number="198" hits="166" branch="false"/>
            <line number="199" hits="166" branch="false"/>
            <line number="201" hits="166" branch="false"/>
            <line number="202" hits="4" branch="false"/>
            <line number="205" hits="166" branch="false"/>
            <line number="207" hits="166" branch="false"/>
            <line number="208" hits="21" branch="false"/>
            <line number="211" hits="166" branch="false"/>
            <line number="213" hits="166" branch="false"/>
            <line number="215" hits="166" branch="false"/>
            <line number="216" hits="52" branch="false"/>
            <line number="219" hits="166" branch="false"/>
            <line number="220" hits="0" branch="false"/>
            <line number="221" hits="0" branch="false"/>
            <line number="222" hits="0" branch="false"/>
            <line number="223" hits="0" branch="false"/>
            <line number="224" hits="0" branch="false"/>
            <line number="227" hits="166" branch="false"/>
            <line number="228" hits="0" branch="false"/>
            <line number="229" hits="0" branch="false"/>
            <line number="230" hits="0" branch="false"/>
            <line number="231" hits="0" branch="false"/>
            <line number="232" hits="0" branch="false"/>
            <line number="233" hits="0" branch="false"/>
            <line number="235" hits="166" branch="false"/>
            <line number="236" hits="166" branch="false"/>
            <line number="237" hits="166" branch="false"/>
            <line number="238" hits="166" branch="false"/>
            <line number="239" hits="166" branch="false"/>
            <line number="240" hits="166" branch="false"/>
            <line number="291" hits="123" branch="false"/>
            <line number="292" hits="123" branch="false"/>
            <line number="293" hits="123" branch="false"/>
            <line number="294" hits="123" branch="false"/>
            <line number="295" hits="123" branch="false"/>
            <line number="296" hits="123" branch="false"/>
            <line number="297" hits="123" branch="false"/>
            <line number="298" hits="123" branch="false"/>
            <line number="299" hits="123" branch="false"/>
            <line number="300" hits="123" branch="false"/>
            <line number="301" hits="123" branch="false"/>
            <line number="311" hits="43" branch="false"/>
            <line number="312" hits="43" branch="false"/>
            <line number="313" hits="43" branch="false"/>
            <line number="314" hits="43" branch="false"/>
            <line number="315" hits="43" branch="false"/>
            <line number="316" hits="43" branch="false"/>
            <line number="317" hits="43" branch="false"/>
            <line number="318" hits="43" branch="false"/>
            <line number="319" hits="43" branch="false"/>
            <line number="320" hits="43" branch="false"/>
            <line number="330" hits="80" branch="false"/>
            <line number="331" hits="79" branch="false"/>
            <line number="333" hits="78" branch="false"/>
            <line number="334" hits="78" branch="false"/>
            <line number="335" hits="78" branch="false"/>
            <line number="337" hits="78" branch="false"/>
            <line number="338" hits="85" branch="false"/>
            <line number="339" hits="6" branch="false"/>
            <line number="340" hits="6" branch="false"/>
            <line number="341" hits="6" branch="false"/>
            <line number="342" hits="6" branch="false"/>
            <line number="343" hits="6" branch="false"/>
            <line number="347" hits="78" branch="false"/>
            <line number="348" hits="78" branch="false"/>
            <line number="349" hits="78" branch="false"/>
            <line number="350" hits="78" branch="false"/>
            <line number="351" hits="78" branch="false"/>
            <line number="352" hits="78" branch="false"/>
            <line number="353" hits="78" branch="false"/>
            <line number="354" hits="78" branch="false"/>
            <line number="355" hits="78" branch="false"/>
            <line number="356" hits="78" branch="false"/>
            <line number="357" hits="0" branch="false"/>
            <line number="358" hits="0" branch="false"/>
            <line number="359" hits="78" branch="false"/>
            <line number="360" hits="0" branch="false"/>
            <line number="361" hits="78" branch="false"/>
            <line number="362" hits="78" branch="false"/>
            <line number="363" hits="78" branch="false"/>
            <line number="364" hits="78" branch="false"/>
            <line number="365" hits="78" branch="false"/>
            <line number="366" hits="0" branch="false"/>
            <line number="367" hits="78" branch="false"/>
            <line number="368" hits="78" branch="false"/>
            <line number="369" hits="78" branch="false"/>
            <line number="371" hits="78" branch="false"/>
            <line number="372" hits="5" branch="false"/>
            <line number="374" hits="78" branch="false"/>
            <line number="375" hits="78" branch="false"/>
            <line number="376" hits="78" branch="false"/>
            <line number="377" hits="78" branch="false"/>
            <line number="378" hits="78" branch="false"/>
            <line number="379" hits="78" branch="false"/>
            <line number="380" hits="78" branch="false"/>
            <line number="381" hits="78" branch="false"/>
            <line number="382" hits="78" branch="false"/>
            <line number="393" hits="0" branch="false"/>
            <line number="394" hits="0" branch="false"/>
            <line number="395" hits="0" branch="false"/>
            <line number="396" hits="0" branch="false"/>
            <line number="397" hits="0" branch="false"/>
            <line number="398" hits="0" branch="false"/>
            <line number="400" hits="0" branch="false"/>
          </lines>
        </class>
        <class name="choices_selected.R" filename="R/choices_selected.R" line-rate="0.864197530864197" branch-rate="0" complexity="0">
          <methods>
            <method name="choices_selected" signature="" line-rate="1" branch-rate="0" complexity="0">
              <lines>
                <line number="137" hits="40" branch="false"/>
                <line number="138" hits="40" branch="false"/>
                <line number="139" hits="40" branch="false"/>
                <line number="140" hits="40" branch="false"/>
                <line number="141" hits="40" branch="false"/>
                <line number="142" hits="40" branch="false"/>
                <line number="143" hits="40" branch="false"/>
                <line number="144" hits="40" branch="false"/>
                <line number="145" hits="40" branch="false"/>
                <line number="146" hits="40" branch="false"/>
                <line number="148" hits="5" branch="false"/>
                <line number="150" hits="40" branch="false"/>
                <line number="151" hits="1" branch="false"/>
                <line number="154" hits="39" branch="false"/>
                <line number="155" hits="11" branch="false"/>
                <line number="156" hits="11" branch="false"/>
                <line number="157" hits="11" branch="false"/>
                <line number="158" hits="11" branch="false"/>
                <line number="159" hits="11" branch="false"/>
                <line number="160" hits="11" branch="false"/>
                <line number="163" hits="28" branch="false"/>
                <line number="164" hits="1" branch="false"/>
                <line number="168" hits="27" branch="false"/>
                <line number="169" hits="27" branch="false"/>
                <line number="170" hits="27" branch="false"/>
                <line number="172" hits="24" branch="false"/>
                <line number="173" hits="24" branch="false"/>
                <line number="174" hits="24" branch="false"/>
                <line number="175" hits="24" branch="false"/>
                <line number="176" hits="24" branch="false"/>
                <line number="177" hits="24" branch="false"/>
                <line number="180" hits="24" branch="false"/>
                <line number="181" hits="24" branch="false"/>
                <line number="182" hits="24" branch="false"/>
                <line number="183" hits="24" branch="false"/>
                <line number="184" hits="24" branch="false"/>
                <line number="185" hits="24" branch="false"/>
                <line number="186" hits="24" branch="false"/>
                <line number="187" hits="24" branch="false"/>
              </lines>
            </method>
            <method name="is.choices_selected" signature="" line-rate="1" branch-rate="0" complexity="0">
              <lines>
                <line number="199" hits="24" branch="false"/>
              </lines>
            </method>
            <method name="add_no_selected_choices" signature="" line-rate="0" branch-rate="0" complexity="0">
              <lines>
                <line number="214" hits="0" branch="false"/>
                <line number="215" hits="0" branch="false"/>
                <line number="217" hits="0" branch="false"/>
                <line number="219" hits="0" branch="false"/>
                <line number="220" hits="0" branch="false"/>
                <line number="221" hits="0" branch="false"/>
                <line number="224" hits="0" branch="false"/>
              </lines>
            </method>
            <method name="no_selected_as_NULL" signature="" line-rate="0" branch-rate="0" complexity="0">
              <lines>
                <line number="239" hits="0" branch="false"/>
                <line number="240" hits="0" branch="false"/>
                <line number="242" hits="0" branch="false"/>
              </lines>
            </method>
            <method name="vector_reorder" signature="" line-rate="1" branch-rate="0" complexity="0">
              <lines>
                <line number="252" hits="24" branch="false"/>
                <line number="253" hits="24" branch="false"/>
                <line number="254" hits="24" branch="false"/>
                <line number="256" hits="24" branch="false"/>
                <line number="258" hits="24" branch="false"/>
                <line number="260" hits="24" branch="false"/>
                <line number="261" hits="43" branch="false"/>
                <line number="262" hits="42" branch="false"/>
                <line number="266" hits="24" branch="false"/>
                <line number="267" hits="24" branch="false"/>
              </lines>
            </method>
            <method name="vector_pop" signature="" line-rate="0.916666666666667" branch-rate="0" complexity="0">
              <lines>
                <line number="275" hits="1" branch="false"/>
                <line number="276" hits="1" branch="false"/>
                <line number="278" hits="1" branch="false"/>
                <line number="279" hits="0" branch="false"/>
                <line number="282" hits="1" branch="false"/>
                <line number="283" hits="1" branch="false"/>
                <line number="285" hits="1" branch="false"/>
                <line number="286" hits="4" branch="false"/>
                <line number="287" hits="3" branch="false"/>
                <line number="291" hits="1" branch="false"/>
                <line number="292" hits="1" branch="false"/>
                <line number="293" hits="1" branch="false"/>
              </lines>
            </method>
            <method name="vector_remove_dups" signature="" line-rate="1" branch-rate="0" complexity="0">
              <lines>
                <line number="301" hits="54" branch="false"/>
                <line number="303" hits="54" branch="false"/>
                <line number="305" hits="54" branch="false"/>
                <line number="306" hits="49" branch="false"/>
                <line number="307" hits="5" branch="false"/>
                <line number="308" hits="2" branch="false"/>
                <line number="309" hits="3" branch="false"/>
                <line number="310" hits="2" branch="false"/>
                <line number="312" hits="1" branch="false"/>
              </lines>
            </method>
          </methods>
          <lines>
            <line number="137" hits="40" branch="false"/>
            <line number="138" hits="40" branch="false"/>
            <line number="139" hits="40" branch="false"/>
            <line number="140" hits="40" branch="false"/>
            <line number="141" hits="40" branch="false"/>
            <line number="142" hits="40" branch="false"/>
            <line number="143" hits="40" branch="false"/>
            <line number="144" hits="40" branch="false"/>
            <line number="145" hits="40" branch="false"/>
            <line number="146" hits="40" branch="false"/>
            <line number="148" hits="5" branch="false"/>
            <line number="150" hits="40" branch="false"/>
            <line number="151" hits="1" branch="false"/>
            <line number="154" hits="39" branch="false"/>
            <line number="155" hits="11" branch="false"/>
            <line number="156" hits="11" branch="false"/>
            <line number="157" hits="11" branch="false"/>
            <line number="158" hits="11" branch="false"/>
            <line number="159" hits="11" branch="false"/>
            <line number="160" hits="11" branch="false"/>
            <line number="163" hits="28" branch="false"/>
            <line number="164" hits="1" branch="false"/>
            <line number="168" hits="27" branch="false"/>
            <line number="169" hits="27" branch="false"/>
            <line number="170" hits="27" branch="false"/>
            <line number="172" hits="24" branch="false"/>
            <line number="173" hits="24" branch="false"/>
            <line number="174" hits="24" branch="false"/>
            <line number="175" hits="24" branch="false"/>
            <line number="176" hits="24" branch="false"/>
            <line number="177" hits="24" branch="false"/>
            <line number="180" hits="24" branch="false"/>
            <line number="181" hits="24" branch="false"/>
            <line number="182" hits="24" branch="false"/>
            <line number="183" hits="24" branch="false"/>
            <line number="184" hits="24" branch="false"/>
            <line number="185" hits="24" branch="false"/>
            <line number="186" hits="24" branch="false"/>
            <line number="187" hits="24" branch="false"/>
            <line number="199" hits="24" branch="false"/>
            <line number="214" hits="0" branch="false"/>
            <line number="215" hits="0" branch="false"/>
            <line number="217" hits="0" branch="false"/>
            <line number="219" hits="0" branch="false"/>
            <line number="220" hits="0" branch="false"/>
            <line number="221" hits="0" branch="false"/>
            <line number="224" hits="0" branch="false"/>
            <line number="239" hits="0" branch="false"/>
            <line number="240" hits="0" branch="false"/>
            <line number="242" hits="0" branch="false"/>
            <line number="252" hits="24" branch="false"/>
            <line number="253" hits="24" branch="false"/>
            <line number="254" hits="24" branch="false"/>
            <line number="256" hits="24" branch="false"/>
            <line number="258" hits="24" branch="false"/>
            <line number="260" hits="24" branch="false"/>
            <line number="261" hits="43" branch="false"/>
            <line number="262" hits="42" branch="false"/>
            <line number="266" hits="24" branch="false"/>
            <line number="267" hits="24" branch="false"/>
            <line number="275" hits="1" branch="false"/>
            <line number="276" hits="1" branch="false"/>
            <line number="278" hits="1" branch="false"/>
            <line number="279" hits="0" branch="false"/>
            <line number="282" hits="1" branch="false"/>
            <line number="283" hits="1" branch="false"/>
            <line number="285" hits="1" branch="false"/>
            <line number="286" hits="4" branch="false"/>
            <line number="287" hits="3" branch="false"/>
            <line number="291" hits="1" branch="false"/>
            <line number="292" hits="1" branch="false"/>
            <line number="293" hits="1" branch="false"/>
            <line number="301" hits="54" branch="false"/>
            <line number="303" hits="54" branch="false"/>
            <line number="305" hits="54" branch="false"/>
            <line number="306" hits="49" branch="false"/>
            <line number="307" hits="5" branch="false"/>
            <line number="308" hits="2" branch="false"/>
            <line number="309" hits="3" branch="false"/>
            <line number="310" hits="2" branch="false"/>
            <line number="312" hits="1" branch="false"/>
          </lines>
        </class>
        <class name="column_functions.R" filename="R/column_functions.R" line-rate="0" branch-rate="0" complexity="0">
          <methods>
            <method name="get_dataset_prefixed_col_names" signature="" line-rate="0" branch-rate="0" complexity="0">
              <lines>
                <line number="15" hits="0" branch="false"/>
                <line number="16" hits="0" branch="false"/>
                <line number="18" hits="0" branch="false"/>
              </lines>
            </method>
          </methods>
          <lines>
            <line number="15" hits="0" branch="false"/>
            <line number="16" hits="0" branch="false"/>
            <line number="18" hits="0" branch="false"/>
          </lines>
        </class>
        <class name="data_extract_datanames.R" filename="R/data_extract_datanames.R" line-rate="0.733333333333333" branch-rate="0" complexity="0">
          <methods>
            <method name="datanames_input" signature="" line-rate="0" branch-rate="0" complexity="0">
              <lines>
                <line number="16" hits="0" branch="false"/>
                <line number="17" hits="0" branch="false"/>
                <line number="18" hits="0" branch="false"/>
                <line number="19" hits="0" branch="false"/>
                <line number="20" hits="0" branch="false"/>
              </lines>
            </method>
            <method name="get_extract_datanames" signature="" line-rate="1" branch-rate="0" complexity="0">
              <lines>
                <line number="39" hits="17" branch="false"/>
                <line number="40" hits="2" branch="false"/>
                <line number="41" hits="17" branch="false"/>
                <line number="42" hits="15" branch="false"/>
                <line number="43" hits="17" branch="false"/>
                <line number="44" hits="17" branch="false"/>
                <line number="46" hits="14" branch="false"/>
                <line number="47" hits="14" branch="false"/>
                <line number="48" hits="14" branch="false"/>
                <line number="50" hits="14" branch="false"/>
                <line number="51" hits="13" branch="false"/>
                <line number="52" hits="13" branch="false"/>
                <line number="53" hits="13" branch="false"/>
                <line number="54" hits="13" branch="false"/>
                <line number="56" hits="11" branch="false"/>
                <line number="57" hits="11" branch="false"/>
                <line number="58" hits="11" branch="false"/>
                <line number="59" hits="8" branch="false"/>
                <line number="60" hits="8" branch="false"/>
                <line number="61" hits="11" branch="false"/>
                <line number="62" hits="11" branch="false"/>
                <line number="64" hits="11" branch="false"/>
              </lines>
            </method>
            <method name="is_single_dataset" signature="" line-rate="0" branch-rate="0" complexity="0">
              <lines>
                <line number="83" hits="0" branch="false"/>
                <line number="84" hits="0" branch="false"/>
                <line number="85" hits="0" branch="false"/>
              </lines>
            </method>
          </methods>
          <lines>
            <line number="16" hits="0" branch="false"/>
            <line number="17" hits="0" branch="false"/>
            <line number="18" hits="0" branch="false"/>
            <line number="19" hits="0" branch="false"/>
            <line number="20" hits="0" branch="false"/>
            <line number="39" hits="17" branch="false"/>
            <line number="40" hits="2" branch="false"/>
            <line number="41" hits="17" branch="false"/>
            <line number="42" hits="15" branch="false"/>
            <line number="43" hits="17" branch="false"/>
            <line number="44" hits="17" branch="false"/>
            <line number="46" hits="14" branch="false"/>
            <line number="47" hits="14" branch="false"/>
            <line number="48" hits="14" branch="false"/>
            <line number="50" hits="14" branch="false"/>
            <line number="51" hits="13" branch="false"/>
            <line number="52" hits="13" branch="false"/>
            <line number="53" hits="13" branch="false"/>
            <line number="54" hits="13" branch="false"/>
            <line number="56" hits="11" branch="false"/>
            <line number="57" hits="11" branch="false"/>
            <line number="58" hits="11" branch="false"/>
            <line number="59" hits="8" branch="false"/>
            <line number="60" hits="8" branch="false"/>
            <line number="61" hits="11" branch="false"/>
            <line number="62" hits="11" branch="false"/>
            <line number="64" hits="11" branch="false"/>
            <line number="83" hits="0" branch="false"/>
            <line number="84" hits="0" branch="false"/>
            <line number="85" hits="0" branch="false"/>
          </lines>
        </class>
        <class name="data_extract_filter_module.R" filename="R/data_extract_filter_module.R" line-rate="0.552380952380952" branch-rate="0" complexity="0">
          <methods>
            <method name="data_extract_filter_ui" signature="" line-rate="1" branch-rate="0" complexity="0">
              <lines>
                <line number="14" hits="6" branch="false"/>
                <line number="15" hits="6" branch="false"/>
                <line number="17" hits="6" branch="false"/>
                <line number="19" hits="6" branch="false"/>
                <line number="20" hits="6" branch="false"/>
                <line number="21" hits="6" branch="false"/>
                <line number="22" hits="6" branch="false"/>
                <line number="23" hits="6" branch="false"/>
                <line number="24" hits="6" branch="false"/>
                <line number="25" hits="6" branch="false"/>
                <line number="26" hits="6" branch="false"/>
                <line number="28" hits="6" branch="false"/>
                <line number="29" hits="6" branch="false"/>
                <line number="30" hits="6" branch="false"/>
                <line number="31" hits="6" branch="false"/>
                <line number="32" hits="6" branch="false"/>
                <line number="33" hits="6" branch="false"/>
                <line number="34" hits="6" branch="false"/>
                <line number="35" hits="6" branch="false"/>
                <line number="37" hits="6" branch="false"/>
                <line number="38" hits="6" branch="false"/>
                <line number="39" hits="6" branch="false"/>
                <line number="40" hits="6" branch="false"/>
                <line number="41" hits="6" branch="false"/>
              </lines>
            </method>
            <method name="data_extract_filter_srv" signature="" line-rate="0.53125" branch-rate="0" complexity="0">
              <lines>
                <line number="60" hits="7" branch="false"/>
                <line number="61" hits="7" branch="false"/>
                <line number="62" hits="7" branch="false"/>
                <line number="63" hits="7" branch="false"/>
                <line number="66" hits="7" branch="false"/>
                <line number="67" hits="7" branch="false"/>
                <line number="69" hits="7" branch="false"/>
                <line number="73" hits="7" branch="false"/>
                <line number="74" hits="1" branch="false"/>
                <line number="75" hits="7" branch="false"/>
                <line number="76" hits="7" branch="false"/>
                <line number="77" hits="7" branch="false"/>
                <line number="78" hits="7" branch="false"/>
                <line number="79" hits="7" branch="false"/>
                <line number="80" hits="7" branch="false"/>
                <line number="81" hits="7" branch="false"/>
                <line number="82" hits="7" branch="false"/>
                <line number="83" hits="7" branch="false"/>
                <line number="84" hits="7" branch="false"/>
                <line number="85" hits="7" branch="false"/>
                <line number="86" hits="7" branch="false"/>
                <line number="87" hits="7" branch="false"/>
                <line number="88" hits="7" branch="false"/>
                <line number="90" hits="7" branch="false"/>
                <line number="91" hits="7" branch="false"/>
                <line number="92" hits="7" branch="false"/>
                <line number="93" hits="7" branch="false"/>
                <line number="94" hits="7" branch="false"/>
                <line number="95" hits="0" branch="false"/>
                <line number="96" hits="0" branch="false"/>
                <line number="97" hits="0" branch="false"/>
                <line number="98" hits="0" branch="false"/>
                <line number="99" hits="0" branch="false"/>
                <line number="100" hits="0" branch="false"/>
                <line number="102" hits="0" branch="false"/>
                <line number="103" hits="0" branch="false"/>
                <line number="104" hits="0" branch="false"/>
                <line number="105" hits="0" branch="false"/>
                <line number="106" hits="0" branch="false"/>
                <line number="107" hits="0" branch="false"/>
                <line number="108" hits="0" branch="false"/>
                <line number="110" hits="7" branch="false"/>
                <line number="111" hits="0" branch="false"/>
                <line number="112" hits="0" branch="false"/>
                <line number="113" hits="7" branch="false"/>
                <line number="114" hits="0" branch="false"/>
                <line number="115" hits="0" branch="false"/>
                <line number="116" hits="0" branch="false"/>
                <line number="119" hits="0" branch="false"/>
                <line number="120" hits="0" branch="false"/>
                <line number="121" hits="0" branch="false"/>
                <line number="122" hits="0" branch="false"/>
                <line number="123" hits="0" branch="false"/>
                <line number="124" hits="0" branch="false"/>
                <line number="126" hits="0" branch="false"/>
                <line number="127" hits="0" branch="false"/>
                <line number="128" hits="0" branch="false"/>
                <line number="129" hits="0" branch="false"/>
                <line number="130" hits="0" branch="false"/>
                <line number="131" hits="0" branch="false"/>
                <line number="132" hits="7" branch="false"/>
                <line number="133" hits="7" branch="false"/>
                <line number="134" hits="7" branch="false"/>
                <line number="135" hits="7" branch="false"/>
              </lines>
            </method>
            <method name="get_initial_filter_values" signature="" line-rate="0" branch-rate="0" complexity="0">
              <lines>
                <line number="147" hits="0" branch="false"/>
                <line number="148" hits="0" branch="false"/>
                <line number="149" hits="0" branch="false"/>
                <line number="150" hits="0" branch="false"/>
                <line number="151" hits="0" branch="false"/>
                <line number="152" hits="0" branch="false"/>
                <line number="153" hits="0" branch="false"/>
                <line number="154" hits="0" branch="false"/>
                <line number="155" hits="0" branch="false"/>
                <line number="156" hits="0" branch="false"/>
                <line number="157" hits="0" branch="false"/>
                <line number="158" hits="0" branch="false"/>
                <line number="159" hits="0" branch="false"/>
                <line number="160" hits="0" branch="false"/>
                <line number="162" hits="0" branch="false"/>
                <line number="163" hits="0" branch="false"/>
                <line number="166" hits="0" branch="false"/>
              </lines>
            </method>
          </methods>
          <lines>
            <line number="14" hits="6" branch="false"/>
            <line number="15" hits="6" branch="false"/>
            <line number="17" hits="6" branch="false"/>
            <line number="19" hits="6" branch="false"/>
            <line number="20" hits="6" branch="false"/>
            <line number="21" hits="6" branch="false"/>
            <line number="22" hits="6" branch="false"/>
            <line number="23" hits="6" branch="false"/>
            <line number="24" hits="6" branch="false"/>
            <line number="25" hits="6" branch="false"/>
            <line number="26" hits="6" branch="false"/>
            <line number="28" hits="6" branch="false"/>
            <line number="29" hits="6" branch="false"/>
            <line number="30" hits="6" branch="false"/>
            <line number="31" hits="6" branch="false"/>
            <line number="32" hits="6" branch="false"/>
            <line number="33" hits="6" branch="false"/>
            <line number="34" hits="6" branch="false"/>
            <line number="35" hits="6" branch="false"/>
            <line number="37" hits="6" branch="false"/>
            <line number="38" hits="6" branch="false"/>
            <line number="39" hits="6" branch="false"/>
            <line number="40" hits="6" branch="false"/>
            <line number="41" hits="6" branch="false"/>
            <line number="60" hits="7" branch="false"/>
            <line number="61" hits="7" branch="false"/>
            <line number="62" hits="7" branch="false"/>
            <line number="63" hits="7" branch="false"/>
            <line number="66" hits="7" branch="false"/>
            <line number="67" hits="7" branch="false"/>
            <line number="69" hits="7" branch="false"/>
            <line number="73" hits="7" branch="false"/>
            <line number="74" hits="1" branch="false"/>
            <line number="75" hits="7" branch="false"/>
            <line number="76" hits="7" branch="false"/>
            <line number="77" hits="7" branch="false"/>
            <line number="78" hits="7" branch="false"/>
            <line number="79" hits="7" branch="false"/>
            <line number="80" hits="7" branch="false"/>
            <line number="81" hits="7" branch="false"/>
            <line number="82" hits="7" branch="false"/>
            <line number="83" hits="7" branch="false"/>
            <line number="84" hits="7" branch="false"/>
            <line number="85" hits="7" branch="false"/>
            <line number="86" hits="7" branch="false"/>
            <line number="87" hits="7" branch="false"/>
            <line number="88" hits="7" branch="false"/>
            <line number="90" hits="7" branch="false"/>
            <line number="91" hits="7" branch="false"/>
            <line number="92" hits="7" branch="false"/>
            <line number="93" hits="7" branch="false"/>
            <line number="94" hits="7" branch="false"/>
            <line number="95" hits="0" branch="false"/>
            <line number="96" hits="0" branch="false"/>
            <line number="97" hits="0" branch="false"/>
            <line number="98" hits="0" branch="false"/>
            <line number="99" hits="0" branch="false"/>
            <line number="100" hits="0" branch="false"/>
            <line number="102" hits="0" branch="false"/>
            <line number="103" hits="0" branch="false"/>
            <line number="104" hits="0" branch="false"/>
            <line number="105" hits="0" branch="false"/>
            <line number="106" hits="0" branch="false"/>
            <line number="107" hits="0" branch="false"/>
            <line number="108" hits="0" branch="false"/>
            <line number="110" hits="7" branch="false"/>
            <line number="111" hits="0" branch="false"/>
            <line number="112" hits="0" branch="false"/>
            <line number="113" hits="7" branch="false"/>
            <line number="114" hits="0" branch="false"/>
            <line number="115" hits="0" branch="false"/>
            <line number="116" hits="0" branch="false"/>
            <line number="119" hits="0" branch="false"/>
            <line number="120" hits="0" branch="false"/>
            <line number="121" hits="0" branch="false"/>
            <line number="122" hits="0" branch="false"/>
            <line number="123" hits="0" branch="false"/>
            <line number="124" hits="0" branch="false"/>
            <line number="126" hits="0" branch="false"/>
            <line number="127" hits="0" branch="false"/>
            <line number="128" hits="0" branch="false"/>
            <line number="129" hits="0" branch="false"/>
            <line number="130" hits="0" branch="false"/>
            <line number="131" hits="0" branch="false"/>
            <line number="132" hits="7" branch="false"/>
            <line number="133" hits="7" branch="false"/>
            <line number="134" hits="7" branch="false"/>
            <line number="135" hits="7" branch="false"/>
            <line number="147" hits="0" branch="false"/>
            <line number="148" hits="0" branch="false"/>
            <line number="149" hits="0" branch="false"/>
            <line number="150" hits="0" branch="false"/>
            <line number="151" hits="0" branch="false"/>
            <line number="152" hits="0" branch="false"/>
            <line number="153" hits="0" branch="false"/>
            <line number="154" hits="0" branch="false"/>
            <line number="155" hits="0" branch="false"/>
            <line number="156" hits="0" branch="false"/>
            <line number="157" hits="0" branch="false"/>
            <line number="158" hits="0" branch="false"/>
            <line number="159" hits="0" branch="false"/>
            <line number="160" hits="0" branch="false"/>
            <line number="162" hits="0" branch="false"/>
            <line number="163" hits="0" branch="false"/>
            <line number="166" hits="0" branch="false"/>
          </lines>
        </class>
        <class name="data_extract_module.R" filename="R/data_extract_module.R" line-rate="0.775167785234899" branch-rate="0" complexity="0">
          <methods>
            <method name="check_data_extract_spec" signature="" line-rate="1" branch-rate="0" complexity="0">
              <lines>
                <line number="11" hits="22" branch="false"/>
              </lines>
            </method>
            <method name="id_for_dataset" signature="" line-rate="1" branch-rate="0" complexity="0">
              <lines>
                <line number="23" hits="46" branch="false"/>
              </lines>
            </method>
            <method name="cond_data_extract_single_ui" signature="" line-rate="1" branch-rate="0" complexity="0">
              <lines>
                <line number="40" hits="2" branch="false"/>
                <line number="41" hits="2" branch="false"/>
                <line number="42" hits="2" branch="false"/>
                <line number="43" hits="2" branch="false"/>
                <line number="44" hits="2" branch="false"/>
                <line number="45" hits="2" branch="false"/>
                <line number="46" hits="2" branch="false"/>
                <line number="47" hits="2" branch="false"/>
              </lines>
            </method>
            <method name="data_extract_ui" signature="" line-rate="0.78125" branch-rate="0" complexity="0">
              <lines>
                <line number="125" hits="2" branch="false"/>
                <line number="127" hits="2" branch="false"/>
                <line number="128" hits="0" branch="false"/>
                <line number="130" hits="2" branch="false"/>
                <line number="132" hits="2" branch="false"/>
                <line number="133" hits="0" branch="false"/>
                <line number="135" hits="2" branch="false"/>
                <line number="136" hits="2" branch="false"/>
                <line number="137" hits="2" branch="false"/>
                <line number="138" hits="2" branch="false"/>
                <line number="140" hits="1" branch="false"/>
                <line number="141" hits="1" branch="false"/>
                <line number="142" hits="1" branch="false"/>
                <line number="143" hits="1" branch="false"/>
                <line number="144" hits="1" branch="false"/>
                <line number="145" hits="1" branch="false"/>
                <line number="147" hits="1" branch="false"/>
                <line number="149" hits="1" branch="false"/>
                <line number="150" hits="0" branch="false"/>
                <line number="151" hits="1" branch="false"/>
                <line number="152" hits="1" branch="false"/>
                <line number="153" hits="0" branch="false"/>
                <line number="154" hits="0" branch="false"/>
                <line number="155" hits="0" branch="false"/>
                <line number="156" hits="0" branch="false"/>
                <line number="157" hits="0" branch="false"/>
                <line number="158" hits="0" branch="false"/>
                <line number="159" hits="1" branch="false"/>
                <line number="160" hits="0" branch="false"/>
                <line number="161" hits="1" branch="false"/>
                <line number="162" hits="1" branch="false"/>
                <line number="163" hits="1" branch="false"/>
                <line number="164" hits="1" branch="false"/>
                <line number="165" hits="1" branch="false"/>
                <line number="166" hits="1" branch="false"/>
[...]
            <line number="61" hits="103" branch="false"/>
            <line number="62" hits="95" branch="false"/>
            <line number="64" hits="103" branch="false"/>
            <line number="65" hits="103" branch="false"/>
            <line number="66" hits="103" branch="false"/>
            <line number="67" hits="103" branch="false"/>
            <line number="68" hits="103" branch="false"/>
            <line number="92" hits="48" branch="false"/>
            <line number="99" hits="36" branch="false"/>
            <line number="105" hits="0" branch="false"/>
            <line number="111" hits="0" branch="false"/>
            <line number="117" hits="0" branch="false"/>
            <line number="123" hits="19" branch="false"/>
            <line number="150" hits="0" branch="false"/>
            <line number="151" hits="0" branch="false"/>
            <line number="152" hits="0" branch="false"/>
            <line number="153" hits="0" branch="false"/>
            <line number="154" hits="0" branch="false"/>
            <line number="156" hits="0" branch="false"/>
            <line number="157" hits="0" branch="false"/>
            <line number="158" hits="0" branch="false"/>
            <line number="159" hits="0" branch="false"/>
            <line number="160" hits="0" branch="false"/>
            <line number="161" hits="0" branch="false"/>
            <line number="162" hits="0" branch="false"/>
            <line number="163" hits="0" branch="false"/>
            <line number="164" hits="0" branch="false"/>
            <line number="165" hits="0" branch="false"/>
            <line number="170" hits="0" branch="false"/>
            <line number="171" hits="0" branch="false"/>
            <line number="172" hits="0" branch="false"/>
            <line number="173" hits="0" branch="false"/>
            <line number="174" hits="0" branch="false"/>
            <line number="175" hits="0" branch="false"/>
            <line number="176" hits="0" branch="false"/>
            <line number="177" hits="0" branch="false"/>
            <line number="179" hits="0" branch="false"/>
            <line number="180" hits="0" branch="false"/>
            <line number="181" hits="0" branch="false"/>
            <line number="183" hits="0" branch="false"/>
            <line number="184" hits="0" branch="false"/>
            <line number="185" hits="0" branch="false"/>
            <line number="186" hits="0" branch="false"/>
            <line number="187" hits="0" branch="false"/>
            <line number="189" hits="0" branch="false"/>
            <line number="190" hits="0" branch="false"/>
            <line number="195" hits="96" branch="false"/>
            <line number="196" hits="96" branch="false"/>
            <line number="197" hits="96" branch="false"/>
            <line number="198" hits="96" branch="false"/>
            <line number="199" hits="0" branch="false"/>
            <line number="201" hits="96" branch="false"/>
            <line number="202" hits="96" branch="false"/>
            <line number="203" hits="96" branch="false"/>
            <line number="204" hits="96" branch="false"/>
            <line number="205" hits="131" branch="false"/>
            <line number="206" hits="131" branch="false"/>
            <line number="207" hits="131" branch="false"/>
            <line number="208" hits="232" branch="false"/>
            <line number="209" hits="72" branch="false"/>
            <line number="211" hits="160" branch="false"/>
            <line number="212" hits="160" branch="false"/>
            <line number="213" hits="160" branch="false"/>
            <line number="214" hits="160" branch="false"/>
            <line number="215" hits="160" branch="false"/>
            <line number="216" hits="160" branch="false"/>
            <line number="217" hits="160" branch="false"/>
            <line number="218" hits="160" branch="false"/>
            <line number="220" hits="160" branch="false"/>
            <line number="221" hits="160" branch="false"/>
            <line number="223" hits="131" branch="false"/>
            <line number="224" hits="131" branch="false"/>
            <line number="225" hits="131" branch="false"/>
            <line number="226" hits="131" branch="false"/>
            <line number="229" hits="131" branch="false"/>
            <line number="230" hits="0" branch="false"/>
            <line number="233" hits="131" branch="false"/>
            <line number="235" hits="131" branch="false"/>
            <line number="236" hits="131" branch="false"/>
            <line number="238" hits="96" branch="false"/>
            <line number="239" hits="62" branch="false"/>
            <line number="241" hits="34" branch="false"/>
            <line number="242" hits="34" branch="false"/>
            <line number="246" hits="0" branch="false"/>
            <line number="251" hits="0" branch="false"/>
            <line number="252" hits="0" branch="false"/>
            <line number="253" hits="0" branch="false"/>
            <line number="256" hits="0" branch="false"/>
            <line number="258" hits="0" branch="false"/>
            <line number="259" hits="0" branch="false"/>
            <line number="260" hits="0" branch="false"/>
            <line number="261" hits="0" branch="false"/>
            <line number="262" hits="0" branch="false"/>
            <line number="263" hits="0" branch="false"/>
            <line number="265" hits="0" branch="false"/>
            <line number="266" hits="0" branch="false"/>
            <line number="267" hits="0" branch="false"/>
            <line number="268" hits="0" branch="false"/>
            <line number="269" hits="0" branch="false"/>
            <line number="272" hits="0" branch="false"/>
            <line number="274" hits="0" branch="false"/>
            <line number="275" hits="0" branch="false"/>
            <line number="276" hits="0" branch="false"/>
            <line number="277" hits="0" branch="false"/>
            <line number="278" hits="0" branch="false"/>
            <line number="279" hits="0" branch="false"/>
            <line number="281" hits="0" branch="false"/>
            <line number="282" hits="0" branch="false"/>
            <line number="283" hits="0" branch="false"/>
            <line number="284" hits="0" branch="false"/>
            <line number="285" hits="0" branch="false"/>
            <line number="287" hits="0" branch="false"/>
            <line number="288" hits="0" branch="false"/>
            <line number="289" hits="0" branch="false"/>
            <line number="290" hits="0" branch="false"/>
            <line number="291" hits="0" branch="false"/>
            <line number="292" hits="0" branch="false"/>
            <line number="293" hits="0" branch="false"/>
            <line number="294" hits="0" branch="false"/>
            <line number="296" hits="0" branch="false"/>
            <line number="297" hits="0" branch="false"/>
            <line number="298" hits="0" branch="false"/>
            <line number="299" hits="0" branch="false"/>
            <line number="300" hits="0" branch="false"/>
            <line number="303" hits="0" branch="false"/>
            <line number="306" hits="0" branch="false"/>
            <line number="307" hits="0" branch="false"/>
            <line number="312" hits="0" branch="false"/>
            <line number="314" hits="0" branch="false"/>
          </lines>
        </class>
        <class name="update_spec.R" filename="R/update_spec.R" line-rate="0.705882352941177" branch-rate="0" complexity="0">
          <methods>
            <method name="update_spec" signature="" line-rate="0.4375" branch-rate="0" complexity="0">
              <lines>
                <line number="25" hits="7" branch="false"/>
                <line number="26" hits="0" branch="false"/>
                <line number="27" hits="0" branch="false"/>
                <line number="28" hits="0" branch="false"/>
                <line number="29" hits="0" branch="false"/>
                <line number="32" hits="7" branch="false"/>
                <line number="33" hits="0" branch="false"/>
                <line number="36" hits="7" branch="false"/>
                <line number="37" hits="2" branch="false"/>
                <line number="38" hits="0" branch="false"/>
                <line number="39" hits="0" branch="false"/>
                <line number="41" hits="5" branch="false"/>
                <line number="42" hits="5" branch="false"/>
                <line number="43" hits="0" branch="false"/>
                <line number="44" hits="0" branch="false"/>
                <line number="46" hits="2" branch="false"/>
              </lines>
            </method>
            <method name="update_s_spec" signature="" line-rate="0.828571428571429" branch-rate="0" complexity="0">
              <lines>
                <line number="51" hits="10" branch="false"/>
                <line number="52" hits="2" branch="false"/>
                <line number="53" hits="2" branch="false"/>
                <line number="54" hits="2" branch="false"/>
                <line number="55" hits="1" branch="false"/>
                <line number="58" hits="8" branch="false"/>
                <line number="59" hits="2" branch="false"/>
                <line number="62" hits="6" branch="false"/>
                <line number="63" hits="6" branch="false"/>
                <line number="64" hits="6" branch="false"/>
                <line number="66" hits="6" branch="false"/>
                <line number="68" hits="6" branch="false"/>
                <line number="69" hits="3" branch="false"/>
                <line number="70" hits="3" branch="false"/>
                <line number="71" hits="3" branch="false"/>
                <line number="72" hits="3" branch="false"/>
                <line number="73" hits="3" branch="false"/>
                <line number="75" hits="3" branch="false"/>
                <line number="76" hits="3" branch="false"/>
                <line number="77" hits="3" branch="false"/>
                <line number="79" hits="0" branch="false"/>
                <line number="80" hits="0" branch="false"/>
                <line number="82" hits="0" branch="false"/>
                <line number="84" hits="0" branch="false"/>
                <line number="86" hits="0" branch="false"/>
                <line number="90" hits="3" branch="false"/>
                <line number="91" hits="2" branch="false"/>
                <line number="92" hits="0" branch="false"/>
                <line number="94" hits="2" branch="false"/>
                <line number="95" hits="2" branch="false"/>
                <line number="96" hits="2" branch="false"/>
                <line number="97" hits="2" branch="false"/>
                <line number="98" hits="2" branch="false"/>
                <line number="99" hits="2" branch="false"/>
                <line number="101" hits="3" branch="false"/>
              </lines>
            </method>
          </methods>
          <lines>
            <line number="25" hits="7" branch="false"/>
            <line number="26" hits="0" branch="false"/>
            <line number="27" hits="0" branch="false"/>
            <line number="28" hits="0" branch="false"/>
            <line number="29" hits="0" branch="false"/>
            <line number="32" hits="7" branch="false"/>
            <line number="33" hits="0" branch="false"/>
            <line number="36" hits="7" branch="false"/>
            <line number="37" hits="2" branch="false"/>
            <line number="38" hits="0" branch="false"/>
            <line number="39" hits="0" branch="false"/>
            <line number="41" hits="5" branch="false"/>
            <line number="42" hits="5" branch="false"/>
            <line number="43" hits="0" branch="false"/>
            <line number="44" hits="0" branch="false"/>
            <line number="46" hits="2" branch="false"/>
            <line number="51" hits="10" branch="false"/>
            <line number="52" hits="2" branch="false"/>
            <line number="53" hits="2" branch="false"/>
            <line number="54" hits="2" branch="false"/>
            <line number="55" hits="1" branch="false"/>
            <line number="58" hits="8" branch="false"/>
            <line number="59" hits="2" branch="false"/>
            <line number="62" hits="6" branch="false"/>
            <line number="63" hits="6" branch="false"/>
            <line number="64" hits="6" branch="false"/>
            <line number="66" hits="6" branch="false"/>
            <line number="68" hits="6" branch="false"/>
            <line number="69" hits="3" branch="false"/>
            <line number="70" hits="3" branch="false"/>
            <line number="71" hits="3" branch="false"/>
            <line number="72" hits="3" branch="false"/>
            <line number="73" hits="3" branch="false"/>
            <line number="75" hits="3" branch="false"/>
            <line number="76" hits="3" branch="false"/>
            <line number="77" hits="3" branch="false"/>
            <line number="79" hits="0" branch="false"/>
            <line number="80" hits="0" branch="false"/>
            <line number="82" hits="0" branch="false"/>
            <line number="84" hits="0" branch="false"/>
            <line number="86" hits="0" branch="false"/>
            <line number="90" hits="3" branch="false"/>
            <line number="91" hits="2" branch="false"/>
            <line number="92" hits="0" branch="false"/>
            <line number="94" hits="2" branch="false"/>
            <line number="95" hits="2" branch="false"/>
            <line number="96" hits="2" branch="false"/>
            <line number="97" hits="2" branch="false"/>
            <line number="98" hits="2" branch="false"/>
            <line number="99" hits="2" branch="false"/>
            <line number="101" hits="3" branch="false"/>
          </lines>
        </class>
        <class name="utils.R" filename="R/utils.R" line-rate="0.351351351351351" branch-rate="0" complexity="0">
          <methods>
            <method name="split_by_sep" signature="" line-rate="1" branch-rate="0" complexity="0">
              <lines>
                <line number="14" hits="78" branch="false"/>
                <line number="15" hits="78" branch="false"/>
                <line number="16" hits="73" branch="false"/>
                <line number="18" hits="5" branch="false"/>
              </lines>
            </method>
            <method name="extract_choices_labels" signature="" line-rate="0" branch-rate="0" complexity="0">
              <lines>
                <line number="33" hits="0" branch="false"/>
                <line number="34" hits="0" branch="false"/>
                <line number="35" hits="0" branch="false"/>
                <line number="36" hits="0" branch="false"/>
                <line number="37" hits="0" branch="false"/>
                <line number="38" hits="0" branch="false"/>
                <line number="39" hits="0" branch="false"/>
                <line number="41" hits="0" branch="false"/>
                <line number="42" hits="0" branch="false"/>
                <line number="43" hits="0" branch="false"/>
                <line number="46" hits="0" branch="false"/>
              </lines>
            </method>
            <method name="compose_and_enable_validators" signature="" line-rate="1" branch-rate="0" complexity="0">
              <lines>
                <line number="149" hits="7" branch="false"/>
                <line number="150" hits="7" branch="false"/>
                <line number="152" hits="7" branch="false"/>
                <line number="154" hits="7" branch="false"/>
                <line number="155" hits="14" branch="false"/>
                <line number="156" hits="14" branch="false"/>
                <line number="157" hits="14" branch="false"/>
                <line number="160" hits="7" branch="false"/>
                <line number="161" hits="7" branch="false"/>
              </lines>
            </method>
            <method name="convert_teal_data" signature="" line-rate="0" branch-rate="0" complexity="0">
              <lines>
                <line number="174" hits="0" branch="false"/>
                <line number="175" hits="0" branch="false"/>
                <line number="176" hits="0" branch="false"/>
                <line number="177" hits="0" branch="false"/>
                <line number="178" hits="0" branch="false"/>
                <line number="179" hits="0" branch="false"/>
                <line number="180" hits="0" branch="false"/>
                <line number="181" hits="0" branch="false"/>
                <line number="182" hits="0" branch="false"/>
                <line number="183" hits="0" branch="false"/>
                <line number="184" hits="0" branch="false"/>
                <line number="185" hits="0" branch="false"/>
                <line number="187" hits="0" branch="false"/>
              </lines>
            </method>
          </methods>
          <lines>
            <line number="14" hits="78" branch="false"/>
            <line number="15" hits="78" branch="false"/>
            <line number="16" hits="73" branch="false"/>
            <line number="18" hits="5" branch="false"/>
            <line number="33" hits="0" branch="false"/>
            <line number="34" hits="0" branch="false"/>
            <line number="35" hits="0" branch="false"/>
            <line number="36" hits="0" branch="false"/>
            <line number="37" hits="0" branch="false"/>
            <line number="38" hits="0" branch="false"/>
            <line number="39" hits="0" branch="false"/>
            <line number="41" hits="0" branch="false"/>
            <line number="42" hits="0" branch="false"/>
            <line number="43" hits="0" branch="false"/>
            <line number="46" hits="0" branch="false"/>
            <line number="149" hits="7" branch="false"/>
            <line number="150" hits="7" branch="false"/>
            <line number="152" hits="7" branch="false"/>
            <line number="154" hits="7" branch="false"/>
            <line number="155" hits="14" branch="false"/>
            <line number="156" hits="14" branch="false"/>
            <line number="157" hits="14" branch="false"/>
            <line number="160" hits="7" branch="false"/>
            <line number="161" hits="7" branch="false"/>
            <line number="174" hits="0" branch="false"/>
            <line number="175" hits="0" branch="false"/>
            <line number="176" hits="0" branch="false"/>
            <line number="177" hits="0" branch="false"/>
            <line number="178" hits="0" branch="false"/>
            <line number="179" hits="0" branch="false"/>
            <line number="180" hits="0" branch="false"/>
            <line number="181" hits="0" branch="false"/>
            <line number="182" hits="0" branch="false"/>
            <line number="183" hits="0" branch="false"/>
            <line number="184" hits="0" branch="false"/>
            <line number="185" hits="0" branch="false"/>
            <line number="187" hits="0" branch="false"/>
          </lines>
        </class>
        <class name="zzz.R" filename="R/zzz.R" line-rate="0" branch-rate="0" complexity="0">
          <methods>
            <method name=".onLoad" signature="" line-rate="0" branch-rate="0" complexity="0">
              <lines>
                <line number="2" hits="0" branch="false"/>
                <line number="3" hits="0" branch="false"/>
                <line number="4" hits="0" branch="false"/>
              </lines>
            </method>
          </methods>
          <lines>
            <line number="2" hits="0" branch="false"/>
            <line number="3" hits="0" branch="false"/>
            <line number="4" hits="0" branch="false"/>
          </lines>
        </class>
      </classes>
    </package>
  </packages>
</coverage>
