<?xml version="1.0" encoding="UTF-8"?>
<testsuites>
  <testsuite name="0-as_picks" timestamp="2025-10-30T15:09:09Z" hostname="e51af9917f62" tests="5" skipped="0" failures="0" errors="0" time="0.08">
    <testcase time="0.025" classname="0_as_picks" name="eager_select_spec_is_convertible_to_variables"/>
    <testcase time="0.026" classname="0_as_picks" name="select_spec_with_selected_NULL_is_convertible_to_variables"/>
    <testcase time="0.015" classname="0_as_picks" name="select_spec_with_multiple_selected_convertible_to_variables"/>
    <testcase time="0.00700000000000001" classname="0_as_picks" name="delayed_select_spec_is_convertible_to_variables"/>
    <testcase time="0.00700000000000001" classname="0_as_picks" name="throws_warning_with_teal_tranform_filter_instruction_for_eager_filter_spec"/>
  </testsuite>
  <testsuite name="0-module_merge" timestamp="2025-10-30T15:09:09Z" hostname="e51af9917f62" tests="44" skipped="0" failures="0" errors="0" time="4.326">
    <testcase time="0.291" classname="0_module_merge" name="merge_srv_accepts_selectors_argument_accepts_named_list_of_shiny_reactive_picks"/>
    <testcase time="0.0679999999999998" classname="0_module_merge" name="merge_srv_accepts_selectors_argument_doesn_t_accept_non_reactive_list_elements"/>
    <testcase time="0.054" classname="0_module_merge" name="merge_srv_accepts_selectors_argument_doesn_t_accept_unnamed_list_of_selectors"/>
    <testcase time="0.0409999999999999" classname="0_module_merge" name="merge_srv_accepts_selectors_argument_accepts_empty_list_of_selectors"/>
    <testcase time="0.0410000000000001" classname="0_module_merge" name="merge_srv_accepts_data_argument_accepts_shiny_reactive_teal_data"/>
    <testcase time="0.046" classname="0_module_merge" name="merge_srv_accepts_data_argument_doesn_t_accept_non_reactive_teal_data"/>
    <testcase time="0.0419999999999998" classname="0_module_merge" name="merge_srv_returns_list_with_data_teal_data_with_anl_and_variables_selected_anl_variables_returns_list_with_two_reactives_variables_and_data"/>
    <testcase time="0.002" classname="0_module_merge" name="merge_srv_returns_list_with_data_teal_data_with_anl_and_variables_selected_anl_variables_returns_list_with_two_reactives_variables_and_data"/>
    <testcase time="0.00100000000000011" classname="0_module_merge" name="merge_srv_returns_list_with_data_teal_data_with_anl_and_variables_selected_anl_variables_returns_list_with_two_reactives_variables_and_data"/>
    <testcase time="0.087" classname="0_module_merge" name="merge_srv_returns_list_with_data_teal_data_with_anl_and_variables_selected_anl_variables_data_returns_reactive_containing_teal_data_with_object_output_name_"/>
    <testcase time="0.002" classname="0_module_merge" name="merge_srv_returns_list_with_data_teal_data_with_anl_and_variables_selected_anl_variables_data_returns_reactive_containing_teal_data_with_object_output_name_"/>
    <testcase time="0.233" classname="0_module_merge" name="merge_srv_returns_list_with_data_teal_data_with_anl_and_variables_selected_anl_variables_data_returns_teal_data_with_merged_anl_using_join_fun"/>
    <testcase time="0.0549999999999999" classname="0_module_merge" name="merge_srv_returns_list_with_data_teal_data_with_anl_and_variables_selected_anl_variables_variables_returns_reactive_list_named_after_selectors"/>
    <testcase time="0.00100000000000011" classname="0_module_merge" name="merge_srv_returns_list_with_data_teal_data_with_anl_and_variables_selected_anl_variables_variables_returns_reactive_list_named_after_selectors"/>
    <testcase time="0.079" classname="0_module_merge" name="merge_srv_returns_list_with_data_teal_data_with_anl_and_variables_selected_anl_variables_anl_contains_selected_colnames_with_original_names_if_variables_are_selected_from_a_single_dataset"/>
    <testcase time="0.00600000000000001" classname="0_module_merge" name="merge_srv_returns_list_with_data_teal_data_with_anl_and_variables_selected_anl_variables_anl_contains_selected_colnames_with_original_names_if_variables_are_selected_from_a_single_dataset"/>
    <testcase time="0.002" classname="0_module_merge" name="merge_srv_returns_list_with_data_teal_data_with_anl_and_variables_selected_anl_variables_anl_contains_selected_colnames_with_original_names_if_variables_are_selected_from_a_single_dataset"/>
    <testcase time="0.256" classname="0_module_merge" name="merge_srv_returns_list_with_data_teal_data_with_anl_and_variables_selected_anl_variables_anl_contains_selected_colnames_with_original_names_if_selected_from_a_multiple_datasets_and_not_duplicated"/>
    <testcase time="0.0180000000000002" classname="0_module_merge" name="merge_srv_returns_list_with_data_teal_data_with_anl_and_variables_selected_anl_variables_anl_contains_selected_colnames_with_original_names_if_selected_from_a_multiple_datasets_and_not_duplicated"/>
    <testcase time="0.00199999999999978" classname="0_module_merge" name="merge_srv_returns_list_with_data_teal_data_with_anl_and_variables_selected_anl_variables_anl_contains_selected_colnames_with_original_names_if_selected_from_a_multiple_datasets_and_not_duplicated"/>
    <testcase time="0.24" classname="0_module_merge" name="merge_srv_returns_list_with_data_teal_data_with_anl_and_variables_selected_anl_variables_anl_contains_selected_colnames_with_suffixes_names_if_duplicated_across_datasets"/>
    <testcase time="0.0209999999999999" classname="0_module_merge" name="merge_srv_returns_list_with_data_teal_data_with_anl_and_variables_selected_anl_variables_anl_contains_selected_colnames_with_suffixes_names_if_duplicated_across_datasets"/>
    <testcase time="0.00300000000000011" classname="0_module_merge" name="merge_srv_returns_list_with_data_teal_data_with_anl_and_variables_selected_anl_variables_anl_contains_selected_colnames_with_suffixes_names_if_duplicated_across_datasets"/>
    <testcase time="0.114" classname="0_module_merge" name="merge_srv_returns_list_with_data_teal_data_with_anl_and_variables_selected_anl_variables_anl_contains_colnames_with_original_names_when_duplicated_for_the_same_dataset"/>
    <testcase time="0.00600000000000023" classname="0_module_merge" name="merge_srv_returns_list_with_data_teal_data_with_anl_and_variables_selected_anl_variables_anl_contains_colnames_with_original_names_when_duplicated_for_the_same_dataset"/>
    <testcase time="0.00199999999999978" classname="0_module_merge" name="merge_srv_returns_list_with_data_teal_data_with_anl_and_variables_selected_anl_variables_anl_contains_colnames_with_original_names_when_duplicated_for_the_same_dataset"/>
    <testcase time="0.562" classname="0_module_merge" name="merge_srv_returns_list_with_data_teal_data_with_anl_and_variables_selected_anl_variables_anl_can_merge_deep_join_tree_by_pair_keys_and_finds_correct_merge_order"/>
    <testcase time="0.0820000000000003" classname="0_module_merge" name="merge_srv_returns_list_with_data_teal_data_with_anl_and_variables_selected_anl_variables_anl_can_merge_deep_join_tree_by_pair_keys_and_finds_correct_merge_order"/>
    <testcase time="0.00199999999999978" classname="0_module_merge" name="merge_srv_returns_list_with_data_teal_data_with_anl_and_variables_selected_anl_variables_anl_can_merge_deep_join_tree_by_pair_keys_and_finds_correct_merge_order"/>
    <testcase time="0.428" classname="0_module_merge" name="merge_srv_returns_list_with_data_teal_data_with_anl_and_variables_selected_anl_variables_selected_join_keys_across_multiple_datasets_refers_to_the_same_column_in_anl_c_O.O_"/>
    <testcase time="0.044" classname="0_module_merge" name="merge_srv_returns_list_with_data_teal_data_with_anl_and_variables_selected_anl_variables_selected_join_keys_across_multiple_datasets_refers_to_the_same_column_in_anl_c_O.O_"/>
    <testcase time="0.00300000000000011" classname="0_module_merge" name="merge_srv_returns_list_with_data_teal_data_with_anl_and_variables_selected_anl_variables_selected_join_keys_across_multiple_datasets_refers_to_the_same_column_in_anl_c_O.O_"/>
    <testcase time="0.466" classname="0_module_merge" name="merge_srv_returns_list_with_data_teal_data_with_anl_and_variables_selected_anl_variables_join_keys_are_updated_to_contains_anl_anl_components"/>
    <testcase time="0.122" classname="0_module_merge" name="merge_srv_returns_list_with_data_teal_data_with_anl_and_variables_selected_anl_variables_anl_is_filtered_by_factor_variable_when_values_is_selected"/>
    <testcase time="0.116000000000001" classname="0_module_merge" name="merge_srv_returns_list_with_data_teal_data_with_anl_and_variables_selected_anl_variables_anl_is_filtered_by_numeric_variable_when_values_is_selected"/>
    <testcase time="0.13" classname="0_module_merge" name="merge_srv_returns_list_with_data_teal_data_with_anl_and_variables_selected_anl_variables_anl_is_filtered_by_date_variable_when_values_is_selected"/>
    <testcase time="0.137" classname="0_module_merge" name="merge_srv_returns_list_with_data_teal_data_with_anl_and_variables_selected_anl_variables_anl_is_filtered_by_POSIXct_variable_when_values_is_selected"/>
    <testcase time="0.0950000000000006" classname="0_module_merge" name="merge_srv_returns_list_with_data_teal_data_with_anl_and_variables_selected_anl_variables_anl_is_filtered_by_logical_variable_when_values_is_selected"/>
    <testcase time="0.0539999999999994" classname="0_module_merge" name="merge_srv_returns_list_with_data_teal_data_with_anl_and_variables_selected_anl_variables_fails_when_selected_from_multiple_datasets_and_no_join_keys_primary_keys"/>
    <testcase time="0.0100000000000007" classname="0_module_merge" name="merge_srv_returns_list_with_data_teal_data_with_anl_and_variables_selected_anl_variables_fails_when_selected_from_multiple_datasets_and_no_join_keys_primary_keys"/>
    <testcase time="0.127" classname="0_module_merge" name="merge_srv_returns_list_with_data_teal_data_with_anl_and_variables_selected_anl_variables_fails_when_selected_from_multiple_datasets_and_no_join_keys_between_selected_datasets"/>
    <testcase time="0.016" classname="0_module_merge" name="merge_srv_returns_list_with_data_teal_data_with_anl_and_variables_selected_anl_variables_fails_when_selected_from_multiple_datasets_and_no_join_keys_between_selected_datasets"/>
    <testcase time="0.208" classname="0_module_merge" name="merge_srv_returns_list_with_data_teal_data_with_anl_and_variables_selected_anl_variables_fails_when_unresolved_picks_are_passed_to_the_module"/>
    <testcase time="0.0110000000000001" classname="0_module_merge" name="merge_srv_returns_list_with_data_teal_data_with_anl_and_variables_selected_anl_variables_fails_when_unresolved_picks_are_passed_to_the_module"/>
  </testsuite>
  <testsuite name="0-module_picks" timestamp="2025-10-30T15:09:14Z" hostname="e51af9917f62" tests="76" skipped="3" failures="0" errors="0" time="5.306">
    <testcase time="0.0839999999999996" classname="0_module_picks" name="picks_srv_accepts_picks_as_single_picks_object"/>
    <testcase time="0.0490000000000004" classname="0_module_picks" name="picks_srv_accepts_picks_as_list_of_picks_objects"/>
    <testcase time="0.00899999999999945" classname="0_module_picks" name="picks_srv_accepts_picks_accepts_empty_list"/>
    <testcase time="0.0120000000000005" classname="0_module_picks" name="picks_srv_accepts_picks_doesn_t_accept_list_of_non_picks"/>
    <testcase time="0.0119999999999996" classname="0_module_picks" name="picks_srv_accepts_picks_doesn_t_accept_NULL_picks"/>
    <testcase time="0.0129999999999999" classname="0_module_picks" name="picks_srv_accepts_picks_doesn_t_accept_unnamed_list_of_picks"/>
    <testcase time="0.0180000000000007" classname="0_module_picks" name="picks_srv_accepts_picks_doesn_t_accept_list_of_picks_with_duplicated_names"/>
    <testcase time="0.0269999999999992" classname="0_module_picks" name="picks_srv_accepts_data_as_reactive_named_list"/>
    <testcase time="0.0270000000000001" classname="0_module_picks" name="picks_srv_accepts_data_as_reactive_environment"/>
    <testcase time="0.0120000000000005" classname="0_module_picks" name="picks_srv_accepts_data_doesn_t_accept_non_reactive_list_environment_teal_data"/>
    <testcase time="0.00499999999999989" classname="0_module_picks" name="picks_srv_accepts_data_doesn_t_accept_non_reactive_list_environment_teal_data"/>
    <testcase time="0.00999999999999979" classname="0_module_picks" name="picks_srv_accepts_data_doesn_t_accept_non_reactive_list_environment_teal_data"/>
    <testcase time="0.0190000000000001" classname="0_module_picks" name="picks_srv_accepts_data_doesn_t_accept_reactive_non_named_list_or_non_environment"/>
    <testcase time="0.00999999999999979" classname="0_module_picks" name="picks_srv_accepts_data_doesn_t_accept_reactive_non_named_list_or_non_environment"/>
    <testcase time="0.00800000000000001" classname="0_module_picks" name="picks_srv_accepts_data_doesn_t_accept_reactive_non_named_list_or_non_environment"/>
    <testcase time="0.0430000000000001" classname="0_module_picks" name="each_list_element_is_reactiveVal"/>
    <testcase time="0.0469999999999997" classname="0_module_picks" name="list_is_named_as_pick_argument"/>
    <testcase time="0.0430000000000001" classname="0_module_picks" name="each_list_element_is_reactiveVal_containing_picks"/>
    <testcase time="0.0339999999999998" classname="0_module_picks" name="picks_srv_resolves_datasets_provided_non_delayed_datasets_are_adjusted_to_possible_datanames"/>
    <testcase time="0.115" classname="0_module_picks" name="picks_srv_resolves_datasets_datasets_tidyselect_are_resolved_on_init"/>
    <testcase time="0.0300000000000002" classname="0_module_picks" name="picks_srv_resolves_datasets_datasets_predicate_are_resolved_on_init"/>
    <testcase time="0.0659999999999998" classname="0_module_picks" name="picks_srv_resolves_variables_variables_eager_are_adjusted_to_possible_column_names"/>
    <testcase time="0.0990000000000002" classname="0_module_picks" name="picks_srv_resolves_variables_variables_tidyselect_are_resolved_on_init"/>
    <testcase time="0.0449999999999999" classname="0_module_picks" name="picks_srv_resolves_variables_variables_predicate_are_resolved_on_init"/>
    <testcase time="0.0499999999999998" classname="0_module_picks" name="picks_srv_resolves_variables_variables_are_nullified_with_warning_when_selected_dataset_has_no_columns"/>
    <testcase time="0.00300000000000011" classname="0_module_picks" name="picks_srv_resolves_variables_variables_are_nullified_with_warning_when_selected_dataset_has_no_columns"/>
    <testcase time="0.093" classname="0_module_picks" name="picks_srv_resolves_values_values_predicate_are_resolved_on_init"/>
    <testcase time="0.0549999999999997" classname="0_module_picks" name="picks_srv_resolves_values_values_character_are_adjusted_to_possible_levels"/>
    <testcase time="0.0630000000000006" classname="0_module_picks" name="picks_srv_resolves_values_values_numeric_are_adjusted_to_possible_range"/>
    <testcase time="0.0249999999999995" classname="0_module_picks" name="picks_srv_resolves_values_values_range_are_preserved_when_related_data_lacks_finite_values"/>
    <testcase time="0.0110000000000001" classname="0_module_picks" name="picks_srv_resolves_values_values_range_are_preserved_when_related_data_lacks_finite_values"/>
    <testcase time="0.0520000000000005" classname="0_module_picks" name="picks_srv_resolves_values_values_range_are_preserved_when_related_data_lacks_finite_values"/>
    <testcase time="0.0669999999999993" classname="0_module_picks" name="picks_srv_resolves_values_values_predicate_are_emptied_with_warning_when_data_returns_infinite"/>
    <testcase time="0.00400000000000045" classname="0_module_picks" name="picks_srv_resolves_values_values_predicate_are_emptied_with_warning_when_data_returns_infinite"/>
    <testcase time="0.0620000000000003" classname="0_module_picks" name="picks_srv_resolves_values_values_predicate_are_set_to_delayed_range_when_data_range_returns_infinite"/>
    <testcase time="0.0269999999999992" classname="0_module_picks" name="picks_srv_resolves_values_values_predicate_are_set_to_data_range_when_predicate_doesn_t_match_anything"/>
    <testcase time="0.0120000000000005" classname="0_module_picks" name="picks_srv_resolves_values_values_predicate_are_set_to_data_range_when_predicate_doesn_t_match_anything"/>
    <testcase time="0.0529999999999999" classname="0_module_picks" name="picks_srv_resolves_values_values_predicate_are_set_to_data_range_when_predicate_doesn_t_match_anything"/>
    <testcase time="0.0640000000000001" classname="0_module_picks" name="picks_srv_resolves_values_values_character_are_set_to_data_range_when_column_is_numeric"/>
    <testcase time="0.0640000000000001" classname="0_module_picks" name="picks_srv_resolves_values_values_numeric_are_emptied_with_warning_when_column_is_not_numeric"/>
    <testcase time="0.00399999999999956" classname="0_module_picks" name="picks_srv_resolves_values_values_numeric_are_emptied_with_warning_when_column_is_not_numeric"/>
    <testcase time="0.0660000000000007" classname="0_module_picks" name="picks_srv_resolves_values_values_on_multiple_columns_are_resolved_to_be_concatenated_choices"/>
    <testcase time="0.0509999999999993" classname="0_module_picks" name="picks_srv_resolves_picks_non_delayed_picks_are_returned_unchanged"/>
    <testcase time="0.0500000000000007" classname="0_module_picks" name="picks_srv_resolves_picks_named_non_delayed_picks_preserve_names"/>
    <testcase time="0.218" classname="0_module_picks" name="picks_srv_resolves_picks_non_delayed_picks_with_values_are_returned_unchanged_if_within_a_possible_choices"/>
    <testcase time="0.111999999999999" classname="0_module_picks" name="picks_srv_resolves_picks_pick_elements_are_resolved_sequentially"/>
    <testcase time="0.0680000000000005" classname="0_module_picks" name="picks_srv_resolves_picks_pick_elements_are_nullified_if_previous_selected_NULL"/>
    <testcase time="0.0540000000000003" classname="0_module_picks" name="picks_srv_resolves_picks_picks_with_multiple_FALSE_defaults_to_single_value_even_if_multiple_values_provided"/>
    <testcase time="0.00399999999999956" classname="0_module_picks" name="picks_srv_resolves_picks_picks_with_multiple_FALSE_defaults_to_single_value_even_if_multiple_values_provided"/>
    <testcase time="0.0499999999999998" classname="0_module_picks" name="picks_srv_resolves_picks_picks_converted_from_des_with_variable_choices_are_resolved"/>
    <testcase time="0.0440000000000005" classname="0_module_picks" name="picks_srv_resolves_picks_picks_converted_from_variable_choices_fun_are_resolved"/>
    <testcase time="0.757" classname="0_module_picks" name="picks_srv_resolves_picks_interactively_change_of_dataset_input_resolves_variables"/>
    <testcase time="0.137" classname="0_module_picks" name="picks_srv_resolves_picks_interactively_current_datasets_choices_selected_are_produced_in_picker_inputs"/>
    <testcase time="0.00199999999999889" classname="0_module_picks" name="picks_srv_resolves_picks_interactively_current_datasets_choices_selected_are_produced_in_picker_inputs"/>
    <testcase time="0.0780000000000012" classname="0_module_picks" name="picks_srv_resolves_picks_interactively_custom_choices_label_set_in_picks_is_displayed_in_a_picker_input"/>
    <testcase time="0.0679999999999996" classname="0_module_picks" name="picks_srv_resolves_picks_interactively_custom_choices_label_set_in_data_is_displayed_in_a_picker_input"/>
    <testcase time="0.0760000000000005" classname="0_module_picks" name="picks_srv_resolves_picks_interactively_custom_choices_label_set_in_picks_has_priority_over_data_label_is_displayed_in_a_picker_input"/>
    <testcase time="0.161999999999999" classname="0_module_picks" name="picks_srv_resolves_picks_interactively_picker_input_choices_produces_class_specific_icons_for_variable"/>
    <testcase time="0.00900000000000034" classname="0_module_picks" name="picks_srv_resolves_picks_interactively_picker_input_choices_produces_class_specific_icons_for_datasets">
      <skipped message="Reason: todo ('test-0-module_picks.R:801:5')"/>
    </testcase>
    <testcase time="0.172000000000001" classname="0_module_picks" name="picks_srv_resolves_picks_interactively_switching_dataset_input_changes_variables_input"/>
    <testcase time="0.0809999999999995" classname="0_module_picks" name="picks_srv_resolves_picks_interactively_switching_dataset_input_changes_variables_input"/>
    <testcase time="0.140000000000001" classname="0_module_picks" name="picks_srv_resolves_picks_interactively_Setting_numeric_variable_resolves_values_to_be_a_slider_input_with_variable_range"/>
    <testcase time="0.197999999999999" classname="0_module_picks" name="picks_srv_resolves_picks_interactively_switching_variables_input_changes_values_input"/>
    <testcase time="0.0609999999999999" classname="0_module_picks" name="picks_srv_resolves_picks_interactively_switching_variables_input_changes_values_input"/>
    <testcase time="0.0860000000000003" classname="0_module_picks" name="picks_srv_resolves_picks_interactively_changing_picks_resolved_doesn_t_change_picker_input"/>
    <testcase time="0.00700000000000145" classname="0_module_picks" name="picks_srv_resolves_picks_interactively_adding_a_dataset_to_data_adds_new_choice_to_dataset_choices">
      <skipped message="Reason: todo: tests can't trigger data() ('test-0-module_picks.R:893:5')"/>
    </testcase>
    <testcase time="0.0319999999999983" classname="0_module_picks" name="picks_srv_resolves_picks_interactively_adding_a_column_to_data_adds_new_choice_to_variables_choices">
      <skipped message="Reason: todo: tests can't trigger data() ('test-0-module_picks.R:928:5')"/>
    </testcase>
    <testcase time="0.222000000000001" classname="0_module_picks" name="picks_srv_resolves_picks_interactively_removing_a_selected_dataset_from_data_removes_choice_from_dataset_choices_and_from_selection_with_warning"/>
    <testcase time="0.00600000000000023" classname="0_module_picks" name="picks_srv_resolves_picks_interactively_removing_a_selected_dataset_from_data_removes_choice_from_dataset_choices_and_from_selection_with_warning"/>
    <testcase time="0.0809999999999995" classname="0_module_picks" name="picks_srv_resolves_picks_interactively_removing_a_selected_dataset_from_data_removes_choice_from_dataset_choices_and_from_selection_with_warning"/>
    <testcase time="0.00699999999999967" classname="0_module_picks" name="picks_srv_resolves_picks_interactively_removing_a_selected_dataset_from_data_removes_choice_from_dataset_choices_and_from_selection_with_warning"/>
    <testcase time="0.00600000000000023" classname="0_module_picks" name="picks_srv_resolves_picks_interactively_removing_a_selected_dataset_from_data_removes_choice_from_dataset_choices_and_from_selection_with_warning"/>
    <testcase time="0.297000000000001" classname="0_module_picks" name="picks_srv_resolves_picks_interactively_removing_a_selected_variable_from_data_removes_choice_from_dataset_choices_and_from_selection"/>
    <testcase time="0.0729999999999986" classname="0_module_picks" name="picks_srv_resolves_picks_interactively_removing_a_selected_variable_from_data_removes_choice_from_dataset_choices_and_from_selection"/>
    <testcase time="0.00600000000000023" classname="0_module_picks" name="picks_srv_resolves_picks_interactively_removing_a_selected_variable_from_data_removes_choice_from_dataset_choices_and_from_selection"/>
    <testcase time="0.279" classname="0_module_picks" name="picks_srv_resolves_picks_interactively_variables_ordered_TRUE_returns_input_following_a_selection_order_instead_of_choices_order"/>
  </testsuite>
  <testsuite name="0-picks" timestamp="2025-10-30T15:09:19Z" hostname="e51af9917f62" tests="126" skipped="0" failures="0" errors="0" time="2.911">
    <testcase time="0.0810000000000013" classname="0_picks" name="picks_assertions_fails_when_first_element_is_not_datasets"/>
    <testcase time="0.0670000000000002" classname="0_picks" name="picks_assertions_succeeds_when_first_element_is_datasets"/>
    <testcase time="0.00799999999999912" classname="0_picks" name="picks_assertions_fails_with_empty_input"/>
    <testcase time="0.0080000000000009" classname="0_picks" name="picks_assertions_fails_when_input_is_not_of_class_type_"/>
    <testcase time="0.0579999999999998" classname="0_picks" name="picks_assertions_fails_when_mixing_valid_and_invalid_types"/>
    <testcase time="0.0739999999999998" classname="0_picks" name="picks_assertions_fails_when_values_exists_without_variables"/>
    <testcase time="0.118" classname="0_picks" name="picks_assertions_succeeds_when_values_immediately_follows_variables"/>
    <testcase time="0.118" classname="0_picks" name="picks_assertions_fails_when_values_doesn_t_immediately_follow_variables"/>
    <testcase time="0.106999999999999" classname="0_picks" name="picks_assertions_succeeds_with_only_datasets_and_variables_no_values_"/>
    <testcase time="0.00699999999999967" classname="0_picks" name="picks_assertions_warns_when_element_with_dynamic_choices_is_followed_by_element_with_eager_choices"/>
    <testcase time="0.0570000000000004" classname="0_picks" name="picks_basic_structure_returns_an_object_of_class_picks_and_list_"/>
    <testcase time="0.00200000000000067" classname="0_picks" name="picks_basic_structure_returns_an_object_of_class_picks_and_list_"/>
    <testcase time="0.0539999999999985" classname="0_picks" name="picks_basic_structure_creates_a_picks_object_with_single_datasets_element"/>
    <testcase time="0.116000000000001" classname="0_picks" name="picks_basic_structure_creates_a_picks_object_with_datasets_and_variables"/>
    <testcase time="0.000999999999999446" classname="0_picks" name="picks_basic_structure_creates_a_picks_object_with_datasets_and_variables"/>
    <testcase time="0.113" classname="0_picks" name="picks_basic_structure_creates_a_picks_object_with_datasets_variables_and_values"/>
    <testcase time="0.00100000000000122" classname="0_picks" name="picks_basic_structure_creates_a_picks_object_with_datasets_variables_and_values"/>
    <testcase time="0.107999999999999" classname="0_picks" name="picks_basic_structure_ignores_trailing_empty_arguments"/>
    <testcase time="0.00399999999999956" classname="0_picks" name="datasets_basic_asserts_datasets_choices_argument_accepts_character_integer_predicate_function_and_tidyselect"/>
    <testcase time="0.00200000000000067" classname="0_picks" name="datasets_basic_asserts_datasets_choices_argument_accepts_character_integer_predicate_function_and_tidyselect"/>
    <testcase time="0.0500000000000007" classname="0_picks" name="datasets_basic_asserts_datasets_choices_argument_accepts_character_integer_predicate_function_and_tidyselect"/>
    <testcase time="0.00199999999999889" classname="0_picks" name="datasets_basic_asserts_datasets_choices_argument_accepts_character_integer_predicate_function_and_tidyselect"/>
    <testcase time="0.00200000000000067" classname="0_picks" name="datasets_basic_asserts_datasets_choices_argument_accepts_character_integer_predicate_function_and_tidyselect"/>
    <testcase time="0.0600000000000005" classname="0_picks" name="datasets_basic_asserts_datasets_choices_argument_accepts_character_integer_predicate_function_and_tidyselect"/>
    <testcase time="0.0169999999999995" classname="0_picks" name="datasets_basic_asserts_datasets_choices_argument_accepts_character_integer_predicate_function_and_tidyselect"/>
    <testcase time="0.00600000000000023" classname="0_picks" name="datasets_basic_asserts_datasets_choices_argument_accepts_character_integer_predicate_function_and_tidyselect"/>
    <testcase time="0.00600000000000023" classname="0_picks" name="datasets_basic_asserts_datasets_choices_argument_accepts_character_integer_predicate_function_and_tidyselect"/>
    <testcase time="0.00600000000000023" classname="0_picks" name="datasets_basic_asserts_datasets_choices_argument_accepts_character_integer_predicate_function_and_tidyselect"/>
    <testcase time="0.00799999999999912" classname="0_picks" name="datasets_basic_asserts_datasets_choices_can_t_be_empty"/>
    <testcase time="0.00600000000000023" classname="0_picks" name="datasets_basic_asserts_datasets_choices_can_t_be_empty"/>
    <testcase time="0.00600000000000023" classname="0_picks" name="datasets_basic_asserts_datasets_choices_can_t_be_empty"/>
    <testcase time="0.0640000000000001" classname="0_picks" name="datasets_basic_asserts_datasets_selected_argument_character_1_integer_1_predicate_and_tidyselect_or_empty"/>
    <testcase time="0.093" classname="0_picks" name="datasets_basic_asserts_datasets_selected_argument_character_1_integer_1_predicate_and_tidyselect_or_empty"/>
    <testcase time="0.0559999999999992" classname="0_picks" name="datasets_basic_asserts_datasets_selected_argument_character_1_integer_1_predicate_and_tidyselect_or_empty"/>
    <testcase time="0.0530000000000008" classname="0_picks" name="datasets_basic_asserts_datasets_selected_argument_character_1_integer_1_predicate_and_tidyselect_or_empty"/>
    <testcase time="0.00699999999999967" classname="0_picks" name="datasets_basic_asserts_datasets_selected_argument_character_1_integer_1_predicate_and_tidyselect_or_empty"/>
    <testcase time="0.016" classname="0_picks" name="datasets_basic_asserts_datasets_selected_must_be_a_subset_of_choices"/>
    <testcase time="0.0630000000000006" classname="0_picks" name="datasets_basic_asserts_datasets_selected_warns_if_choices_are_delayed_and_selected_eager"/>
    <testcase time="0.00200000000000067" classname="0_picks" name="datasets_basic_asserts_datasets_selected_warns_if_choices_are_delayed_and_selected_eager"/>
    <testcase time="0.00499999999999901" classname="0_picks" name="datasets_returns_datasets_returns_an_object_of_class_datasets_and_type_"/>
    <testcase time="0.00500000000000078" classname="0_picks" name="datasets_returns_datasets_returns_a_list_with_choices_and_selected_elements"/>
    <testcase time="0.00199999999999889" classname="0_picks" name="datasets_returns_datasets_returns_a_list_with_choices_and_selected_elements"/>
    <testcase time="0.00400000000000134" classname="0_picks" name="datasets_returns_datasets_stores_static_character_vector_in_choices"/>
    <testcase time="0.00499999999999901" classname="0_picks" name="datasets_returns_datasets_defaults_selected_to_1_st_when_not_specified"/>
    <testcase time="0.00200000000000067" classname="0_picks" name="datasets_returns_datasets_defaults_selected_to_1_st_when_not_specified"/>
    <testcase time="0.00399999999999956" classname="0_picks" name="datasets_returns_datasets_stores_custom_selected_value"/>
    <testcase time="0.00400000000000134" classname="0_picks" name="datasets_returns_datasets_stores_integer_selected_value_as_quosure"/>
    <testcase time="0.00199999999999889" classname="0_picks" name="datasets_returns_datasets_stores_integer_selected_value_as_quosure"/>
    <testcase time="0.00600000000000023" classname="0_picks" name="datasets_returns_datasets_sets_fixed_to_TRUE_when_single_choice"/>
    <testcase time="0.0630000000000006" classname="0_picks" name="datasets_returns_quosures_for_delayed_evaluation_stores_tidyselect_everything_as_a_quosure_in_choices"/>
    <testcase time="0.00699999999999967" classname="0_picks" name="datasets_returns_quosures_for_delayed_evaluation_stores_tidyselect_where_as_a_predicate_function_in_choices"/>
    <testcase time="0.00499999999999901" classname="0_picks" name="datasets_returns_quosures_for_delayed_evaluation_stores_symbol_range_a_b_as_a_quosure_in_choices"/>
    <testcase time="0.00400000000000134" classname="0_picks" name="datasets_returns_quosures_for_delayed_evaluation_stores_numeric_range_1_5_as_a_quosure_in_choices"/>
    <testcase time="0.0499999999999989" classname="0_picks" name="datasets_returns_quosures_for_delayed_evaluation_stores_tidyselect_starts_with_as_a_quosure_in_choices"/>
    <testcase time="0.0850000000000009" classname="0_picks" name="datasets_returns_quosures_for_delayed_evaluation_stores_tidyselect_ends_with_as_a_quosure_in_choices"/>
    <testcase time="0.052999999999999" classname="0_picks" name="datasets_returns_quosures_for_delayed_evaluation_stores_combined_tidyselect_expressions_as_a_quosure_in_choices"/>
    <testcase time="0.00700000000000145" classname="0_picks" name="datasets_returns_quosures_for_delayed_evaluation_does_not_store_static_character_vector_as_a_quosure_in_choices"/>
    <testcase time="0.000999999999999446" classname="0_picks" name="datasets_returns_quosures_for_delayed_evaluation_does_not_store_static_character_vector_as_a_quosure_in_choices"/>
    <testcase time="0.00600000000000023" classname="0_picks" name="datasets_attributes_sets_multiple_attribute_to_FALSE_always_single_selection_"/>
    <testcase time="0.00600000000000023" classname="0_picks" name="datasets_attributes_sets_fixed_to_TRUE_for_single_non_delayed_choice"/>
    <testcase time="0.00599999999999845" classname="0_picks" name="datasets_attributes_sets_fixed_to_FALSE_for_multiple_choices"/>
    <testcase time="0.0620000000000012" classname="0_picks" name="datasets_attributes_sets_fixed_to_FALSE_for_delayed_choices_tidyselect_"/>
    <testcase time="0.00699999999999967" classname="0_picks" name="datasets_attributes_allows_explicit_fixed_TRUE_override"/>
    <testcase time="0.00699999999999967" classname="0_picks" name="datasets_attributes_allows_explicit_fixed_FALSE_override"/>
    <testcase time="0.00399999999999956" classname="0_picks" name="datasets_attributes_passes_additional_arguments_via_..."/>
    <testcase time="0.0560000000000009" classname="0_picks" name="datasets_validation_and_warnings_warns_when_selected_is_explicit_and_choices_are_delayed"/>
    <testcase time="0.0579999999999998" classname="0_picks" name="datasets_validation_and_warnings_does_not_warn_when_selected_is_numeric_and_choices_are_delayed"/>
    <testcase time="0.00600000000000023" classname="0_picks" name="datasets_validation_and_warnings_does_not_warn_when_both_choices_and_selected_are_static"/>
    <testcase time="0.00699999999999967" classname="0_picks" name="datasets_integration_with_tidyselect_helpers_accepts_tidyselect_all_of_"/>
    <testcase time="0.0589999999999993" classname="0_picks" name="datasets_integration_with_tidyselect_helpers_accepts_tidyselect_any_of_"/>
    <testcase time="0.0500000000000007" classname="0_picks" name="datasets_integration_with_tidyselect_helpers_stores_tidyselect_starts_with_as_a_quosure"/>
    <testcase time="0.0609999999999999" classname="0_picks" name="datasets_integration_with_tidyselect_helpers_stores_tidyselect_ends_with_as_a_quosure"/>
    <testcase time="0.0510000000000002" classname="0_picks" name="datasets_integration_with_tidyselect_helpers_stores_tidyselect_contains_as_a_quosure"/>
    <testcase time="0.0560000000000009" classname="0_picks" name="datasets_integration_with_tidyselect_helpers_stores_tidyselect_matches_as_a_quosure"/>
    <testcase time="0.00799999999999912" classname="0_picks" name="variables_multiple_attribute_sets_multiple_to_FALSE_for_single_selected_value"/>
    <testcase time="0.0080000000000009" classname="0_picks" name="variables_multiple_attribute_sets_multiple_to_TRUE_for_multiple_selected_values"/>
    <testcase time="0.00599999999999845" classname="0_picks" name="variables_multiple_attribute_sets_multiple_to_FALSE_when_explicitly_specified"/>
    <testcase time="0.00600000000000023" classname="0_picks" name="variables_multiple_attribute_sets_multiple_to_TRUE_when_explicitly_specified"/>
    <testcase time="0.00600000000000023" classname="0_picks" name="variables_multiple_attribute_auto_detects_multiple_TRUE_from_selected_vector_length"/>
    <testcase time="0.00699999999999967" classname="0_picks" name="variables_multiple_attribute_auto_detects_multiple_FALSE_from_single_selected"/>
    <testcase time="0.0700000000000003" classname="0_picks" name="variables_multiple_attribute_defaults_to_NULL_for_tidyselect_selected"/>
    <testcase time="0.00600000000000023" classname="0_picks" name="variables_multiple_attribute_explicit_multiple_overrides_auto_detection"/>
    <testcase time="0.00600000000000023" classname="0_picks" name="variables_ordered_attribute_defaults_to_FALSE"/>
    <testcase time="0.00600000000000023" classname="0_picks" name="variables_ordered_attribute_sets_ordered_to_TRUE_when_specified"/>
    <testcase time="0.00600000000000023" classname="0_picks" name="variables_ordered_attribute_sets_ordered_to_FALSE_when_explicitly_specified"/>
    <testcase time="0.0109999999999992" classname="0_picks" name="variables_allow_clear_attribute_sets_allow_clear_to_FALSE_for_single_non_NULL_selected"/>
    <testcase time="0.0080000000000009" classname="0_picks" name="variables_allow_clear_attribute_sets_allow_clear_to_TRUE_for_multiple_selected"/>
    <testcase time="0.00799999999999912" classname="0_picks" name="variables_allow_clear_attribute_sets_allow_clear_to_TRUE_when_selected_is_NULL"/>
    <testcase time="0.0739999999999998" classname="0_picks" name="variables_allow_clear_attribute_sets_allow_clear_to_FALSE_for_tidyselect_selected"/>
    <testcase time="0.00600000000000023" classname="0_picks" name="variables_allow_clear_attribute_sets_allow_clear_to_FALSE_for_single_numeric_selected"/>
    <testcase time="0.00600000000000023" classname="0_picks" name="variables_allow_clear_attribute_sets_allow_clear_to_FALSE_for_multiple_numeric_selected_tidyselect_"/>
    <testcase time="0.00600000000000023" classname="0_picks" name="variables_attribute_interactions_multiple_TRUE_and_ordered_TRUE_work_together"/>
    <testcase time="0.00300000000000011" classname="0_picks" name="variables_attribute_interactions_multiple_TRUE_and_ordered_TRUE_work_together"/>
    <testcase time="0.00600000000000023" classname="0_picks" name="variables_attribute_interactions_multiple_FALSE_and_ordered_FALSE_work_together"/>
    <testcase time="0.00300000000000011" classname="0_picks" name="variables_attribute_interactions_multiple_FALSE_and_ordered_FALSE_work_together"/>
    <testcase time="0.00699999999999967" classname="0_picks" name="variables_attribute_interactions_allow_clear_depends_on_multiple_when_selected_is_character"/>
    <testcase time="0.00300000000000011" classname="0_picks" name="variables_attribute_interactions_allow_clear_depends_on_multiple_when_selected_is_character"/>
    <testcase time="0.00599999999999845" classname="0_picks" name="variables_attribute_interactions_all_three_attributes_can_be_set_independently"/>
    <testcase time="0.00300000000000011" classname="0_picks" name="variables_attribute_interactions_all_three_attributes_can_be_set_independently"/>
    <testcase time="0.00300000000000011" classname="0_picks" name="variables_attribute_interactions_all_three_attributes_can_be_set_independently"/>
    <testcase time="0.00999999999999979" classname="0_picks" name="values_assertions_values_succeeds_by_default"/>
    <testcase time="0.00500000000000078" classname="0_picks" name="values_assertions_values_choices_accepts_predicate_functions_character_numeric_2_date_2_and_posixct_2_._No_tidyselect"/>
    <testcase time="0.00300000000000011" classname="0_picks" name="values_assertions_values_choices_accepts_predicate_functions_character_numeric_2_date_2_and_posixct_2_._No_tidyselect"/>
    <testcase time="0.00799999999999912" classname="0_picks" name="values_assertions_values_choices_accepts_predicate_functions_character_numeric_2_date_2_and_posixct_2_._No_tidyselect"/>
    <testcase time="0.00300000000000011" classname="0_picks" name="values_assertions_values_choices_accepts_predicate_functions_character_numeric_2_date_2_and_posixct_2_._No_tidyselect"/>
    <testcase time="0.00700000000000145" classname="0_picks" name="values_assertions_values_choices_accepts_predicate_functions_character_numeric_2_date_2_and_posixct_2_._No_tidyselect"/>
    <testcase time="0.00699999999999967" classname="0_picks" name="values_assertions_values_choices_accepts_predicate_functions_character_numeric_2_date_2_and_posixct_2_._No_tidyselect"/>
    <testcase time="0.00600000000000023" classname="0_picks" name="values_assertions_values_choices_accepts_predicate_functions_character_numeric_2_date_2_and_posixct_2_._No_tidyselect"/>
    <testcase time="0.00300000000000011" classname="0_picks" name="values_assertions_values_choices_accepts_predicate_functions_character_numeric_2_date_2_and_posixct_2_._No_tidyselect"/>
    <testcase time="0.00699999999999967" classname="0_picks" name="values_assertions_values_choices_accepts_predicate_functions_character_numeric_2_date_2_and_posixct_2_._No_tidyselect"/>
    <testcase time="0.00600000000000023" classname="0_picks" name="values_assertions_values_choices_accepts_predicate_functions_character_numeric_2_date_2_and_posixct_2_._No_tidyselect"/>
    <testcase time="0.00300000000000011" classname="0_picks" name="values_assertions_values_choices_accepts_predicate_functions_character_numeric_2_date_2_and_posixct_2_._No_tidyselect"/>
    <testcase time="0.00599999999999845" classname="0_picks" name="values_assertions_values_choices_accepts_predicate_functions_character_numeric_2_date_2_and_posixct_2_._No_tidyselect"/>
    <testcase time="0.00600000000000023" classname="0_picks" name="values_assertions_values_choices_accepts_predicate_functions_character_numeric_2_date_2_and_posixct_2_._No_tidyselect"/>
    <testcase time="0.00300000000000011" classname="0_picks" name="values_assertions_values_choices_accepts_predicate_functions_character_numeric_2_date_2_and_posixct_2_._No_tidyselect"/>
    <testcase time="0.00200000000000067" classname="0_picks" name="values_assertions_values_choices_accepts_predicate_functions_character_numeric_2_date_2_and_posixct_2_._No_tidyselect"/>
    <testcase time="0.00300000000000011" classname="0_picks" name="values_assertions_values_choices_accepts_predicate_functions_character_numeric_2_date_2_and_posixct_2_._No_tidyselect"/>
    <testcase time="0.00600000000000023" classname="0_picks" name="values_assertions_values_choices_accepts_predicate_functions_character_numeric_2_date_2_and_posixct_2_._No_tidyselect"/>
    <testcase time="0.0220000000000002" classname="0_picks" name="values_assertions_values_choices_accepts_predicate_functions_character_numeric_2_date_2_and_posixct_2_._No_tidyselect"/>
    <testcase time="0.0169999999999995" classname="0_picks" name="values_assertions_values_choices_accepts_predicate_functions_character_numeric_2_date_2_and_posixct_2_._No_tidyselect"/>
    <testcase time="0.00600000000000023" classname="0_picks" name="values_assertions_values_choices_accepts_predicate_functions_character_numeric_2_date_2_and_posixct_2_._No_tidyselect"/>
    <testcase time="0.0119999999999987" classname="0_picks" name="values_assertions_values_choices_accepts_predicate_functions_character_numeric_2_date_2_and_posixct_2_._No_tidyselect"/>
    <testcase time="0.0080000000000009" classname="0_picks" name="values_attributes_multiple_set_to_TRUE_by_default"/>
    <testcase time="0.00699999999999967" classname="0_picks" name="values_attributes_fixed_TRUE_when_single_choice_is_provided"/>
    <testcase time="0.0080000000000009" classname="0_picks" name="values_attributes_fixed_FALSE_when_choices_is_a_predicate"/>
    <testcase time="0.00600000000000023" classname="0_picks" name="values_attributes_fixed_FALSE_when_choices_length_1"/>
  </testsuite>
  <testsuite name="0-print" timestamp="2025-10-30T15:09:22Z" hostname="e51af9917f62" tests="14" skipped="0" failures="0" errors="0" time="0.106">
    <testcase time="0.00900000000000034" classname="0_print" name="format.type_for_datasets_formats_datasets_with_character_choices_by_printing_them_explicitly"/>
    <testcase time="0.0549999999999997" classname="0_print" name="format.type_for_datasets_formats_datasets_with_tidyselect_choices_by_printing_matched_call_s_argument"/>
    <testcase time="0.000999999999999446" classname="0_print" name="format.type_for_datasets_formats_datasets_with_tidyselect_choices_by_printing_matched_call_s_argument"/>
    <testcase time="0.00200000000000067" classname="0_print" name="format.type_for_datasets_formats_datasets_with_tidyselect_choices_by_printing_matched_call_s_argument"/>
    <testcase time="0.00399999999999956" classname="0_print" name="print.type_for_variables_prints_variables_with_character_choices_by_printing_them_explicitly"/>
    <testcase time="0.00500000000000078" classname="0_print" name="print.type_for_variables_formats_variables_with_ordered_attribute_correctly"/>
    <testcase time="0.00399999999999956" classname="0_print" name="format.type_for_values_formats_values_with_character_choices_by_printing_them_explicitly_with_their_attributes"/>
    <testcase time="0.00500000000000078" classname="0_print" name="format.picks_for_picks_collection_formats_picks_with_datasets_variables_and_values_by_showing_them_all_explicitly"/>
    <testcase time="0.00500000000000078" classname="0_print" name="print_methods_output_correctly_print.type_outputs_datasets_to_console_with_class_name_choices_and_selected"/>
    <testcase time="0.00199999999999889" classname="0_print" name="print_methods_output_correctly_print.type_outputs_datasets_to_console_with_class_name_choices_and_selected"/>
    <testcase time="0.00300000000000011" classname="0_print" name="print_methods_output_correctly_print.type_outputs_datasets_to_console_with_class_name_choices_and_selected"/>
    <testcase time="0.00500000000000078" classname="0_print" name="print_methods_output_correctly_print.picks_outputs_picks_to_console_with_its_class_and_elements"/>
    <testcase time="0.00199999999999889" classname="0_print" name="print_methods_output_correctly_print.picks_outputs_picks_to_console_with_its_class_and_elements"/>
    <testcase time="0.00400000000000134" classname="0_print" name="print_methods_output_correctly_print_returns_invisibly"/>
  </testsuite>
  <testsuite name="check_selector" timestamp="2025-10-30T15:09:22Z" hostname="e51af9917f62" tests="3" skipped="0" failures="0" errors="0" time="0.023">
    <testcase time="0.00699999999999967" classname="check_selector" name="check_selector_dataname"/>
    <testcase time="0.00499999999999901" classname="check_selector" name="check_selector_dataname"/>
    <testcase time="0.011000000000001" classname="check_selector" name="check_selector_dataname"/>
  </testsuite>
  <testsuite name="choices_selected" timestamp="2025-10-30T15:09:22Z" hostname="e51af9917f62" tests="23" skipped="0" failures="0" errors="0" time="0.109">
    <testcase time="0.00999999999999979" classname="choices_selected" name="delayed_version_of_choices_selected"/>
    <testcase time="0.00999999999999979" classname="choices_selected" name="delayed_version_of_choices_selected"/>
    <testcase time="0.00200000000000067" classname="choices_selected" name="delayed_version_of_choices_selected"/>
    <testcase time="0.00599999999999845" classname="choices_selected" name="delayed_version_of_choices_selected"/>
    <testcase time="0.0080000000000009" classname="choices_selected" name="choices_selected_throws_error_when_selected_is_not_found_in_choices"/>
    <testcase time="0.00500000000000078" classname="choices_selected" name="choices_selected_throws_error_when_selected_is_not_found_in_choices"/>
    <testcase time="0.00699999999999967" classname="choices_selected" name="choices_selected_throws_error_when_selected_is_not_found_in_choices"/>
    <testcase time="0.00499999999999901" classname="choices_selected" name="delayed_choices_select_the_desired_choices"/>
    <testcase time="0.00200000000000067" classname="choices_selected" name="delayed_choices_select_the_desired_choices"/>
    <testcase time="0.00200000000000067" classname="choices_selected" name="delayed_choices_select_the_desired_choices"/>
    <testcase time="0.00199999999999889" classname="choices_selected" name="delayed_choices_select_the_desired_choices"/>
    <testcase time="0.00300000000000011" classname="choices_selected" name="delayed_choices_select_the_desired_choices"/>
    <testcase time="0.00699999999999967" classname="choices_selected" name="choices_selected_throws_when_selected_is_delayed_and_choices_are_not"/>
    <testcase time="0.0080000000000009" classname="choices_selected" name="choices_selected_throws_when_no_select_keyword_is_passed_to_it_as_a_choice"/>
    <testcase time="0.00399999999999956" classname="choices_selected" name="is_returns_choices_selected_if_passed_a_choices_selected_object"/>
    <testcase time="0.00399999999999956" classname="choices_selected" name="choices_selected_remove_duplicates"/>
    <testcase time="0.00200000000000067" classname="choices_selected" name="choices_selected_remove_duplicates"/>
    <testcase time="0.00199999999999889" classname="choices_selected" name="choices_selected_remove_duplicates"/>
    <testcase time="0.00200000000000067" classname="choices_selected" name="choices_selected_remove_duplicates"/>
    <testcase time="0.00600000000000023" classname="choices_selected" name="delayed_version_of_choices_selected_resolve_delayed"/>
    <testcase time="0.00600000000000023" classname="choices_selected" name="delayed_version_of_choices_selected_resolve_delayed"/>
    <testcase time="0.00199999999999889" classname="choices_selected" name="delayed_version_of_choices_selected_resolve_delayed"/>
    <testcase time="0.00400000000000134" classname="choices_selected" name="delayed_version_of_choices_selected_resolve_delayed"/>
  </testsuite>
  <testsuite name="data_extract_datanames" timestamp="2025-10-30T15:09:22Z" hostname="e51af9917f62" tests="19" skipped="0" failures="0" errors="0" time="0.094">
    <testcase time="0.00699999999999967" classname="data_extract_datanames" name="get_extract_datanames_accepts_a_single_data_extract_spec_object"/>
    <testcase time="0.00399999999999956" classname="data_extract_datanames" name="get_extract_datanames_accepts_a_list_of_data_extract_spec_objects"/>
    <testcase time="0.00399999999999956" classname="data_extract_datanames" name="get_extract_datanames_accepts_a_list_of_lists_of_data_extract_spec_objects"/>
    <testcase time="0.00400000000000134" classname="data_extract_datanames" name="get_extract_datanames_accepts_a_list_of_data_extract_spec_objects_and_NULL"/>
    <testcase time="0.00399999999999956" classname="data_extract_datanames" name="get_extract_datanames_accepts_a_list_of_data_extract_spec_objects_and_logical"/>
    <testcase time="0.00399999999999956" classname="data_extract_datanames" name="get_extract_datanames_accepts_a_list_of_lists_of_data_extract_spec_objects_and_NULL"/>
    <testcase time="0.00399999999999956" classname="data_extract_datanames" name="get_extract_datanames_accepts_a_list_of_lists_of_data_extract_spec_objects_and_logical"/>
    <testcase time="0.00400000000000134" classname="data_extract_datanames" name="get_extract_datanames_returns_the_dataname_of_the_single_data_extract_spec_object"/>
    <testcase time="0.000999999999999446" classname="data_extract_datanames" name="get_extract_datanames_returns_the_dataname_of_the_single_data_extract_spec_object"/>
    <testcase time="0.00300000000000011" classname="data_extract_datanames" name="get_extract_datanames_returns_the_unique_datanames_from_the_list_of_data_extract_spec_objects"/>
    <testcase time="0.00999999999999979" classname="data_extract_datanames" name="get_extract_datanames_returns_the_unique_datanames_from_the_list_of_lists_of_data_extract_spec_objects"/>
    <testcase time="0.0080000000000009" classname="data_extract_datanames" name="get_extract_datanames_throws_error_when_no_data_extract_spec_nor_list_of_lists_of_data_extract_spec_is_passed"/>
    <testcase time="0.00699999999999967" classname="data_extract_datanames" name="get_extract_datanames_throws_error_when_no_data_extract_spec_nor_list_of_lists_of_data_extract_spec_is_passed"/>
    <testcase time="0.00600000000000023" classname="data_extract_datanames" name="get_extract_datanames_throws_error_when_no_data_extract_spec_nor_list_of_lists_of_data_extract_spec_is_passed"/>
    <testcase time="0.00599999999999845" classname="data_extract_datanames" name="get_extract_datanames_throws_error_when_no_data_extract_spec_nor_list_of_lists_of_data_extract_spec_is_passed"/>
    <testcase time="0.00500000000000078" classname="data_extract_datanames" name="get_extract_datanames_throws_error_when_no_data_extract_spec_nor_list_of_lists_of_data_extract_spec_is_passed"/>
    <testcase time="0.00699999999999967" classname="data_extract_datanames" name="get_extract_datanames_throws_error_with_empty_list"/>
    <testcase time="0.00400000000000134" classname="data_extract_datanames" name="get_extract_datanames_returns_unique_dataname_when_data_extract_specs_have_the_same_dataname"/>
    <testcase time="0.00199999999999889" classname="data_extract_datanames" name="get_extract_datanames_returns_unique_dataname_when_data_extract_specs_have_the_same_dataname"/>
  </testsuite>
  <testsuite name="data_extract_module" timestamp="2025-10-30T15:09:22Z" hostname="e51af9917f62" tests="12" skipped="0" failures="0" errors="0" time="0.099">
    <testcase time="0.0390000000000015" classname="data_extract_module" name="Single_filter"/>
    <testcase time="0.00199999999999889" classname="data_extract_module" name="Single_filter"/>
    <testcase time="0.000999999999999446" classname="data_extract_module" name="Single_filter"/>
    <testcase time="0.00700000000000145" classname="data_extract_module" name="Single_filter"/>
    <testcase time="0.00199999999999889" classname="data_extract_module" name="Single_filter"/>
    <testcase time="0.0150000000000006" classname="data_extract_module" name="Multiple_filters"/>
    <testcase time="0.000999999999999446" classname="data_extract_module" name="Multiple_filters"/>
    <testcase time="0.00200000000000067" classname="data_extract_module" name="Multiple_filters"/>
    <testcase time="0.00200000000000067" classname="data_extract_module" name="Multiple_filters"/>
    <testcase time="0.000999999999999446" classname="data_extract_module" name="Multiple_filters"/>
    <testcase time="0.00999999999999979" classname="data_extract_module" name="Multiple_datasets"/>
    <testcase time="0.0169999999999995" classname="data_extract_module" name="Multiple_datasets"/>
  </testsuite>
  <testsuite name="data_extract_multiple_srv" timestamp="2025-10-30T15:09:22Z" hostname="e51af9917f62" tests="14" skipped="0" failures="0" errors="0" time="0.21">
    <testcase time="0.0190000000000001" classname="data_extract_multiple_srv" name="data_extract_multiple_srv_accepts_a_named_list_of_data_extract_spec_"/>
    <testcase time="0.0700000000000003" classname="data_extract_multiple_srv" name="data_extract_multiple_srv_returns_a_named_reactive_list_with_reactives"/>
    <testcase time="0.00399999999999956" classname="data_extract_multiple_srv" name="data_extract_multiple_srv_returns_a_named_reactive_list_with_reactives"/>
    <testcase time="0.00400000000000134" classname="data_extract_multiple_srv" name="data_extract_multiple_srv_returns_a_named_reactive_list_with_reactives"/>
    <testcase time="0.00899999999999856" classname="data_extract_multiple_srv" name="data_extract_multiple_srv_accepts_an_empty_list"/>
    <testcase time="0.00999999999999979" classname="data_extract_multiple_srv" name="data_extract_multiple_srv_returns_an_empty_list_if_passed_an_empty_list"/>
    <testcase time="0.0100000000000016" classname="data_extract_multiple_srv" name="data_extract_multiple_srv_prunes_NULL_from_the_passed_list"/>
    <testcase time="0.00999999999999979" classname="data_extract_multiple_srv" name="data_extract_multiple_srv_accepts_datasets_as_FilteredData"/>
    <testcase time="0.00799999999999912" classname="data_extract_multiple_srv" name="data_extract_multiple_srv_accepts_datasets_list_of_reactive_data.frame"/>
    <testcase time="0.0120000000000005" classname="data_extract_multiple_srv" name="data_extract_multiple_srv_accepts_datasets_as_list_of_data.frame"/>
    <testcase time="0.0120000000000005" classname="data_extract_multiple_srv" name="data_extract_multiple_srv_throws_error_if_datasets_is_not_FilteredData_or_list_of_reactive_data.frame"/>
    <testcase time="0.0109999999999992" classname="data_extract_multiple_srv" name="data_extract_multiple_srv_throws_if_data_extract_is_not_a_named_list"/>
    <testcase time="0.00900000000000034" classname="data_extract_multiple_srv" name="data_extract_multiple_srv_works_with_join_keys_NULL_default_"/>
    <testcase time="0.0220000000000002" classname="data_extract_multiple_srv" name="data_extract_multiple_srv_accepts_throws_error_when_join_keys_argument_is_not_join_keys_object"/>
  </testsuite>
  <testsuite name="data_extract_spec" timestamp="2025-10-30T15:09:23Z" hostname="e51af9917f62" tests="68" skipped="0" failures="0" errors="0" time="0.401">
    <testcase time="0.016" classname="data_extract_spec" name="data_extract_spec_throws_when_select_is_not_select_spec_or_NULL"/>
    <testcase time="0.00500000000000078" classname="data_extract_spec" name="data_extract_spec_works_with_valid_input"/>
    <testcase time="0.00199999999999889" classname="data_extract_spec" name="data_extract_spec_works_with_valid_input"/>
    <testcase time="0.00100000000000122" classname="data_extract_spec" name="data_extract_spec_works_with_valid_input"/>
    <testcase time="0.00199999999999889" classname="data_extract_spec" name="data_extract_spec_works_with_valid_input"/>
    <testcase time="0.00200000000000067" classname="data_extract_spec" name="data_extract_spec_works_with_valid_input"/>
    <testcase time="0.000999999999999446" classname="data_extract_spec" name="data_extract_spec_works_with_valid_input"/>
    <testcase time="0.00399999999999956" classname="data_extract_spec" name="data_extract_spec_works_with_valid_input"/>
    <testcase time="0.00200000000000067" classname="data_extract_spec" name="data_extract_spec_works_with_valid_input"/>
    <testcase time="0.000999999999999446" classname="data_extract_spec" name="data_extract_spec_works_with_valid_input"/>
    <testcase time="0.00300000000000011" classname="data_extract_spec" name="data_extract_spec_works_with_valid_input"/>
    <testcase time="0.00200000000000067" classname="data_extract_spec" name="data_extract_spec_works_with_valid_input"/>
    <testcase time="0.000999999999999446" classname="data_extract_spec" name="data_extract_spec_works_with_valid_input"/>
    <testcase time="0.00300000000000011" classname="data_extract_spec" name="data_extract_spec_works_with_valid_input"/>
    <testcase time="0.000999999999999446" classname="data_extract_spec" name="data_extract_spec_works_with_valid_input"/>
    <testcase time="0.00200000000000067" classname="data_extract_spec" name="data_extract_spec_works_with_valid_input"/>
    <testcase time="0.000999999999999446" classname="data_extract_spec" name="data_extract_spec_works_with_valid_input"/>
    <testcase time="0.0140000000000011" classname="data_extract_spec" name="delayed_data_extract_spec_works"/>
    <testcase time="0.00199999999999889" classname="data_extract_spec" name="delayed_data_extract_spec_works"/>
    <testcase time="0.00100000000000122" classname="data_extract_spec" name="delayed_data_extract_spec_works"/>
    <testcase time="0.00199999999999889" classname="data_extract_spec" name="delayed_data_extract_spec_works"/>
    <testcase time="0.00100000000000122" classname="data_extract_spec" name="delayed_data_extract_spec_works"/>
    <testcase time="0.00199999999999889" classname="data_extract_spec" name="delayed_data_extract_spec_works"/>
    <testcase time="0.00100000000000122" classname="data_extract_spec" name="delayed_data_extract_spec_works"/>
    <testcase time="0.000999999999999446" classname="data_extract_spec" name="delayed_data_extract_spec_works"/>
    <testcase time="0.0109999999999992" classname="data_extract_spec" name="delayed_data_extract_spec_works"/>
    <testcase time="0.00300000000000011" classname="data_extract_spec" name="delayed_data_extract_spec_works"/>
    <testcase time="0.00699999999999967" classname="data_extract_spec" name="delayed_data_extract_spec_works"/>
    <testcase time="0.0080000000000009" classname="data_extract_spec" name="delayed_data_extract_spec_works"/>
    <testcase time="0.000999999999999446" classname="data_extract_spec" name="delayed_data_extract_spec_works"/>
    <testcase time="0.00100000000000122" classname="data_extract_spec" name="delayed_data_extract_spec_works"/>
    <testcase time="0.052999999999999" classname="data_extract_spec" name="delayed_version_of_data_extract_spec"/>
    <testcase time="0.00200000000000067" classname="data_extract_spec" name="delayed_version_of_data_extract_spec"/>
    <testcase time="0.00199999999999889" classname="data_extract_spec" name="delayed_version_of_data_extract_spec"/>
    <testcase time="0.0419999999999998" classname="data_extract_spec" name="delayed_version_of_data_extract_spec"/>
    <testcase time="0.00200000000000067" classname="data_extract_spec" name="delayed_version_of_data_extract_spec"/>
    <testcase time="0.000999999999999446" classname="data_extract_spec" name="delayed_version_of_data_extract_spec"/>
    <testcase time="0.00600000000000023" classname="data_extract_spec" name="data_extract_spec_allows_both_select_and_filter_parameters_to_be_NULL"/>
    <testcase time="0.00500000000000078" classname="data_extract_spec" name="data_extract_spec_returns_filter_spec_with_multiple_set_to_TRUE"/>
    <testcase time="0.00199999999999889" classname="data_extract_spec" name="data_extract_spec_returns_filter_spec_with_multiple_set_to_TRUE"/>
    <testcase time="0.00300000000000011" classname="data_extract_spec" name="data_extract_spec_returns_filter_spec_with_multiple_set_to_TRUE"/>
    <testcase time="0.00500000000000078" classname="data_extract_spec" name="data_extract_spec_returns_select_spec_with_multiple_set_to_TRUE"/>
    <testcase time="0.000999999999999446" classname="data_extract_spec" name="data_extract_spec_returns_select_spec_with_multiple_set_to_TRUE"/>
    <testcase time="0.00399999999999956" classname="data_extract_spec" name="data_extract_spec_returns_select_spec_with_multiple_set_to_TRUE"/>
    <testcase time="0.00300000000000011" classname="data_extract_spec" name="data_extract_spec_returns_select_spec_with_multiple_set_to_TRUE"/>
    <testcase time="0.00300000000000011" classname="data_extract_spec" name="data_extract_spec_returns_select_spec_with_multiple_set_to_TRUE"/>
    <testcase time="0.00300000000000011" classname="data_extract_spec" name="data_extract_spec_returns_select_spec_with_multiple_set_to_TRUE"/>
    <testcase time="0.00100000000000122" classname="data_extract_spec" name="data_extract_spec_returns_select_spec_with_multiple_set_to_TRUE"/>
    <testcase time="0.0109999999999992" classname="data_extract_spec" name="delayed_data_extract_spec_works_resolve_delayed"/>
    <testcase time="0.00200000000000067" classname="data_extract_spec" name="delayed_data_extract_spec_works_resolve_delayed"/>
    <testcase time="0.000999999999999446" classname="data_extract_spec" name="delayed_data_extract_spec_works_resolve_delayed"/>
    <testcase time="0.00200000000000067" classname="data_extract_spec" name="delayed_data_extract_spec_works_resolve_delayed"/>
    <testcase time="0.000999999999999446" classname="data_extract_spec" name="delayed_data_extract_spec_works_resolve_delayed"/>
    <testcase time="0.00200000000000067" classname="data_extract_spec" name="delayed_data_extract_spec_works_resolve_delayed"/>
    <testcase time="0.000999999999999446" classname="data_extract_spec" name="delayed_data_extract_spec_works_resolve_delayed"/>
    <testcase time="0.00199999999999889" classname="data_extract_spec" name="delayed_data_extract_spec_works_resolve_delayed"/>
    <testcase time="0.016" classname="data_extract_spec" name="delayed_data_extract_spec_works_resolve_delayed"/>
    <testcase time="0.00400000000000134" classname="data_extract_spec" name="delayed_data_extract_spec_works_resolve_delayed"/>
    <testcase time="0.00900000000000034" classname="data_extract_spec" name="delayed_data_extract_spec_works_resolve_delayed"/>
    <testcase time="0.00999999999999979" classname="data_extract_spec" name="delayed_data_extract_spec_works_resolve_delayed"/>
    <testcase time="0.00199999999999889" classname="data_extract_spec" name="delayed_data_extract_spec_works_resolve_delayed"/>
    <testcase time="0.00200000000000067" classname="data_extract_spec" name="delayed_data_extract_spec_works_resolve_delayed"/>
    <testcase time="0.0470000000000006" classname="data_extract_spec" name="delayed_version_of_data_extract_spec_resolve_delayed"/>
    <testcase time="0.00199999999999889" classname="data_extract_spec" name="delayed_version_of_data_extract_spec_resolve_delayed"/>
    <testcase time="0.000999999999999446" classname="data_extract_spec" name="delayed_version_of_data_extract_spec_resolve_delayed"/>
    <testcase time="0.0400000000000009" classname="data_extract_spec" name="delayed_version_of_data_extract_spec_resolve_delayed"/>
    <testcase time="0.00200000000000067" classname="data_extract_spec" name="delayed_version_of_data_extract_spec_resolve_delayed"/>
    <testcase time="0.00199999999999889" classname="data_extract_spec" name="delayed_version_of_data_extract_spec_resolve_delayed"/>
  </testsuite>
  <testsuite name="data_extract_srv" timestamp="2025-10-30T15:09:23Z" hostname="e51af9917f62" tests="47" skipped="0" failures="0" errors="0" time="1.594">
    <testcase time="0.0590000000000011" classname="data_extract_srv" name="data_extract_srv_datasets_accepts_list_of_reactive_data_frames"/>
    <testcase time="0.0379999999999985" classname="data_extract_srv" name="data_extract_srv_datasets_accepts_a_FilteredData"/>
    <testcase time="0.0360000000000014" classname="data_extract_srv" name="data_extract_srv_datasets_accepts_a_list_of_data_frames"/>
    <testcase time="0.0419999999999998" classname="data_extract_srv" name="data_extract_srv_datasets_accepts_a_mixed_list_of_reactive_and_not_reactive_data_frames"/>
    <testcase time="0.0350000000000001" classname="data_extract_srv" name="data_extract_srv_works_with_join_keys_NULL_default_"/>
    <testcase time="0.0139999999999993" classname="data_extract_srv" name="data_extract_srv_accepts_throws_error_when_join_keys_argument_is_not_a_join_keys_object"/>
    <testcase time="0.0419999999999998" classname="data_extract_srv" name="data_extract_srv_returns_a_list_of_elements"/>
    <testcase time="0.00200000000000067" classname="data_extract_srv" name="data_extract_srv_returns_a_list_of_elements"/>
    <testcase time="0.0179999999999989" classname="data_extract_srv" name="data_extract_srv_throws_error_when_data_extract_spec_is_missing"/>
    <testcase time="0.0130000000000017" classname="data_extract_srv" name="data_extract_srv_throws_error_when_data_extract_spec_is_missing"/>
    <testcase time="0.0259999999999998" classname="data_extract_srv" name="data_extract_srv_throws_when_data_extract_spec_don_t_get_data_extract_spec_object"/>
    <testcase time="0.0190000000000001" classname="data_extract_srv" name="data_extract_srv_throws_when_data_extract_spec_don_t_get_data_extract_spec_object"/>
    <testcase time="0.0189999999999984" classname="data_extract_srv" name="data_extract_srv_throws_when_data_extract_spec_don_t_get_data_extract_spec_object"/>
    <testcase time="0.0180000000000007" classname="data_extract_srv" name="data_extract_srv_throws_when_data_extract_spec_don_t_get_data_extract_spec_object"/>
    <testcase time="0.0180000000000007" classname="data_extract_srv" name="data_extract_srv_throws_when_data_extract_spec_don_t_get_data_extract_spec_object"/>
    <testcase time="0.0169999999999995" classname="data_extract_srv" name="data_extract_srv_throws_when_data_extract_spec_don_t_get_data_extract_spec_object"/>
    <testcase time="0.0180000000000007" classname="data_extract_srv" name="data_extract_srv_throws_when_data_extract_spec_don_t_get_data_extract_spec_object"/>
    <testcase time="0.0510000000000002" classname="data_extract_srv" name="data_extract_srv_uses_the_current_session_id_when_id_is_missing"/>
    <testcase time="0.00199999999999889" classname="data_extract_srv" name="data_extract_srv_uses_the_current_session_id_when_id_is_missing"/>
    <testcase time="0.0400000000000009" classname="data_extract_srv" name="data_extract_srv_returns_select_ordered_according_to_selection"/>
    <testcase time="0.0149999999999988" classname="data_extract_srv" name="data_extract_srv_returns_select_ordered_according_to_selection"/>
    <testcase time="0.00700000000000145" classname="data_extract_srv" name="data_extract_srv_returns_select_ordered_according_to_selection"/>
    <testcase time="0.0359999999999996" classname="data_extract_srv" name="data_extract_srv_returns_select_ordered_according_to_choices"/>
    <testcase time="0.0139999999999993" classname="data_extract_srv" name="data_extract_srv_returns_select_ordered_according_to_choices"/>
    <testcase time="0.00699999999999967" classname="data_extract_srv" name="data_extract_srv_returns_select_ordered_according_to_choices"/>
    <testcase time="0.0410000000000004" classname="data_extract_srv" name="data_extract_srv_with_a_list_of_multiple_data_extract_spec"/>
    <testcase time="0.00699999999999967" classname="data_extract_srv" name="data_extract_srv_with_a_list_of_multiple_data_extract_spec"/>
    <testcase time="0.00400000000000134" classname="data_extract_srv" name="data_extract_srv_with_a_list_of_multiple_data_extract_spec"/>
    <testcase time="0.00699999999999967" classname="data_extract_srv" name="data_extract_srv_with_a_list_of_multiple_data_extract_spec"/>
    <testcase time="0.116" classname="data_extract_srv" name="select_validation"/>
    <testcase time="0.00499999999999901" classname="data_extract_srv" name="select_validation"/>
    <testcase time="0.0289999999999999" classname="data_extract_srv" name="select_validation"/>
    <testcase time="0.102" classname="data_extract_srv" name="validation_only_runs_on_currently_selected_dataset_s_data_extract_spec"/>
    <testcase time="0.0750000000000011" classname="data_extract_srv" name="validation_only_runs_on_currently_selected_dataset_s_data_extract_spec"/>
    <testcase time="0.109999999999999" classname="data_extract_srv" name="filter_validation"/>
    <testcase time="0.00500000000000078" classname="data_extract_srv" name="filter_validation"/>
    <testcase time="0.0309999999999988" classname="data_extract_srv" name="filter_validation"/>
    <testcase time="0.077" classname="data_extract_srv" name="select_validation_accepts_function_as_validator"/>
    <testcase time="0.00400000000000134" classname="data_extract_srv" name="select_validation_accepts_function_as_validator"/>
    <testcase time="0.0329999999999995" classname="data_extract_srv" name="select_validation_accepts_function_as_validator"/>
    <testcase time="0.0739999999999998" classname="data_extract_srv" name="data_extract_multiple_srv_input_validation"/>
    <testcase time="0.0749999999999993" classname="data_extract_srv" name="data_extract_multiple_srv_input_validation"/>
    <testcase time="0.00500000000000078" classname="data_extract_srv" name="data_extract_multiple_srv_input_validation"/>
    <testcase time="0.0389999999999997" classname="data_extract_srv" name="data_extract_multiple_srv_input_validation"/>
    <testcase time="0.00500000000000078" classname="data_extract_srv" name="data_extract_multiple_srv_input_validation"/>
    <testcase time="0.0899999999999999" classname="data_extract_srv" name="data_extract_multiple_srv_input_validation"/>
    <testcase time="0.0539999999999985" classname="data_extract_srv" name="data_extract_multiple_srv_input_validation"/>
  </testsuite>
  <testsuite name="delayed_choices" timestamp="2025-10-30T15:09:25Z" hostname="e51af9917f62" tests="27" skipped="0" failures="0" errors="0" time="0.088">
    <testcase time="0.0160000000000018" classname="delayed_choices" name="delayed_choices_constructors_run_without_error"/>
    <testcase time="0.000999999999997669" classname="delayed_choices" name="delayed_choices_constructors_run_without_error"/>
    <testcase time="0.00200000000000244" classname="delayed_choices" name="delayed_choices_constructors_run_without_error"/>
    <testcase time="0.000999999999997669" classname="delayed_choices" name="delayed_choices_constructors_run_without_error"/>
    <testcase time="0.00200000000000244" classname="delayed_choices" name="delayed_choices_constructors_run_without_error"/>
    <testcase time="0.00799999999999912" classname="delayed_choices" name="first_choices_and_last_choices_require_n"/>
    <testcase time="0.00400000000000134" classname="delayed_choices" name="first_choices_and_last_choices_require_n"/>
    <testcase time="0.00399999999999778" classname="delayed_choices" name="delayed_choices_constructors_return_functions"/>
    <testcase time="0.00100000000000122" classname="delayed_choices" name="delayed_choices_constructors_return_functions"/>
    <testcase time="0.00199999999999889" classname="delayed_choices" name="delayed_choices_constructors_return_functions"/>
    <testcase time="0.00100000000000122" classname="delayed_choices" name="delayed_choices_constructors_return_functions"/>
    <testcase time="0.000999999999997669" classname="delayed_choices" name="delayed_choices_constructors_return_functions"/>
    <testcase time="0.00300000000000011" classname="delayed_choices" name="delayed_choices_functions_return_appropriate_subsets_of_atomic_input_data"/>
    <testcase time="0.00200000000000244" classname="delayed_choices" name="delayed_choices_functions_return_appropriate_subsets_of_atomic_input_data"/>
    <testcase time="0.000999999999997669" classname="delayed_choices" name="delayed_choices_functions_return_appropriate_subsets_of_atomic_input_data"/>
    <testcase time="0.00200000000000244" classname="delayed_choices" name="delayed_choices_functions_return_appropriate_subsets_of_atomic_input_data"/>
    <testcase time="0.000999999999997669" classname="delayed_choices" name="delayed_choices_functions_return_appropriate_subsets_of_atomic_input_data"/>
    <testcase time="0.00600000000000023" classname="delayed_choices" name="delayed_choices_functions_return_passed_NULL"/>
    <testcase time="0.00300000000000011" classname="delayed_choices" name="delayed_choices_functions_return_passed_NULL"/>
    <testcase time="0.00300000000000011" classname="delayed_choices" name="delayed_choices_functions_return_passed_NULL"/>
    <testcase time="0.00300000000000011" classname="delayed_choices" name="delayed_choices_functions_return_passed_NULL"/>
    <testcase time="0.00300000000000011" classname="delayed_choices" name="delayed_choices_functions_return_passed_NULL"/>
    <testcase time="0.0100000000000016" classname="delayed_choices" name="delayed_choices_functions_return_passed_empty_vector"/>
    <testcase time="0.00199999999999889" classname="delayed_choices" name="delayed_choices_functions_return_passed_empty_vector"/>
    <testcase time="0.00199999999999889" classname="delayed_choices" name="delayed_choices_functions_return_passed_empty_vector"/>
    <testcase time="0.00200000000000244" classname="delayed_choices" name="delayed_choices_functions_return_passed_empty_vector"/>
    <testcase time="0.00199999999999889" classname="delayed_choices" name="delayed_choices_functions_return_passed_empty_vector"/>
  </testsuite>
  <testsuite name="delayed_data_extract" timestamp="2025-10-30T15:09:25Z" hostname="e51af9917f62" tests="5" skipped="0" failures="0" errors="0" time="0.084">
    <testcase time="0.0399999999999991" classname="delayed_data_extract" name="Delayed_data_extract_single_data_connector_with_two_scda_dataset_connectors"/>
    <testcase time="0.00100000000000122" classname="delayed_data_extract" name="Delayed_data_extract_single_data_connector_with_two_scda_dataset_connectors"/>
    <testcase time="0.00999999999999801" classname="delayed_data_extract" name="Delayed_choices_selected_single_data_connector_with_two_scda_dataset_connectors"/>
    <testcase time="0.0310000000000024" classname="delayed_data_extract" name="Delayed_data_extract_filtered"/>
    <testcase time="0.00199999999999889" classname="delayed_data_extract" name="Delayed_data_extract_filtered"/>
  </testsuite>
  <testsuite name="dplyr_call_examples" timestamp="2025-10-30T15:09:25Z" hostname="e51af9917f62" tests="129" skipped="0" failures="0" errors="0" time="2.288">
    <testcase time="0.0300000000000011" classname="dplyr_call_examples" name="Different_join_types"/>
    <testcase time="0.00999999999999801" classname="dplyr_call_examples" name="Different_join_types"/>
    <testcase time="0.0199999999999996" classname="dplyr_call_examples" name="Different_join_types"/>
    <testcase time="0.00700000000000145" classname="dplyr_call_examples" name="Different_join_types"/>
    <testcase time="0.00700000000000145" classname="dplyr_call_examples" name="Different_join_types"/>
    <testcase time="0.00900000000000034" classname="dplyr_call_examples" name="Single_wide_dataset"/>
    <testcase time="0.00199999999999889" classname="dplyr_call_examples" name="Single_wide_dataset"/>
    <testcase time="0.00399999999999778" classname="dplyr_call_examples" name="Single_wide_dataset"/>
    <testcase time="0.00200000000000244" classname="dplyr_call_examples" name="Single_wide_dataset"/>
    <testcase time="0.00399999999999778" classname="dplyr_call_examples" name="Single_wide_dataset"/>
    <testcase time="0.00200000000000244" classname="dplyr_call_examples" name="Single_wide_dataset"/>
    <testcase time="0.00499999999999901" classname="dplyr_call_examples" name="Single_wide_dataset"/>
    <testcase time="0.00199999999999889" classname="dplyr_call_examples" name="Single_wide_dataset"/>
    <testcase time="0.00500000000000256" classname="dplyr_call_examples" name="Single_wide_dataset"/>
    <testcase time="0.000999999999997669" classname="dplyr_call_examples" name="Single_wide_dataset"/>
    <testcase time="0.00500000000000256" classname="dplyr_call_examples" name="Single_wide_dataset"/>
    <testcase time="0.000999999999997669" classname="dplyr_call_examples" name="Single_wide_dataset"/>
    <testcase time="0.00499999999999901" classname="dplyr_call_examples" name="Single_wide_dataset"/>
    <testcase time="0.00200000000000244" classname="dplyr_call_examples" name="Single_wide_dataset"/>
    <testcase time="0.00399999999999778" classname="dplyr_call_examples" name="Single_wide_dataset"/>
    <testcase time="0.00200000000000244" classname="dplyr_call_examples" name="Single_wide_dataset"/>
    <testcase time="0.00399999999999778" classname="dplyr_call_examples" name="Single_wide_dataset"/>
    <testcase time="0.00200000000000244" classname="dplyr_call_examples" name="Single_wide_dataset"/>
    <testcase time="0.0239999999999974" classname="dplyr_call_examples" name="Multiple_wide_dataset"/>
    <testcase time="0.017000000000003" classname="dplyr_call_examples" name="Multiple_wide_dataset"/>
    <testcase time="0.0249999999999986" classname="dplyr_call_examples" name="Multiple_wide_dataset"/>
    <testcase time="0.0100000000000016" classname="dplyr_call_examples" name="Multiple_wide_dataset"/>
    <testcase time="0.0829999999999984" classname="dplyr_call_examples" name="Multiple_wide_dataset"/>
    <testcase time="0.0289999999999999" classname="dplyr_call_examples" name="Multiple_wide_dataset"/>
    <testcase time="0.0829999999999984" classname="dplyr_call_examples" name="Multiple_wide_dataset"/>
    <testcase time="0.0280000000000022" classname="dplyr_call_examples" name="Multiple_wide_dataset"/>
    <testcase time="0.0839999999999996" classname="dplyr_call_examples" name="Multiple_wide_dataset"/>
    <testcase time="0.0289999999999999" classname="dplyr_call_examples" name="Multiple_wide_dataset"/>
    <testcase time="0.00900000000000034" classname="dplyr_call_examples" name="Single_long_dataset"/>
[...]
  </testsuite>
  <testsuite name="merge_utils" timestamp="2025-10-30T15:09:28Z" hostname="e51af9917f62" tests="36" skipped="0" failures="0" errors="0" time="0.198">
    <testcase time="0.0109999999999992" classname="merge_utils" name="merge_selectors_makes_no_changes_when_single_selector_is_provided"/>
    <testcase time="0.00600000000000023" classname="merge_utils" name="merge_selectors_combines_two_selectors_into_one_if_dataname_filters_keys_reshape_are_identical"/>
    <testcase time="0.00399999999999778" classname="merge_utils" name="merge_selectors_combines_two_selectorsdespite_duplicated_internal_id"/>
    <testcase time="0.00600000000000023" classname="merge_utils" name="Two_pairs_of_selectors_combined_into_two_selectors"/>
    <testcase time="0.00400000000000134" classname="merge_utils" name="merge_does_not_merge_when_reshape_differs"/>
    <testcase time="0.00600000000000023" classname="merge_utils" name="merge_does_not_merge_when_filters_differs"/>
    <testcase time="0.00499999999999901" classname="merge_utils" name="get_merge_key_pair_works"/>
    <testcase time="0.00200000000000244" classname="merge_utils" name="get_merge_key_pair_works"/>
    <testcase time="0.00199999999999889" classname="merge_utils" name="get_merge_key_pair_works"/>
    <testcase time="0.00199999999999889" classname="merge_utils" name="get_merge_key_pair_works"/>
    <testcase time="0.00199999999999889" classname="merge_utils" name="get_merge_key_pair_works"/>
    <testcase time="0.00200000000000244" classname="merge_utils" name="get_merge_key_pair_works"/>
    <testcase time="0.00199999999999889" classname="merge_utils" name="get_merge_key_pair_works"/>
    <testcase time="0.00199999999999889" classname="merge_utils" name="get_merge_key_pair_works"/>
    <testcase time="0.00200000000000244" classname="merge_utils" name="get_merge_key_pair_works"/>
    <testcase time="0.00199999999999889" classname="merge_utils" name="get_merge_key_pair_works"/>
    <testcase time="0.00199999999999889" classname="merge_utils" name="get_merge_key_pair_works"/>
    <testcase time="0.00200000000000244" classname="merge_utils" name="get_merge_key_pair_works"/>
    <testcase time="0.00199999999999889" classname="merge_utils" name="get_merge_key_pair_works"/>
    <testcase time="0.00199999999999889" classname="merge_utils" name="get_merge_key_pair_works"/>
    <testcase time="0.00200000000000244" classname="merge_utils" name="get_merge_key_pair_works"/>
    <testcase time="0.00199999999999889" classname="merge_utils" name="get_merge_key_pair_works"/>
    <testcase time="0.00499999999999901" classname="merge_utils" name="get_merge_call"/>
    <testcase time="0.00900000000000034" classname="merge_utils" name="get_merge_call"/>
    <testcase time="0.00799999999999912" classname="merge_utils" name="get_merge_call"/>
    <testcase time="0.0390000000000015" classname="merge_utils" name="get_merge_call"/>
    <testcase time="0.00499999999999901" classname="merge_utils" name="get_relabel_call"/>
    <testcase time="0.00200000000000244" classname="merge_utils" name="get_relabel_call"/>
    <testcase time="0.00199999999999889" classname="merge_utils" name="get_relabel_call"/>
    <testcase time="0.00600000000000023" classname="merge_utils" name="are_all_keys_provided_returns_TRUE_if_merged_selector_list_has_a_single_element"/>
    <testcase time="0.00600000000000023" classname="merge_utils" name="are_all_keys_provided_returns_FALSE_if_slices_come_from_the_same_dataset_and_the_dataset_has_no_join_keys"/>
    <testcase time="0.00800000000000267" classname="merge_utils" name="are_all_keys_provided_returns_TRUE_if_two_slices_come_from_the_same_dataset_and_the_dataset_has_the_join_keys"/>
    <testcase time="0.00600000000000023" classname="merge_utils" name="are_all_keys_provided_returns_TRUE_if_no_slices_are_passed"/>
    <testcase time="0.0159999999999982" classname="merge_utils" name="are_all_keys_provided_returns_TRUE_if_three_slices_from_different_datasets_are_provided_and_have_the_join_keys"/>
    <testcase time="0.00600000000000023" classname="merge_utils" name="validate_keys_sufficient_returns_TRUE_for_empty_inputs"/>
    <testcase time="0.00799999999999912" classname="merge_utils" name="validate_keys_sufficient_raises_an_error_for_two_slices_with_no_join_keys"/>
  </testsuite>
  <testsuite name="resolve" timestamp="2025-10-30T15:09:29Z" hostname="e51af9917f62" tests="16" skipped="0" failures="0" errors="0" time="0.225">
    <testcase time="0.0630000000000024" classname="resolve" name="resolve_delayed_expr_works_correctly"/>
    <testcase time="0.00599999999999667" classname="resolve" name="resolve_delayed_expr_works_correctly"/>
    <testcase time="0.00500000000000256" classname="resolve" name="resolve_delayed_expr_works_correctly"/>
    <testcase time="0.00600000000000023" classname="resolve" name="resolve_delayed_expr_works_correctly"/>
    <testcase time="0.00500000000000256" classname="resolve" name="resolve_delayed_expr_works_correctly"/>
    <testcase time="0.00600000000000023" classname="resolve" name="resolve_delayed_expr_works_correctly"/>
    <testcase time="0.00499999999999901" classname="resolve" name="resolve_delayed_expr_works_correctly"/>
    <testcase time="0.00199999999999889" classname="resolve" name="resolve_delayed_expr_works_correctly"/>
    <testcase time="0.00100000000000122" classname="resolve" name="resolve_delayed_expr_works_correctly"/>
    <testcase time="0.0579999999999998" classname="resolve" name="resolve.list_works_correctly"/>
    <testcase time="0.0150000000000006" classname="resolve" name="resolve_throws_error_with_non_reactive_data.frames_or_unnamed_list_as_input_to_datasets"/>
    <testcase time="0.00999999999999801" classname="resolve" name="resolve_throws_error_with_non_reactive_data.frames_or_unnamed_list_as_input_to_datasets"/>
    <testcase time="0.0130000000000017" classname="resolve" name="resolve_throws_error_with_unnamed_list_or_wrong_names_as_input_to_keys"/>
    <testcase time="0.00900000000000034" classname="resolve" name="resolve_throws_error_with_unnamed_list_or_wrong_names_as_input_to_keys"/>
    <testcase time="0.0129999999999981" classname="resolve" name="resolve_throws_error_with_missing_arguments"/>
    <testcase time="0.00799999999999912" classname="resolve" name="resolve_throws_error_with_missing_arguments"/>
  </testsuite>
  <testsuite name="resolve_delayed" timestamp="2025-10-30T15:09:29Z" hostname="e51af9917f62" tests="14" skipped="0" failures="0" errors="0" time="0.39">
    <testcase time="0.0150000000000006" classname="resolve_delayed" name="resolve_delayed_expr_works_correctly"/>
    <testcase time="0.00500000000000256" classname="resolve_delayed" name="resolve_delayed_expr_works_correctly"/>
    <testcase time="0.0109999999999992" classname="resolve_delayed" name="resolve_delayed_expr_works_correctly"/>
    <testcase time="0.0069999999999979" classname="resolve_delayed" name="resolve_delayed_expr_works_correctly"/>
    <testcase time="0.00700000000000145" classname="resolve_delayed" name="resolve_delayed_expr_works_correctly"/>
    <testcase time="0.00700000000000145" classname="resolve_delayed" name="resolve_delayed_expr_works_correctly"/>
    <testcase time="0.00600000000000023" classname="resolve_delayed" name="resolve_delayed_expr_works_correctly"/>
    <testcase time="0.00199999999999889" classname="resolve_delayed" name="resolve_delayed_expr_works_correctly"/>
    <testcase time="0.00199999999999889" classname="resolve_delayed" name="resolve_delayed_expr_works_correctly"/>
    <testcase time="0.0990000000000002" classname="resolve_delayed" name="resolve_delayed.FilteredData_works_correctly"/>
    <testcase time="0.100000000000001" classname="resolve_delayed" name="resolve_delayed.list_works_correctly_with_reactive_objects"/>
    <testcase time="0.116" classname="resolve_delayed" name="resolve_delayed.list_works_correctly_with_non_reactive_objects"/>
    <testcase time="0.0109999999999992" classname="resolve_delayed" name="resolving_delayed_choices_removes_selected_not_in_choices_and_give_a_log_output"/>
    <testcase time="0.00199999999999889" classname="resolve_delayed" name="resolving_delayed_choices_removes_selected_not_in_choices_and_give_a_log_output"/>
  </testsuite>
  <testsuite name="select_spec" timestamp="2025-10-30T15:09:29Z" hostname="e51af9917f62" tests="63" skipped="0" failures="0" errors="0" time="0.264">
    <testcase time="0.0100000000000016" classname="select_spec" name="Proper_argument_types"/>
    <testcase time="0.00600000000000023" classname="select_spec" name="Proper_argument_types"/>
    <testcase time="0.00600000000000023" classname="select_spec" name="Proper_argument_types"/>
    <testcase time="0.00600000000000023" classname="select_spec" name="Proper_argument_types"/>
    <testcase time="0.00499999999999901" classname="select_spec" name="Proper_argument_types"/>
    <testcase time="0.00600000000000023" classname="select_spec" name="Proper_argument_types"/>
    <testcase time="0.00499999999999901" classname="select_spec" name="Proper_argument_types"/>
    <testcase time="0.00499999999999901" classname="select_spec" name="Single_choice"/>
    <testcase time="0.00300000000000011" classname="select_spec" name="Single_choice"/>
    <testcase time="0.00100000000000122" classname="select_spec" name="Single_choice"/>
    <testcase time="0.00100000000000122" classname="select_spec" name="Single_choice"/>
    <testcase time="0.00199999999999889" classname="select_spec" name="Single_choice"/>
    <testcase time="0.00100000000000122" classname="select_spec" name="Single_choice"/>
    <testcase time="0.00300000000000011" classname="select_spec" name="Single_choice"/>
    <testcase time="0.00300000000000011" classname="select_spec" name="Single_choice"/>
    <testcase time="0.00399999999999778" classname="select_spec" name="Single_choice"/>
    <testcase time="0.00300000000000011" classname="select_spec" name="Single_choice"/>
    <testcase time="0.00200000000000244" classname="select_spec" name="Single_choice"/>
    <testcase time="0.000999999999997669" classname="select_spec" name="Single_choice"/>
    <testcase time="0.00200000000000244" classname="select_spec" name="Single_choice"/>
    <testcase time="0.00799999999999912" classname="select_spec" name="Single_choice"/>
    <testcase time="0.00399999999999778" classname="select_spec" name="Single_choice"/>
    <testcase time="0.00500000000000256" classname="select_spec" name="Single_choice"/>
    <testcase time="0.00199999999999889" classname="select_spec" name="Single_choice"/>
    <testcase time="0.0100000000000016" classname="select_spec" name="Multiple_choices"/>
    <testcase time="0.00300000000000011" classname="select_spec" name="Multiple_choices"/>
    <testcase time="0.00299999999999656" classname="select_spec" name="Multiple_choices"/>
    <testcase time="0.00200000000000244" classname="select_spec" name="Multiple_choices"/>
    <testcase time="0.00199999999999889" classname="select_spec" name="Multiple_choices"/>
    <testcase time="0.00199999999999889" classname="select_spec" name="Multiple_choices"/>
    <testcase time="0.00200000000000244" classname="select_spec" name="Multiple_choices"/>
    <testcase time="0.00399999999999778" classname="select_spec" name="Multiple_choices"/>
    <testcase time="0.00300000000000011" classname="select_spec" name="Multiple_choices"/>
    <testcase time="0.00400000000000134" classname="select_spec" name="Multiple_choices"/>
    <testcase time="0.00400000000000134" classname="select_spec" name="Multiple_choices"/>
    <testcase time="0.00199999999999889" classname="select_spec" name="Multiple_choices"/>
    <testcase time="0.00600000000000023" classname="select_spec" name="resolve_select_spec_works"/>
    <testcase time="0.00199999999999889" classname="select_spec" name="resolve_select_spec_works"/>
    <testcase time="0.00400000000000134" classname="select_spec" name="resolve_select_spec_works"/>
    <testcase time="0.00600000000000023" classname="select_spec" name="delayed_version_of_select_spec"/>
    <testcase time="0.00900000000000034" classname="select_spec" name="delayed_version_of_select_spec"/>
    <testcase time="0.00200000000000244" classname="select_spec" name="delayed_version_of_select_spec"/>
    <testcase time="0.0069999999999979" classname="select_spec" name="delayed_version_of_select_spec"/>
    <testcase time="0.00499999999999901" classname="select_spec" name="delayed_choices_passed_to_selected_selects_desired_choices"/>
    <testcase time="0.00200000000000244" classname="select_spec" name="delayed_choices_passed_to_selected_selects_desired_choices"/>
    <testcase time="0.00300000000000011" classname="select_spec" name="delayed_choices_passed_to_selected_selects_desired_choices"/>
    <testcase time="0.00199999999999889" classname="select_spec" name="delayed_choices_passed_to_selected_selects_desired_choices"/>
    <testcase time="0.00300000000000011" classname="select_spec" name="delayed_choices_passed_to_selected_selects_desired_choices"/>
    <testcase time="0.00600000000000023" classname="select_spec" name="multiple_is_set_to_TRUE_if_all_choices_is_passed_to_selected"/>
    <testcase time="0.00400000000000134" classname="select_spec" name="multiple_is_set_to_TRUE_if_all_choices_is_passed_to_selected"/>
    <testcase time="0.00399999999999778" classname="select_spec" name="default_values"/>
    <testcase time="0.00300000000000011" classname="select_spec" name="default_values"/>
    <testcase time="0.00300000000000011" classname="select_spec" name="default_values"/>
    <testcase time="0.00300000000000011" classname="select_spec" name="default_values"/>
    <testcase time="0.00900000000000034" classname="select_spec" name="default_values"/>
    <testcase time="0.00300000000000011" classname="select_spec" name="default_values"/>
    <testcase time="0.00700000000000145" classname="select_spec" name="resolve_delayed_select_spec_works_resolve_delayed"/>
    <testcase time="0.00199999999999889" classname="select_spec" name="resolve_delayed_select_spec_works_resolve_delayed"/>
    <testcase time="0.00600000000000023" classname="select_spec" name="resolve_delayed_select_spec_works_resolve_delayed"/>
    <testcase time="0.00600000000000023" classname="select_spec" name="delayed_version_of_select_spec_resolve_delayed"/>
    <testcase time="0.0109999999999992" classname="select_spec" name="delayed_version_of_select_spec_resolve_delayed"/>
    <testcase time="0.00300000000000011" classname="select_spec" name="delayed_version_of_select_spec_resolve_delayed"/>
    <testcase time="0.00799999999999912" classname="select_spec" name="delayed_version_of_select_spec_resolve_delayed"/>
  </testsuite>
  <testsuite name="value_choices" timestamp="2025-10-30T15:09:30Z" hostname="e51af9917f62" tests="21" skipped="0" failures="0" errors="0" time="0.182">
    <testcase time="0.0129999999999981" classname="value_choices" name="Will_output_warnings_when_value_choices_applied_on_datasets_with_missing_values_and_or_labels"/>
    <testcase time="0.00500000000000256" classname="value_choices" name="Will_output_warnings_when_value_choices_applied_on_datasets_with_missing_values_and_or_labels"/>
    <testcase time="0.00600000000000023" classname="value_choices" name="Will_output_warnings_when_value_choices_applied_on_datasets_with_missing_values_and_or_labels"/>
    <testcase time="0.00399999999999778" classname="value_choices" name="Will_output_warnings_when_value_choices_applied_on_datasets_with_missing_values_and_or_labels"/>
    <testcase time="0.00499999999999901" classname="value_choices" name="Will_output_warnings_when_value_choices_applied_on_datasets_with_missing_values_and_or_labels"/>
    <testcase time="0.00500000000000256" classname="value_choices" name="Will_output_warnings_when_value_choices_applied_on_datasets_with_missing_values_and_or_labels"/>
    <testcase time="0.00600000000000023" classname="value_choices" name="Will_output_warnings_when_value_choices_applied_on_datasets_with_missing_values_and_or_labels"/>
    <testcase time="0.00499999999999901" classname="value_choices" name="Will_output_warnings_when_value_choices_applied_on_datasets_with_missing_values_and_or_labels"/>
    <testcase time="0.00400000000000134" classname="value_choices" name="Will_output_warnings_when_value_choices_applied_on_datasets_with_missing_values_and_or_labels"/>
    <testcase time="0.00499999999999901" classname="value_choices" name="delayed_version_of_value_choices"/>
    <testcase time="0.0139999999999993" classname="value_choices" name="delayed_version_of_value_choices"/>
    <testcase time="0.00199999999999889" classname="value_choices" name="delayed_version_of_value_choices"/>
    <testcase time="0.0250000000000021" classname="value_choices" name="delayed_version_of_value_choices"/>
    <testcase time="0.00300000000000011" classname="value_choices" name="delayed_version_of_value_choices"/>
    <testcase time="0.0210000000000008" classname="value_choices" name="delayed_version_of_value_choices"/>
    <testcase time="0.00499999999999901" classname="value_choices" name="delayed_version_of_value_choices_resolve_delayed"/>
    <testcase time="0.0169999999999995" classname="value_choices" name="delayed_version_of_value_choices_resolve_delayed"/>
    <testcase time="0.00199999999999889" classname="value_choices" name="delayed_version_of_value_choices_resolve_delayed"/>
    <testcase time="0.0160000000000018" classname="value_choices" name="delayed_version_of_value_choices_resolve_delayed"/>
    <testcase time="0.00300000000000011" classname="value_choices" name="delayed_version_of_value_choices_resolve_delayed"/>
    <testcase time="0.0159999999999982" classname="value_choices" name="delayed_version_of_value_choices_resolve_delayed"/>
  </testsuite>
  <testsuite name="variable_choices" timestamp="2025-10-30T15:09:30Z" hostname="e51af9917f62" tests="15" skipped="0" failures="0" errors="0" time="0.077">
    <testcase time="0.0100000000000016" classname="variable_choices" name="Can_create_variable_choices_with_datasets_with_no_or_missing_labels"/>
    <testcase time="0.00199999999999889" classname="variable_choices" name="Can_create_variable_choices_with_datasets_with_no_or_missing_labels"/>
    <testcase time="0.00199999999999889" classname="variable_choices" name="Can_create_variable_choices_with_datasets_with_no_or_missing_labels"/>
    <testcase time="0.00400000000000134" classname="variable_choices" name="delayed_version_of_variable_choices"/>
    <testcase time="0.00600000000000023" classname="variable_choices" name="delayed_version_of_variable_choices"/>
    <testcase time="0.00199999999999889" classname="variable_choices" name="delayed_version_of_variable_choices"/>
    <testcase time="0.0120000000000005" classname="variable_choices" name="delayed_version_of_variable_choices"/>
    <testcase time="0.00300000000000011" classname="variable_choices" name="delayed_version_of_variable_choices"/>
    <testcase time="0.00600000000000023" classname="variable_choices" name="delayed_version_of_variable_choices"/>
    <testcase time="0.00499999999999901" classname="variable_choices" name="delayed_version_of_variable_choices_resolve_delayed"/>
    <testcase time="0.00800000000000267" classname="variable_choices" name="delayed_version_of_variable_choices_resolve_delayed"/>
    <testcase time="0.00199999999999889" classname="variable_choices" name="delayed_version_of_variable_choices_resolve_delayed"/>
    <testcase time="0.0069999999999979" classname="variable_choices" name="delayed_version_of_variable_choices_resolve_delayed"/>
    <testcase time="0.00200000000000244" classname="variable_choices" name="delayed_version_of_variable_choices_resolve_delayed"/>
    <testcase time="0.00600000000000023" classname="variable_choices" name="delayed_version_of_variable_choices_resolve_delayed"/>
  </testsuite>
</testsuites>
